Building for debugging...
[0/4] Write sources
[2/4] Write swift-version--58304C5D6DBC2206.txt
[4/8] Compiling DiverKit VisualIntelligenceViewModel.swift
/Users/voxels/Documents/dev/VisualIntelligence/VisualIntelligencePipelineDemo/DiverKit/Sources/DiverKit/ViewModel/VisualIntelligenceViewModel.swift:1315:13: warning: no 'async' operations occur within 'await' expression
1313 |         stopRecording()
1314 |         Task {
1315 |             await cameraManager.startSession()
     |             `- warning: no 'async' operations occur within 'await' expression
1316 |         }
1317 |         
[5/8] Compiling DiverKit DataSeeder.swift
/Users/voxels/Documents/dev/VisualIntelligence/VisualIntelligencePipelineDemo/DiverKit/Sources/DiverKit/Storage/DataSeeder.swift:179:33: warning: immutable value 'p' was never used; consider replacing with '_' or removing it [#no-usage]
177 |                     inputItem = item
178 |                     
179 |                 case .music(let p):
    |                                 `- warning: immutable value 'p' was never used; consider replacing with '_' or removing it [#no-usage]
180 |                     // TODO: make references
181 |                     break

/Users/voxels/Documents/dev/VisualIntelligence/VisualIntelligencePipelineDemo/DiverKit/Sources/DiverKit/Storage/DataSeeder.swift:183:32: warning: immutable value 'p' was never used; consider replacing with '_' or removing it [#no-usage]
181 |                     break
182 |                     
183 |                 case .book(let p):
    |                                `- warning: immutable value 'p' was never used; consider replacing with '_' or removing it [#no-usage]
184 |                     // TODO: make references
185 |                     break
[6/8] Compiling DiverKit ContextQuestionService.swift
[7/8] Emitting module DiverKit
[8/15] Compiling DiverKit DuckDuckGoEnrichmentService.swift
[9/15] Compiling DiverKit ReferenceDetailViewModel.swift
[10/15] Compiling DiverKit PipelineImportService.swift
[11/15] Compiling DiverKit SidebarViewModel.swift
/Users/voxels/Documents/dev/VisualIntelligence/VisualIntelligencePipelineDemo/DiverKit/Sources/DiverKit/ViewModel/SidebarViewModel.swift:161:55: warning: immutable value 'url' was never used; consider replacing with '_' or removing it [#no-usage]
159 |             
160 |             for source in sourceItems {
161 |                 guard let urlString = source.url, let url = URL(string: urlString) else { continue }
    |                                                       `- warning: immutable value 'url' was never used; consider replacing with '_' or removing it [#no-usage]
162 |                 
163 |                 let uniqueID = UUID().uuidString
[12/15] Compiling DiverKit MetadataPipelineService.swift
/Users/voxels/Documents/dev/VisualIntelligence/VisualIntelligencePipelineDemo/DiverKit/Sources/DiverKit/Services/MetadataPipelineService.swift:215:41: warning: left side of nil coalescing operator '??' has non-optional type 'String', so the right side is never used
213 |                 id: id,
214 |                 url: descriptor.url,
215 |                 title: descriptor.title ?? "Processing Failed",
    |                                         `- warning: left side of nil coalescing operator '??' has non-optional type 'String', so the right side is never used
216 |                 summary: "Failed to process: \(error.localizedDescription)",
217 |                 entityType: descriptor.type.rawValue,
[13/15] Compiling DiverKit Services.swift
[14/15] Compiling DiverKit LocalPipelineService.swift
/Users/voxels/Documents/dev/VisualIntelligence/VisualIntelligencePipelineDemo/DiverKit/Sources/DiverKit/Services/LocalPipelineService.swift:383:17: warning: initialization of immutable value 'isProduct' was never used; consider replacing with assignment to '_' or removing it [#no-usage]
 381 |             
 382 |             // 6. Product Concepts & URL
 383 |             let isProduct = descriptor?.type == .product
     |                 `- warning: initialization of immutable value 'isProduct' was never used; consider replacing with assignment to '_' or removing it [#no-usage]
 384 |             let productQuery = descriptor?.title
 385 |             let service = duckDuckGoService

/Users/voxels/Documents/dev/VisualIntelligence/VisualIntelligencePipelineDemo/DiverKit/Sources/DiverKit/Services/LocalPipelineService.swift:384:17: warning: initialization of immutable value 'productQuery' was never used; consider replacing with assignment to '_' or removing it [#no-usage]
 382 |             // 6. Product Concepts & URL
 383 |             let isProduct = descriptor?.type == .product
 384 |             let productQuery = descriptor?.title
     |                 `- warning: initialization of immutable value 'productQuery' was never used; consider replacing with assignment to '_' or removing it [#no-usage]
 385 |             let service = duckDuckGoService
 386 |             

/Users/voxels/Documents/dev/VisualIntelligence/VisualIntelligencePipelineDemo/DiverKit/Sources/DiverKit/Services/LocalPipelineService.swift:385:17: warning: initialization of immutable value 'service' was never used; consider replacing with assignment to '_' or removing it [#no-usage]
 383 |             let isProduct = descriptor?.type == .product
 384 |             let productQuery = descriptor?.title
 385 |             let service = duckDuckGoService
     |                 `- warning: initialization of immutable value 'service' was never used; consider replacing with assignment to '_' or removing it [#no-usage]
 386 |             
 387 | 

/Users/voxels/Documents/dev/VisualIntelligence/VisualIntelligencePipelineDemo/DiverKit/Sources/DiverKit/Services/LocalPipelineService.swift:576:55: warning: left side of nil coalescing operator '??' has non-optional type 'Date', so the right side is never used
 574 |                          let input = LocalInput(
 575 |                             id: inputID,
 576 |                             createdAt: item.createdAt ?? Date(),
     |                                                       `- warning: left side of nil coalescing operator '??' has non-optional type 'Date', so the right side is never used
 577 |                             url: item.url,
 578 |                             text: item.summary,

/Users/voxels/Documents/dev/VisualIntelligence/VisualIntelligencePipelineDemo/DiverKit/Sources/DiverKit/Services/LocalPipelineService.swift:729:20: warning: variable 'existingWeb' was never mutated; consider changing to 'let' constant
 727 |         // Persist structured contexts if available
 728 |         if let newWeb = enrichment.webContext {
 729 |             if var existingWeb = item.webContext {
     |                    `- warning: variable 'existingWeb' was never mutated; consider changing to 'let' constant
 730 |                 // Merge logic: existing preferred for snapshot if new is nil?
 731 |                 // Or new preferred? New enrichment implies a fresh fetch.

/Users/voxels/Documents/dev/VisualIntelligence/VisualIntelligencePipelineDemo/DiverKit/Sources/DiverKit/Services/LocalPipelineService.swift:1011:64: warning: left side of nil coalescing operator '??' has non-optional type 'Date', so the right side is never used
1009 |             
1010 |             // Limit to last 20 items to avoid token limits and keep it relevant
1011 |             let recentItems = items.sorted(by: { ($0.createdAt ?? Date()) < ($1.createdAt ?? Date()) }).suffix(20)
     |                                                                `- warning: left side of nil coalescing operator '??' has non-optional type 'Date', so the right side is never used
1012 |             
1013 |             var combinedText = ""

/Users/voxels/Documents/dev/VisualIntelligence/VisualIntelligencePipelineDemo/DiverKit/Sources/DiverKit/Services/LocalPipelineService.swift:1011:91: warning: left side of nil coalescing operator '??' has non-optional type 'Date', so the right side is never used
1009 |             
1010 |             // Limit to last 20 items to avoid token limits and keep it relevant
1011 |             let recentItems = items.sorted(by: { ($0.createdAt ?? Date()) < ($1.createdAt ?? Date()) }).suffix(20)
     |                                                                                           `- warning: left side of nil coalescing operator '??' has non-optional type 'Date', so the right side is never used
1012 |             
1013 |             var combinedText = ""
[15/21] Emitting module DiverKitTests
[16/21] Compiling DiverKitTests MetadataPipelineServiceTests.swift
[17/21] Compiling DiverKitTests HierarchicalEnrichmentTests.swift
[18/21] Compiling DiverKitTests ContextualServicesTests.swift
[19/21] Compiling DiverKitTests VisualIntelligenceViewModelTests.swift
[19/21] Write Objects.LinkFileList
[20/21] Linking DiverKitPackageTests
Build complete! (6.12s)
Test Suite 'All tests' started at 2026-01-11 07:41:36.710.
Test Suite 'DiverKitPackageTests.xctest' started at 2026-01-11 07:41:36.712.
Test Suite 'ContextualServicesTests' started at 2026-01-11 07:41:36.712.
Test Case '-[DiverKitTests.ContextualServicesTests testContextQuestionServiceProcessing]' started.
/Users/voxels/Documents/dev/VisualIntelligence/VisualIntelligencePipelineDemo/DiverKit/Tests/DiverKitTests/ContextualServicesTests.swift:34: error: -[DiverKitTests.ContextualServicesTests testContextQuestionServiceProcessing] : XCTAssertEqual failed: ("Optional("Testing and quality assurance")") is not equal to ("Optional("Researching Test Place")")
/Users/voxels/Documents/dev/VisualIntelligence/VisualIntelligencePipelineDemo/DiverKit/Tests/DiverKitTests/ContextualServicesTests.swift:35: error: -[DiverKitTests.ContextualServicesTests testContextQuestionServiceProcessing] : XCTAssertTrue failed
/Users/voxels/Documents/dev/VisualIntelligence/VisualIntelligencePipelineDemo/DiverKit/Tests/DiverKitTests/ContextualServicesTests.swift:36: error: -[DiverKitTests.ContextualServicesTests testContextQuestionServiceProcessing] : XCTAssertEqual failed: ("["Testing", "Quality Assurance"]") is not equal to ("["Testing"]")
Test Case '-[DiverKitTests.ContextualServicesTests testContextQuestionServiceProcessing]' failed (2.824 seconds).
Test Case '-[DiverKitTests.ContextualServicesTests testDuckDuckGoEnrichmentServiceGeneratesQuestions]' started.
Test Case '-[DiverKitTests.ContextualServicesTests testDuckDuckGoEnrichmentServiceGeneratesQuestions]' passed (1.709 seconds).
Test Suite 'ContextualServicesTests' failed at 2026-01-11 07:41:41.246.
	 Executed 2 tests, with 3 failures (0 unexpected) in 4.534 (4.534) seconds
Test Suite 'DiverLinkGeneratorTests' started at 2026-01-11 07:41:41.246.
Test Case '-[DiverKitTests.DiverLinkGeneratorTests testCreateAndSaveLink]' started.
Test Case '-[DiverKitTests.DiverLinkGeneratorTests testCreateAndSaveLink]' passed (0.003 seconds).
Test Suite 'DiverLinkGeneratorTests' passed at 2026-01-11 07:41:41.249.
	 Executed 1 test, with 0 failures (0 unexpected) in 0.003 (0.004) seconds
Test Suite 'EnrichmentServiceTests' started at 2026-01-11 07:41:41.250.
Test Case '-[DiverKitTests.EnrichmentServiceTests testDuckDuckGoEnrichment]' started.
Test Case '-[DiverKitTests.EnrichmentServiceTests testDuckDuckGoEnrichment]' passed (1.837 seconds).
Test Case '-[DiverKitTests.EnrichmentServiceTests testFoursquareEnrichmentMock]' started.
Test Case '-[DiverKitTests.EnrichmentServiceTests testFoursquareEnrichmentMock]' passed (0.000 seconds).
Test Case '-[DiverKitTests.EnrichmentServiceTests testHierarchicalFlowMock]' started.
Test Case '-[DiverKitTests.EnrichmentServiceTests testHierarchicalFlowMock]' passed (0.078 seconds).
Test Suite 'EnrichmentServiceTests' passed at 2026-01-11 07:41:43.165.
	 Executed 3 tests, with 0 failures (0 unexpected) in 1.915 (1.916) seconds
Test Suite 'HierarchicalEnrichmentTests' started at 2026-01-11 07:41:43.165.
Test Case '-[DiverKitTests.HierarchicalEnrichmentTests testEndToEndHierarchicalFlow]' started.
Test Case '-[DiverKitTests.HierarchicalEnrichmentTests testEndToEndHierarchicalFlow]' passed (0.015 seconds).
Test Suite 'HierarchicalEnrichmentTests' passed at 2026-01-11 07:41:43.180.
	 Executed 1 test, with 0 failures (0 unexpected) in 0.015 (0.015) seconds
Test Suite 'IntelligenceProcessorTests' started at 2026-01-11 07:41:43.180.
Test Case '-[DiverKitTests.IntelligenceProcessorTests testEntertainmentSecondaryActionURLs]' started.
Test Case '-[DiverKitTests.IntelligenceProcessorTests testEntertainmentSecondaryActionURLs]' passed (0.000 seconds).
Test Case '-[DiverKitTests.IntelligenceProcessorTests testIntelligenceResultMetadata]' started.
Test Case '-[DiverKitTests.IntelligenceProcessorTests testIntelligenceResultMetadata]' passed (0.000 seconds).
Test Case '-[DiverKitTests.IntelligenceProcessorTests testProcessPipelineStability]' started.
Test Case '-[DiverKitTests.IntelligenceProcessorTests testProcessPipelineStability]' passed (0.230 seconds).
Test Suite 'IntelligenceProcessorTests' passed at 2026-01-11 07:41:43.411.
	 Executed 3 tests, with 0 failures (0 unexpected) in 0.230 (0.231) seconds
Test Suite 'LinkEnrichmentServiceTests' started at 2026-01-11 07:41:43.411.
Test Case '-[DiverKitTests.LinkEnrichmentServiceTests testEnrichmentDoesNotOverwriteExistingData]' started.
Test Case '-[DiverKitTests.LinkEnrichmentServiceTests testEnrichmentDoesNotOverwriteExistingData]' passed (0.003 seconds).
Test Case '-[DiverKitTests.LinkEnrichmentServiceTests testEnrichmentUpdatesProcessedItem]' started.
Test Case '-[DiverKitTests.LinkEnrichmentServiceTests testEnrichmentUpdatesProcessedItem]' passed (0.005 seconds).
Test Suite 'LinkEnrichmentServiceTests' passed at 2026-01-11 07:41:43.419.
	 Executed 2 tests, with 0 failures (0 unexpected) in 0.008 (0.008) seconds
Test Suite 'LocalPipelineServiceTests' started at 2026-01-11 07:41:43.419.
Test Case '-[DiverKitTests.LocalPipelineServiceTests testProcessDocumentItemWithPayload]' started.
Test Case '-[DiverKitTests.LocalPipelineServiceTests testProcessDocumentItemWithPayload]' passed (0.005 seconds).
Test Case '-[DiverKitTests.LocalPipelineServiceTests testProcessExistingItemUpdatesAttributionAndStatus]' started.
Test Case '-[DiverKitTests.LocalPipelineServiceTests testProcessExistingItemUpdatesAttributionAndStatus]' passed (0.003 seconds).
Test Case '-[DiverKitTests.LocalPipelineServiceTests testProcessNewItemWithAttribution]' started.
Test Case '-[DiverKitTests.LocalPipelineServiceTests testProcessNewItemWithAttribution]' passed (0.007 seconds).
Test Case '-[DiverKitTests.LocalPipelineServiceTests testProcessWithoutDescriptorDerivesInfo]' started.
Test Case '-[DiverKitTests.LocalPipelineServiceTests testProcessWithoutDescriptorDerivesInfo]' passed (0.004 seconds).
Test Suite 'LocalPipelineServiceTests' passed at 2026-01-11 07:41:43.438.
	 Executed 4 tests, with 0 failures (0 unexpected) in 0.019 (0.019) seconds
Test Suite 'MetadataPipelineServiceTests' started at 2026-01-11 07:41:43.438.
Test Case '-[DiverKitTests.MetadataPipelineServiceTests testProcessPendingQueueCreatesLocalInput]' started.
Test Case '-[DiverKitTests.MetadataPipelineServiceTests testProcessPendingQueueCreatesLocalInput]' passed (0.011 seconds).
Test Suite 'MetadataPipelineServiceTests' passed at 2026-01-11 07:41:43.449.
	 Executed 1 test, with 0 failures (0 unexpected) in 0.011 (0.011) seconds
Test Suite 'PipelineLogFixtureTests' started at 2026-01-11 07:41:43.449.
Test Case '-[DiverKitTests.PipelineLogFixtureTests testExtractCandidates]' started.
Test Case '-[DiverKitTests.PipelineLogFixtureTests testExtractCandidates]' passed (0.003 seconds).
Test Case '-[DiverKitTests.PipelineLogFixtureTests testExtractReferences]' started.
Test Case '-[DiverKitTests.PipelineLogFixtureTests testExtractReferences]' passed (0.001 seconds).
Test Case '-[DiverKitTests.PipelineLogFixtureTests testFixtureLogStructure]' started.
Test Case '-[DiverKitTests.PipelineLogFixtureTests testFixtureLogStructure]' passed (0.001 seconds).
Test Case '-[DiverKitTests.PipelineLogFixtureTests testLoadDefaultFixture]' started.
Test Case '-[DiverKitTests.PipelineLogFixtureTests testLoadDefaultFixture]' passed (0.001 seconds).
Test Case '-[DiverKitTests.PipelineLogFixtureTests testMultipleReferenceTypes]' started.
Test Case '-[DiverKitTests.PipelineLogFixtureTests testMultipleReferenceTypes]' passed (0.001 seconds).
Test Case '-[DiverKitTests.PipelineLogFixtureTests testReferenceMetadataStructure]' started.
Test Case '-[DiverKitTests.PipelineLogFixtureTests testReferenceMetadataStructure]' passed (0.001 seconds).
Test Suite 'PipelineLogFixtureTests' passed at 2026-01-11 07:41:43.456.
	 Executed 6 tests, with 0 failures (0 unexpected) in 0.007 (0.007) seconds
Test Suite 'ProcessedItemMigrationTests' started at 2026-01-11 07:41:43.456.
Test Case '-[DiverKitTests.ProcessedItemMigrationTests testExistingFieldsPreservedAfterMigration]' started.
Test Case '-[DiverKitTests.ProcessedItemMigrationTests testExistingFieldsPreservedAfterMigration]' passed (0.006 seconds).
Test Case '-[DiverKitTests.ProcessedItemMigrationTests testNewFieldsHaveDefaultValues]' started.
Test Case '-[DiverKitTests.ProcessedItemMigrationTests testNewFieldsHaveDefaultValues]' passed (0.003 seconds).
Test Case '-[DiverKitTests.ProcessedItemMigrationTests testQueryByNewStatusField]' started.
Test Case '-[DiverKitTests.ProcessedItemMigrationTests testQueryByNewStatusField]' passed (0.006 seconds).
Test Case '-[DiverKitTests.ProcessedItemMigrationTests testSortByUpdatedAt]' started.
Test Case '-[DiverKitTests.ProcessedItemMigrationTests testSortByUpdatedAt]' passed (0.004 seconds).
Test Case '-[DiverKitTests.ProcessedItemMigrationTests testUpdateNewFieldsAfterMigration]' started.
Test Case '-[DiverKitTests.ProcessedItemMigrationTests testUpdateNewFieldsAfterMigration]' passed (0.004 seconds).
Test Suite 'ProcessedItemMigrationTests' passed at 2026-01-11 07:41:43.480.
	 Executed 5 tests, with 0 failures (0 unexpected) in 0.023 (0.023) seconds
Test Suite 'ProcessedItemTests' started at 2026-01-11 07:41:43.480.
Test Case '-[DiverKitTests.ProcessedItemTests testEmptyPayload]' started.
Test Case '-[DiverKitTests.ProcessedItemTests testEmptyPayload]' passed (0.000 seconds).
Test Case '-[DiverKitTests.ProcessedItemTests testMediaInfoAbstraction]' started.
Test Case '-[DiverKitTests.ProcessedItemTests testMediaInfoAbstraction]' passed (0.000 seconds).
Test Case '-[DiverKitTests.ProcessedItemTests testProcessedItemDefaultValues]' started.
Test Case '-[DiverKitTests.ProcessedItemTests testProcessedItemDefaultValues]' passed (0.000 seconds).
Test Case '-[DiverKitTests.ProcessedItemTests testProcessedItemWithNewFields]' started.
Test Case '-[DiverKitTests.ProcessedItemTests testProcessedItemWithNewFields]' passed (0.000 seconds).
Test Case '-[DiverKitTests.ProcessedItemTests testProcessingStatusCodable]' started.
Test Case '-[DiverKitTests.ProcessedItemTests testProcessingStatusCodable]' passed (0.000 seconds).
Test Case '-[DiverKitTests.ProcessedItemTests testProcessingStatusDefaultValue]' started.
Test Case '-[DiverKitTests.ProcessedItemTests testProcessingStatusDefaultValue]' passed (0.000 seconds).
Test Case '-[DiverKitTests.ProcessedItemTests testRawPayloadEncodingDecoding]' started.
Test Case '-[DiverKitTests.ProcessedItemTests testRawPayloadEncodingDecoding]' passed (0.000 seconds).
Test Case '-[DiverKitTests.ProcessedItemTests testReferenceCountIncrement]' started.
Test Case '-[DiverKitTests.ProcessedItemTests testReferenceCountIncrement]' passed (0.000 seconds).
Test Case '-[DiverKitTests.ProcessedItemTests testStatusTransitions]' started.
Test Case '-[DiverKitTests.ProcessedItemTests testStatusTransitions]' passed (0.000 seconds).
Test Suite 'ProcessedItemTests' passed at 2026-01-11 07:41:43.482.
	 Executed 9 tests, with 0 failures (0 unexpected) in 0.001 (0.002) seconds
Test Suite 'VisualIntelligenceViewModelTests' started at 2026-01-11 07:41:43.482.
Test Case '-[DiverKitTests.VisualIntelligenceViewModelTests testHandleCaptureWithQR]' started.
objc[16137]: class `NSKVONotifying_AVCapturePhotoOutput' not linked into application
/Users/voxels/Documents/dev/VisualIntelligence/VisualIntelligencePipelineDemo/DiverKit/Tests/DiverKitTests/VisualIntelligenceViewModelTests.swift:66: error: -[DiverKitTests.VisualIntelligenceViewModelTests testHandleCaptureWithQR] : XCTAssertTrue failed
/Users/voxels/Documents/dev/VisualIntelligence/VisualIntelligencePipelineDemo/DiverKit/Tests/DiverKitTests/VisualIntelligenceViewModelTests.swift:69: error: -[DiverKitTests.VisualIntelligenceViewModelTests testHandleCaptureWithQR] : XCTAssertTrue failed - Queue should contain the QR code URL
Test Case '-[DiverKitTests.VisualIntelligenceViewModelTests testHandleCaptureWithQR]' failed (1.006 seconds).
Test Case '-[DiverKitTests.VisualIntelligenceViewModelTests testInitialState]' started.
Test Case '-[DiverKitTests.VisualIntelligenceViewModelTests testInitialState]' passed (0.007 seconds).
Test Case '-[DiverKitTests.VisualIntelligenceViewModelTests testResetClearsState]' started.
Test Case '-[DiverKitTests.VisualIntelligenceViewModelTests testResetClearsState]' passed (0.001 seconds).
Test Case '-[DiverKitTests.VisualIntelligenceViewModelTests testStartStopRecording]' started.
Test Case '-[DiverKitTests.VisualIntelligenceViewModelTests testStartStopRecording]' passed (0.000 seconds).
Test Case '-[DiverKitTests.VisualIntelligenceViewModelTests testUpdatePeelAmount]' started.
Test Case '-[DiverKitTests.VisualIntelligenceViewModelTests testUpdatePeelAmount]' passed (0.000 seconds).
Test Suite 'VisualIntelligenceViewModelTests' failed at 2026-01-11 07:41:44.497.
	 Executed 5 tests, with 2 failures (0 unexpected) in 1.015 (1.015) seconds
Test Suite 'DiverKitPackageTests.xctest' failed at 2026-01-11 07:41:44.497.
	 Executed 42 tests, with 5 failures (0 unexpected) in 7.781 (7.785) seconds
Test Suite 'All tests' failed at 2026-01-11 07:41:44.497.
	 Executed 42 tests, with 5 failures (0 unexpected) in 7.781 (7.787) seconds
ðŸ§  IntelligenceProcessor: Starting Pipeline (Mode: liveSifting)
Found entity types: ["music_album", "book"]
ðŸ“¸ Capturing photo for review view feedback...
ðŸ“¸ CameraManager: Test mode, simulating capture...
ðŸ“¸ Camera: Photo captured, analyzing full frame using subject priority...
ðŸ§  IntelligenceProcessor: Starting Pipeline (Mode: fullAnalysis)
ðŸ§  IntelligenceProcessor: Starting Full Analysis Pass
ðŸŒ No Subject Sifted - Analyzing Full Scene
ðŸ”„ Visual Intelligence VM: State Reset
ô€Ÿˆ  Test run started.
ô€„µ  Testing Library Version: 1501
ô€„µ  Target Platform: arm64e-apple-macos14.0
ô›  Test run with 0 tests in 0 suites passed after 0.001 seconds.
