Building for debugging...
[0/4] Write sources
[1/4] Write swift-version--58304C5D6DBC2206.txt
[3/12] Compiling DiverKitTests HierarchicalEnrichmentTests.swift
[4/12] Compiling DiverKitTests VisualIntelligenceViewModelTests.swift
[5/12] Compiling DiverKitTests EnrichmentServiceTests.swift
[6/12] Compiling DiverKitTests IntelligenceProcessorTests.swift
/Users/voxels/Documents/dev/VisualIntelligence/VisualIntelligencePipelineDemo/DiverKit/Tests/DiverKitTests/IntelligenceProcessorTests.swift:75:13: warning: initialization of immutable value 'movie' was never used; consider replacing with assignment to '_' or removing it [#no-usage]
73 |     
74 |     func testEntertainmentSecondaryActionURLs() {
75 |         let movie = IntelligenceResult.entertainment(title: "The Matrix", type: .movie)
   |             `- warning: initialization of immutable value 'movie' was never used; consider replacing with assignment to '_' or removing it [#no-usage]
76 |         
77 |         let concert = IntelligenceResult.entertainment(title: "Coachella", type: .concert)
[7/12] Compiling DiverKitTests DiverLinkGeneratorTests.swift
[8/12] Compiling DiverKitTests PipelineLogFixture.swift
[9/12] Compiling DiverKitTests ContextualServicesTests.swift
[10/12] Emitting module DiverKitTests
[11/13] Compiling DiverKitTests PipelineLogFixtureTests.swift
[12/15] Compiling DiverKitPackageTests runner.swift
[13/15] Emitting module DiverKitPackageTests
[13/15] Write Objects.LinkFileList
[14/15] Linking DiverKitPackageTests
Build complete! (3.32s)
Test Suite 'All tests' started at 2026-01-11 07:33:52.916.
Test Suite 'DiverKitPackageTests.xctest' started at 2026-01-11 07:33:52.917.
Test Suite 'ContextualServicesTests' started at 2026-01-11 07:33:52.917.
Test Case '-[DiverKitTests.ContextualServicesTests testContextQuestionServiceProcessing]' started.
/Users/voxels/Documents/dev/VisualIntelligence/VisualIntelligencePipelineDemo/DiverKit/Tests/DiverKitTests/ContextualServicesTests.swift:34: error: -[DiverKitTests.ContextualServicesTests testContextQuestionServiceProcessing] : XCTAssertEqual failed: ("Optional("Testing and quality assurance")") is not equal to ("Optional("Researching Test Place")")
/Users/voxels/Documents/dev/VisualIntelligence/VisualIntelligencePipelineDemo/DiverKit/Tests/DiverKitTests/ContextualServicesTests.swift:35: error: -[DiverKitTests.ContextualServicesTests testContextQuestionServiceProcessing] : XCTAssertTrue failed
/Users/voxels/Documents/dev/VisualIntelligence/VisualIntelligencePipelineDemo/DiverKit/Tests/DiverKitTests/ContextualServicesTests.swift:36: error: -[DiverKitTests.ContextualServicesTests testContextQuestionServiceProcessing] : XCTAssertEqual failed: ("["Testing", "Quality Assurance"]") is not equal to ("["Testing"]")
Test Case '-[DiverKitTests.ContextualServicesTests testContextQuestionServiceProcessing]' failed (3.898 seconds).
Test Case '-[DiverKitTests.ContextualServicesTests testDuckDuckGoEnrichmentServiceGeneratesQuestions]' started.
Test Case '-[DiverKitTests.ContextualServicesTests testDuckDuckGoEnrichmentServiceGeneratesQuestions]' passed (1.766 seconds).
Test Suite 'ContextualServicesTests' failed at 2026-01-11 07:33:58.581.
	 Executed 2 tests, with 3 failures (0 unexpected) in 5.664 (5.664) seconds
Test Suite 'DiverLinkGeneratorTests' started at 2026-01-11 07:33:58.581.
Test Case '-[DiverKitTests.DiverLinkGeneratorTests testCreateAndSaveLink]' started.
Test Case '-[DiverKitTests.DiverLinkGeneratorTests testCreateAndSaveLink]' passed (0.002 seconds).
Test Suite 'DiverLinkGeneratorTests' passed at 2026-01-11 07:33:58.583.
	 Executed 1 test, with 0 failures (0 unexpected) in 0.002 (0.002) seconds
Test Suite 'EnrichmentServiceTests' started at 2026-01-11 07:33:58.583.
Test Case '-[DiverKitTests.EnrichmentServiceTests testDuckDuckGoEnrichment]' started.
Test Case '-[DiverKitTests.EnrichmentServiceTests testDuckDuckGoEnrichment]' passed (1.888 seconds).
Test Case '-[DiverKitTests.EnrichmentServiceTests testFoursquareEnrichmentMock]' started.
Test Case '-[DiverKitTests.EnrichmentServiceTests testFoursquareEnrichmentMock]' passed (0.000 seconds).
Test Case '-[DiverKitTests.EnrichmentServiceTests testHierarchicalFlowMock]' started.
Test Case '-[DiverKitTests.EnrichmentServiceTests testHierarchicalFlowMock]' passed (0.067 seconds).
Test Suite 'EnrichmentServiceTests' passed at 2026-01-11 07:34:00.538.
	 Executed 3 tests, with 0 failures (0 unexpected) in 1.955 (1.956) seconds
Test Suite 'HierarchicalEnrichmentTests' started at 2026-01-11 07:34:00.538.
Test Case '-[DiverKitTests.HierarchicalEnrichmentTests testEndToEndHierarchicalFlow]' started.
/Users/voxels/Documents/dev/VisualIntelligence/VisualIntelligencePipelineDemo/DiverKit/Tests/DiverKitTests/HierarchicalEnrichmentTests.swift:59: error: -[DiverKitTests.HierarchicalEnrichmentTests testEndToEndHierarchicalFlow] : XCTAssertEqual failed: ("nil") is not equal to ("Optional("Foursquare Coffee Shop")")
/Users/voxels/Documents/dev/VisualIntelligence/VisualIntelligencePipelineDemo/DiverKit/Tests/DiverKitTests/HierarchicalEnrichmentTests.swift:60: error: -[DiverKitTests.HierarchicalEnrichmentTests testEndToEndHierarchicalFlow] : XCTAssertTrue failed
/Users/voxels/Documents/dev/VisualIntelligence/VisualIntelligencePipelineDemo/DiverKit/Tests/DiverKitTests/HierarchicalEnrichmentTests.swift:63: error: -[DiverKitTests.HierarchicalEnrichmentTests testEndToEndHierarchicalFlow] : XCTAssertEqual failed: ("Optional("Foursquare Coffee Shop")") is not equal to ("Optional("DuckDuckGo Result: Foursquare Coffee Shop")")
/Users/voxels/Documents/dev/VisualIntelligence/VisualIntelligencePipelineDemo/DiverKit/Tests/DiverKitTests/HierarchicalEnrichmentTests.swift:64: error: -[DiverKitTests.HierarchicalEnrichmentTests testEndToEndHierarchicalFlow] : XCTAssertEqual failed: ("nil") is not equal to ("Optional("Best coffee in LA according to DDG")")
/Users/voxels/Documents/dev/VisualIntelligence/VisualIntelligencePipelineDemo/DiverKit/Tests/DiverKitTests/HierarchicalEnrichmentTests.swift:66: error: -[DiverKitTests.HierarchicalEnrichmentTests testEndToEndHierarchicalFlow] : XCTAssertTrue failed
Test Case '-[DiverKitTests.HierarchicalEnrichmentTests testEndToEndHierarchicalFlow]' failed (0.014 seconds).
Test Suite 'HierarchicalEnrichmentTests' failed at 2026-01-11 07:34:00.553.
	 Executed 1 test, with 5 failures (0 unexpected) in 0.014 (0.014) seconds
Test Suite 'IntelligenceProcessorTests' started at 2026-01-11 07:34:00.553.
Test Case '-[DiverKitTests.IntelligenceProcessorTests testEntertainmentSecondaryActionURLs]' started.
Test Case '-[DiverKitTests.IntelligenceProcessorTests testEntertainmentSecondaryActionURLs]' passed (0.000 seconds).
Test Case '-[DiverKitTests.IntelligenceProcessorTests testIntelligenceResultMetadata]' started.
Test Case '-[DiverKitTests.IntelligenceProcessorTests testIntelligenceResultMetadata]' passed (0.000 seconds).
Test Case '-[DiverKitTests.IntelligenceProcessorTests testProcessPipelineStability]' started.
Test Case '-[DiverKitTests.IntelligenceProcessorTests testProcessPipelineStability]' passed (0.229 seconds).
Test Suite 'IntelligenceProcessorTests' passed at 2026-01-11 07:34:00.782.
	 Executed 3 tests, with 0 failures (0 unexpected) in 0.229 (0.230) seconds
Test Suite 'LinkEnrichmentServiceTests' started at 2026-01-11 07:34:00.782.
Test Case '-[DiverKitTests.LinkEnrichmentServiceTests testEnrichmentDoesNotOverwriteExistingData]' started.
Test Case '-[DiverKitTests.LinkEnrichmentServiceTests testEnrichmentDoesNotOverwriteExistingData]' passed (0.003 seconds).
Test Case '-[DiverKitTests.LinkEnrichmentServiceTests testEnrichmentUpdatesProcessedItem]' started.
Test Case '-[DiverKitTests.LinkEnrichmentServiceTests testEnrichmentUpdatesProcessedItem]' passed (0.005 seconds).
Test Suite 'LinkEnrichmentServiceTests' passed at 2026-01-11 07:34:00.791.
	 Executed 2 tests, with 0 failures (0 unexpected) in 0.008 (0.009) seconds
Test Suite 'LocalPipelineServiceTests' started at 2026-01-11 07:34:00.791.
Test Case '-[DiverKitTests.LocalPipelineServiceTests testProcessDocumentItemWithPayload]' started.
Test Case '-[DiverKitTests.LocalPipelineServiceTests testProcessDocumentItemWithPayload]' passed (0.004 seconds).
Test Case '-[DiverKitTests.LocalPipelineServiceTests testProcessExistingItemUpdatesAttributionAndStatus]' started.
Test Case '-[DiverKitTests.LocalPipelineServiceTests testProcessExistingItemUpdatesAttributionAndStatus]' passed (0.003 seconds).
Test Case '-[DiverKitTests.LocalPipelineServiceTests testProcessNewItemWithAttribution]' started.
Test Case '-[DiverKitTests.LocalPipelineServiceTests testProcessNewItemWithAttribution]' passed (0.006 seconds).
Test Case '-[DiverKitTests.LocalPipelineServiceTests testProcessWithoutDescriptorDerivesInfo]' started.
Test Case '-[DiverKitTests.LocalPipelineServiceTests testProcessWithoutDescriptorDerivesInfo]' passed (0.004 seconds).
Test Suite 'LocalPipelineServiceTests' passed at 2026-01-11 07:34:00.809.
	 Executed 4 tests, with 0 failures (0 unexpected) in 0.017 (0.018) seconds
Test Suite 'MetadataPipelineServiceTests' started at 2026-01-11 07:34:00.809.
Test Case '-[DiverKitTests.MetadataPipelineServiceTests testProcessPendingQueueCreatesLocalInput]' started.
/Users/voxels/Documents/dev/VisualIntelligence/VisualIntelligencePipelineDemo/DiverKit/Tests/DiverKitTests/MetadataPipelineServiceTests.swift:55: error: -[DiverKitTests.MetadataPipelineServiceTests testProcessPendingQueueCreatesLocalInput] : XCTAssertEqual failed: ("0") is not equal to ("1")
/Users/voxels/Documents/dev/VisualIntelligence/VisualIntelligencePipelineDemo/DiverKit/Tests/DiverKitTests/MetadataPipelineServiceTests.swift:56: error: -[DiverKitTests.MetadataPipelineServiceTests testProcessPendingQueueCreatesLocalInput] : XCTAssertEqual failed: ("nil") is not equal to ("Optional("https://example.com")")
/Users/voxels/Documents/dev/VisualIntelligence/VisualIntelligencePipelineDemo/DiverKit/Tests/DiverKitTests/MetadataPipelineServiceTests.swift:57: error: -[DiverKitTests.MetadataPipelineServiceTests testProcessPendingQueueCreatesLocalInput] : XCTAssertEqual failed: ("nil") is not equal to ("Optional("web")")
Test Case '-[DiverKitTests.MetadataPipelineServiceTests testProcessPendingQueueCreatesLocalInput]' failed (0.009 seconds).
Test Suite 'MetadataPipelineServiceTests' failed at 2026-01-11 07:34:00.818.
	 Executed 1 test, with 3 failures (0 unexpected) in 0.009 (0.009) seconds
Test Suite 'PipelineLogFixtureTests' started at 2026-01-11 07:34:00.818.
Test Case '-[DiverKitTests.PipelineLogFixtureTests testExtractCandidates]' started.
Test Case '-[DiverKitTests.PipelineLogFixtureTests testExtractCandidates]' passed (0.003 seconds).
Test Case '-[DiverKitTests.PipelineLogFixtureTests testExtractReferences]' started.
Test Case '-[DiverKitTests.PipelineLogFixtureTests testExtractReferences]' passed (0.001 seconds).
Test Case '-[DiverKitTests.PipelineLogFixtureTests testFixtureLogStructure]' started.
Test Case '-[DiverKitTests.PipelineLogFixtureTests testFixtureLogStructure]' passed (0.001 seconds).
Test Case '-[DiverKitTests.PipelineLogFixtureTests testLoadDefaultFixture]' started.
Test Case '-[DiverKitTests.PipelineLogFixtureTests testLoadDefaultFixture]' passed (0.001 seconds).
Test Case '-[DiverKitTests.PipelineLogFixtureTests testMultipleReferenceTypes]' started.
Test Case '-[DiverKitTests.PipelineLogFixtureTests testMultipleReferenceTypes]' passed (0.001 seconds).
Test Case '-[DiverKitTests.PipelineLogFixtureTests testReferenceMetadataStructure]' started.
Test Case '-[DiverKitTests.PipelineLogFixtureTests testReferenceMetadataStructure]' passed (0.001 seconds).
Test Suite 'PipelineLogFixtureTests' passed at 2026-01-11 07:34:00.825.
	 Executed 6 tests, with 0 failures (0 unexpected) in 0.007 (0.008) seconds
Test Suite 'ProcessedItemMigrationTests' started at 2026-01-11 07:34:00.825.
Test Case '-[DiverKitTests.ProcessedItemMigrationTests testExistingFieldsPreservedAfterMigration]' started.
Test Case '-[DiverKitTests.ProcessedItemMigrationTests testExistingFieldsPreservedAfterMigration]' passed (0.004 seconds).
Test Case '-[DiverKitTests.ProcessedItemMigrationTests testNewFieldsHaveDefaultValues]' started.
Test Case '-[DiverKitTests.ProcessedItemMigrationTests testNewFieldsHaveDefaultValues]' passed (0.002 seconds).
Test Case '-[DiverKitTests.ProcessedItemMigrationTests testQueryByNewStatusField]' started.
Test Case '-[DiverKitTests.ProcessedItemMigrationTests testQueryByNewStatusField]' passed (0.005 seconds).
Test Case '-[DiverKitTests.ProcessedItemMigrationTests testSortByUpdatedAt]' started.
Test Case '-[DiverKitTests.ProcessedItemMigrationTests testSortByUpdatedAt]' passed (0.004 seconds).
Test Case '-[DiverKitTests.ProcessedItemMigrationTests testUpdateNewFieldsAfterMigration]' started.
Test Case '-[DiverKitTests.ProcessedItemMigrationTests testUpdateNewFieldsAfterMigration]' passed (0.004 seconds).
Test Suite 'ProcessedItemMigrationTests' passed at 2026-01-11 07:34:00.845.
	 Executed 5 tests, with 0 failures (0 unexpected) in 0.019 (0.019) seconds
Test Suite 'ProcessedItemTests' started at 2026-01-11 07:34:00.845.
Test Case '-[DiverKitTests.ProcessedItemTests testEmptyPayload]' started.
Test Case '-[DiverKitTests.ProcessedItemTests testEmptyPayload]' passed (0.000 seconds).
Test Case '-[DiverKitTests.ProcessedItemTests testMediaInfoAbstraction]' started.
Test Case '-[DiverKitTests.ProcessedItemTests testMediaInfoAbstraction]' passed (0.000 seconds).
Test Case '-[DiverKitTests.ProcessedItemTests testProcessedItemDefaultValues]' started.
Test Case '-[DiverKitTests.ProcessedItemTests testProcessedItemDefaultValues]' passed (0.000 seconds).
Test Case '-[DiverKitTests.ProcessedItemTests testProcessedItemWithNewFields]' started.
Test Case '-[DiverKitTests.ProcessedItemTests testProcessedItemWithNewFields]' passed (0.000 seconds).
Test Case '-[DiverKitTests.ProcessedItemTests testProcessingStatusCodable]' started.
Test Case '-[DiverKitTests.ProcessedItemTests testProcessingStatusCodable]' passed (0.000 seconds).
Test Case '-[DiverKitTests.ProcessedItemTests testProcessingStatusDefaultValue]' started.
Test Case '-[DiverKitTests.ProcessedItemTests testProcessingStatusDefaultValue]' passed (0.000 seconds).
Test Case '-[DiverKitTests.ProcessedItemTests testRawPayloadEncodingDecoding]' started.
Test Case '-[DiverKitTests.ProcessedItemTests testRawPayloadEncodingDecoding]' passed (0.000 seconds).
Test Case '-[DiverKitTests.ProcessedItemTests testReferenceCountIncrement]' started.
Test Case '-[DiverKitTests.ProcessedItemTests testReferenceCountIncrement]' passed (0.000 seconds).
Test Case '-[DiverKitTests.ProcessedItemTests testStatusTransitions]' started.
Test Case '-[DiverKitTests.ProcessedItemTests testStatusTransitions]' passed (0.000 seconds).
Test Suite 'ProcessedItemTests' passed at 2026-01-11 07:34:00.846.
	 Executed 9 tests, with 0 failures (0 unexpected) in 0.001 (0.002) seconds
Test Suite 'VisualIntelligenceViewModelTests' started at 2026-01-11 07:34:00.846.
Test Case '-[DiverKitTests.VisualIntelligenceViewModelTests testHandleCaptureWithQR]' started.
objc[15401]: class `NSKVONotifying_AVCapturePhotoOutput' not linked into application
/Users/voxels/Documents/dev/VisualIntelligence/VisualIntelligencePipelineDemo/DiverKit/Tests/DiverKitTests/VisualIntelligenceViewModelTests.swift:65: error: -[DiverKitTests.VisualIntelligenceViewModelTests testHandleCaptureWithQR] : XCTAssertEqual failed: ("2") is not equal to ("1")
Test Case '-[DiverKitTests.VisualIntelligenceViewModelTests testHandleCaptureWithQR]' failed (1.019 seconds).
Test Case '-[DiverKitTests.VisualIntelligenceViewModelTests testInitialState]' started.
Test Case '-[DiverKitTests.VisualIntelligenceViewModelTests testInitialState]' passed (0.006 seconds).
Test Case '-[DiverKitTests.VisualIntelligenceViewModelTests testResetClearsState]' started.
/Users/voxels/Documents/dev/VisualIntelligence/VisualIntelligencePipelineDemo/DiverKit/Tests/DiverKitTests/VisualIntelligenceViewModelTests.swift:89: error: -[DiverKitTests.VisualIntelligenceViewModelTests testResetClearsState] : XCTAssertTrue failed
/Users/voxels/Documents/dev/VisualIntelligence/VisualIntelligencePipelineDemo/DiverKit/Tests/DiverKitTests/VisualIntelligenceViewModelTests.swift:90: error: -[DiverKitTests.VisualIntelligenceViewModelTests testResetClearsState] : XCTAssertFalse failed
/Users/voxels/Documents/dev/VisualIntelligence/VisualIntelligencePipelineDemo/DiverKit/Tests/DiverKitTests/VisualIntelligenceViewModelTests.swift:91: error: -[DiverKitTests.VisualIntelligenceViewModelTests testResetClearsState] : XCTAssertFalse failed
/Users/voxels/Documents/dev/VisualIntelligence/VisualIntelligencePipelineDemo/DiverKit/Tests/DiverKitTests/VisualIntelligenceViewModelTests.swift:92: error: -[DiverKitTests.VisualIntelligenceViewModelTests testResetClearsState] : XCTAssertNil failed: "Error"
Test Case '-[DiverKitTests.VisualIntelligenceViewModelTests testResetClearsState]' failed (0.002 seconds).
Test Case '-[DiverKitTests.VisualIntelligenceViewModelTests testStartStopRecording]' started.
Test Case '-[DiverKitTests.VisualIntelligenceViewModelTests testStartStopRecording]' passed (0.000 seconds).
Test Case '-[DiverKitTests.VisualIntelligenceViewModelTests testUpdatePeelAmount]' started.
Test Case '-[DiverKitTests.VisualIntelligenceViewModelTests testUpdatePeelAmount]' passed (0.000 seconds).
Test Suite 'VisualIntelligenceViewModelTests' failed at 2026-01-11 07:34:01.874.
	 Executed 5 tests, with 5 failures (0 unexpected) in 1.028 (1.028) seconds
Test Suite 'DiverKitPackageTests.xctest' failed at 2026-01-11 07:34:01.874.
	 Executed 42 tests, with 16 failures (0 unexpected) in 8.953 (8.958) seconds
Test Suite 'All tests' failed at 2026-01-11 07:34:01.875.
	 Executed 42 tests, with 16 failures (0 unexpected) in 8.953 (8.959) seconds
üß† IntelligenceProcessor: Starting Pipeline (Mode: liveSifting)
Found entity types: ["book", "music_album"]
üì∏ Capturing photo for review view feedback...
üì∏ CameraManager: Test mode, simulating capture...
üì∏ Camera: Photo captured, analyzing full frame using subject priority...
üß† IntelligenceProcessor: Starting Pipeline (Mode: fullAnalysis)
üß† IntelligenceProcessor: Starting Full Analysis Pass
üåç No Subject Sifted - Analyzing Full Scene
‚úÖ IntelligenceProcessor: Finished with 1 results
üöÄ Enrichment Pipeline: Starting Concurrent Enrichment...
‚úÖ Multi-Photo: Merged 2 new results. Total: 2
‚úÖ Analysis Complete: Found 1 results
üöÄ Express Capture: Auto-saving...
üíæ commitReviewSave: Crystalizing Logic...
üîç Starting Background Verification (HandleCapture)...
üß† IntelligenceProcessor: Starting Verification Round
‚úÖ IntelligenceProcessor: Verification Complete
üîÑ Visual Intelligence VM: State Reset
üîÑ Visual Intelligence VM: State Reset
ÙÄüà  Test run started.
ÙÄÑµ  Testing Library Version: 1501
ÙÄÑµ  Target Platform: arm64e-apple-macos14.0
ÙÅÅõ  Test run with 0 tests in 0 suites passed after 0.001 seconds.
