Command line invocation:
    /Applications/Xcode.app/Contents/Developer/usr/bin/xcodebuild -project Diver/Diver.xcodeproj -scheme Diver_iOS -destination "platform=iOS Simulator,name=iPhone 17 Pro"

Resolve Package Graph


Resolved source packages:
  LDSwiftEventSource: https://github.com/launchdarkly/swift-eventsource @ 3.3.0
  swift-http-types: https://github.com/apple/swift-http-types.git @ 1.5.1
  DiverShared: /Users/voxels/Documents/dev/Superbright/Diver/DiverShared
  Nuke: https://github.com/kean/Nuke @ 12.8.0
  swift-log: https://github.com/apple/swift-log.git @ 1.8.0
  swift-concurrency-extras: https://github.com/pointfreeco/swift-concurrency-extras @ 1.3.2
  DiverKit: /Users/voxels/Documents/dev/Superbright/Diver/DiverKit
  knowmaps: https://github.com/voxels/Know-Maps @ main (c60782f)
  SpotifyAPI: https://github.com/Peter-Schorn/SpotifyAPI @ 4.0.2
  swift-crypto: https://github.com/apple/swift-crypto.git @ 1.1.7
  xctest-dynamic-overlay: https://github.com/pointfreeco/xctest-dynamic-overlay @ 1.8.0
  Segment: https://github.com/segmentio/analytics-swift @ 1.6.2
  OpenCombine: https://github.com/OpenCombine/OpenCombine.git @ 0.14.0
  JSONSafeEncoding: https://github.com/segmentio/jsonsafeencoding-swift.git @ 2.0.0
  swift-clocks: https://github.com/pointfreeco/swift-clocks @ 1.0.6
  RegularExpressions: https://github.com/Peter-Schorn/RegularExpressions.git @ 2.2.0
  Supabase: https://github.com/supabase/supabase-swift @ 2.33.1
  Sovran: https://github.com/segmentio/sovran-swift.git @ 1.1.2

ComputePackagePrebuildTargetDependencyGraph

Prepare packages

CreateBuildRequest

SendProjectDescription

CreateBuildOperation

ComputeTargetDependencyGraph
note: Building targets in dependency order
note: Target dependency graph (59 targets)
    Target 'Diver_iOS' in project 'Diver'
        ➜ Explicit dependency on target 'ActionExtension' in project 'Diver'
        ➜ Explicit dependency on target 'DiverWidgetExtension' in project 'Diver'
        ➜ Explicit dependency on target 'DiverKit' in project 'DiverKit'
        ➜ Explicit dependency on target 'DiverShared' in project 'DiverShared'
        ➜ Explicit dependency on target 'knowmaps' in project 'knowmaps'
    Target 'knowmaps' in project 'knowmaps'
        ➜ Explicit dependency on target 'knowmaps' in project 'knowmaps'
        ➜ Explicit dependency on target 'knowmaps_knowmaps' in project 'knowmaps'
        ➜ Explicit dependency on target 'NukeUI' in project 'Nuke'
        ➜ Explicit dependency on target 'Segment' in project 'Segment'
        ➜ Explicit dependency on target 'Supabase' in project 'Supabase'
    Target 'knowmaps' in project 'knowmaps'
        ➜ Explicit dependency on target 'knowmaps_knowmaps' in project 'knowmaps'
        ➜ Explicit dependency on target 'NukeUI' in project 'Nuke'
        ➜ Explicit dependency on target 'Segment' in project 'Segment'
        ➜ Explicit dependency on target 'Supabase' in project 'Supabase'
    Target 'Supabase' in project 'Supabase'
        ➜ Explicit dependency on target 'Supabase' in project 'Supabase'
        ➜ Explicit dependency on target 'Functions' in project 'Supabase'
        ➜ Explicit dependency on target 'PostgREST' in project 'Supabase'
        ➜ Explicit dependency on target 'Auth' in project 'Supabase'
        ➜ Explicit dependency on target 'Realtime' in project 'Supabase'
        ➜ Explicit dependency on target 'Storage' in project 'Supabase'
        ➜ Explicit dependency on target 'Helpers' in project 'Supabase'
        ➜ Explicit dependency on target 'ConcurrencyExtras' in project 'swift-concurrency-extras'
        ➜ Explicit dependency on target 'HTTPTypes' in project 'swift-http-types'
        ➜ Explicit dependency on target 'Clocks' in project 'swift-clocks'
        ➜ Explicit dependency on target 'XCTestDynamicOverlay' in project 'xctest-dynamic-overlay'
        ➜ Explicit dependency on target 'Crypto' in project 'swift-crypto'
        ➜ Explicit dependency on target 'IssueReporting' in project 'xctest-dynamic-overlay'
    Target 'Supabase' in project 'Supabase'
        ➜ Explicit dependency on target 'Helpers' in project 'Supabase'
        ➜ Explicit dependency on target 'Auth' in project 'Supabase'
        ➜ Explicit dependency on target 'Functions' in project 'Supabase'
        ➜ Explicit dependency on target 'PostgREST' in project 'Supabase'
        ➜ Explicit dependency on target 'Realtime' in project 'Supabase'
        ➜ Explicit dependency on target 'Storage' in project 'Supabase'
        ➜ Explicit dependency on target 'ConcurrencyExtras' in project 'swift-concurrency-extras'
        ➜ Explicit dependency on target 'HTTPTypes' in project 'swift-http-types'
        ➜ Explicit dependency on target 'Clocks' in project 'swift-clocks'
        ➜ Explicit dependency on target 'XCTestDynamicOverlay' in project 'xctest-dynamic-overlay'
        ➜ Explicit dependency on target 'Crypto' in project 'swift-crypto'
        ➜ Explicit dependency on target 'IssueReporting' in project 'xctest-dynamic-overlay'
    Target 'Storage' in project 'Supabase'
        ➜ Explicit dependency on target 'Helpers' in project 'Supabase'
        ➜ Explicit dependency on target 'ConcurrencyExtras' in project 'swift-concurrency-extras'
        ➜ Explicit dependency on target 'HTTPTypes' in project 'swift-http-types'
        ➜ Explicit dependency on target 'Clocks' in project 'swift-clocks'
        ➜ Explicit dependency on target 'XCTestDynamicOverlay' in project 'xctest-dynamic-overlay'
    Target 'Realtime' in project 'Supabase'
        ➜ Explicit dependency on target 'Helpers' in project 'Supabase'
        ➜ Explicit dependency on target 'ConcurrencyExtras' in project 'swift-concurrency-extras'
        ➜ Explicit dependency on target 'HTTPTypes' in project 'swift-http-types'
        ➜ Explicit dependency on target 'Clocks' in project 'swift-clocks'
        ➜ Explicit dependency on target 'XCTestDynamicOverlay' in project 'xctest-dynamic-overlay'
        ➜ Explicit dependency on target 'IssueReporting' in project 'xctest-dynamic-overlay'
    Target 'PostgREST' in project 'Supabase'
        ➜ Explicit dependency on target 'Helpers' in project 'Supabase'
        ➜ Explicit dependency on target 'ConcurrencyExtras' in project 'swift-concurrency-extras'
        ➜ Explicit dependency on target 'HTTPTypes' in project 'swift-http-types'
        ➜ Explicit dependency on target 'Clocks' in project 'swift-clocks'
        ➜ Explicit dependency on target 'XCTestDynamicOverlay' in project 'xctest-dynamic-overlay'
    Target 'Functions' in project 'Supabase'
        ➜ Explicit dependency on target 'Helpers' in project 'Supabase'
        ➜ Explicit dependency on target 'ConcurrencyExtras' in project 'swift-concurrency-extras'
        ➜ Explicit dependency on target 'HTTPTypes' in project 'swift-http-types'
        ➜ Explicit dependency on target 'Clocks' in project 'swift-clocks'
        ➜ Explicit dependency on target 'XCTestDynamicOverlay' in project 'xctest-dynamic-overlay'
    Target 'Auth' in project 'Supabase'
        ➜ Explicit dependency on target 'Helpers' in project 'Supabase'
        ➜ Explicit dependency on target 'ConcurrencyExtras' in project 'swift-concurrency-extras'
        ➜ Explicit dependency on target 'HTTPTypes' in project 'swift-http-types'
        ➜ Explicit dependency on target 'Clocks' in project 'swift-clocks'
        ➜ Explicit dependency on target 'XCTestDynamicOverlay' in project 'xctest-dynamic-overlay'
        ➜ Explicit dependency on target 'Crypto' in project 'swift-crypto'
    Target 'Helpers' in project 'Supabase'
        ➜ Explicit dependency on target 'ConcurrencyExtras' in project 'swift-concurrency-extras'
        ➜ Explicit dependency on target 'HTTPTypes' in project 'swift-http-types'
        ➜ Explicit dependency on target 'Clocks' in project 'swift-clocks'
        ➜ Explicit dependency on target 'XCTestDynamicOverlay' in project 'xctest-dynamic-overlay'
    Target 'XCTestDynamicOverlay' in project 'xctest-dynamic-overlay'
        ➜ Explicit dependency on target 'XCTestDynamicOverlay' in project 'xctest-dynamic-overlay'
        ➜ Explicit dependency on target 'IssueReportingPackageSupport' in project 'xctest-dynamic-overlay'
        ➜ Explicit dependency on target 'IssueReporting' in project 'xctest-dynamic-overlay'
    Target 'XCTestDynamicOverlay' in project 'xctest-dynamic-overlay'
        ➜ Explicit dependency on target 'IssueReportingPackageSupport' in project 'xctest-dynamic-overlay'
        ➜ Explicit dependency on target 'IssueReporting' in project 'xctest-dynamic-overlay'
    Target 'Clocks' in project 'swift-clocks'
        ➜ Explicit dependency on target 'Clocks' in project 'swift-clocks'
        ➜ Explicit dependency on target 'ConcurrencyExtras' in project 'swift-concurrency-extras'
        ➜ Explicit dependency on target 'IssueReporting' in project 'xctest-dynamic-overlay'
    Target 'Clocks' in project 'swift-clocks'
        ➜ Explicit dependency on target 'ConcurrencyExtras' in project 'swift-concurrency-extras'
        ➜ Explicit dependency on target 'IssueReporting' in project 'xctest-dynamic-overlay'
    Target 'IssueReporting' in project 'xctest-dynamic-overlay'
        ➜ Explicit dependency on target 'IssueReporting' in project 'xctest-dynamic-overlay'
        ➜ Explicit dependency on target 'IssueReportingPackageSupport' in project 'xctest-dynamic-overlay'
    Target 'IssueReporting' in project 'xctest-dynamic-overlay'
        ➜ Explicit dependency on target 'IssueReportingPackageSupport' in project 'xctest-dynamic-overlay'
    Target 'IssueReportingPackageSupport' in project 'xctest-dynamic-overlay' (no dependencies)
    Target 'HTTPTypes' in project 'swift-http-types'
        ➜ Explicit dependency on target 'HTTPTypes' in project 'swift-http-types'
    Target 'HTTPTypes' in project 'swift-http-types' (no dependencies)
    Target 'ConcurrencyExtras' in project 'swift-concurrency-extras'
        ➜ Explicit dependency on target 'ConcurrencyExtras' in project 'swift-concurrency-extras'
    Target 'ConcurrencyExtras' in project 'swift-concurrency-extras' (no dependencies)
    Target 'Segment' in project 'Segment'
        ➜ Explicit dependency on target 'Segment' in project 'Segment'
        ➜ Explicit dependency on target 'Segment_Segment' in project 'Segment'
        ➜ Explicit dependency on target 'Sovran' in project 'Sovran'
        ➜ Explicit dependency on target 'JSONSafeEncoding' in project 'JSONSafeEncoding'
    Target 'Segment' in project 'Segment'
        ➜ Explicit dependency on target 'Segment_Segment' in project 'Segment'
        ➜ Explicit dependency on target 'Sovran' in project 'Sovran'
        ➜ Explicit dependency on target 'JSONSafeEncoding' in project 'JSONSafeEncoding'
    Target 'JSONSafeEncoding' in project 'JSONSafeEncoding'
        ➜ Explicit dependency on target 'JSONSafeEncoding' in project 'JSONSafeEncoding'
    Target 'JSONSafeEncoding' in project 'JSONSafeEncoding' (no dependencies)
    Target 'Sovran' in project 'Sovran'
        ➜ Explicit dependency on target 'Sovran' in project 'Sovran'
    Target 'Sovran' in project 'Sovran' (no dependencies)
    Target 'Segment_Segment' in project 'Segment' (no dependencies)
    Target 'NukeUI' in project 'Nuke'
        ➜ Explicit dependency on target 'NukeUI' in project 'Nuke'
        ➜ Explicit dependency on target 'Nuke' in project 'Nuke'
    Target 'NukeUI' in project 'Nuke'
        ➜ Explicit dependency on target 'Nuke' in project 'Nuke'
    Target 'Nuke' in project 'Nuke' (no dependencies)
    Target 'knowmaps_knowmaps' in project 'knowmaps' (no dependencies)
    Target 'DiverWidgetExtension' in project 'Diver'
        ➜ Explicit dependency on target 'DiverShared' in project 'DiverShared'
        ➜ Explicit dependency on target 'DiverKit' in project 'DiverKit'
    Target 'ActionExtension' in project 'Diver'
        ➜ Explicit dependency on target 'DiverKit' in project 'DiverKit'
        ➜ Explicit dependency on target 'DiverShared' in project 'DiverShared'
    Target 'DiverKit' in project 'DiverKit'
        ➜ Explicit dependency on target 'DiverKit' in project 'DiverKit'
        ➜ Explicit dependency on target 'DiverKit_DiverKit' in project 'DiverKit'
        ➜ Explicit dependency on target 'LDSwiftEventSource' in project 'LDSwiftEventSource'
        ➜ Explicit dependency on target 'SpotifyAPI' in project 'SpotifyAPI'
        ➜ Explicit dependency on target 'DiverShared' in project 'DiverShared'
    Target 'DiverKit' in project 'DiverKit'
        ➜ Explicit dependency on target 'DiverKit_DiverKit' in project 'DiverKit'
        ➜ Explicit dependency on target 'LDSwiftEventSource' in project 'LDSwiftEventSource'
        ➜ Explicit dependency on target 'SpotifyAPI' in project 'SpotifyAPI'
        ➜ Explicit dependency on target 'DiverShared' in project 'DiverShared'
    Target 'DiverShared' in project 'DiverShared'
        ➜ Explicit dependency on target 'DiverShared' in project 'DiverShared'
    Target 'DiverShared' in project 'DiverShared' (no dependencies)
    Target 'SpotifyAPI' in project 'SpotifyAPI'
        ➜ Explicit dependency on target 'SpotifyWebAPI' in project 'SpotifyAPI'
        ➜ Explicit dependency on target 'RegularExpressions' in project 'RegularExpressions'
        ➜ Explicit dependency on target 'Logging' in project 'swift-log'
        ➜ Explicit dependency on target 'Crypto' in project 'swift-crypto'
        ➜ Explicit dependency on target 'OpenCombine' in project 'OpenCombine'
        ➜ Explicit dependency on target 'OpenCombineDispatch' in project 'OpenCombine'
        ➜ Explicit dependency on target 'OpenCombineFoundation' in project 'OpenCombine'
    Target 'SpotifyWebAPI' in project 'SpotifyAPI'
        ➜ Explicit dependency on target 'RegularExpressions' in project 'RegularExpressions'
        ➜ Explicit dependency on target 'Logging' in project 'swift-log'
        ➜ Explicit dependency on target 'Crypto' in project 'swift-crypto'
        ➜ Explicit dependency on target 'OpenCombine' in project 'OpenCombine'
        ➜ Explicit dependency on target 'OpenCombineDispatch' in project 'OpenCombine'
        ➜ Explicit dependency on target 'OpenCombineFoundation' in project 'OpenCombine'
    Target 'OpenCombineFoundation' in project 'OpenCombine'
        ➜ Explicit dependency on target 'OpenCombineFoundation' in project 'OpenCombine'
        ➜ Explicit dependency on target 'COpenCombineHelpers' in project 'OpenCombine'
        ➜ Explicit dependency on target 'OpenCombine' in project 'OpenCombine'
    Target 'OpenCombineFoundation' in project 'OpenCombine'
        ➜ Explicit dependency on target 'COpenCombineHelpers' in project 'OpenCombine'
        ➜ Explicit dependency on target 'OpenCombine' in project 'OpenCombine'
    Target 'OpenCombineDispatch' in project 'OpenCombine'
        ➜ Explicit dependency on target 'OpenCombineDispatch' in project 'OpenCombine'
        ➜ Explicit dependency on target 'COpenCombineHelpers' in project 'OpenCombine'
        ➜ Explicit dependency on target 'OpenCombine' in project 'OpenCombine'
    Target 'OpenCombineDispatch' in project 'OpenCombine'
        ➜ Explicit dependency on target 'COpenCombineHelpers' in project 'OpenCombine'
        ➜ Explicit dependency on target 'OpenCombine' in project 'OpenCombine'
    Target 'OpenCombine' in project 'OpenCombine'
        ➜ Explicit dependency on target 'OpenCombine' in project 'OpenCombine'
        ➜ Explicit dependency on target 'COpenCombineHelpers' in project 'OpenCombine'
    Target 'OpenCombine' in project 'OpenCombine'
        ➜ Explicit dependency on target 'COpenCombineHelpers' in project 'OpenCombine'
    Target 'COpenCombineHelpers' in project 'OpenCombine' (no dependencies)
    Target 'Crypto' in project 'swift-crypto'
        ➜ Explicit dependency on target 'Crypto' in project 'swift-crypto'
        ➜ Explicit dependency on target 'CCryptoBoringSSL' in project 'swift-crypto'
        ➜ Explicit dependency on target 'CCryptoBoringSSLShims' in project 'swift-crypto'
    Target 'Crypto' in project 'swift-crypto'
        ➜ Explicit dependency on target 'CCryptoBoringSSL' in project 'swift-crypto'
        ➜ Explicit dependency on target 'CCryptoBoringSSLShims' in project 'swift-crypto'
    Target 'CCryptoBoringSSLShims' in project 'swift-crypto'
        ➜ Explicit dependency on target 'CCryptoBoringSSL' in project 'swift-crypto'
    Target 'CCryptoBoringSSL' in project 'swift-crypto' (no dependencies)
    Target 'Logging' in project 'swift-log'
        ➜ Explicit dependency on target 'Logging' in project 'swift-log'
    Target 'Logging' in project 'swift-log' (no dependencies)
    Target 'RegularExpressions' in project 'RegularExpressions'
        ➜ Explicit dependency on target 'RegularExpressions' in project 'RegularExpressions'
    Target 'RegularExpressions' in project 'RegularExpressions' (no dependencies)
    Target 'LDSwiftEventSource' in project 'LDSwiftEventSource'
        ➜ Explicit dependency on target 'LDSwiftEventSource' in project 'LDSwiftEventSource'
    Target 'LDSwiftEventSource' in project 'LDSwiftEventSource' (no dependencies)
    Target 'DiverKit_DiverKit' in project 'DiverKit' (no dependencies)

GatherProvisioningInputs

CreateBuildDescription

ExecuteExternalTool /Applications/Xcode.app/Contents/Developer/Toolchains/XcodeDefault.xctoolchain/usr/bin/swiftc --version

ExecuteExternalTool /Applications/Xcode.app/Contents/Developer/Toolchains/XcodeDefault.xctoolchain/usr/bin/clang -v -E -dM -arch arm64 -isysroot /Applications/Xcode.app/Contents/Developer/Platforms/iPhoneSimulator.platform/Developer/SDKs/iPhoneSimulator26.2.sdk -x c -c /dev/null

ExecuteExternalTool /Applications/Xcode.app/Contents/Developer/Toolchains/XcodeDefault.xctoolchain/usr/bin/clang -v -E -dM -arch arm64 -isysroot /Applications/Xcode.app/Contents/Developer/Platforms/iPhoneSimulator.platform/Developer/SDKs/iPhoneSimulator26.2.sdk -x c++ -c /dev/null

ExecuteExternalTool /Applications/Xcode.app/Contents/Developer/usr/bin/actool --version --output-format xml1

ExecuteExternalTool /usr/bin/what -q /Applications/Xcode.app/Contents/Developer/Toolchains/XcodeDefault.xctoolchain/usr/bin/coremlc

ExecuteExternalTool /Applications/Xcode.app/Contents/Developer/Toolchains/XcodeDefault.xctoolchain/usr/bin/clang -v -E -dM -isysroot /Applications/Xcode.app/Contents/Developer/Platforms/iPhoneSimulator.platform/Developer/SDKs/iPhoneSimulator26.2.sdk -x c -c /dev/null

ExecuteExternalTool /Applications/Xcode.app/Contents/Developer/usr/bin/actool --print-asset-tag-combinations --output-format xml1 /Users/voxels/Documents/dev/Superbright/Diver/Diver/Diver/Assets.xcassets

ExecuteExternalTool /Applications/Xcode.app/Contents/Developer/Toolchains/XcodeDefault.xctoolchain/usr/bin/ld -version_details

ExecuteExternalTool /Applications/Xcode.app/Contents/Developer/Toolchains/XcodeDefault.xctoolchain/usr/bin/clang -v -E -dM -arch arm64 -isysroot /Applications/Xcode.app/Contents/Developer/Platforms/iPhoneSimulator.platform/Developer/SDKs/iPhoneSimulator26.2.sdk -x assembler-with-cpp -c /dev/null

ReadFileContents /Applications/Xcode.app/Contents/Developer/Toolchains/XcodeDefault.xctoolchain/usr/share/docc/features.json

ExecuteExternalTool /Applications/Xcode.app/Contents/Developer/Toolchains/XcodeDefault.xctoolchain/usr/bin/coremlc generate /Users/voxels/Library/Developer/Xcode/DerivedData/Diver-fkxymducaaydoifhoeeiimpntqeq/SourcePackages/checkouts/Know-Maps/Know-Maps/Know Maps Prod/Model/LocalMapsQueryClassifier.mlmodel /Users/voxels/Library/Developer/Xcode/DerivedData/Diver-fkxymducaaydoifhoeeiimpntqeq/Build/Intermediates.noindex/knowmaps.build/Debug-iphonesimulator/knowmaps.build/DerivedSources/CoreMLGenerated/LocalMapsQueryClassifier --dry-run yes --deployment-target 18.0 --sdkroot /Applications/Xcode.app/Contents/Developer/Platforms/iPhoneSimulator.platform/Developer/SDKs/iPhoneSimulator26.2.sdk --platform ios --output-partial-info-plist /Users/voxels/Library/Developer/Xcode/DerivedData/Diver-fkxymducaaydoifhoeeiimpntqeq/Build/Intermediates.noindex/knowmaps.build/Debug-iphonesimulator/knowmaps.build/LocalMapsQueryClassifier-CoreMLPartialInfo.plist --container swift-package --language Swift --swift-version 6 --public-access

ExecuteExternalTool /Applications/Xcode.app/Contents/Developer/Toolchains/XcodeDefault.xctoolchain/usr/bin/coremlc generate /Users/voxels/Library/Developer/Xcode/DerivedData/Diver-fkxymducaaydoifhoeeiimpntqeq/SourcePackages/checkouts/Know-Maps/Know-Maps/Know Maps Prod/Model/LocalMapsQueryTagger.mlpackage /Users/voxels/Library/Developer/Xcode/DerivedData/Diver-fkxymducaaydoifhoeeiimpntqeq/Build/Intermediates.noindex/knowmaps.build/Debug-iphonesimulator/knowmaps.build/DerivedSources/CoreMLGenerated/LocalMapsQueryTagger --dry-run yes --deployment-target 18.0 --sdkroot /Applications/Xcode.app/Contents/Developer/Platforms/iPhoneSimulator.platform/Developer/SDKs/iPhoneSimulator26.2.sdk --platform ios --output-partial-info-plist /Users/voxels/Library/Developer/Xcode/DerivedData/Diver-fkxymducaaydoifhoeeiimpntqeq/Build/Intermediates.noindex/knowmaps.build/Debug-iphonesimulator/knowmaps.build/LocalMapsQueryTagger-CoreMLPartialInfo.plist --container swift-package --language Swift --swift-version 6 --public-access

ExecuteExternalTool /Applications/Xcode.app/Contents/Developer/Toolchains/XcodeDefault.xctoolchain/usr/bin/coremlc generate /Users/voxels/Library/Developer/Xcode/DerivedData/Diver-fkxymducaaydoifhoeeiimpntqeq/SourcePackages/checkouts/Know-Maps/Know-Maps/Know Maps Prod/Model/ML/FoursquareSectionClassifier.mlmodel /Users/voxels/Library/Developer/Xcode/DerivedData/Diver-fkxymducaaydoifhoeeiimpntqeq/Build/Intermediates.noindex/knowmaps.build/Debug-iphonesimulator/knowmaps.build/DerivedSources/CoreMLGenerated/FoursquareSectionClassifier --dry-run yes --deployment-target 18.0 --sdkroot /Applications/Xcode.app/Contents/Developer/Platforms/iPhoneSimulator.platform/Developer/SDKs/iPhoneSimulator26.2.sdk --platform ios --output-partial-info-plist /Users/voxels/Library/Developer/Xcode/DerivedData/Diver-fkxymducaaydoifhoeeiimpntqeq/Build/Intermediates.noindex/knowmaps.build/Debug-iphonesimulator/knowmaps.build/FoursquareSectionClassifier-CoreMLPartialInfo.plist --container swift-package --language Swift --swift-version 6 --public-access

ExecuteExternalTool /Applications/Xcode.app/Contents/Developer/Toolchains/XcodeDefault.xctoolchain/usr/bin/coremlc generate /Users/voxels/Library/Developer/Xcode/DerivedData/Diver-fkxymducaaydoifhoeeiimpntqeq/SourcePackages/checkouts/Know-Maps/Know-Maps/Know Maps Prod/Model/ML/LocalMapsQueryClassifier.mlproj/Models/LocalMapsQueryClassifier 1.mlmodel /Users/voxels/Library/Developer/Xcode/DerivedData/Diver-fkxymducaaydoifhoeeiimpntqeq/Build/Intermediates.noindex/knowmaps.build/Debug-iphonesimulator/knowmaps.build/DerivedSources/CoreMLGenerated/LocalMapsQueryClassifier 1 --dry-run yes --deployment-target 18.0 --sdkroot /Applications/Xcode.app/Contents/Developer/Platforms/iPhoneSimulator.platform/Developer/SDKs/iPhoneSimulator26.2.sdk --platform ios --output-partial-info-plist /Users/voxels/Library/Developer/Xcode/DerivedData/Diver-fkxymducaaydoifhoeeiimpntqeq/Build/Intermediates.noindex/knowmaps.build/Debug-iphonesimulator/knowmaps.build/LocalMapsQueryClassifier 1-CoreMLPartialInfo.plist --container swift-package --language Swift --swift-version 6 --public-access

ExecuteExternalTool /Applications/Xcode.app/Contents/Developer/Toolchains/XcodeDefault.xctoolchain/usr/bin/coremlc generate /Users/voxels/Library/Developer/Xcode/DerivedData/Diver-fkxymducaaydoifhoeeiimpntqeq/SourcePackages/checkouts/Know-Maps/Know-Maps/Know Maps Prod/Model/ML/LocalMapsQueryTagger.mlproj/Models/LocalMapsQueryTagger 1.mlmodel /Users/voxels/Library/Developer/Xcode/DerivedData/Diver-fkxymducaaydoifhoeeiimpntqeq/Build/Intermediates.noindex/knowmaps.build/Debug-iphonesimulator/knowmaps.build/DerivedSources/CoreMLGenerated/LocalMapsQueryTagger 1 --dry-run yes --deployment-target 18.0 --sdkroot /Applications/Xcode.app/Contents/Developer/Platforms/iPhoneSimulator.platform/Developer/SDKs/iPhoneSimulator26.2.sdk --platform ios --output-partial-info-plist /Users/voxels/Library/Developer/Xcode/DerivedData/Diver-fkxymducaaydoifhoeeiimpntqeq/Build/Intermediates.noindex/knowmaps.build/Debug-iphonesimulator/knowmaps.build/LocalMapsQueryTagger 1-CoreMLPartialInfo.plist --container swift-package --language Swift --swift-version 6 --public-access

ExecuteExternalTool /Applications/Xcode.app/Contents/Developer/Toolchains/XcodeDefault.xctoolchain/usr/bin/coremlc generate /Users/voxels/Library/Developer/Xcode/DerivedData/Diver-fkxymducaaydoifhoeeiimpntqeq/SourcePackages/checkouts/Know-Maps/Know-Maps/Know Maps Prod/Model/MiniLM-L12-Embedding.mlpackage /Users/voxels/Library/Developer/Xcode/DerivedData/Diver-fkxymducaaydoifhoeeiimpntqeq/Build/Intermediates.noindex/knowmaps.build/Debug-iphonesimulator/knowmaps.build/DerivedSources/CoreMLGenerated/MiniLM-L12-Embedding --dry-run yes --deployment-target 18.0 --sdkroot /Applications/Xcode.app/Contents/Developer/Platforms/iPhoneSimulator.platform/Developer/SDKs/iPhoneSimulator26.2.sdk --platform ios --output-partial-info-plist /Users/voxels/Library/Developer/Xcode/DerivedData/Diver-fkxymducaaydoifhoeeiimpntqeq/Build/Intermediates.noindex/knowmaps.build/Debug-iphonesimulator/knowmaps.build/MiniLM-L12-Embedding-CoreMLPartialInfo.plist --container swift-package --language Swift --swift-version 6 --public-access

Build description signature: 5376f14745938dd74b24cabfd17ea882
Build description path: /Users/voxels/Library/Developer/Xcode/DerivedData/Diver-fkxymducaaydoifhoeeiimpntqeq/Build/Intermediates.noindex/XCBuildData/5376f14745938dd74b24cabfd17ea882.xcbuilddata
ClangStatCache /Applications/Xcode.app/Contents/Developer/Toolchains/XcodeDefault.xctoolchain/usr/bin/clang-stat-cache /Applications/Xcode.app/Contents/Developer/Platforms/iPhoneSimulator.platform/Developer/SDKs/iPhoneSimulator26.2.sdk /Users/voxels/Library/Developer/Xcode/DerivedData/SDKStatCaches.noindex/iphonesimulator26.2-23C53-7d00a8b37fbd7999ea79df8ebc024bf0.sdkstatcache
    cd /Users/voxels/Documents/dev/Superbright/Diver/Diver/Diver.xcodeproj
    /Applications/Xcode.app/Contents/Developer/Toolchains/XcodeDefault.xctoolchain/usr/bin/clang-stat-cache /Applications/Xcode.app/Contents/Developer/Platforms/iPhoneSimulator.platform/Developer/SDKs/iPhoneSimulator26.2.sdk -o /Users/voxels/Library/Developer/Xcode/DerivedData/SDKStatCaches.noindex/iphonesimulator26.2-23C53-7d00a8b37fbd7999ea79df8ebc024bf0.sdkstatcache

ProcessInfoPlistFile /Users/voxels/Library/Developer/Xcode/DerivedData/Diver-fkxymducaaydoifhoeeiimpntqeq/Build/Products/Debug-iphonesimulator/Segment_Segment.bundle/Info.plist /Users/voxels/Library/Developer/Xcode/DerivedData/Diver-fkxymducaaydoifhoeeiimpntqeq/Build/Intermediates.noindex/Segment.build/Debug-iphonesimulator/Segment_Segment.build/empty-Segment_Segment.plist (in target 'Segment_Segment' from project 'Segment')
    cd /Users/voxels/Library/Developer/Xcode/DerivedData/Diver-fkxymducaaydoifhoeeiimpntqeq/SourcePackages/checkouts/analytics-swift
    builtin-infoPlistUtility /Users/voxels/Library/Developer/Xcode/DerivedData/Diver-fkxymducaaydoifhoeeiimpntqeq/Build/Intermediates.noindex/Segment.build/Debug-iphonesimulator/Segment_Segment.build/empty-Segment_Segment.plist -producttype com.apple.product-type.bundle -expandbuildsettings -format binary -platform iphonesimulator -o /Users/voxels/Library/Developer/Xcode/DerivedData/Diver-fkxymducaaydoifhoeeiimpntqeq/Build/Products/Debug-iphonesimulator/Segment_Segment.bundle/Info.plist

ProcessInfoPlistFile /Users/voxels/Library/Developer/Xcode/DerivedData/Diver-fkxymducaaydoifhoeeiimpntqeq/Build/Products/Debug-iphonesimulator/DiverKit_DiverKit.bundle/Info.plist /Users/voxels/Library/Developer/Xcode/DerivedData/Diver-fkxymducaaydoifhoeeiimpntqeq/Build/Intermediates.noindex/DiverKit.build/Debug-iphonesimulator/DiverKit_DiverKit.build/empty-DiverKit_DiverKit.plist (in target 'DiverKit_DiverKit' from project 'DiverKit')
    cd /Users/voxels/Documents/dev/Superbright/Diver/DiverKit
    builtin-infoPlistUtility /Users/voxels/Library/Developer/Xcode/DerivedData/Diver-fkxymducaaydoifhoeeiimpntqeq/Build/Intermediates.noindex/DiverKit.build/Debug-iphonesimulator/DiverKit_DiverKit.build/empty-DiverKit_DiverKit.plist -producttype com.apple.product-type.bundle -expandbuildsettings -format binary -platform iphonesimulator -o /Users/voxels/Library/Developer/Xcode/DerivedData/Diver-fkxymducaaydoifhoeeiimpntqeq/Build/Products/Debug-iphonesimulator/DiverKit_DiverKit.bundle/Info.plist

ProcessInfoPlistFile /Users/voxels/Library/Developer/Xcode/DerivedData/Diver-fkxymducaaydoifhoeeiimpntqeq/Build/Products/Debug-iphonesimulator/knowmaps_knowmaps.bundle/Info.plist /Users/voxels/Library/Developer/Xcode/DerivedData/Diver-fkxymducaaydoifhoeeiimpntqeq/Build/Intermediates.noindex/knowmaps.build/Debug-iphonesimulator/knowmaps_knowmaps.build/empty-knowmaps_knowmaps.plist (in target 'knowmaps_knowmaps' from project 'knowmaps')
    cd /Users/voxels/Library/Developer/Xcode/DerivedData/Diver-fkxymducaaydoifhoeeiimpntqeq/SourcePackages/checkouts/Know-Maps
    builtin-infoPlistUtility /Users/voxels/Library/Developer/Xcode/DerivedData/Diver-fkxymducaaydoifhoeeiimpntqeq/Build/Intermediates.noindex/knowmaps.build/Debug-iphonesimulator/knowmaps_knowmaps.build/empty-knowmaps_knowmaps.plist -producttype com.apple.product-type.bundle -expandbuildsettings -format binary -platform iphonesimulator -additionalcontentfile /Users/voxels/Library/Developer/Xcode/DerivedData/Diver-fkxymducaaydoifhoeeiimpntqeq/Build/Intermediates.noindex/knowmaps.build/Debug-iphonesimulator/knowmaps_knowmaps.build/LocalMapsQueryClassifier-CoreMLPartialInfo.plist -additionalcontentfile /Users/voxels/Library/Developer/Xcode/DerivedData/Diver-fkxymducaaydoifhoeeiimpntqeq/Build/Intermediates.noindex/knowmaps.build/Debug-iphonesimulator/knowmaps_knowmaps.build/LocalMapsQueryTagger-CoreMLPartialInfo.plist -additionalcontentfile /Users/voxels/Library/Developer/Xcode/DerivedData/Diver-fkxymducaaydoifhoeeiimpntqeq/Build/Intermediates.noindex/knowmaps.build/Debug-iphonesimulator/knowmaps_knowmaps.build/FoursquareSectionClassifier-CoreMLPartialInfo.plist -additionalcontentfile /Users/voxels/Library/Developer/Xcode/DerivedData/Diver-fkxymducaaydoifhoeeiimpntqeq/Build/Intermediates.noindex/knowmaps.build/Debug-iphonesimulator/knowmaps_knowmaps.build/LocalMapsQueryClassifier\ 1-CoreMLPartialInfo.plist -additionalcontentfile /Users/voxels/Library/Developer/Xcode/DerivedData/Diver-fkxymducaaydoifhoeeiimpntqeq/Build/Intermediates.noindex/knowmaps.build/Debug-iphonesimulator/knowmaps_knowmaps.build/LocalMapsQueryTagger\ 1-CoreMLPartialInfo.plist -additionalcontentfile /Users/voxels/Library/Developer/Xcode/DerivedData/Diver-fkxymducaaydoifhoeeiimpntqeq/Build/Intermediates.noindex/knowmaps.build/Debug-iphonesimulator/knowmaps_knowmaps.build/MiniLM-L12-Embedding-CoreMLPartialInfo.plist -additionalcontentfile /Users/voxels/Library/Developer/Xcode/DerivedData/Diver-fkxymducaaydoifhoeeiimpntqeq/Build/Intermediates.noindex/knowmaps.build/Debug-iphonesimulator/knowmaps_knowmaps.build/assetcatalog_generated_info.plist -o /Users/voxels/Library/Developer/Xcode/DerivedData/Diver-fkxymducaaydoifhoeeiimpntqeq/Build/Products/Debug-iphonesimulator/knowmaps_knowmaps.bundle/Info.plist

ExtractAppIntentsMetadata (in target 'XCTestDynamicOverlay' from project 'xctest-dynamic-overlay')
    cd /Users/voxels/Library/Developer/Xcode/DerivedData/Diver-fkxymducaaydoifhoeeiimpntqeq/SourcePackages/checkouts/xctest-dynamic-overlay
    /Applications/Xcode.app/Contents/Developer/Toolchains/XcodeDefault.xctoolchain/usr/bin/appintentsmetadataprocessor --toolchain-dir /Applications/Xcode.app/Contents/Developer/Toolchains/XcodeDefault.xctoolchain --module-name XCTestDynamicOverlay --sdk-root /Applications/Xcode.app/Contents/Developer/Platforms/iPhoneSimulator.platform/Developer/SDKs/iPhoneSimulator26.2.sdk --xcode-version 17C52 --platform-family iOS --deployment-target 13.0 --bundle-identifier xctest-dynamic-overlay.XCTestDynamicOverlay --output /Users/voxels/Library/Developer/Xcode/DerivedData/Diver-fkxymducaaydoifhoeeiimpntqeq/Build/Products/Debug-iphonesimulator/XCTestDynamicOverlay.appintents --target-triple arm64-apple-ios13.0-simulator --binary-file /Users/voxels/Library/Developer/Xcode/DerivedData/Diver-fkxymducaaydoifhoeeiimpntqeq/Build/Products/Debug-iphonesimulator/XCTestDynamicOverlay.o --dependency-file /Users/voxels/Library/Developer/Xcode/DerivedData/Diver-fkxymducaaydoifhoeeiimpntqeq/Build/Intermediates.noindex/xctest-dynamic-overlay.build/Debug-iphonesimulator/XCTestDynamicOverlay.build/Objects-normal/arm64/XCTestDynamicOverlay_dependency_info.dat --stringsdata-file /Users/voxels/Library/Developer/Xcode/DerivedData/Diver-fkxymducaaydoifhoeeiimpntqeq/Build/Intermediates.noindex/xctest-dynamic-overlay.build/Debug-iphonesimulator/XCTestDynamicOverlay.build/Objects-normal/arm64/ExtractedAppShortcutsMetadata.stringsdata --source-file-list /Users/voxels/Library/Developer/Xcode/DerivedData/Diver-fkxymducaaydoifhoeeiimpntqeq/Build/Intermediates.noindex/xctest-dynamic-overlay.build/Debug-iphonesimulator/XCTestDynamicOverlay.build/Objects-normal/arm64/XCTestDynamicOverlay.SwiftFileList --metadata-file-list /Users/voxels/Library/Developer/Xcode/DerivedData/Diver-fkxymducaaydoifhoeeiimpntqeq/Build/Intermediates.noindex/xctest-dynamic-overlay.build/Debug-iphonesimulator/XCTestDynamicOverlay.build/XCTestDynamicOverlay.DependencyMetadataFileList --static-metadata-file-list /Users/voxels/Library/Developer/Xcode/DerivedData/Diver-fkxymducaaydoifhoeeiimpntqeq/Build/Intermediates.noindex/xctest-dynamic-overlay.build/Debug-iphonesimulator/XCTestDynamicOverlay.build/XCTestDynamicOverlay.DependencyStaticMetadataFileList --swift-const-vals-list /Users/voxels/Library/Developer/Xcode/DerivedData/Diver-fkxymducaaydoifhoeeiimpntqeq/Build/Intermediates.noindex/xctest-dynamic-overlay.build/Debug-iphonesimulator/XCTestDynamicOverlay.build/Objects-normal/arm64/XCTestDynamicOverlay.SwiftConstValuesFileList --force --compile-time-extraction --deployment-aware-processing --validate-assistant-intents --no-app-shortcuts-localization
2025-12-24 05:51:00.527 appintentsmetadataprocessor[36861:4680249] Starting appintentsmetadataprocessor export
2025-12-24 05:51:00.629 appintentsmetadataprocessor[36861:4680249] Extracted no relevant App Intents symbols, skipping writing output

Ld /Users/voxels/Library/Developer/Xcode/DerivedData/Diver-fkxymducaaydoifhoeeiimpntqeq/Build/Products/Debug-iphonesimulator/OpenCombineDispatch.o normal (in target 'OpenCombineDispatch' from project 'OpenCombine')
    cd /Users/voxels/Library/Developer/Xcode/DerivedData/Diver-fkxymducaaydoifhoeeiimpntqeq/SourcePackages/checkouts/OpenCombine
    /Applications/Xcode.app/Contents/Developer/Toolchains/XcodeDefault.xctoolchain/usr/bin/clang -Xlinker -reproducible -target arm64-apple-ios12.0-simulator -r -isysroot /Applications/Xcode.app/Contents/Developer/Platforms/iPhoneSimulator.platform/Developer/SDKs/iPhoneSimulator26.2.sdk -O0 -w -L/Users/voxels/Library/Developer/Xcode/DerivedData/Diver-fkxymducaaydoifhoeeiimpntqeq/Build/Intermediates.noindex/EagerLinkingTBDs/Debug-iphonesimulator -L/Users/voxels/Library/Developer/Xcode/DerivedData/Diver-fkxymducaaydoifhoeeiimpntqeq/Build/Products/Debug-iphonesimulator -L/Applications/Xcode.app/Contents/Developer/Platforms/iPhoneSimulator.platform/Developer/usr/lib -F/Users/voxels/Library/Developer/Xcode/DerivedData/Diver-fkxymducaaydoifhoeeiimpntqeq/Build/Intermediates.noindex/EagerLinkingTBDs/Debug-iphonesimulator -F/Users/voxels/Library/Developer/Xcode/DerivedData/Diver-fkxymducaaydoifhoeeiimpntqeq/Build/Products/Debug-iphonesimulator/PackageFrameworks -F/Users/voxels/Library/Developer/Xcode/DerivedData/Diver-fkxymducaaydoifhoeeiimpntqeq/Build/Products/Debug-iphonesimulator/PackageFrameworks -F/Users/voxels/Library/Developer/Xcode/DerivedData/Diver-fkxymducaaydoifhoeeiimpntqeq/Build/Products/Debug-iphonesimulator -iframework /Applications/Xcode.app/Contents/Developer/Platforms/iPhoneSimulator.platform/Developer/Library/Frameworks -iframework /Applications/Xcode.app/Contents/Developer/Platforms/iPhoneSimulator.platform/Developer/SDKs/iPhoneSimulator26.2.sdk/Developer/Library/Frameworks -filelist /Users/voxels/Library/Developer/Xcode/DerivedData/Diver-fkxymducaaydoifhoeeiimpntqeq/Build/Intermediates.noindex/OpenCombine.build/Debug-iphonesimulator/OpenCombineDispatch.build/Objects-normal/arm64/OpenCombineDispatch.LinkFileList -nostdlib -Xlinker -object_path_lto -Xlinker /Users/voxels/Library/Developer/Xcode/DerivedData/Diver-fkxymducaaydoifhoeeiimpntqeq/Build/Intermediates.noindex/OpenCombine.build/Debug-iphonesimulator/OpenCombineDispatch.build/Objects-normal/arm64/OpenCombineDispatch_lto.o -rdynamic -Xlinker -no_deduplicate -Xlinker -objc_abi_version -Xlinker 2 -Xlinker -dependency_info -Xlinker /Users/voxels/Library/Developer/Xcode/DerivedData/Diver-fkxymducaaydoifhoeeiimpntqeq/Build/Intermediates.noindex/OpenCombine.build/Debug-iphonesimulator/OpenCombineDispatch.build/Objects-normal/arm64/OpenCombineDispatch_dependency_info.dat -fobjc-link-runtime -L/Applications/Xcode.app/Contents/Developer/Toolchains/XcodeDefault.xctoolchain/usr/lib/swift/iphonesimulator -L/usr/lib/swift -Xlinker -add_ast_path -Xlinker /Users/voxels/Library/Developer/Xcode/DerivedData/Diver-fkxymducaaydoifhoeeiimpntqeq/Build/Intermediates.noindex/OpenCombine.build/Debug-iphonesimulator/OpenCombineDispatch.build/Objects-normal/arm64/OpenCombineDispatch.swiftmodule @/Users/voxels/Library/Developer/Xcode/DerivedData/Diver-fkxymducaaydoifhoeeiimpntqeq/Build/Intermediates.noindex/OpenCombine.build/Debug-iphonesimulator/OpenCombineDispatch.build/Objects-normal/arm64/OpenCombineDispatch-linker-args.resp -o /Users/voxels/Library/Developer/Xcode/DerivedData/Diver-fkxymducaaydoifhoeeiimpntqeq/Build/Products/Debug-iphonesimulator/OpenCombineDispatch.o

RegisterExecutionPolicyException /Users/voxels/Library/Developer/Xcode/DerivedData/Diver-fkxymducaaydoifhoeeiimpntqeq/Build/Products/Debug-iphonesimulator/Crypto.o (in target 'Crypto' from project 'swift-crypto')
    cd /Users/voxels/Library/Developer/Xcode/DerivedData/Diver-fkxymducaaydoifhoeeiimpntqeq/SourcePackages/checkouts/swift-crypto
    builtin-RegisterExecutionPolicyException /Users/voxels/Library/Developer/Xcode/DerivedData/Diver-fkxymducaaydoifhoeeiimpntqeq/Build/Products/Debug-iphonesimulator/Crypto.o

SwiftDriver Helpers normal arm64 com.apple.xcode.tools.swift.compiler (in target 'Helpers' from project 'Supabase')
    cd /Users/voxels/Documents/dev/Superbright/Diver/Diver/Diver.xcodeproj
    builtin-SwiftDriver -- /Applications/Xcode.app/Contents/Developer/Toolchains/XcodeDefault.xctoolchain/usr/bin/swiftc -module-name Helpers -Onone -enforce-exclusivity\=checked @/Users/voxels/Library/Developer/Xcode/DerivedData/Diver-fkxymducaaydoifhoeeiimpntqeq/Build/Intermediates.noindex/Supabase.build/Debug-iphonesimulator/Helpers.build/Objects-normal/arm64/Helpers.SwiftFileList -DSWIFT_PACKAGE -DDEBUG -DSWIFT_MODULE_RESOURCE_BUNDLE_UNAVAILABLE -DXcode -enable-upcoming-feature ExistentialAny -enable-experimental-feature StrictConcurrency -plugin-path /Applications/Xcode.app/Contents/Developer/Toolchains/XcodeDefault.xctoolchain/usr/lib/swift/host/plugins/testing -enable-experimental-feature DebugDescriptionMacro -sdk /Applications/Xcode.app/Contents/Developer/Platforms/iPhoneSimulator.platform/Developer/SDKs/iPhoneSimulator26.2.sdk -target arm64-apple-ios13.0-simulator -g -module-cache-path /Users/voxels/Library/Developer/Xcode/DerivedData/ModuleCache.noindex -Xfrontend -serialize-debugging-options -enable-testing -suppress-warnings -index-store-path /Users/voxels/Library/Developer/Xcode/DerivedData/Diver-fkxymducaaydoifhoeeiimpntqeq/Index.noindex/DataStore -Xcc -D_LIBCPP_HARDENING_MODE\=_LIBCPP_HARDENING_MODE_DEBUG -swift-version 5 -I /Users/voxels/Library/Developer/Xcode/DerivedData/Diver-fkxymducaaydoifhoeeiimpntqeq/Build/Products/Debug-iphonesimulator -Isystem /Applications/Xcode.app/Contents/Developer/Platforms/iPhoneSimulator.platform/Developer/usr/lib -F /Users/voxels/Library/Developer/Xcode/DerivedData/Diver-fkxymducaaydoifhoeeiimpntqeq/Build/Products/Debug-iphonesimulator/PackageFrameworks -F /Users/voxels/Library/Developer/Xcode/DerivedData/Diver-fkxymducaaydoifhoeeiimpntqeq/Build/Products/Debug-iphonesimulator/PackageFrameworks -F /Users/voxels/Library/Developer/Xcode/DerivedData/Diver-fkxymducaaydoifhoeeiimpntqeq/Build/Products/Debug-iphonesimulator/PackageFrameworks -F /Users/voxels/Library/Developer/Xcode/DerivedData/Diver-fkxymducaaydoifhoeeiimpntqeq/Build/Products/Debug-iphonesimulator/PackageFrameworks -F /Users/voxels/Library/Developer/Xcode/DerivedData/Diver-fkxymducaaydoifhoeeiimpntqeq/Build/Products/Debug-iphonesimulator/PackageFrameworks -F /Users/voxels/Library/Developer/Xcode/DerivedData/Diver-fkxymducaaydoifhoeeiimpntqeq/Build/Products/Debug-iphonesimulator/PackageFrameworks -F /Users/voxels/Library/Developer/Xcode/DerivedData/Diver-fkxymducaaydoifhoeeiimpntqeq/Build/Products/Debug-iphonesimulator -F /Applications/Xcode.app/Contents/Developer/Platforms/iPhoneSimulator.platform/Developer/Library/Frameworks -F /Applications/Xcode.app/Contents/Developer/Platforms/iPhoneSimulator.platform/Developer/SDKs/iPhoneSimulator26.2.sdk/Developer/Library/Frameworks -c -j12 -enable-batch-mode -incremental -Xcc -ivfsstatcache -Xcc /Users/voxels/Library/Developer/Xcode/DerivedData/SDKStatCaches.noindex/iphonesimulator26.2-23C53-7d00a8b37fbd7999ea79df8ebc024bf0.sdkstatcache -output-file-map /Users/voxels/Library/Developer/Xcode/DerivedData/Diver-fkxymducaaydoifhoeeiimpntqeq/Build/Intermediates.noindex/Supabase.build/Debug-iphonesimulator/Helpers.build/Objects-normal/arm64/Helpers-OutputFileMap.json -use-frontend-parseable-output -save-temps -no-color-diagnostics -explicit-module-build -module-cache-path /Users/voxels/Library/Developer/Xcode/DerivedData/Diver-fkxymducaaydoifhoeeiimpntqeq/Build/Intermediates.noindex/SwiftExplicitPrecompiledModules -clang-scanner-module-cache-path /Users/voxels/Library/Developer/Xcode/DerivedData/ModuleCache.noindex -sdk-module-cache-path /Users/voxels/Library/Developer/Xcode/DerivedData/ModuleCache.noindex -serialize-diagnostics -emit-dependencies -emit-module -emit-module-path /Users/voxels/Library/Developer/Xcode/DerivedData/Diver-fkxymducaaydoifhoeeiimpntqeq/Build/Intermediates.noindex/Supabase.build/Debug-iphonesimulator/Helpers.build/Objects-normal/arm64/Helpers.swiftmodule -validate-clang-modules-once -clang-build-session-file /Users/voxels/Library/Developer/Xcode/DerivedData/ModuleCache.noindex/Session.modulevalidation -package-name supabase_swift -Xcc -I/Users/voxels/Library/Developer/Xcode/DerivedData/Diver-fkxymducaaydoifhoeeiimpntqeq/Build/Intermediates.noindex/Supabase.build/Debug-iphonesimulator/Helpers.build/swift-overrides.hmap -emit-const-values -Xfrontend -const-gather-protocols-file -Xfrontend /Users/voxels/Library/Developer/Xcode/DerivedData/Diver-fkxymducaaydoifhoeeiimpntqeq/Build/Intermediates.noindex/Supabase.build/Debug-iphonesimulator/Helpers.build/Objects-normal/arm64/Helpers_const_extract_protocols.json -Xcc -I/Users/voxels/Library/Developer/Xcode/DerivedData/Diver-fkxymducaaydoifhoeeiimpntqeq/Build/Products/Debug-iphonesimulator/include -Xcc -I/Users/voxels/Library/Developer/Xcode/DerivedData/Diver-fkxymducaaydoifhoeeiimpntqeq/Build/Intermediates.noindex/Supabase.build/Debug-iphonesimulator/Helpers.build/DerivedSources-normal/arm64 -Xcc -I/Users/voxels/Library/Developer/Xcode/DerivedData/Diver-fkxymducaaydoifhoeeiimpntqeq/Build/Intermediates.noindex/Supabase.build/Debug-iphonesimulator/Helpers.build/DerivedSources/arm64 -Xcc -I/Users/voxels/Library/Developer/Xcode/DerivedData/Diver-fkxymducaaydoifhoeeiimpntqeq/Build/Intermediates.noindex/Supabase.build/Debug-iphonesimulator/Helpers.build/DerivedSources -Xcc -DSWIFT_PACKAGE -Xcc -DDEBUG\=1 -emit-objc-header -emit-objc-header-path /Users/voxels/Library/Developer/Xcode/DerivedData/Diver-fkxymducaaydoifhoeeiimpntqeq/Build/Intermediates.noindex/Supabase.build/Debug-iphonesimulator/Helpers.build/Objects-normal/arm64/Helpers-Swift.h -working-directory /Users/voxels/Documents/dev/Superbright/Diver/Diver/Diver.xcodeproj -experimental-emit-module-separately -disable-cmo

SwiftDriver SpotifyWebAPI normal arm64 com.apple.xcode.tools.swift.compiler (in target 'SpotifyWebAPI' from project 'SpotifyAPI')
    cd /Users/voxels/Documents/dev/Superbright/Diver/Diver/Diver.xcodeproj
    builtin-SwiftDriver -- /Applications/Xcode.app/Contents/Developer/Toolchains/XcodeDefault.xctoolchain/usr/bin/swiftc -module-name SpotifyWebAPI -Onone -enforce-exclusivity\=checked @/Users/voxels/Library/Developer/Xcode/DerivedData/Diver-fkxymducaaydoifhoeeiimpntqeq/Build/Intermediates.noindex/SpotifyAPI.build/Debug-iphonesimulator/SpotifyWebAPI.build/Objects-normal/arm64/SpotifyWebAPI.SwiftFileList -DSWIFT_PACKAGE -DDEBUG -DSWIFT_MODULE_RESOURCE_BUNDLE_UNAVAILABLE -Xcc -fmodule-map-file\=/Users/voxels/Library/Developer/Xcode/DerivedData/Diver-fkxymducaaydoifhoeeiimpntqeq/Build/Intermediates.noindex/GeneratedModuleMaps-iphonesimulator/COpenCombineHelpers.modulemap -DXcode -plugin-path /Applications/Xcode.app/Contents/Developer/Toolchains/XcodeDefault.xctoolchain/usr/lib/swift/host/plugins/testing -enable-experimental-feature DebugDescriptionMacro -sdk /Applications/Xcode.app/Contents/Developer/Platforms/iPhoneSimulator.platform/Developer/SDKs/iPhoneSimulator26.2.sdk -target arm64-apple-ios13.0-simulator -g -module-cache-path /Users/voxels/Library/Developer/Xcode/DerivedData/ModuleCache.noindex -Xfrontend -serialize-debugging-options -enable-testing -suppress-warnings -index-store-path /Users/voxels/Library/Developer/Xcode/DerivedData/Diver-fkxymducaaydoifhoeeiimpntqeq/Index.noindex/DataStore -Xcc -D_LIBCPP_HARDENING_MODE\=_LIBCPP_HARDENING_MODE_DEBUG -swift-version 5 -I /Users/voxels/Library/Developer/Xcode/DerivedData/Diver-fkxymducaaydoifhoeeiimpntqeq/Build/Products/Debug-iphonesimulator -Isystem /Applications/Xcode.app/Contents/Developer/Platforms/iPhoneSimulator.platform/Developer/usr/lib -F /Users/voxels/Library/Developer/Xcode/DerivedData/Diver-fkxymducaaydoifhoeeiimpntqeq/Build/Products/Debug-iphonesimulator/PackageFrameworks -F /Users/voxels/Library/Developer/Xcode/DerivedData/Diver-fkxymducaaydoifhoeeiimpntqeq/Build/Products/Debug-iphonesimulator/PackageFrameworks -F /Users/voxels/Library/Developer/Xcode/DerivedData/Diver-fkxymducaaydoifhoeeiimpntqeq/Build/Products/Debug-iphonesimulator/PackageFrameworks -F /Users/voxels/Library/Developer/Xcode/DerivedData/Diver-fkxymducaaydoifhoeeiimpntqeq/Build/Products/Debug-iphonesimulator/PackageFrameworks -F /Users/voxels/Library/Developer/Xcode/DerivedData/Diver-fkxymducaaydoifhoeeiimpntqeq/Build/Products/Debug-iphonesimulator/PackageFrameworks -F /Users/voxels/Library/Developer/Xcode/DerivedData/Diver-fkxymducaaydoifhoeeiimpntqeq/Build/Products/Debug-iphonesimulator/PackageFrameworks -F /Users/voxels/Library/Developer/Xcode/DerivedData/Diver-fkxymducaaydoifhoeeiimpntqeq/Build/Products/Debug-iphonesimulator/PackageFrameworks -F /Users/voxels/Library/Developer/Xcode/DerivedData/Diver-fkxymducaaydoifhoeeiimpntqeq/Build/Products/Debug-iphonesimulator/PackageFrameworks -F /Users/voxels/Library/Developer/Xcode/DerivedData/Diver-fkxymducaaydoifhoeeiimpntqeq/Build/Products/Debug-iphonesimulator/PackageFrameworks -F /Users/voxels/Library/Developer/Xcode/DerivedData/Diver-fkxymducaaydoifhoeeiimpntqeq/Build/Products/Debug-iphonesimulator -F /Applications/Xcode.app/Contents/Developer/Platforms/iPhoneSimulator.platform/Developer/Library/Frameworks -F /Applications/Xcode.app/Contents/Developer/Platforms/iPhoneSimulator.platform/Developer/SDKs/iPhoneSimulator26.2.sdk/Developer/Library/Frameworks -c -j12 -enable-batch-mode -incremental -Xcc -ivfsstatcache -Xcc /Users/voxels/Library/Developer/Xcode/DerivedData/SDKStatCaches.noindex/iphonesimulator26.2-23C53-7d00a8b37fbd7999ea79df8ebc024bf0.sdkstatcache -output-file-map /Users/voxels/Library/Developer/Xcode/DerivedData/Diver-fkxymducaaydoifhoeeiimpntqeq/Build/Intermediates.noindex/SpotifyAPI.build/Debug-iphonesimulator/SpotifyWebAPI.build/Objects-normal/arm64/SpotifyWebAPI-OutputFileMap.json -use-frontend-parseable-output -save-temps -no-color-diagnostics -explicit-module-build -module-cache-path /Users/voxels/Library/Developer/Xcode/DerivedData/Diver-fkxymducaaydoifhoeeiimpntqeq/Build/Intermediates.noindex/SwiftExplicitPrecompiledModules -clang-scanner-module-cache-path /Users/voxels/Library/Developer/Xcode/DerivedData/ModuleCache.noindex -sdk-module-cache-path /Users/voxels/Library/Developer/Xcode/DerivedData/ModuleCache.noindex -serialize-diagnostics -emit-dependencies -emit-module -emit-module-path /Users/voxels/Library/Developer/Xcode/DerivedData/Diver-fkxymducaaydoifhoeeiimpntqeq/Build/Intermediates.noindex/SpotifyAPI.build/Debug-iphonesimulator/SpotifyWebAPI.build/Objects-normal/arm64/SpotifyWebAPI.swiftmodule -validate-clang-modules-once -clang-build-session-file /Users/voxels/Library/Developer/Xcode/DerivedData/ModuleCache.noindex/Session.modulevalidation -Xcc -I/Users/voxels/Library/Developer/Xcode/DerivedData/Diver-fkxymducaaydoifhoeeiimpntqeq/Build/Intermediates.noindex/SpotifyAPI.build/Debug-iphonesimulator/SpotifyWebAPI.build/swift-overrides.hmap -emit-const-values -Xfrontend -const-gather-protocols-file -Xfrontend /Users/voxels/Library/Developer/Xcode/DerivedData/Diver-fkxymducaaydoifhoeeiimpntqeq/Build/Intermediates.noindex/SpotifyAPI.build/Debug-iphonesimulator/SpotifyWebAPI.build/Objects-normal/arm64/SpotifyWebAPI_const_extract_protocols.json -Xcc -I/Users/voxels/Library/Developer/Xcode/DerivedData/Diver-fkxymducaaydoifhoeeiimpntqeq/SourcePackages/checkouts/swift-crypto/Sources/CCryptoBoringSSLShims/include -Xcc -I/Users/voxels/Library/Developer/Xcode/DerivedData/Diver-fkxymducaaydoifhoeeiimpntqeq/SourcePackages/checkouts/swift-crypto/Sources/CCryptoBoringSSL/include -Xcc -I/Users/voxels/Library/Developer/Xcode/DerivedData/Diver-fkxymducaaydoifhoeeiimpntqeq/SourcePackages/checkouts/OpenCombine/Sources/COpenCombineHelpers/include -Xcc -I/Users/voxels/Library/Developer/Xcode/DerivedData/Diver-fkxymducaaydoifhoeeiimpntqeq/Build/Products/Debug-iphonesimulator/include -Xcc -I/Users/voxels/Library/Developer/Xcode/DerivedData/Diver-fkxymducaaydoifhoeeiimpntqeq/Build/Intermediates.noindex/SpotifyAPI.build/Debug-iphonesimulator/SpotifyWebAPI.build/DerivedSources-normal/arm64 -Xcc -I/Users/voxels/Library/Developer/Xcode/DerivedData/Diver-fkxymducaaydoifhoeeiimpntqeq/Build/Intermediates.noindex/SpotifyAPI.build/Debug-iphonesimulator/SpotifyWebAPI.build/DerivedSources/arm64 -Xcc -I/Users/voxels/Library/Developer/Xcode/DerivedData/Diver-fkxymducaaydoifhoeeiimpntqeq/Build/Intermediates.noindex/SpotifyAPI.build/Debug-iphonesimulator/SpotifyWebAPI.build/DerivedSources -Xcc -DSWIFT_PACKAGE -Xcc -DDEBUG\=1 -emit-objc-header -emit-objc-header-path /Users/voxels/Library/Developer/Xcode/DerivedData/Diver-fkxymducaaydoifhoeeiimpntqeq/Build/Intermediates.noindex/SpotifyAPI.build/Debug-iphonesimulator/SpotifyWebAPI.build/Objects-normal/arm64/SpotifyWebAPI-Swift.h -working-directory /Users/voxels/Documents/dev/Superbright/Diver/Diver/Diver.xcodeproj -experimental-emit-module-separately -disable-cmo
/Users/voxels/Documents/dev/Superbright/Diver/DiverKit/Sources/DiverKit/Models/ProcessedItem.swift:94:1: error: extraneous '}' at top level
}
^
/Users/voxels/Documents/dev/Superbright/Diver/DiverKit/Sources/DiverKit/Models/ReferenceEntity.swift:43:1: error: extraneous '}' at top level
}
^

SwiftDriver DiverKit normal arm64 com.apple.xcode.tools.swift.compiler (in target 'DiverKit' from project 'DiverKit')
    cd /Users/voxels/Documents/dev/Superbright/Diver/Diver/Diver.xcodeproj
    builtin-SwiftDriver -- /Applications/Xcode.app/Contents/Developer/Toolchains/XcodeDefault.xctoolchain/usr/bin/swiftc -module-name DiverKit -Onone -enforce-exclusivity\=checked @/Users/voxels/Library/Developer/Xcode/DerivedData/Diver-fkxymducaaydoifhoeeiimpntqeq/Build/Intermediates.noindex/DiverKit.build/Debug-iphonesimulator/DiverKit.build/Objects-normal/arm64/DiverKit.SwiftFileList -DSWIFT_PACKAGE -DDEBUG -DSWIFT_MODULE_RESOURCE_BUNDLE_AVAILABLE -Xcc -fmodule-map-file\=/Users/voxels/Library/Developer/Xcode/DerivedData/Diver-fkxymducaaydoifhoeeiimpntqeq/Build/Intermediates.noindex/GeneratedModuleMaps-iphonesimulator/COpenCombineHelpers.modulemap -DXcode -plugin-path /Applications/Xcode.app/Contents/Developer/Toolchains/XcodeDefault.xctoolchain/usr/lib/swift/host/plugins/testing -enable-experimental-feature DebugDescriptionMacro -sdk /Applications/Xcode.app/Contents/Developer/Platforms/iPhoneSimulator.platform/Developer/SDKs/iPhoneSimulator26.2.sdk -target arm64-apple-ios18.0-simulator -g -module-cache-path /Users/voxels/Library/Developer/Xcode/DerivedData/ModuleCache.noindex -Xfrontend -serialize-debugging-options -enable-testing -index-store-path /Users/voxels/Library/Developer/Xcode/DerivedData/Diver-fkxymducaaydoifhoeeiimpntqeq/Index.noindex/DataStore -Xcc -D_LIBCPP_HARDENING_MODE\=_LIBCPP_HARDENING_MODE_DEBUG -swift-version 6 -I /Users/voxels/Library/Developer/Xcode/DerivedData/Diver-fkxymducaaydoifhoeeiimpntqeq/Build/Products/Debug-iphonesimulator -Isystem /Applications/Xcode.app/Contents/Developer/Platforms/iPhoneSimulator.platform/Developer/usr/lib -F /Users/voxels/Library/Developer/Xcode/DerivedData/Diver-fkxymducaaydoifhoeeiimpntqeq/Build/Products/Debug-iphonesimulator/PackageFrameworks -F /Users/voxels/Library/Developer/Xcode/DerivedData/Diver-fkxymducaaydoifhoeeiimpntqeq/Build/Products/Debug-iphonesimulator/PackageFrameworks -F /Users/voxels/Library/Developer/Xcode/DerivedData/Diver-fkxymducaaydoifhoeeiimpntqeq/Build/Products/Debug-iphonesimulator/PackageFrameworks -F /Users/voxels/Library/Developer/Xcode/DerivedData/Diver-fkxymducaaydoifhoeeiimpntqeq/Build/Products/Debug-iphonesimulator/PackageFrameworks -F /Users/voxels/Library/Developer/Xcode/DerivedData/Diver-fkxymducaaydoifhoeeiimpntqeq/Build/Products/Debug-iphonesimulator/PackageFrameworks -F /Users/voxels/Library/Developer/Xcode/DerivedData/Diver-fkxymducaaydoifhoeeiimpntqeq/Build/Products/Debug-iphonesimulator/PackageFrameworks -F /Users/voxels/Library/Developer/Xcode/DerivedData/Diver-fkxymducaaydoifhoeeiimpntqeq/Build/Products/Debug-iphonesimulator/PackageFrameworks -F /Users/voxels/Library/Developer/Xcode/DerivedData/Diver-fkxymducaaydoifhoeeiimpntqeq/Build/Products/Debug-iphonesimulator/PackageFrameworks -F /Users/voxels/Library/Developer/Xcode/DerivedData/Diver-fkxymducaaydoifhoeeiimpntqeq/Build/Products/Debug-iphonesimulator/PackageFrameworks -F /Users/voxels/Library/Developer/Xcode/DerivedData/Diver-fkxymducaaydoifhoeeiimpntqeq/Build/Products/Debug-iphonesimulator/PackageFrameworks -F /Users/voxels/Library/Developer/Xcode/DerivedData/Diver-fkxymducaaydoifhoeeiimpntqeq/Build/Products/Debug-iphonesimulator/PackageFrameworks -F /Users/voxels/Library/Developer/Xcode/DerivedData/Diver-fkxymducaaydoifhoeeiimpntqeq/Build/Products/Debug-iphonesimulator/PackageFrameworks -F /Users/voxels/Library/Developer/Xcode/DerivedData/Diver-fkxymducaaydoifhoeeiimpntqeq/Build/Products/Debug-iphonesimulator -F /Applications/Xcode.app/Contents/Developer/Platforms/iPhoneSimulator.platform/Developer/Library/Frameworks -F /Applications/Xcode.app/Contents/Developer/Platforms/iPhoneSimulator.platform/Developer/SDKs/iPhoneSimulator26.2.sdk/Developer/Library/Frameworks -c -j12 -enable-batch-mode -incremental -Xcc -ivfsstatcache -Xcc /Users/voxels/Library/Developer/Xcode/DerivedData/SDKStatCaches.noindex/iphonesimulator26.2-23C53-7d00a8b37fbd7999ea79df8ebc024bf0.sdkstatcache -output-file-map /Users/voxels/Library/Developer/Xcode/DerivedData/Diver-fkxymducaaydoifhoeeiimpntqeq/Build/Intermediates.noindex/DiverKit.build/Debug-iphonesimulator/DiverKit.build/Objects-normal/arm64/DiverKit-OutputFileMap.json -use-frontend-parseable-output -save-temps -no-color-diagnostics -explicit-module-build -module-cache-path /Users/voxels/Library/Developer/Xcode/DerivedData/Diver-fkxymducaaydoifhoeeiimpntqeq/Build/Intermediates.noindex/SwiftExplicitPrecompiledModules -clang-scanner-module-cache-path /Users/voxels/Library/Developer/Xcode/DerivedData/ModuleCache.noindex -sdk-module-cache-path /Users/voxels/Library/Developer/Xcode/DerivedData/ModuleCache.noindex -serialize-diagnostics -emit-dependencies -emit-module -emit-module-path /Users/voxels/Library/Developer/Xcode/DerivedData/Diver-fkxymducaaydoifhoeeiimpntqeq/Build/Intermediates.noindex/DiverKit.build/Debug-iphonesimulator/DiverKit.build/Objects-normal/arm64/DiverKit.swiftmodule -validate-clang-modules-once -clang-build-session-file /Users/voxels/Library/Developer/Xcode/DerivedData/ModuleCache.noindex/Session.modulevalidation -package-name diverkit -Xcc -I/Users/voxels/Library/Developer/Xcode/DerivedData/Diver-fkxymducaaydoifhoeeiimpntqeq/Build/Intermediates.noindex/DiverKit.build/Debug-iphonesimulator/DiverKit.build/swift-overrides.hmap -emit-const-values -Xfrontend -const-gather-protocols-file -Xfrontend /Users/voxels/Library/Developer/Xcode/DerivedData/Diver-fkxymducaaydoifhoeeiimpntqeq/Build/Intermediates.noindex/DiverKit.build/Debug-iphonesimulator/DiverKit.build/Objects-normal/arm64/DiverKit_const_extract_protocols.json -Xcc -I/Users/voxels/Library/Developer/Xcode/DerivedData/Diver-fkxymducaaydoifhoeeiimpntqeq/SourcePackages/checkouts/swift-crypto/Sources/CCryptoBoringSSLShims/include -Xcc -I/Users/voxels/Library/Developer/Xcode/DerivedData/Diver-fkxymducaaydoifhoeeiimpntqeq/SourcePackages/checkouts/swift-crypto/Sources/CCryptoBoringSSL/include -Xcc -I/Users/voxels/Library/Developer/Xcode/DerivedData/Diver-fkxymducaaydoifhoeeiimpntqeq/SourcePackages/checkouts/OpenCombine/Sources/COpenCombineHelpers/include -Xcc -I/Users/voxels/Library/Developer/Xcode/DerivedData/Diver-fkxymducaaydoifhoeeiimpntqeq/Build/Products/Debug-iphonesimulator/include -Xcc -I/Users/voxels/Library/Developer/Xcode/DerivedData/Diver-fkxymducaaydoifhoeeiimpntqeq/Build/Intermediates.noindex/DiverKit.build/Debug-iphonesimulator/DiverKit.build/DerivedSources-normal/arm64 -Xcc -I/Users/voxels/Library/Developer/Xcode/DerivedData/Diver-fkxymducaaydoifhoeeiimpntqeq/Build/Intermediates.noindex/DiverKit.build/Debug-iphonesimulator/DiverKit.build/DerivedSources/arm64 -Xcc -I/Users/voxels/Library/Developer/Xcode/DerivedData/Diver-fkxymducaaydoifhoeeiimpntqeq/Build/Intermediates.noindex/DiverKit.build/Debug-iphonesimulator/DiverKit.build/DerivedSources -Xcc -DSWIFT_PACKAGE -Xcc -DDEBUG\=1 -emit-objc-header -emit-objc-header-path /Users/voxels/Library/Developer/Xcode/DerivedData/Diver-fkxymducaaydoifhoeeiimpntqeq/Build/Intermediates.noindex/DiverKit.build/Debug-iphonesimulator/DiverKit.build/Objects-normal/arm64/DiverKit-Swift.h -working-directory /Users/voxels/Documents/dev/Superbright/Diver/Diver/Diver.xcodeproj -experimental-emit-module-separately -disable-cmo
/Users/voxels/Documents/dev/Superbright/Diver/DiverKit/Sources/DiverKit/Models/ProcessedItem.swift:94:1: error: Extraneous '}' at top level
}
^ (in target 'DiverKit' from project 'DiverKit')
/Users/voxels/Documents/dev/Superbright/Diver/DiverKit/Sources/DiverKit/Models/ReferenceEntity.swift:43:1: error: Extraneous '}' at top level
}
^ (in target 'DiverKit' from project 'DiverKit')

SwiftDriver Clocks normal arm64 com.apple.xcode.tools.swift.compiler (in target 'Clocks' from project 'swift-clocks')
    cd /Users/voxels/Documents/dev/Superbright/Diver/Diver/Diver.xcodeproj
    builtin-SwiftDriver -- /Applications/Xcode.app/Contents/Developer/Toolchains/XcodeDefault.xctoolchain/usr/bin/swiftc -module-name Clocks -Onone -enforce-exclusivity\=checked @/Users/voxels/Library/Developer/Xcode/DerivedData/Diver-fkxymducaaydoifhoeeiimpntqeq/Build/Intermediates.noindex/swift-clocks.build/Debug-iphonesimulator/Clocks.build/Objects-normal/arm64/Clocks.SwiftFileList -DSWIFT_PACKAGE -DDEBUG -DSWIFT_MODULE_RESOURCE_BUNDLE_UNAVAILABLE -DXcode -plugin-path /Applications/Xcode.app/Contents/Developer/Toolchains/XcodeDefault.xctoolchain/usr/lib/swift/host/plugins/testing -enable-experimental-feature DebugDescriptionMacro -sdk /Applications/Xcode.app/Contents/Developer/Platforms/iPhoneSimulator.platform/Developer/SDKs/iPhoneSimulator26.2.sdk -target arm64-apple-ios13.0-simulator -g -module-cache-path /Users/voxels/Library/Developer/Xcode/DerivedData/ModuleCache.noindex -Xfrontend -serialize-debugging-options -enable-testing -suppress-warnings -index-store-path /Users/voxels/Library/Developer/Xcode/DerivedData/Diver-fkxymducaaydoifhoeeiimpntqeq/Index.noindex/DataStore -Xcc -D_LIBCPP_HARDENING_MODE\=_LIBCPP_HARDENING_MODE_DEBUG -swift-version 6 -I /Users/voxels/Library/Developer/Xcode/DerivedData/Diver-fkxymducaaydoifhoeeiimpntqeq/Build/Products/Debug-iphonesimulator -Isystem /Applications/Xcode.app/Contents/Developer/Platforms/iPhoneSimulator.platform/Developer/usr/lib -F /Users/voxels/Library/Developer/Xcode/DerivedData/Diver-fkxymducaaydoifhoeeiimpntqeq/Build/Products/Debug-iphonesimulator/PackageFrameworks -F /Users/voxels/Library/Developer/Xcode/DerivedData/Diver-fkxymducaaydoifhoeeiimpntqeq/Build/Products/Debug-iphonesimulator/PackageFrameworks -F /Users/voxels/Library/Developer/Xcode/DerivedData/Diver-fkxymducaaydoifhoeeiimpntqeq/Build/Products/Debug-iphonesimulator/PackageFrameworks -F /Users/voxels/Library/Developer/Xcode/DerivedData/Diver-fkxymducaaydoifhoeeiimpntqeq/Build/Products/Debug-iphonesimulator -F /Applications/Xcode.app/Contents/Developer/Platforms/iPhoneSimulator.platform/Developer/Library/Frameworks -F /Applications/Xcode.app/Contents/Developer/Platforms/iPhoneSimulator.platform/Developer/SDKs/iPhoneSimulator26.2.sdk/Developer/Library/Frameworks -c -j12 -enable-batch-mode -incremental -Xcc -ivfsstatcache -Xcc /Users/voxels/Library/Developer/Xcode/DerivedData/SDKStatCaches.noindex/iphonesimulator26.2-23C53-7d00a8b37fbd7999ea79df8ebc024bf0.sdkstatcache -output-file-map /Users/voxels/Library/Developer/Xcode/DerivedData/Diver-fkxymducaaydoifhoeeiimpntqeq/Build/Intermediates.noindex/swift-clocks.build/Debug-iphonesimulator/Clocks.build/Objects-normal/arm64/Clocks-OutputFileMap.json -use-frontend-parseable-output -save-temps -no-color-diagnostics -explicit-module-build -module-cache-path /Users/voxels/Library/Developer/Xcode/DerivedData/Diver-fkxymducaaydoifhoeeiimpntqeq/Build/Intermediates.noindex/SwiftExplicitPrecompiledModules -clang-scanner-module-cache-path /Users/voxels/Library/Developer/Xcode/DerivedData/ModuleCache.noindex -sdk-module-cache-path /Users/voxels/Library/Developer/Xcode/DerivedData/ModuleCache.noindex -serialize-diagnostics -emit-dependencies -emit-module -emit-module-path /Users/voxels/Library/Developer/Xcode/DerivedData/Diver-fkxymducaaydoifhoeeiimpntqeq/Build/Intermediates.noindex/swift-clocks.build/Debug-iphonesimulator/Clocks.build/Objects-normal/arm64/Clocks.swiftmodule -user-module-version 1.0.6 -validate-clang-modules-once -clang-build-session-file /Users/voxels/Library/Developer/Xcode/DerivedData/ModuleCache.noindex/Session.modulevalidation -package-name swift_clocks -Xcc -I/Users/voxels/Library/Developer/Xcode/DerivedData/Diver-fkxymducaaydoifhoeeiimpntqeq/Build/Intermediates.noindex/swift-clocks.build/Debug-iphonesimulator/Clocks.build/swift-overrides.hmap -emit-const-values -Xfrontend -const-gather-protocols-file -Xfrontend /Users/voxels/Library/Developer/Xcode/DerivedData/Diver-fkxymducaaydoifhoeeiimpntqeq/Build/Intermediates.noindex/swift-clocks.build/Debug-iphonesimulator/Clocks.build/Objects-normal/arm64/Clocks_const_extract_protocols.json -Xcc -I/Users/voxels/Library/Developer/Xcode/DerivedData/Diver-fkxymducaaydoifhoeeiimpntqeq/Build/Products/Debug-iphonesimulator/include -Xcc -I/Users/voxels/Library/Developer/Xcode/DerivedData/Diver-fkxymducaaydoifhoeeiimpntqeq/Build/Intermediates.noindex/swift-clocks.build/Debug-iphonesimulator/Clocks.build/DerivedSources-normal/arm64 -Xcc -I/Users/voxels/Library/Developer/Xcode/DerivedData/Diver-fkxymducaaydoifhoeeiimpntqeq/Build/Intermediates.noindex/swift-clocks.build/Debug-iphonesimulator/Clocks.build/DerivedSources/arm64 -Xcc -I/Users/voxels/Library/Developer/Xcode/DerivedData/Diver-fkxymducaaydoifhoeeiimpntqeq/Build/Intermediates.noindex/swift-clocks.build/Debug-iphonesimulator/Clocks.build/DerivedSources -Xcc -DSWIFT_PACKAGE -Xcc -DDEBUG\=1 -emit-objc-header -emit-objc-header-path /Users/voxels/Library/Developer/Xcode/DerivedData/Diver-fkxymducaaydoifhoeeiimpntqeq/Build/Intermediates.noindex/swift-clocks.build/Debug-iphonesimulator/Clocks.build/Objects-normal/arm64/Clocks-Swift.h -working-directory /Users/voxels/Documents/dev/Superbright/Diver/Diver/Diver.xcodeproj -experimental-emit-module-separately -disable-cmo

ExtractAppIntentsMetadata (in target 'OpenCombineFoundation' from project 'OpenCombine')
    cd /Users/voxels/Library/Developer/Xcode/DerivedData/Diver-fkxymducaaydoifhoeeiimpntqeq/SourcePackages/checkouts/OpenCombine
    /Applications/Xcode.app/Contents/Developer/Toolchains/XcodeDefault.xctoolchain/usr/bin/appintentsmetadataprocessor --toolchain-dir /Applications/Xcode.app/Contents/Developer/Toolchains/XcodeDefault.xctoolchain --module-name OpenCombineFoundation --sdk-root /Applications/Xcode.app/Contents/Developer/Platforms/iPhoneSimulator.platform/Developer/SDKs/iPhoneSimulator26.2.sdk --xcode-version 17C52 --platform-family iOS --deployment-target 12.0 --bundle-identifier opencombine.OpenCombineFoundation --output /Users/voxels/Library/Developer/Xcode/DerivedData/Diver-fkxymducaaydoifhoeeiimpntqeq/Build/Products/Debug-iphonesimulator/OpenCombineFoundation.appintents --target-triple arm64-apple-ios12.0-simulator --binary-file /Users/voxels/Library/Developer/Xcode/DerivedData/Diver-fkxymducaaydoifhoeeiimpntqeq/Build/Products/Debug-iphonesimulator/OpenCombineFoundation.o --dependency-file /Users/voxels/Library/Developer/Xcode/DerivedData/Diver-fkxymducaaydoifhoeeiimpntqeq/Build/Intermediates.noindex/OpenCombine.build/Debug-iphonesimulator/OpenCombineFoundation.build/Objects-normal/arm64/OpenCombineFoundation_dependency_info.dat --stringsdata-file /Users/voxels/Library/Developer/Xcode/DerivedData/Diver-fkxymducaaydoifhoeeiimpntqeq/Build/Intermediates.noindex/OpenCombine.build/Debug-iphonesimulator/OpenCombineFoundation.build/Objects-normal/arm64/ExtractedAppShortcutsMetadata.stringsdata --source-file-list /Users/voxels/Library/Developer/Xcode/DerivedData/Diver-fkxymducaaydoifhoeeiimpntqeq/Build/Intermediates.noindex/OpenCombine.build/Debug-iphonesimulator/OpenCombineFoundation.build/Objects-normal/arm64/OpenCombineFoundation.SwiftFileList --metadata-file-list /Users/voxels/Library/Developer/Xcode/DerivedData/Diver-fkxymducaaydoifhoeeiimpntqeq/Build/Intermediates.noindex/OpenCombine.build/Debug-iphonesimulator/OpenCombineFoundation.build/OpenCombineFoundation.DependencyMetadataFileList --static-metadata-file-list /Users/voxels/Library/Developer/Xcode/DerivedData/Diver-fkxymducaaydoifhoeeiimpntqeq/Build/Intermediates.noindex/OpenCombine.build/Debug-iphonesimulator/OpenCombineFoundation.build/OpenCombineFoundation.DependencyStaticMetadataFileList --swift-const-vals-list /Users/voxels/Library/Developer/Xcode/DerivedData/Diver-fkxymducaaydoifhoeeiimpntqeq/Build/Intermediates.noindex/OpenCombine.build/Debug-iphonesimulator/OpenCombineFoundation.build/Objects-normal/arm64/OpenCombineFoundation.SwiftConstValuesFileList --force --compile-time-extraction --deployment-aware-processing --validate-assistant-intents --no-app-shortcuts-localization
2025-12-24 05:51:00.527 appintentsmetadataprocessor[36862:4680250] Starting appintentsmetadataprocessor export
2025-12-24 05:51:00.628 appintentsmetadataprocessor[36862:4680250] Extracted no relevant App Intents symbols, skipping writing output

ExtractAppIntentsMetadata (in target 'OpenCombineDispatch' from project 'OpenCombine')
    cd /Users/voxels/Library/Developer/Xcode/DerivedData/Diver-fkxymducaaydoifhoeeiimpntqeq/SourcePackages/checkouts/OpenCombine
    /Applications/Xcode.app/Contents/Developer/Toolchains/XcodeDefault.xctoolchain/usr/bin/appintentsmetadataprocessor --toolchain-dir /Applications/Xcode.app/Contents/Developer/Toolchains/XcodeDefault.xctoolchain --module-name OpenCombineDispatch --sdk-root /Applications/Xcode.app/Contents/Developer/Platforms/iPhoneSimulator.platform/Developer/SDKs/iPhoneSimulator26.2.sdk --xcode-version 17C52 --platform-family iOS --deployment-target 12.0 --bundle-identifier opencombine.OpenCombineDispatch --output /Users/voxels/Library/Developer/Xcode/DerivedData/Diver-fkxymducaaydoifhoeeiimpntqeq/Build/Products/Debug-iphonesimulator/OpenCombineDispatch.appintents --target-triple arm64-apple-ios12.0-simulator --binary-file /Users/voxels/Library/Developer/Xcode/DerivedData/Diver-fkxymducaaydoifhoeeiimpntqeq/Build/Products/Debug-iphonesimulator/OpenCombineDispatch.o --dependency-file /Users/voxels/Library/Developer/Xcode/DerivedData/Diver-fkxymducaaydoifhoeeiimpntqeq/Build/Intermediates.noindex/OpenCombine.build/Debug-iphonesimulator/OpenCombineDispatch.build/Objects-normal/arm64/OpenCombineDispatch_dependency_info.dat --stringsdata-file /Users/voxels/Library/Developer/Xcode/DerivedData/Diver-fkxymducaaydoifhoeeiimpntqeq/Build/Intermediates.noindex/OpenCombine.build/Debug-iphonesimulator/OpenCombineDispatch.build/Objects-normal/arm64/ExtractedAppShortcutsMetadata.stringsdata --source-file-list /Users/voxels/Library/Developer/Xcode/DerivedData/Diver-fkxymducaaydoifhoeeiimpntqeq/Build/Intermediates.noindex/OpenCombine.build/Debug-iphonesimulator/OpenCombineDispatch.build/Objects-normal/arm64/OpenCombineDispatch.SwiftFileList --metadata-file-list /Users/voxels/Library/Developer/Xcode/DerivedData/Diver-fkxymducaaydoifhoeeiimpntqeq/Build/Intermediates.noindex/OpenCombine.build/Debug-iphonesimulator/OpenCombineDispatch.build/OpenCombineDispatch.DependencyMetadataFileList --static-metadata-file-list /Users/voxels/Library/Developer/Xcode/DerivedData/Diver-fkxymducaaydoifhoeeiimpntqeq/Build/Intermediates.noindex/OpenCombine.build/Debug-iphonesimulator/OpenCombineDispatch.build/OpenCombineDispatch.DependencyStaticMetadataFileList --swift-const-vals-list /Users/voxels/Library/Developer/Xcode/DerivedData/Diver-fkxymducaaydoifhoeeiimpntqeq/Build/Intermediates.noindex/OpenCombine.build/Debug-iphonesimulator/OpenCombineDispatch.build/Objects-normal/arm64/OpenCombineDispatch.SwiftConstValuesFileList --force --compile-time-extraction --deployment-aware-processing --validate-assistant-intents --no-app-shortcuts-localization
2025-12-24 05:51:00.547 appintentsmetadataprocessor[36864:4680274] Starting appintentsmetadataprocessor export
2025-12-24 05:51:00.657 appintentsmetadataprocessor[36864:4680274] Extracted no relevant App Intents symbols, skipping writing output

RegisterExecutionPolicyException /Users/voxels/Library/Developer/Xcode/DerivedData/Diver-fkxymducaaydoifhoeeiimpntqeq/Build/Products/Debug-iphonesimulator/XCTestDynamicOverlay.o (in target 'XCTestDynamicOverlay' from project 'xctest-dynamic-overlay')
    cd /Users/voxels/Library/Developer/Xcode/DerivedData/Diver-fkxymducaaydoifhoeeiimpntqeq/SourcePackages/checkouts/xctest-dynamic-overlay
    builtin-RegisterExecutionPolicyException /Users/voxels/Library/Developer/Xcode/DerivedData/Diver-fkxymducaaydoifhoeeiimpntqeq/Build/Products/Debug-iphonesimulator/XCTestDynamicOverlay.o

RegisterExecutionPolicyException /Users/voxels/Library/Developer/Xcode/DerivedData/Diver-fkxymducaaydoifhoeeiimpntqeq/Build/Products/Debug-iphonesimulator/OpenCombineFoundation.o (in target 'OpenCombineFoundation' from project 'OpenCombine')
    cd /Users/voxels/Library/Developer/Xcode/DerivedData/Diver-fkxymducaaydoifhoeeiimpntqeq/SourcePackages/checkouts/OpenCombine
    builtin-RegisterExecutionPolicyException /Users/voxels/Library/Developer/Xcode/DerivedData/Diver-fkxymducaaydoifhoeeiimpntqeq/Build/Products/Debug-iphonesimulator/OpenCombineFoundation.o

RegisterExecutionPolicyException /Users/voxels/Library/Developer/Xcode/DerivedData/Diver-fkxymducaaydoifhoeeiimpntqeq/Build/Products/Debug-iphonesimulator/OpenCombineDispatch.o (in target 'OpenCombineDispatch' from project 'OpenCombine')
    cd /Users/voxels/Library/Developer/Xcode/DerivedData/Diver-fkxymducaaydoifhoeeiimpntqeq/SourcePackages/checkouts/OpenCombine
    builtin-RegisterExecutionPolicyException /Users/voxels/Library/Developer/Xcode/DerivedData/Diver-fkxymducaaydoifhoeeiimpntqeq/Build/Products/Debug-iphonesimulator/OpenCombineDispatch.o

SwiftCompile normal arm64 Compiling\ HTTPFields.swift,\ HTTPRequest.swift /Users/voxels/Library/Developer/Xcode/DerivedData/Diver-fkxymducaaydoifhoeeiimpntqeq/SourcePackages/checkouts/supabase-swift/Sources/Helpers/HTTP/HTTPFields.swift /Users/voxels/Library/Developer/Xcode/DerivedData/Diver-fkxymducaaydoifhoeeiimpntqeq/SourcePackages/checkouts/supabase-swift/Sources/Helpers/HTTP/HTTPRequest.swift (in target 'Helpers' from project 'Supabase')
SwiftCompile normal arm64 /Users/voxels/Library/Developer/Xcode/DerivedData/Diver-fkxymducaaydoifhoeeiimpntqeq/SourcePackages/checkouts/supabase-swift/Sources/Helpers/HTTP/HTTPFields.swift (in target 'Helpers' from project 'Supabase')
    cd /Users/voxels/Documents/dev/Superbright/Diver/Diver/Diver.xcodeproj
    

SwiftCompile normal arm64 /Users/voxels/Library/Developer/Xcode/DerivedData/Diver-fkxymducaaydoifhoeeiimpntqeq/SourcePackages/checkouts/supabase-swift/Sources/Helpers/HTTP/HTTPRequest.swift (in target 'Helpers' from project 'Supabase')
    cd /Users/voxels/Documents/dev/Superbright/Diver/Diver/Diver.xcodeproj
    

SwiftCompile normal arm64 Compiling\ RetryRequestInterceptor.swift,\ JWT.swift /Users/voxels/Library/Developer/Xcode/DerivedData/Diver-fkxymducaaydoifhoeeiimpntqeq/SourcePackages/checkouts/supabase-swift/Sources/Helpers/HTTP/RetryRequestInterceptor.swift /Users/voxels/Library/Developer/Xcode/DerivedData/Diver-fkxymducaaydoifhoeeiimpntqeq/SourcePackages/checkouts/supabase-swift/Sources/Helpers/JWT.swift (in target 'Helpers' from project 'Supabase')
SwiftCompile normal arm64 /Users/voxels/Library/Developer/Xcode/DerivedData/Diver-fkxymducaaydoifhoeeiimpntqeq/SourcePackages/checkouts/supabase-swift/Sources/Helpers/HTTP/RetryRequestInterceptor.swift (in target 'Helpers' from project 'Supabase')
    cd /Users/voxels/Documents/dev/Superbright/Diver/Diver/Diver.xcodeproj
    

SwiftCompile normal arm64 /Users/voxels/Library/Developer/Xcode/DerivedData/Diver-fkxymducaaydoifhoeeiimpntqeq/SourcePackages/checkouts/supabase-swift/Sources/Helpers/JWT.swift (in target 'Helpers' from project 'Supabase')
    cd /Users/voxels/Documents/dev/Superbright/Diver/Diver/Diver.xcodeproj
    

SwiftCompile normal arm64 Compiling\ AnyJSON+Codable.swift,\ AnyJSON.swift /Users/voxels/Library/Developer/Xcode/DerivedData/Diver-fkxymducaaydoifhoeeiimpntqeq/SourcePackages/checkouts/supabase-swift/Sources/Helpers/AnyJSON/AnyJSON+Codable.swift /Users/voxels/Library/Developer/Xcode/DerivedData/Diver-fkxymducaaydoifhoeeiimpntqeq/SourcePackages/checkouts/supabase-swift/Sources/Helpers/AnyJSON/AnyJSON.swift (in target 'Helpers' from project 'Supabase')

SwiftCompile normal arm64 /Users/voxels/Library/Developer/Xcode/DerivedData/Diver-fkxymducaaydoifhoeeiimpntqeq/SourcePackages/checkouts/supabase-swift/Sources/Helpers/AnyJSON/AnyJSON+Codable.swift (in target 'Helpers' from project 'Supabase')
    cd /Users/voxels/Documents/dev/Superbright/Diver/Diver/Diver.xcodeproj
    

SwiftCompile normal arm64 /Users/voxels/Library/Developer/Xcode/DerivedData/Diver-fkxymducaaydoifhoeeiimpntqeq/SourcePackages/checkouts/supabase-swift/Sources/Helpers/AnyJSON/AnyJSON.swift (in target 'Helpers' from project 'Supabase')
    cd /Users/voxels/Documents/dev/Superbright/Diver/Diver/Diver.xcodeproj
    

SwiftCompile normal arm64 Compiling\ AsyncValueSubject.swift,\ Codable.swift /Users/voxels/Library/Developer/Xcode/DerivedData/Diver-fkxymducaaydoifhoeeiimpntqeq/SourcePackages/checkouts/supabase-swift/Sources/Helpers/AsyncValueSubject.swift /Users/voxels/Library/Developer/Xcode/DerivedData/Diver-fkxymducaaydoifhoeeiimpntqeq/SourcePackages/checkouts/supabase-swift/Sources/Helpers/Codable.swift (in target 'Helpers' from project 'Supabase')

SwiftCompile normal arm64 /Users/voxels/Library/Developer/Xcode/DerivedData/Diver-fkxymducaaydoifhoeeiimpntqeq/SourcePackages/checkouts/supabase-swift/Sources/Helpers/AsyncValueSubject.swift (in target 'Helpers' from project 'Supabase')
    cd /Users/voxels/Documents/dev/Superbright/Diver/Diver/Diver.xcodeproj
    

SwiftCompile normal arm64 /Users/voxels/Library/Developer/Xcode/DerivedData/Diver-fkxymducaaydoifhoeeiimpntqeq/SourcePackages/checkouts/supabase-swift/Sources/Helpers/Codable.swift (in target 'Helpers' from project 'Supabase')
    cd /Users/voxels/Documents/dev/Superbright/Diver/Diver/Diver.xcodeproj
    

SwiftCompile normal arm64 Compiling\ DateFormatter.swift,\ EventEmitter.swift /Users/voxels/Library/Developer/Xcode/DerivedData/Diver-fkxymducaaydoifhoeeiimpntqeq/SourcePackages/checkouts/supabase-swift/Sources/Helpers/DateFormatter.swift /Users/voxels/Library/Developer/Xcode/DerivedData/Diver-fkxymducaaydoifhoeeiimpntqeq/SourcePackages/checkouts/supabase-swift/Sources/Helpers/EventEmitter.swift (in target 'Helpers' from project 'Supabase')

SwiftCompile normal arm64 /Users/voxels/Library/Developer/Xcode/DerivedData/Diver-fkxymducaaydoifhoeeiimpntqeq/SourcePackages/checkouts/supabase-swift/Sources/Helpers/DateFormatter.swift (in target 'Helpers' from project 'Supabase')
    cd /Users/voxels/Documents/dev/Superbright/Diver/Diver/Diver.xcodeproj
    

SwiftCompile normal arm64 /Users/voxels/Library/Developer/Xcode/DerivedData/Diver-fkxymducaaydoifhoeeiimpntqeq/SourcePackages/checkouts/supabase-swift/Sources/Helpers/EventEmitter.swift (in target 'Helpers' from project 'Supabase')
    cd /Users/voxels/Documents/dev/Superbright/Diver/Diver/Diver.xcodeproj
    

SwiftCompile normal arm64 Compiling\ HTTPResponse.swift,\ LoggerInterceptor.swift /Users/voxels/Library/Developer/Xcode/DerivedData/Diver-fkxymducaaydoifhoeeiimpntqeq/SourcePackages/checkouts/supabase-swift/Sources/Helpers/HTTP/HTTPResponse.swift /Users/voxels/Library/Developer/Xcode/DerivedData/Diver-fkxymducaaydoifhoeeiimpntqeq/SourcePackages/checkouts/supabase-swift/Sources/Helpers/HTTP/LoggerInterceptor.swift (in target 'Helpers' from project 'Supabase')

SwiftCompile normal arm64 /Users/voxels/Library/Developer/Xcode/DerivedData/Diver-fkxymducaaydoifhoeeiimpntqeq/SourcePackages/checkouts/supabase-swift/Sources/Helpers/HTTP/HTTPResponse.swift (in target 'Helpers' from project 'Supabase')
    cd /Users/voxels/Documents/dev/Superbright/Diver/Diver/Diver.xcodeproj
    

SwiftCompile normal arm64 /Users/voxels/Library/Developer/Xcode/DerivedData/Diver-fkxymducaaydoifhoeeiimpntqeq/SourcePackages/checkouts/supabase-swift/Sources/Helpers/HTTP/LoggerInterceptor.swift (in target 'Helpers' from project 'Supabase')
    cd /Users/voxels/Documents/dev/Superbright/Diver/Diver/Diver.xcodeproj
    

SwiftCompile normal arm64 Compiling\ FoundationExtensions.swift,\ HTTPClient.swift /Users/voxels/Library/Developer/Xcode/DerivedData/Diver-fkxymducaaydoifhoeeiimpntqeq/SourcePackages/checkouts/supabase-swift/Sources/Helpers/FoundationExtensions.swift /Users/voxels/Library/Developer/Xcode/DerivedData/Diver-fkxymducaaydoifhoeeiimpntqeq/SourcePackages/checkouts/supabase-swift/Sources/Helpers/HTTP/HTTPClient.swift (in target 'Helpers' from project 'Supabase')

SwiftCompile normal arm64 /Users/voxels/Library/Developer/Xcode/DerivedData/Diver-fkxymducaaydoifhoeeiimpntqeq/SourcePackages/checkouts/supabase-swift/Sources/Helpers/FoundationExtensions.swift (in target 'Helpers' from project 'Supabase')
    cd /Users/voxels/Documents/dev/Superbright/Diver/Diver/Diver.xcodeproj
    

SwiftCompile normal arm64 /Users/voxels/Library/Developer/Xcode/DerivedData/Diver-fkxymducaaydoifhoeeiimpntqeq/SourcePackages/checkouts/supabase-swift/Sources/Helpers/HTTP/HTTPClient.swift (in target 'Helpers' from project 'Supabase')
    cd /Users/voxels/Documents/dev/Superbright/Diver/Diver/Diver.xcodeproj
    

SwiftCompile normal arm64 Compiling\ HTTPError.swift,\ PostgrestError.swift /Users/voxels/Library/Developer/Xcode/DerivedData/Diver-fkxymducaaydoifhoeeiimpntqeq/SourcePackages/checkouts/supabase-swift/Sources/Helpers/SharedModels/HTTPError.swift /Users/voxels/Library/Developer/Xcode/DerivedData/Diver-fkxymducaaydoifhoeeiimpntqeq/SourcePackages/checkouts/supabase-swift/Sources/Helpers/SharedModels/PostgrestError.swift (in target 'Helpers' from project 'Supabase')

SwiftCompile normal arm64 /Users/voxels/Library/Developer/Xcode/DerivedData/Diver-fkxymducaaydoifhoeeiimpntqeq/SourcePackages/checkouts/supabase-swift/Sources/Helpers/SharedModels/HTTPError.swift (in target 'Helpers' from project 'Supabase')
    cd /Users/voxels/Documents/dev/Superbright/Diver/Diver/Diver.xcodeproj
    

SwiftCompile normal arm64 /Users/voxels/Library/Developer/Xcode/DerivedData/Diver-fkxymducaaydoifhoeeiimpntqeq/SourcePackages/checkouts/supabase-swift/Sources/Helpers/SharedModels/PostgrestError.swift (in target 'Helpers' from project 'Supabase')
    cd /Users/voxels/Documents/dev/Superbright/Diver/Diver/Diver.xcodeproj
    

SwiftEmitModule normal arm64 Emitting\ module\ for\ Helpers (in target 'Helpers' from project 'Supabase')

EmitSwiftModule normal arm64 (in target 'Helpers' from project 'Supabase')
    cd /Users/voxels/Documents/dev/Superbright/Diver/Diver/Diver.xcodeproj
    

SwiftCompile normal arm64 Compiling\ Task+withTimeout.swift,\ TaskLocalHelpers.swift /Users/voxels/Library/Developer/Xcode/DerivedData/Diver-fkxymducaaydoifhoeeiimpntqeq/SourcePackages/checkouts/supabase-swift/Sources/Helpers/Task+withTimeout.swift /Users/voxels/Library/Developer/Xcode/DerivedData/Diver-fkxymducaaydoifhoeeiimpntqeq/SourcePackages/checkouts/supabase-swift/Sources/Helpers/TaskLocalHelpers.swift (in target 'Helpers' from project 'Supabase')

SwiftCompile normal arm64 /Users/voxels/Library/Developer/Xcode/DerivedData/Diver-fkxymducaaydoifhoeeiimpntqeq/SourcePackages/checkouts/supabase-swift/Sources/Helpers/Task+withTimeout.swift (in target 'Helpers' from project 'Supabase')
    cd /Users/voxels/Documents/dev/Superbright/Diver/Diver/Diver.xcodeproj
    

SwiftCompile normal arm64 /Users/voxels/Library/Developer/Xcode/DerivedData/Diver-fkxymducaaydoifhoeeiimpntqeq/SourcePackages/checkouts/supabase-swift/Sources/Helpers/TaskLocalHelpers.swift (in target 'Helpers' from project 'Supabase')
    cd /Users/voxels/Documents/dev/Superbright/Diver/Diver/Diver.xcodeproj
    

SwiftEmitModule normal arm64 Emitting\ module\ for\ Clocks (in target 'Clocks' from project 'swift-clocks')

EmitSwiftModule normal arm64 (in target 'Clocks' from project 'swift-clocks')
    cd /Users/voxels/Documents/dev/Superbright/Diver/Diver/Diver.xcodeproj
    

SwiftDriverJobDiscovery normal arm64 Compiling AsyncValueSubject.swift, Codable.swift (in target 'Helpers' from project 'Supabase')

SwiftCompile normal arm64 Compiling\ URLSession+AsyncAwait.swift,\ Version.swift /Users/voxels/Library/Developer/Xcode/DerivedData/Diver-fkxymducaaydoifhoeeiimpntqeq/SourcePackages/checkouts/supabase-swift/Sources/Helpers/URLSession+AsyncAwait.swift /Users/voxels/Library/Developer/Xcode/DerivedData/Diver-fkxymducaaydoifhoeeiimpntqeq/SourcePackages/checkouts/supabase-swift/Sources/Helpers/Version.swift (in target 'Helpers' from project 'Supabase')

SwiftCompile normal arm64 /Users/voxels/Library/Developer/Xcode/DerivedData/Diver-fkxymducaaydoifhoeeiimpntqeq/SourcePackages/checkouts/supabase-swift/Sources/Helpers/URLSession+AsyncAwait.swift (in target 'Helpers' from project 'Supabase')
    cd /Users/voxels/Documents/dev/Superbright/Diver/Diver/Diver.xcodeproj
    

SwiftCompile normal arm64 /Users/voxels/Library/Developer/Xcode/DerivedData/Diver-fkxymducaaydoifhoeeiimpntqeq/SourcePackages/checkouts/supabase-swift/Sources/Helpers/Version.swift (in target 'Helpers' from project 'Supabase')
    cd /Users/voxels/Documents/dev/Superbright/Diver/Diver/Diver.xcodeproj
    

SwiftCompile normal arm64 Compiling\ OSLogSupabaseLogger.swift,\ SupabaseLogger.swift /Users/voxels/Library/Developer/Xcode/DerivedData/Diver-fkxymducaaydoifhoeeiimpntqeq/SourcePackages/checkouts/supabase-swift/Sources/Helpers/Logger/OSLogSupabaseLogger.swift /Users/voxels/Library/Developer/Xcode/DerivedData/Diver-fkxymducaaydoifhoeeiimpntqeq/SourcePackages/checkouts/supabase-swift/Sources/Helpers/Logger/SupabaseLogger.swift (in target 'Helpers' from project 'Supabase')

SwiftCompile normal arm64 /Users/voxels/Library/Developer/Xcode/DerivedData/Diver-fkxymducaaydoifhoeeiimpntqeq/SourcePackages/checkouts/supabase-swift/Sources/Helpers/Logger/OSLogSupabaseLogger.swift (in target 'Helpers' from project 'Supabase')
    cd /Users/voxels/Documents/dev/Superbright/Diver/Diver/Diver.xcodeproj
    

SwiftCompile normal arm64 /Users/voxels/Library/Developer/Xcode/DerivedData/Diver-fkxymducaaydoifhoeeiimpntqeq/SourcePackages/checkouts/supabase-swift/Sources/Helpers/Logger/SupabaseLogger.swift (in target 'Helpers' from project 'Supabase')
    cd /Users/voxels/Documents/dev/Superbright/Diver/Diver/Diver.xcodeproj
    

SwiftDriverJobDiscovery normal arm64 Compiling Task+withTimeout.swift, TaskLocalHelpers.swift (in target 'Helpers' from project 'Supabase')

SwiftEmitModule normal arm64 Emitting\ module\ for\ SpotifyWebAPI (in target 'SpotifyWebAPI' from project 'SpotifyAPI')

EmitSwiftModule normal arm64 (in target 'SpotifyWebAPI' from project 'SpotifyAPI')
    cd /Users/voxels/Documents/dev/Superbright/Diver/Diver/Diver.xcodeproj
    

SwiftDriverJobDiscovery normal arm64 Compiling HTTPError.swift, PostgrestError.swift (in target 'Helpers' from project 'Supabase')

SwiftCompile normal arm64 Compiling\ ClientCredentialsTokensRequest.swift,\ PKCERefreshTokensRequest.swift,\ PKCETokensRequest.swift,\ ProxyPKCERefreshTokensRequest.swift,\ ProxyPKCETokensRequest.swift /Users/voxels/Library/Developer/Xcode/DerivedData/Diver-fkxymducaaydoifhoeeiimpntqeq/SourcePackages/checkouts/SpotifyAPI/Sources/SpotifyWebAPI/Object\ Model/Authorization\ Objects/ClientCredentialsTokensRequest.swift /Users/voxels/Library/Developer/Xcode/DerivedData/Diver-fkxymducaaydoifhoeeiimpntqeq/SourcePackages/checkouts/SpotifyAPI/Sources/SpotifyWebAPI/Object\ Model/Authorization\ Objects/PKCERefreshTokensRequest.swift /Users/voxels/Library/Developer/Xcode/DerivedData/Diver-fkxymducaaydoifhoeeiimpntqeq/SourcePackages/checkouts/SpotifyAPI/Sources/SpotifyWebAPI/Object\ Model/Authorization\ Objects/PKCETokensRequest.swift /Users/voxels/Library/Developer/Xcode/DerivedData/Diver-fkxymducaaydoifhoeeiimpntqeq/SourcePackages/checkouts/SpotifyAPI/Sources/SpotifyWebAPI/Object\ Model/Authorization\ Objects/ProxyPKCERefreshTokensRequest.swift /Users/voxels/Library/Developer/Xcode/DerivedData/Diver-fkxymducaaydoifhoeeiimpntqeq/SourcePackages/checkouts/SpotifyAPI/Sources/SpotifyWebAPI/Object\ Model/Authorization\ Objects/ProxyPKCETokensRequest.swift (in target 'SpotifyWebAPI' from project 'SpotifyAPI')

SwiftCompile normal arm64 /Users/voxels/Library/Developer/Xcode/DerivedData/Diver-fkxymducaaydoifhoeeiimpntqeq/SourcePackages/checkouts/SpotifyAPI/Sources/SpotifyWebAPI/Object\ Model/Authorization\ Objects/ClientCredentialsTokensRequest.swift (in target 'SpotifyWebAPI' from project 'SpotifyAPI')
    cd /Users/voxels/Documents/dev/Superbright/Diver/Diver/Diver.xcodeproj
    

SwiftCompile normal arm64 /Users/voxels/Library/Developer/Xcode/DerivedData/Diver-fkxymducaaydoifhoeeiimpntqeq/SourcePackages/checkouts/SpotifyAPI/Sources/SpotifyWebAPI/Object\ Model/Authorization\ Objects/PKCERefreshTokensRequest.swift (in target 'SpotifyWebAPI' from project 'SpotifyAPI')
    cd /Users/voxels/Documents/dev/Superbright/Diver/Diver/Diver.xcodeproj
    

SwiftCompile normal arm64 /Users/voxels/Library/Developer/Xcode/DerivedData/Diver-fkxymducaaydoifhoeeiimpntqeq/SourcePackages/checkouts/SpotifyAPI/Sources/SpotifyWebAPI/Object\ Model/Authorization\ Objects/PKCETokensRequest.swift (in target 'SpotifyWebAPI' from project 'SpotifyAPI')
    cd /Users/voxels/Documents/dev/Superbright/Diver/Diver/Diver.xcodeproj
    

SwiftCompile normal arm64 /Users/voxels/Library/Developer/Xcode/DerivedData/Diver-fkxymducaaydoifhoeeiimpntqeq/SourcePackages/checkouts/SpotifyAPI/Sources/SpotifyWebAPI/Object\ Model/Authorization\ Objects/ProxyPKCERefreshTokensRequest.swift (in target 'SpotifyWebAPI' from project 'SpotifyAPI')
    cd /Users/voxels/Documents/dev/Superbright/Diver/Diver/Diver.xcodeproj
    

SwiftDriverJobDiscovery normal arm64 Compiling FoundationExtensions.swift, HTTPClient.swift (in target 'Helpers' from project 'Supabase')

SwiftCompile normal arm64 Compiling\ AuthorizationScopes.swift,\ Audiobook.swift,\ AudiobookAuthor.swift,\ AudiobookChapter.swift,\ AuthInfo.swift /Users/voxels/Library/Developer/Xcode/DerivedData/Diver-fkxymducaaydoifhoeeiimpntqeq/SourcePackages/checkouts/SpotifyAPI/Sources/SpotifyWebAPI/Authorization/AuthorizationScopes.swift /Users/voxels/Library/Developer/Xcode/DerivedData/Diver-fkxymducaaydoifhoeeiimpntqeq/SourcePackages/checkouts/SpotifyAPI/Sources/SpotifyWebAPI/Object\ Model/Audiobook\ Objects/Audiobook.swift /Users/voxels/Library/Developer/Xcode/DerivedData/Diver-fkxymducaaydoifhoeeiimpntqeq/SourcePackages/checkouts/SpotifyAPI/Sources/SpotifyWebAPI/Object\ Model/Audiobook\ Objects/AudiobookAuthor.swift /Users/voxels/Library/Developer/Xcode/DerivedData/Diver-fkxymducaaydoifhoeeiimpntqeq/SourcePackages/checkouts/SpotifyAPI/Sources/SpotifyWebAPI/Object\ Model/Audiobook\ Objects/AudiobookChapter.swift /Users/voxels/Library/Developer/Xcode/DerivedData/Diver-fkxymducaaydoifhoeeiimpntqeq/SourcePackages/checkouts/SpotifyAPI/Sources/SpotifyWebAPI/Object\ Model/Authorization\ Objects/AuthInfo.swift (in target 'SpotifyWebAPI' from project 'SpotifyAPI')

SwiftDriverJobDiscovery normal arm64 Compiling HTTPResponse.swift, LoggerInterceptor.swift (in target 'Helpers' from project 'Supabase')

SwiftCompile normal arm64 Compiling\ PlaybackRequest+Context.swift,\ PlaybackRequest+Offset.swift,\ PlaybackRequest.swift,\ TimeReference.swift /Users/voxels/Library/Developer/Xcode/DerivedData/Diver-fkxymducaaydoifhoeeiimpntqeq/SourcePackages/checkouts/SpotifyAPI/Sources/SpotifyWebAPI/Object\ Model/Post\ Request\ Objects/Player\ Objects/PlaybackRequest+Context.swift /Users/voxels/Library/Developer/Xcode/DerivedData/Diver-fkxymducaaydoifhoeeiimpntqeq/SourcePackages/checkouts/SpotifyAPI/Sources/SpotifyWebAPI/Object\ Model/Post\ Request\ Objects/Player\ Objects/PlaybackRequest+Offset.swift /Users/voxels/Library/Developer/Xcode/DerivedData/Diver-fkxymducaaydoifhoeeiimpntqeq/SourcePackages/checkouts/SpotifyAPI/Sources/SpotifyWebAPI/Object\ Model/Post\ Request\ Objects/Player\ Objects/PlaybackRequest.swift /Users/voxels/Library/Developer/Xcode/DerivedData/Diver-fkxymducaaydoifhoeeiimpntqeq/SourcePackages/checkouts/SpotifyAPI/Sources/SpotifyWebAPI/Object\ Model/Post\ Request\ Objects/Player\ Objects/TimeReference.swift (in target 'SpotifyWebAPI' from project 'SpotifyAPI')

** BUILD FAILED **


The following build commands failed:
	SwiftDriver DiverKit normal arm64 com.apple.xcode.tools.swift.compiler (in target 'DiverKit' from project 'DiverKit')
	Building project Diver with scheme Diver_iOS
(2 failures)
