Command line invocation:
    /Applications/Xcode.app/Contents/Developer/usr/bin/xcodebuild -scheme Diver_iOS -destination "platform=iOS Simulator,name=iPhone 17" build

Resolve Package Graph
Invalid Exclude '/Users/voxels/Documents/dev/Know-Maps/Know-Maps/Know-Maps/Know Maps Prod/Know Maps ProdDebug.entitlements': File not found.

Resolved source packages:
  swift-log: https://github.com/apple/swift-log.git @ 1.8.0
  RegularExpressions: https://github.com/Peter-Schorn/RegularExpressions.git @ 2.2.0
  Segment: https://github.com/segmentio/analytics-swift @ 1.6.2
  DiverShared: /Users/voxels/Documents/dev/Superbright/Diver/DiverShared
  OpenCombine: https://github.com/OpenCombine/OpenCombine.git @ 0.14.0
  swift-clocks: https://github.com/pointfreeco/swift-clocks @ 1.0.6
  swift-concurrency-extras: https://github.com/pointfreeco/swift-concurrency-extras @ 1.1.0
  Nuke: https://github.com/kean/Nuke @ 12.8.0
  Sovran: https://github.com/segmentio/sovran-swift.git @ 1.1.2
  LDSwiftEventSource: https://github.com/launchdarkly/swift-eventsource @ 3.3.0
  swift-http-types: https://github.com/apple/swift-http-types.git @ 1.5.1
  xctest-dynamic-overlay: https://github.com/pointfreeco/xctest-dynamic-overlay @ 1.8.1
  SpotifyAPI: https://github.com/Peter-Schorn/SpotifyAPI @ 4.0.2
  DiverKit: /Users/voxels/Documents/dev/Superbright/Diver/DiverKit
  swift-crypto: https://github.com/apple/swift-crypto.git @ 1.1.7
  JSONSafeEncoding: https://github.com/segmentio/jsonsafeencoding-swift.git @ 2.0.0
  knowmaps: /Users/voxels/Documents/dev/Know-Maps/Know-Maps @ local
  Supabase: https://github.com/supabase/supabase-swift @ 2.33.1

ComputePackagePrebuildTargetDependencyGraph

Prepare packages

CreateBuildRequest

SendProjectDescription

CreateBuildOperation

ComputeTargetDependencyGraph
note: Building targets in dependency order
note: Target dependency graph (59 targets)
    Target 'Diver_iOS' in project 'Diver'
        ➜ Explicit dependency on target 'ActionExtension' in project 'Diver'
        ➜ Explicit dependency on target 'DiverWidgetExtension' in project 'Diver'
        ➜ Explicit dependency on target 'DiverKit' in project 'DiverKit'
        ➜ Explicit dependency on target 'DiverShared' in project 'DiverShared'
        ➜ Explicit dependency on target 'knowmaps' in project 'knowmaps'
    Target 'DiverWidgetExtension' in project 'Diver'
        ➜ Explicit dependency on target 'DiverShared' in project 'DiverShared'
        ➜ Explicit dependency on target 'knowmaps' in project 'knowmaps'
        ➜ Explicit dependency on target 'DiverKit' in project 'DiverKit'
    Target 'knowmaps' in project 'knowmaps'
        ➜ Explicit dependency on target 'knowmaps' in project 'knowmaps'
        ➜ Explicit dependency on target 'knowmaps_knowmaps' in project 'knowmaps'
        ➜ Explicit dependency on target 'NukeUI' in project 'Nuke'
        ➜ Explicit dependency on target 'Segment' in project 'Segment'
        ➜ Explicit dependency on target 'Supabase' in project 'Supabase'
        ➜ Explicit dependency on target 'ConcurrencyExtras' in project 'swift-concurrency-extras'
    Target 'knowmaps' in project 'knowmaps'
        ➜ Explicit dependency on target 'knowmaps_knowmaps' in project 'knowmaps'
        ➜ Explicit dependency on target 'NukeUI' in project 'Nuke'
        ➜ Explicit dependency on target 'Segment' in project 'Segment'
        ➜ Explicit dependency on target 'Supabase' in project 'Supabase'
        ➜ Explicit dependency on target 'ConcurrencyExtras' in project 'swift-concurrency-extras'
    Target 'Supabase' in project 'Supabase'
        ➜ Explicit dependency on target 'Supabase' in project 'Supabase'
        ➜ Explicit dependency on target 'Functions' in project 'Supabase'
        ➜ Explicit dependency on target 'PostgREST' in project 'Supabase'
        ➜ Explicit dependency on target 'Auth' in project 'Supabase'
        ➜ Explicit dependency on target 'Realtime' in project 'Supabase'
        ➜ Explicit dependency on target 'Storage' in project 'Supabase'
        ➜ Explicit dependency on target 'Helpers' in project 'Supabase'
        ➜ Explicit dependency on target 'ConcurrencyExtras' in project 'swift-concurrency-extras'
        ➜ Explicit dependency on target 'HTTPTypes' in project 'swift-http-types'
        ➜ Explicit dependency on target 'Clocks' in project 'swift-clocks'
        ➜ Explicit dependency on target 'XCTestDynamicOverlay' in project 'xctest-dynamic-overlay'
        ➜ Explicit dependency on target 'Crypto' in project 'swift-crypto'
        ➜ Explicit dependency on target 'IssueReporting' in project 'xctest-dynamic-overlay'
    Target 'Supabase' in project 'Supabase'
        ➜ Explicit dependency on target 'Helpers' in project 'Supabase'
        ➜ Explicit dependency on target 'Auth' in project 'Supabase'
        ➜ Explicit dependency on target 'Functions' in project 'Supabase'
        ➜ Explicit dependency on target 'PostgREST' in project 'Supabase'
        ➜ Explicit dependency on target 'Realtime' in project 'Supabase'
        ➜ Explicit dependency on target 'Storage' in project 'Supabase'
        ➜ Explicit dependency on target 'ConcurrencyExtras' in project 'swift-concurrency-extras'
        ➜ Explicit dependency on target 'HTTPTypes' in project 'swift-http-types'
        ➜ Explicit dependency on target 'Clocks' in project 'swift-clocks'
        ➜ Explicit dependency on target 'XCTestDynamicOverlay' in project 'xctest-dynamic-overlay'
        ➜ Explicit dependency on target 'Crypto' in project 'swift-crypto'
        ➜ Explicit dependency on target 'IssueReporting' in project 'xctest-dynamic-overlay'
    Target 'Storage' in project 'Supabase'
        ➜ Explicit dependency on target 'Helpers' in project 'Supabase'
        ➜ Explicit dependency on target 'ConcurrencyExtras' in project 'swift-concurrency-extras'
        ➜ Explicit dependency on target 'HTTPTypes' in project 'swift-http-types'
        ➜ Explicit dependency on target 'Clocks' in project 'swift-clocks'
        ➜ Explicit dependency on target 'XCTestDynamicOverlay' in project 'xctest-dynamic-overlay'
    Target 'Realtime' in project 'Supabase'
        ➜ Explicit dependency on target 'Helpers' in project 'Supabase'
        ➜ Explicit dependency on target 'ConcurrencyExtras' in project 'swift-concurrency-extras'
        ➜ Explicit dependency on target 'HTTPTypes' in project 'swift-http-types'
        ➜ Explicit dependency on target 'Clocks' in project 'swift-clocks'
        ➜ Explicit dependency on target 'XCTestDynamicOverlay' in project 'xctest-dynamic-overlay'
        ➜ Explicit dependency on target 'IssueReporting' in project 'xctest-dynamic-overlay'
    Target 'PostgREST' in project 'Supabase'
        ➜ Explicit dependency on target 'Helpers' in project 'Supabase'
        ➜ Explicit dependency on target 'ConcurrencyExtras' in project 'swift-concurrency-extras'
        ➜ Explicit dependency on target 'HTTPTypes' in project 'swift-http-types'
        ➜ Explicit dependency on target 'Clocks' in project 'swift-clocks'
        ➜ Explicit dependency on target 'XCTestDynamicOverlay' in project 'xctest-dynamic-overlay'
    Target 'Functions' in project 'Supabase'
        ➜ Explicit dependency on target 'Helpers' in project 'Supabase'
        ➜ Explicit dependency on target 'ConcurrencyExtras' in project 'swift-concurrency-extras'
        ➜ Explicit dependency on target 'HTTPTypes' in project 'swift-http-types'
        ➜ Explicit dependency on target 'Clocks' in project 'swift-clocks'
        ➜ Explicit dependency on target 'XCTestDynamicOverlay' in project 'xctest-dynamic-overlay'
    Target 'Auth' in project 'Supabase'
        ➜ Explicit dependency on target 'Helpers' in project 'Supabase'
        ➜ Explicit dependency on target 'ConcurrencyExtras' in project 'swift-concurrency-extras'
        ➜ Explicit dependency on target 'HTTPTypes' in project 'swift-http-types'
        ➜ Explicit dependency on target 'Clocks' in project 'swift-clocks'
        ➜ Explicit dependency on target 'XCTestDynamicOverlay' in project 'xctest-dynamic-overlay'
        ➜ Explicit dependency on target 'Crypto' in project 'swift-crypto'
    Target 'Helpers' in project 'Supabase'
        ➜ Explicit dependency on target 'ConcurrencyExtras' in project 'swift-concurrency-extras'
        ➜ Explicit dependency on target 'HTTPTypes' in project 'swift-http-types'
        ➜ Explicit dependency on target 'Clocks' in project 'swift-clocks'
        ➜ Explicit dependency on target 'XCTestDynamicOverlay' in project 'xctest-dynamic-overlay'
    Target 'XCTestDynamicOverlay' in project 'xctest-dynamic-overlay'
        ➜ Explicit dependency on target 'XCTestDynamicOverlay' in project 'xctest-dynamic-overlay'
        ➜ Explicit dependency on target 'IssueReportingPackageSupport' in project 'xctest-dynamic-overlay'
        ➜ Explicit dependency on target 'IssueReporting' in project 'xctest-dynamic-overlay'
    Target 'XCTestDynamicOverlay' in project 'xctest-dynamic-overlay'
        ➜ Explicit dependency on target 'IssueReportingPackageSupport' in project 'xctest-dynamic-overlay'
        ➜ Explicit dependency on target 'IssueReporting' in project 'xctest-dynamic-overlay'
    Target 'Clocks' in project 'swift-clocks'
        ➜ Explicit dependency on target 'Clocks' in project 'swift-clocks'
        ➜ Explicit dependency on target 'ConcurrencyExtras' in project 'swift-concurrency-extras'
        ➜ Explicit dependency on target 'IssueReporting' in project 'xctest-dynamic-overlay'
    Target 'Clocks' in project 'swift-clocks'
        ➜ Explicit dependency on target 'ConcurrencyExtras' in project 'swift-concurrency-extras'
        ➜ Explicit dependency on target 'IssueReporting' in project 'xctest-dynamic-overlay'
    Target 'IssueReporting' in project 'xctest-dynamic-overlay'
        ➜ Explicit dependency on target 'IssueReporting' in project 'xctest-dynamic-overlay'
        ➜ Explicit dependency on target 'IssueReportingPackageSupport' in project 'xctest-dynamic-overlay'
    Target 'IssueReporting' in project 'xctest-dynamic-overlay'
        ➜ Explicit dependency on target 'IssueReportingPackageSupport' in project 'xctest-dynamic-overlay'
    Target 'IssueReportingPackageSupport' in project 'xctest-dynamic-overlay' (no dependencies)
    Target 'HTTPTypes' in project 'swift-http-types'
        ➜ Explicit dependency on target 'HTTPTypes' in project 'swift-http-types'
    Target 'HTTPTypes' in project 'swift-http-types' (no dependencies)
    Target 'ConcurrencyExtras' in project 'swift-concurrency-extras'
        ➜ Explicit dependency on target 'ConcurrencyExtras' in project 'swift-concurrency-extras'
    Target 'ConcurrencyExtras' in project 'swift-concurrency-extras' (no dependencies)
    Target 'Segment' in project 'Segment'
        ➜ Explicit dependency on target 'Segment' in project 'Segment'
        ➜ Explicit dependency on target 'Segment_Segment' in project 'Segment'
        ➜ Explicit dependency on target 'Sovran' in project 'Sovran'
        ➜ Explicit dependency on target 'JSONSafeEncoding' in project 'JSONSafeEncoding'
    Target 'Segment' in project 'Segment'
        ➜ Explicit dependency on target 'Segment_Segment' in project 'Segment'
        ➜ Explicit dependency on target 'Sovran' in project 'Sovran'
        ➜ Explicit dependency on target 'JSONSafeEncoding' in project 'JSONSafeEncoding'
    Target 'JSONSafeEncoding' in project 'JSONSafeEncoding'
        ➜ Explicit dependency on target 'JSONSafeEncoding' in project 'JSONSafeEncoding'
    Target 'JSONSafeEncoding' in project 'JSONSafeEncoding' (no dependencies)
    Target 'Sovran' in project 'Sovran'
        ➜ Explicit dependency on target 'Sovran' in project 'Sovran'
    Target 'Sovran' in project 'Sovran' (no dependencies)
    Target 'Segment_Segment' in project 'Segment' (no dependencies)
    Target 'NukeUI' in project 'Nuke'
        ➜ Explicit dependency on target 'NukeUI' in project 'Nuke'
        ➜ Explicit dependency on target 'Nuke' in project 'Nuke'
    Target 'NukeUI' in project 'Nuke'
        ➜ Explicit dependency on target 'Nuke' in project 'Nuke'
    Target 'Nuke' in project 'Nuke' (no dependencies)
    Target 'knowmaps_knowmaps' in project 'knowmaps' (no dependencies)
    Target 'ActionExtension' in project 'Diver'
        ➜ Explicit dependency on target 'DiverKit' in project 'DiverKit'
        ➜ Explicit dependency on target 'DiverShared' in project 'DiverShared'
    Target 'DiverKit' in project 'DiverKit'
        ➜ Explicit dependency on target 'DiverKit' in project 'DiverKit'
        ➜ Explicit dependency on target 'DiverKit_DiverKit' in project 'DiverKit'
        ➜ Explicit dependency on target 'LDSwiftEventSource' in project 'LDSwiftEventSource'
        ➜ Explicit dependency on target 'SpotifyAPI' in project 'SpotifyAPI'
        ➜ Explicit dependency on target 'DiverShared' in project 'DiverShared'
    Target 'DiverKit' in project 'DiverKit'
        ➜ Explicit dependency on target 'DiverKit_DiverKit' in project 'DiverKit'
        ➜ Explicit dependency on target 'LDSwiftEventSource' in project 'LDSwiftEventSource'
        ➜ Explicit dependency on target 'SpotifyAPI' in project 'SpotifyAPI'
        ➜ Explicit dependency on target 'DiverShared' in project 'DiverShared'
    Target 'DiverShared' in project 'DiverShared'
        ➜ Explicit dependency on target 'DiverShared' in project 'DiverShared'
    Target 'DiverShared' in project 'DiverShared' (no dependencies)
    Target 'SpotifyAPI' in project 'SpotifyAPI'
        ➜ Explicit dependency on target 'SpotifyWebAPI' in project 'SpotifyAPI'
        ➜ Explicit dependency on target 'RegularExpressions' in project 'RegularExpressions'
        ➜ Explicit dependency on target 'Logging' in project 'swift-log'
        ➜ Explicit dependency on target 'Crypto' in project 'swift-crypto'
        ➜ Explicit dependency on target 'OpenCombine' in project 'OpenCombine'
        ➜ Explicit dependency on target 'OpenCombineDispatch' in project 'OpenCombine'
        ➜ Explicit dependency on target 'OpenCombineFoundation' in project 'OpenCombine'
    Target 'SpotifyWebAPI' in project 'SpotifyAPI'
        ➜ Explicit dependency on target 'RegularExpressions' in project 'RegularExpressions'
        ➜ Explicit dependency on target 'Logging' in project 'swift-log'
        ➜ Explicit dependency on target 'Crypto' in project 'swift-crypto'
        ➜ Explicit dependency on target 'OpenCombine' in project 'OpenCombine'
        ➜ Explicit dependency on target 'OpenCombineDispatch' in project 'OpenCombine'
        ➜ Explicit dependency on target 'OpenCombineFoundation' in project 'OpenCombine'
    Target 'OpenCombineFoundation' in project 'OpenCombine'
        ➜ Explicit dependency on target 'OpenCombineFoundation' in project 'OpenCombine'
        ➜ Explicit dependency on target 'COpenCombineHelpers' in project 'OpenCombine'
        ➜ Explicit dependency on target 'OpenCombine' in project 'OpenCombine'
    Target 'OpenCombineFoundation' in project 'OpenCombine'
        ➜ Explicit dependency on target 'COpenCombineHelpers' in project 'OpenCombine'
        ➜ Explicit dependency on target 'OpenCombine' in project 'OpenCombine'
    Target 'OpenCombineDispatch' in project 'OpenCombine'
        ➜ Explicit dependency on target 'OpenCombineDispatch' in project 'OpenCombine'
        ➜ Explicit dependency on target 'COpenCombineHelpers' in project 'OpenCombine'
        ➜ Explicit dependency on target 'OpenCombine' in project 'OpenCombine'
    Target 'OpenCombineDispatch' in project 'OpenCombine'
        ➜ Explicit dependency on target 'COpenCombineHelpers' in project 'OpenCombine'
        ➜ Explicit dependency on target 'OpenCombine' in project 'OpenCombine'
    Target 'OpenCombine' in project 'OpenCombine'
        ➜ Explicit dependency on target 'OpenCombine' in project 'OpenCombine'
        ➜ Explicit dependency on target 'COpenCombineHelpers' in project 'OpenCombine'
    Target 'OpenCombine' in project 'OpenCombine'
        ➜ Explicit dependency on target 'COpenCombineHelpers' in project 'OpenCombine'
    Target 'COpenCombineHelpers' in project 'OpenCombine' (no dependencies)
    Target 'Crypto' in project 'swift-crypto'
        ➜ Explicit dependency on target 'Crypto' in project 'swift-crypto'
        ➜ Explicit dependency on target 'CCryptoBoringSSL' in project 'swift-crypto'
        ➜ Explicit dependency on target 'CCryptoBoringSSLShims' in project 'swift-crypto'
    Target 'Crypto' in project 'swift-crypto'
        ➜ Explicit dependency on target 'CCryptoBoringSSL' in project 'swift-crypto'
        ➜ Explicit dependency on target 'CCryptoBoringSSLShims' in project 'swift-crypto'
    Target 'CCryptoBoringSSLShims' in project 'swift-crypto'
        ➜ Explicit dependency on target 'CCryptoBoringSSL' in project 'swift-crypto'
    Target 'CCryptoBoringSSL' in project 'swift-crypto' (no dependencies)
    Target 'Logging' in project 'swift-log'
        ➜ Explicit dependency on target 'Logging' in project 'swift-log'
    Target 'Logging' in project 'swift-log' (no dependencies)
    Target 'RegularExpressions' in project 'RegularExpressions'
        ➜ Explicit dependency on target 'RegularExpressions' in project 'RegularExpressions'
    Target 'RegularExpressions' in project 'RegularExpressions' (no dependencies)
    Target 'LDSwiftEventSource' in project 'LDSwiftEventSource'
        ➜ Explicit dependency on target 'LDSwiftEventSource' in project 'LDSwiftEventSource'
    Target 'LDSwiftEventSource' in project 'LDSwiftEventSource' (no dependencies)
    Target 'DiverKit_DiverKit' in project 'DiverKit' (no dependencies)

GatherProvisioningInputs

CreateBuildDescription

ExecuteExternalTool /Applications/Xcode.app/Contents/Developer/Toolchains/XcodeDefault.xctoolchain/usr/bin/swiftc --version

ExecuteExternalTool /Applications/Xcode.app/Contents/Developer/Toolchains/XcodeDefault.xctoolchain/usr/bin/clang -v -E -dM -arch arm64 -isysroot /Applications/Xcode.app/Contents/Developer/Platforms/iPhoneSimulator.platform/Developer/SDKs/iPhoneSimulator26.2.sdk -x c -c /dev/null

ExecuteExternalTool /Applications/Xcode.app/Contents/Developer/Toolchains/XcodeDefault.xctoolchain/usr/bin/clang -v -E -dM -arch arm64 -isysroot /Applications/Xcode.app/Contents/Developer/Platforms/iPhoneSimulator.platform/Developer/SDKs/iPhoneSimulator26.2.sdk -x c++ -c /dev/null

ExecuteExternalTool /Applications/Xcode.app/Contents/Developer/usr/bin/actool --version --output-format xml1

ExecuteExternalTool /usr/bin/what -q /Applications/Xcode.app/Contents/Developer/Toolchains/XcodeDefault.xctoolchain/usr/bin/coremlc

ExecuteExternalTool /Applications/Xcode.app/Contents/Developer/Toolchains/XcodeDefault.xctoolchain/usr/bin/clang -v -E -dM -isysroot /Applications/Xcode.app/Contents/Developer/Platforms/iPhoneSimulator.platform/Developer/SDKs/iPhoneSimulator26.2.sdk -x c -c /dev/null

ExecuteExternalTool /Applications/Xcode.app/Contents/Developer/usr/bin/actool --print-asset-tag-combinations --output-format xml1 /Users/voxels/Documents/dev/Superbright/Diver/Diver/Diver/Assets.xcassets

ExecuteExternalTool /Applications/Xcode.app/Contents/Developer/Toolchains/XcodeDefault.xctoolchain/usr/bin/ld -version_details

ReadFileContents /Applications/Xcode.app/Contents/Developer/Toolchains/XcodeDefault.xctoolchain/usr/share/docc/features.json

ExecuteExternalTool /Applications/Xcode.app/Contents/Developer/Toolchains/XcodeDefault.xctoolchain/usr/bin/clang -v -E -dM -arch arm64 -isysroot /Applications/Xcode.app/Contents/Developer/Platforms/iPhoneSimulator.platform/Developer/SDKs/iPhoneSimulator26.2.sdk -x assembler-with-cpp -c /dev/null

ExecuteExternalTool /Applications/Xcode.app/Contents/Developer/Toolchains/XcodeDefault.xctoolchain/usr/bin/coremlc generate /Users/voxels/Documents/dev/Know-Maps/Know-Maps/Know-Maps/Know Maps Prod/Model/ML/FoursquareSectionClassifier.mlmodel /Users/voxels/Library/Developer/Xcode/DerivedData/Diver-fkxymducaaydoifhoeeiimpntqeq/Build/Intermediates.noindex/knowmaps.build/Debug-iphonesimulator/knowmaps.build/DerivedSources/CoreMLGenerated/FoursquareSectionClassifier --dry-run yes --deployment-target 26.0 --sdkroot /Applications/Xcode.app/Contents/Developer/Platforms/iPhoneSimulator.platform/Developer/SDKs/iPhoneSimulator26.2.sdk --platform ios --output-partial-info-plist /Users/voxels/Library/Developer/Xcode/DerivedData/Diver-fkxymducaaydoifhoeeiimpntqeq/Build/Intermediates.noindex/knowmaps.build/Debug-iphonesimulator/knowmaps.build/FoursquareSectionClassifier-CoreMLPartialInfo.plist --container swift-package --language Swift --swift-version 6 --public-access

ExecuteExternalTool /Applications/Xcode.app/Contents/Developer/Toolchains/XcodeDefault.xctoolchain/usr/bin/coremlc generate /Users/voxels/Documents/dev/Know-Maps/Know-Maps/Know-Maps/Know Maps Prod/Model/ML/LocalMapsQueryClassifier.mlmodel /Users/voxels/Library/Developer/Xcode/DerivedData/Diver-fkxymducaaydoifhoeeiimpntqeq/Build/Intermediates.noindex/knowmaps.build/Debug-iphonesimulator/knowmaps.build/DerivedSources/CoreMLGenerated/LocalMapsQueryClassifier --dry-run yes --deployment-target 26.0 --sdkroot /Applications/Xcode.app/Contents/Developer/Platforms/iPhoneSimulator.platform/Developer/SDKs/iPhoneSimulator26.2.sdk --platform ios --output-partial-info-plist /Users/voxels/Library/Developer/Xcode/DerivedData/Diver-fkxymducaaydoifhoeeiimpntqeq/Build/Intermediates.noindex/knowmaps.build/Debug-iphonesimulator/knowmaps.build/LocalMapsQueryClassifier-CoreMLPartialInfo.plist --container swift-package --language Swift --swift-version 6 --public-access

ExecuteExternalTool /Applications/Xcode.app/Contents/Developer/Toolchains/XcodeDefault.xctoolchain/usr/bin/coremlc generate /Users/voxels/Documents/dev/Know-Maps/Know-Maps/Know-Maps/Know Maps Prod/Model/ML/LocalMapsQueryClassifier.mlproj/Models/LocalMapsQueryClassifier 1.mlmodel /Users/voxels/Library/Developer/Xcode/DerivedData/Diver-fkxymducaaydoifhoeeiimpntqeq/Build/Intermediates.noindex/knowmaps.build/Debug-iphonesimulator/knowmaps.build/DerivedSources/CoreMLGenerated/LocalMapsQueryClassifier 1 --dry-run yes --deployment-target 26.0 --sdkroot /Applications/Xcode.app/Contents/Developer/Platforms/iPhoneSimulator.platform/Developer/SDKs/iPhoneSimulator26.2.sdk --platform ios --output-partial-info-plist /Users/voxels/Library/Developer/Xcode/DerivedData/Diver-fkxymducaaydoifhoeeiimpntqeq/Build/Intermediates.noindex/knowmaps.build/Debug-iphonesimulator/knowmaps.build/LocalMapsQueryClassifier 1-CoreMLPartialInfo.plist --container swift-package --language Swift --swift-version 6 --public-access

ExecuteExternalTool /Applications/Xcode.app/Contents/Developer/Toolchains/XcodeDefault.xctoolchain/usr/bin/coremlc generate /Users/voxels/Documents/dev/Know-Maps/Know-Maps/Know-Maps/Know Maps Prod/Model/ML/LocalMapsQueryTagger.mlpackage /Users/voxels/Library/Developer/Xcode/DerivedData/Diver-fkxymducaaydoifhoeeiimpntqeq/Build/Intermediates.noindex/knowmaps.build/Debug-iphonesimulator/knowmaps.build/DerivedSources/CoreMLGenerated/LocalMapsQueryTagger --dry-run yes --deployment-target 26.0 --sdkroot /Applications/Xcode.app/Contents/Developer/Platforms/iPhoneSimulator.platform/Developer/SDKs/iPhoneSimulator26.2.sdk --platform ios --output-partial-info-plist /Users/voxels/Library/Developer/Xcode/DerivedData/Diver-fkxymducaaydoifhoeeiimpntqeq/Build/Intermediates.noindex/knowmaps.build/Debug-iphonesimulator/knowmaps.build/LocalMapsQueryTagger-CoreMLPartialInfo.plist --container swift-package --language Swift --swift-version 6 --public-access

ExecuteExternalTool /Applications/Xcode.app/Contents/Developer/Toolchains/XcodeDefault.xctoolchain/usr/bin/coremlc generate /Users/voxels/Documents/dev/Know-Maps/Know-Maps/Know-Maps/Know Maps Prod/Model/ML/LocalMapsQueryTagger.mlproj/Models/LocalMapsQueryTagger 1.mlmodel /Users/voxels/Library/Developer/Xcode/DerivedData/Diver-fkxymducaaydoifhoeeiimpntqeq/Build/Intermediates.noindex/knowmaps.build/Debug-iphonesimulator/knowmaps.build/DerivedSources/CoreMLGenerated/LocalMapsQueryTagger 1 --dry-run yes --deployment-target 26.0 --sdkroot /Applications/Xcode.app/Contents/Developer/Platforms/iPhoneSimulator.platform/Developer/SDKs/iPhoneSimulator26.2.sdk --platform ios --output-partial-info-plist /Users/voxels/Library/Developer/Xcode/DerivedData/Diver-fkxymducaaydoifhoeeiimpntqeq/Build/Intermediates.noindex/knowmaps.build/Debug-iphonesimulator/knowmaps.build/LocalMapsQueryTagger 1-CoreMLPartialInfo.plist --container swift-package --language Swift --swift-version 6 --public-access

ExecuteExternalTool /Applications/Xcode.app/Contents/Developer/Toolchains/XcodeDefault.xctoolchain/usr/bin/coremlc generate /Users/voxels/Documents/dev/Know-Maps/Know-Maps/Know-Maps/Know Maps Prod/Model/ML/MiniLM-L12-Embedding.mlpackage /Users/voxels/Library/Developer/Xcode/DerivedData/Diver-fkxymducaaydoifhoeeiimpntqeq/Build/Intermediates.noindex/knowmaps.build/Debug-iphonesimulator/knowmaps.build/DerivedSources/CoreMLGenerated/MiniLM-L12-Embedding --dry-run yes --deployment-target 26.0 --sdkroot /Applications/Xcode.app/Contents/Developer/Platforms/iPhoneSimulator.platform/Developer/SDKs/iPhoneSimulator26.2.sdk --platform ios --output-partial-info-plist /Users/voxels/Library/Developer/Xcode/DerivedData/Diver-fkxymducaaydoifhoeeiimpntqeq/Build/Intermediates.noindex/knowmaps.build/Debug-iphonesimulator/knowmaps.build/MiniLM-L12-Embedding-CoreMLPartialInfo.plist --container swift-package --language Swift --swift-version 6 --public-access

Build description signature: fd829c80ee1415c2c01abbbc6f14ce4c
Build description path: /Users/voxels/Library/Developer/Xcode/DerivedData/Diver-fkxymducaaydoifhoeeiimpntqeq/Build/Intermediates.noindex/XCBuildData/fd829c80ee1415c2c01abbbc6f14ce4c.xcbuilddata
ClangStatCache /Applications/Xcode.app/Contents/Developer/Toolchains/XcodeDefault.xctoolchain/usr/bin/clang-stat-cache /Applications/Xcode.app/Contents/Developer/Platforms/iPhoneSimulator.platform/Developer/SDKs/iPhoneSimulator26.2.sdk /Users/voxels/Library/Developer/Xcode/DerivedData/SDKStatCaches.noindex/iphonesimulator26.2-23C53-3885c01c3e6b6a337905948deab2002e7d00a8b37fbd7999ea79df8ebc024bf0.sdkstatcache
    cd /Users/voxels/Documents/dev/Superbright/Diver/Diver/Diver.xcodeproj
    /Applications/Xcode.app/Contents/Developer/Toolchains/XcodeDefault.xctoolchain/usr/bin/clang-stat-cache /Applications/Xcode.app/Contents/Developer/Platforms/iPhoneSimulator.platform/Developer/SDKs/iPhoneSimulator26.2.sdk -o /Users/voxels/Library/Developer/Xcode/DerivedData/SDKStatCaches.noindex/iphonesimulator26.2-23C53-3885c01c3e6b6a337905948deab2002e7d00a8b37fbd7999ea79df8ebc024bf0.sdkstatcache

ProcessInfoPlistFile /Users/voxels/Library/Developer/Xcode/DerivedData/Diver-fkxymducaaydoifhoeeiimpntqeq/Build/Products/Debug-iphonesimulator/Segment_Segment.bundle/Info.plist /Users/voxels/Library/Developer/Xcode/DerivedData/Diver-fkxymducaaydoifhoeeiimpntqeq/Build/Intermediates.noindex/Segment.build/Debug-iphonesimulator/Segment_Segment.build/empty-Segment_Segment.plist (in target 'Segment_Segment' from project 'Segment')
    cd /Users/voxels/Library/Developer/Xcode/DerivedData/Diver-fkxymducaaydoifhoeeiimpntqeq/SourcePackages/checkouts/analytics-swift
    builtin-infoPlistUtility /Users/voxels/Library/Developer/Xcode/DerivedData/Diver-fkxymducaaydoifhoeeiimpntqeq/Build/Intermediates.noindex/Segment.build/Debug-iphonesimulator/Segment_Segment.build/empty-Segment_Segment.plist -producttype com.apple.product-type.bundle -expandbuildsettings -format binary -platform iphonesimulator -o /Users/voxels/Library/Developer/Xcode/DerivedData/Diver-fkxymducaaydoifhoeeiimpntqeq/Build/Products/Debug-iphonesimulator/Segment_Segment.bundle/Info.plist

ProcessInfoPlistFile /Users/voxels/Library/Developer/Xcode/DerivedData/Diver-fkxymducaaydoifhoeeiimpntqeq/Build/Products/Debug-iphonesimulator/DiverKit_DiverKit.bundle/Info.plist /Users/voxels/Library/Developer/Xcode/DerivedData/Diver-fkxymducaaydoifhoeeiimpntqeq/Build/Intermediates.noindex/DiverKit.build/Debug-iphonesimulator/DiverKit_DiverKit.build/empty-DiverKit_DiverKit.plist (in target 'DiverKit_DiverKit' from project 'DiverKit')
    cd /Users/voxels/Documents/dev/Superbright/Diver/DiverKit
    builtin-infoPlistUtility /Users/voxels/Library/Developer/Xcode/DerivedData/Diver-fkxymducaaydoifhoeeiimpntqeq/Build/Intermediates.noindex/DiverKit.build/Debug-iphonesimulator/DiverKit_DiverKit.build/empty-DiverKit_DiverKit.plist -producttype com.apple.product-type.bundle -expandbuildsettings -format binary -platform iphonesimulator -o /Users/voxels/Library/Developer/Xcode/DerivedData/Diver-fkxymducaaydoifhoeeiimpntqeq/Build/Products/Debug-iphonesimulator/DiverKit_DiverKit.bundle/Info.plist

ProcessInfoPlistFile /Users/voxels/Library/Developer/Xcode/DerivedData/Diver-fkxymducaaydoifhoeeiimpntqeq/Build/Products/Debug-iphonesimulator/knowmaps_knowmaps.bundle/Info.plist /Users/voxels/Library/Developer/Xcode/DerivedData/Diver-fkxymducaaydoifhoeeiimpntqeq/Build/Intermediates.noindex/knowmaps.build/Debug-iphonesimulator/knowmaps_knowmaps.build/empty-knowmaps_knowmaps.plist (in target 'knowmaps_knowmaps' from project 'knowmaps')
    cd /Users/voxels/Documents/dev/Know-Maps/Know-Maps
    builtin-infoPlistUtility /Users/voxels/Library/Developer/Xcode/DerivedData/Diver-fkxymducaaydoifhoeeiimpntqeq/Build/Intermediates.noindex/knowmaps.build/Debug-iphonesimulator/knowmaps_knowmaps.build/empty-knowmaps_knowmaps.plist -producttype com.apple.product-type.bundle -expandbuildsettings -format binary -platform iphonesimulator -additionalcontentfile /Users/voxels/Library/Developer/Xcode/DerivedData/Diver-fkxymducaaydoifhoeeiimpntqeq/Build/Intermediates.noindex/knowmaps.build/Debug-iphonesimulator/knowmaps_knowmaps.build/FoursquareSectionClassifier-CoreMLPartialInfo.plist -additionalcontentfile /Users/voxels/Library/Developer/Xcode/DerivedData/Diver-fkxymducaaydoifhoeeiimpntqeq/Build/Intermediates.noindex/knowmaps.build/Debug-iphonesimulator/knowmaps_knowmaps.build/LocalMapsQueryClassifier-CoreMLPartialInfo.plist -additionalcontentfile /Users/voxels/Library/Developer/Xcode/DerivedData/Diver-fkxymducaaydoifhoeeiimpntqeq/Build/Intermediates.noindex/knowmaps.build/Debug-iphonesimulator/knowmaps_knowmaps.build/LocalMapsQueryClassifier\ 1-CoreMLPartialInfo.plist -additionalcontentfile /Users/voxels/Library/Developer/Xcode/DerivedData/Diver-fkxymducaaydoifhoeeiimpntqeq/Build/Intermediates.noindex/knowmaps.build/Debug-iphonesimulator/knowmaps_knowmaps.build/LocalMapsQueryTagger-CoreMLPartialInfo.plist -additionalcontentfile /Users/voxels/Library/Developer/Xcode/DerivedData/Diver-fkxymducaaydoifhoeeiimpntqeq/Build/Intermediates.noindex/knowmaps.build/Debug-iphonesimulator/knowmaps_knowmaps.build/LocalMapsQueryTagger\ 1-CoreMLPartialInfo.plist -additionalcontentfile /Users/voxels/Library/Developer/Xcode/DerivedData/Diver-fkxymducaaydoifhoeeiimpntqeq/Build/Intermediates.noindex/knowmaps.build/Debug-iphonesimulator/knowmaps_knowmaps.build/MiniLM-L12-Embedding-CoreMLPartialInfo.plist -additionalcontentfile /Users/voxels/Library/Developer/Xcode/DerivedData/Diver-fkxymducaaydoifhoeeiimpntqeq/Build/Intermediates.noindex/knowmaps.build/Debug-iphonesimulator/knowmaps_knowmaps.build/assetcatalog_generated_info.plist -o /Users/voxels/Library/Developer/Xcode/DerivedData/Diver-fkxymducaaydoifhoeeiimpntqeq/Build/Products/Debug-iphonesimulator/knowmaps_knowmaps.bundle/Info.plist

ExtractAppIntentsMetadata (in target 'XCTestDynamicOverlay' from project 'xctest-dynamic-overlay')
    cd /Users/voxels/Library/Developer/Xcode/DerivedData/Diver-fkxymducaaydoifhoeeiimpntqeq/SourcePackages/checkouts/xctest-dynamic-overlay
    /Applications/Xcode.app/Contents/Developer/Toolchains/XcodeDefault.xctoolchain/usr/bin/appintentsmetadataprocessor --toolchain-dir /var/run/com.apple.security.cryptexd/mnt/com.apple.MobileAsset.MetalToolchain-v17.3.48.0.YtsJvB/Metal.xctoolchain --module-name XCTestDynamicOverlay --sdk-root /Applications/Xcode.app/Contents/Developer/Platforms/iPhoneSimulator.platform/Developer/SDKs/iPhoneSimulator26.2.sdk --xcode-version 17C52 --platform-family iOS --deployment-target 13.0 --bundle-identifier xctest-dynamic-overlay.XCTestDynamicOverlay --output /Users/voxels/Library/Developer/Xcode/DerivedData/Diver-fkxymducaaydoifhoeeiimpntqeq/Build/Products/Debug-iphonesimulator/XCTestDynamicOverlay.appintents --target-triple arm64-apple-ios13.0-simulator --binary-file /Users/voxels/Library/Developer/Xcode/DerivedData/Diver-fkxymducaaydoifhoeeiimpntqeq/Build/Products/Debug-iphonesimulator/XCTestDynamicOverlay.o --dependency-file /Users/voxels/Library/Developer/Xcode/DerivedData/Diver-fkxymducaaydoifhoeeiimpntqeq/Build/Intermediates.noindex/xctest-dynamic-overlay.build/Debug-iphonesimulator/XCTestDynamicOverlay.build/Objects-normal/arm64/XCTestDynamicOverlay_dependency_info.dat --stringsdata-file /Users/voxels/Library/Developer/Xcode/DerivedData/Diver-fkxymducaaydoifhoeeiimpntqeq/Build/Intermediates.noindex/xctest-dynamic-overlay.build/Debug-iphonesimulator/XCTestDynamicOverlay.build/Objects-normal/arm64/ExtractedAppShortcutsMetadata.stringsdata --source-file-list /Users/voxels/Library/Developer/Xcode/DerivedData/Diver-fkxymducaaydoifhoeeiimpntqeq/Build/Intermediates.noindex/xctest-dynamic-overlay.build/Debug-iphonesimulator/XCTestDynamicOverlay.build/Objects-normal/arm64/XCTestDynamicOverlay.SwiftFileList --metadata-file-list /Users/voxels/Library/Developer/Xcode/DerivedData/Diver-fkxymducaaydoifhoeeiimpntqeq/Build/Intermediates.noindex/xctest-dynamic-overlay.build/Debug-iphonesimulator/XCTestDynamicOverlay.build/XCTestDynamicOverlay.DependencyMetadataFileList --static-metadata-file-list /Users/voxels/Library/Developer/Xcode/DerivedData/Diver-fkxymducaaydoifhoeeiimpntqeq/Build/Intermediates.noindex/xctest-dynamic-overlay.build/Debug-iphonesimulator/XCTestDynamicOverlay.build/XCTestDynamicOverlay.DependencyStaticMetadataFileList --swift-const-vals-list /Users/voxels/Library/Developer/Xcode/DerivedData/Diver-fkxymducaaydoifhoeeiimpntqeq/Build/Intermediates.noindex/xctest-dynamic-overlay.build/Debug-iphonesimulator/XCTestDynamicOverlay.build/Objects-normal/arm64/XCTestDynamicOverlay.SwiftConstValuesFileList --force --compile-time-extraction --deployment-aware-processing --validate-assistant-intents --no-app-shortcuts-localization
2026-01-11 04:25:47.942 appintentsmetadataprocessor[71155:7142353] Starting appintentsmetadataprocessor export
2026-01-11 04:25:48.032 appintentsmetadataprocessor[71155:7142353] Extracted no relevant App Intents symbols, skipping writing output

SwiftDriver SpotifyWebAPI normal arm64 com.apple.xcode.tools.swift.compiler (in target 'SpotifyWebAPI' from project 'SpotifyAPI')
    cd /Users/voxels/Documents/dev/Superbright/Diver/Diver/Diver.xcodeproj
    builtin-SwiftDriver -- /Applications/Xcode.app/Contents/Developer/Toolchains/XcodeDefault.xctoolchain/usr/bin/swiftc -module-name SpotifyWebAPI -Onone -enforce-exclusivity\=checked @/Users/voxels/Library/Developer/Xcode/DerivedData/Diver-fkxymducaaydoifhoeeiimpntqeq/Build/Intermediates.noindex/SpotifyAPI.build/Debug-iphonesimulator/SpotifyWebAPI.build/Objects-normal/arm64/SpotifyWebAPI.SwiftFileList -DSWIFT_PACKAGE -DDEBUG -DSWIFT_MODULE_RESOURCE_BUNDLE_UNAVAILABLE -Xcc -fmodule-map-file\=/Users/voxels/Library/Developer/Xcode/DerivedData/Diver-fkxymducaaydoifhoeeiimpntqeq/Build/Intermediates.noindex/GeneratedModuleMaps-iphonesimulator/COpenCombineHelpers.modulemap -DXcode -plugin-path /Applications/Xcode.app/Contents/Developer/Toolchains/XcodeDefault.xctoolchain/usr/lib/swift/host/plugins/testing -enable-experimental-feature DebugDescriptionMacro -sdk /Applications/Xcode.app/Contents/Developer/Platforms/iPhoneSimulator.platform/Developer/SDKs/iPhoneSimulator26.2.sdk -target arm64-apple-ios13.0-simulator -g -module-cache-path /Users/voxels/Library/Developer/Xcode/DerivedData/ModuleCache.noindex -Xfrontend -serialize-debugging-options -enable-testing -suppress-warnings -index-store-path /Users/voxels/Library/Developer/Xcode/DerivedData/Diver-fkxymducaaydoifhoeeiimpntqeq/Index.noindex/DataStore -Xcc -D_LIBCPP_HARDENING_MODE\=_LIBCPP_HARDENING_MODE_DEBUG -swift-version 5 -I /Users/voxels/Library/Developer/Xcode/DerivedData/Diver-fkxymducaaydoifhoeeiimpntqeq/Build/Products/Debug-iphonesimulator -Isystem /Applications/Xcode.app/Contents/Developer/Platforms/iPhoneSimulator.platform/Developer/usr/lib -F /Users/voxels/Library/Developer/Xcode/DerivedData/Diver-fkxymducaaydoifhoeeiimpntqeq/Build/Products/Debug-iphonesimulator/PackageFrameworks -F /Users/voxels/Library/Developer/Xcode/DerivedData/Diver-fkxymducaaydoifhoeeiimpntqeq/Build/Products/Debug-iphonesimulator/PackageFrameworks -F /Users/voxels/Library/Developer/Xcode/DerivedData/Diver-fkxymducaaydoifhoeeiimpntqeq/Build/Products/Debug-iphonesimulator/PackageFrameworks -F /Users/voxels/Library/Developer/Xcode/DerivedData/Diver-fkxymducaaydoifhoeeiimpntqeq/Build/Products/Debug-iphonesimulator/PackageFrameworks -F /Users/voxels/Library/Developer/Xcode/DerivedData/Diver-fkxymducaaydoifhoeeiimpntqeq/Build/Products/Debug-iphonesimulator/PackageFrameworks -F /Users/voxels/Library/Developer/Xcode/DerivedData/Diver-fkxymducaaydoifhoeeiimpntqeq/Build/Products/Debug-iphonesimulator/PackageFrameworks -F /Users/voxels/Library/Developer/Xcode/DerivedData/Diver-fkxymducaaydoifhoeeiimpntqeq/Build/Products/Debug-iphonesimulator/PackageFrameworks -F /Users/voxels/Library/Developer/Xcode/DerivedData/Diver-fkxymducaaydoifhoeeiimpntqeq/Build/Products/Debug-iphonesimulator/PackageFrameworks -F /Users/voxels/Library/Developer/Xcode/DerivedData/Diver-fkxymducaaydoifhoeeiimpntqeq/Build/Products/Debug-iphonesimulator/PackageFrameworks -F /Users/voxels/Library/Developer/Xcode/DerivedData/Diver-fkxymducaaydoifhoeeiimpntqeq/Build/Products/Debug-iphonesimulator -F /Applications/Xcode.app/Contents/Developer/Platforms/iPhoneSimulator.platform/Developer/Library/Frameworks -F /Applications/Xcode.app/Contents/Developer/Platforms/iPhoneSimulator.platform/Developer/SDKs/iPhoneSimulator26.2.sdk/Developer/Library/Frameworks -c -j12 -enable-batch-mode -incremental -Xcc -ivfsstatcache -Xcc /Users/voxels/Library/Developer/Xcode/DerivedData/SDKStatCaches.noindex/iphonesimulator26.2-23C53-3885c01c3e6b6a337905948deab2002e7d00a8b37fbd7999ea79df8ebc024bf0.sdkstatcache -output-file-map /Users/voxels/Library/Developer/Xcode/DerivedData/Diver-fkxymducaaydoifhoeeiimpntqeq/Build/Intermediates.noindex/SpotifyAPI.build/Debug-iphonesimulator/SpotifyWebAPI.build/Objects-normal/arm64/SpotifyWebAPI-OutputFileMap.json -use-frontend-parseable-output -save-temps -no-color-diagnostics -explicit-module-build -module-cache-path /Users/voxels/Library/Developer/Xcode/DerivedData/Diver-fkxymducaaydoifhoeeiimpntqeq/Build/Intermediates.noindex/SwiftExplicitPrecompiledModules -clang-scanner-module-cache-path /Users/voxels/Library/Developer/Xcode/DerivedData/ModuleCache.noindex -sdk-module-cache-path /Users/voxels/Library/Developer/Xcode/DerivedData/ModuleCache.noindex -serialize-diagnostics -emit-dependencies -emit-module -emit-module-path /Users/voxels/Library/Developer/Xcode/DerivedData/Diver-fkxymducaaydoifhoeeiimpntqeq/Build/Intermediates.noindex/SpotifyAPI.build/Debug-iphonesimulator/SpotifyWebAPI.build/Objects-normal/arm64/SpotifyWebAPI.swiftmodule -validate-clang-modules-once -clang-build-session-file /Users/voxels/Library/Developer/Xcode/DerivedData/ModuleCache.noindex/Session.modulevalidation -Xcc -I/Users/voxels/Library/Developer/Xcode/DerivedData/Diver-fkxymducaaydoifhoeeiimpntqeq/Build/Intermediates.noindex/SpotifyAPI.build/Debug-iphonesimulator/SpotifyWebAPI.build/swift-overrides.hmap -emit-const-values -Xfrontend -const-gather-protocols-file -Xfrontend /Users/voxels/Library/Developer/Xcode/DerivedData/Diver-fkxymducaaydoifhoeeiimpntqeq/Build/Intermediates.noindex/SpotifyAPI.build/Debug-iphonesimulator/SpotifyWebAPI.build/Objects-normal/arm64/SpotifyWebAPI_const_extract_protocols.json -Xcc -I/Users/voxels/Library/Developer/Xcode/DerivedData/Diver-fkxymducaaydoifhoeeiimpntqeq/SourcePackages/checkouts/swift-crypto/Sources/CCryptoBoringSSLShims/include -Xcc -I/Users/voxels/Library/Developer/Xcode/DerivedData/Diver-fkxymducaaydoifhoeeiimpntqeq/SourcePackages/checkouts/swift-crypto/Sources/CCryptoBoringSSL/include -Xcc -I/Users/voxels/Library/Developer/Xcode/DerivedData/Diver-fkxymducaaydoifhoeeiimpntqeq/SourcePackages/checkouts/OpenCombine/Sources/COpenCombineHelpers/include -Xcc -I/Users/voxels/Library/Developer/Xcode/DerivedData/Diver-fkxymducaaydoifhoeeiimpntqeq/Build/Products/Debug-iphonesimulator/include -Xcc -I/Users/voxels/Library/Developer/Xcode/DerivedData/Diver-fkxymducaaydoifhoeeiimpntqeq/Build/Intermediates.noindex/SpotifyAPI.build/Debug-iphonesimulator/SpotifyWebAPI.build/DerivedSources-normal/arm64 -Xcc -I/Users/voxels/Library/Developer/Xcode/DerivedData/Diver-fkxymducaaydoifhoeeiimpntqeq/Build/Intermediates.noindex/SpotifyAPI.build/Debug-iphonesimulator/SpotifyWebAPI.build/DerivedSources/arm64 -Xcc -I/Users/voxels/Library/Developer/Xcode/DerivedData/Diver-fkxymducaaydoifhoeeiimpntqeq/Build/Intermediates.noindex/SpotifyAPI.build/Debug-iphonesimulator/SpotifyWebAPI.build/DerivedSources -Xcc -DSWIFT_PACKAGE -Xcc -DDEBUG\=1 -emit-objc-header -emit-objc-header-path /Users/voxels/Library/Developer/Xcode/DerivedData/Diver-fkxymducaaydoifhoeeiimpntqeq/Build/Intermediates.noindex/SpotifyAPI.build/Debug-iphonesimulator/SpotifyWebAPI.build/Objects-normal/arm64/SpotifyWebAPI-Swift.h -working-directory /Users/voxels/Documents/dev/Superbright/Diver/Diver/Diver.xcodeproj -experimental-emit-module-separately -disable-cmo

SwiftDriver Helpers normal arm64 com.apple.xcode.tools.swift.compiler (in target 'Helpers' from project 'Supabase')
    cd /Users/voxels/Documents/dev/Superbright/Diver/Diver/Diver.xcodeproj
    builtin-SwiftDriver -- /Applications/Xcode.app/Contents/Developer/Toolchains/XcodeDefault.xctoolchain/usr/bin/swiftc -module-name Helpers -Onone -enforce-exclusivity\=checked @/Users/voxels/Library/Developer/Xcode/DerivedData/Diver-fkxymducaaydoifhoeeiimpntqeq/Build/Intermediates.noindex/Supabase.build/Debug-iphonesimulator/Helpers.build/Objects-normal/arm64/Helpers.SwiftFileList -DSWIFT_PACKAGE -DDEBUG -DSWIFT_MODULE_RESOURCE_BUNDLE_UNAVAILABLE -DXcode -enable-upcoming-feature ExistentialAny -enable-experimental-feature StrictConcurrency -plugin-path /Applications/Xcode.app/Contents/Developer/Toolchains/XcodeDefault.xctoolchain/usr/lib/swift/host/plugins/testing -enable-experimental-feature DebugDescriptionMacro -sdk /Applications/Xcode.app/Contents/Developer/Platforms/iPhoneSimulator.platform/Developer/SDKs/iPhoneSimulator26.2.sdk -target arm64-apple-ios13.0-simulator -g -module-cache-path /Users/voxels/Library/Developer/Xcode/DerivedData/ModuleCache.noindex -Xfrontend -serialize-debugging-options -enable-testing -suppress-warnings -index-store-path /Users/voxels/Library/Developer/Xcode/DerivedData/Diver-fkxymducaaydoifhoeeiimpntqeq/Index.noindex/DataStore -Xcc -D_LIBCPP_HARDENING_MODE\=_LIBCPP_HARDENING_MODE_DEBUG -swift-version 5 -I /Users/voxels/Library/Developer/Xcode/DerivedData/Diver-fkxymducaaydoifhoeeiimpntqeq/Build/Products/Debug-iphonesimulator -Isystem /Applications/Xcode.app/Contents/Developer/Platforms/iPhoneSimulator.platform/Developer/usr/lib -F /Users/voxels/Library/Developer/Xcode/DerivedData/Diver-fkxymducaaydoifhoeeiimpntqeq/Build/Products/Debug-iphonesimulator/PackageFrameworks -F /Users/voxels/Library/Developer/Xcode/DerivedData/Diver-fkxymducaaydoifhoeeiimpntqeq/Build/Products/Debug-iphonesimulator/PackageFrameworks -F /Users/voxels/Library/Developer/Xcode/DerivedData/Diver-fkxymducaaydoifhoeeiimpntqeq/Build/Products/Debug-iphonesimulator/PackageFrameworks -F /Users/voxels/Library/Developer/Xcode/DerivedData/Diver-fkxymducaaydoifhoeeiimpntqeq/Build/Products/Debug-iphonesimulator/PackageFrameworks -F /Users/voxels/Library/Developer/Xcode/DerivedData/Diver-fkxymducaaydoifhoeeiimpntqeq/Build/Products/Debug-iphonesimulator/PackageFrameworks -F /Users/voxels/Library/Developer/Xcode/DerivedData/Diver-fkxymducaaydoifhoeeiimpntqeq/Build/Products/Debug-iphonesimulator/PackageFrameworks -F /Users/voxels/Library/Developer/Xcode/DerivedData/Diver-fkxymducaaydoifhoeeiimpntqeq/Build/Products/Debug-iphonesimulator -F /Applications/Xcode.app/Contents/Developer/Platforms/iPhoneSimulator.platform/Developer/Library/Frameworks -F /Applications/Xcode.app/Contents/Developer/Platforms/iPhoneSimulator.platform/Developer/SDKs/iPhoneSimulator26.2.sdk/Developer/Library/Frameworks -c -j12 -enable-batch-mode -incremental -Xcc -ivfsstatcache -Xcc /Users/voxels/Library/Developer/Xcode/DerivedData/SDKStatCaches.noindex/iphonesimulator26.2-23C53-3885c01c3e6b6a337905948deab2002e7d00a8b37fbd7999ea79df8ebc024bf0.sdkstatcache -output-file-map /Users/voxels/Library/Developer/Xcode/DerivedData/Diver-fkxymducaaydoifhoeeiimpntqeq/Build/Intermediates.noindex/Supabase.build/Debug-iphonesimulator/Helpers.build/Objects-normal/arm64/Helpers-OutputFileMap.json -use-frontend-parseable-output -save-temps -no-color-diagnostics -explicit-module-build -module-cache-path /Users/voxels/Library/Developer/Xcode/DerivedData/Diver-fkxymducaaydoifhoeeiimpntqeq/Build/Intermediates.noindex/SwiftExplicitPrecompiledModules -clang-scanner-module-cache-path /Users/voxels/Library/Developer/Xcode/DerivedData/ModuleCache.noindex -sdk-module-cache-path /Users/voxels/Library/Developer/Xcode/DerivedData/ModuleCache.noindex -serialize-diagnostics -emit-dependencies -emit-module -emit-module-path /Users/voxels/Library/Developer/Xcode/DerivedData/Diver-fkxymducaaydoifhoeeiimpntqeq/Build/Intermediates.noindex/Supabase.build/Debug-iphonesimulator/Helpers.build/Objects-normal/arm64/Helpers.swiftmodule -validate-clang-modules-once -clang-build-session-file /Users/voxels/Library/Developer/Xcode/DerivedData/ModuleCache.noindex/Session.modulevalidation -package-name supabase_swift -Xcc -I/Users/voxels/Library/Developer/Xcode/DerivedData/Diver-fkxymducaaydoifhoeeiimpntqeq/Build/Intermediates.noindex/Supabase.build/Debug-iphonesimulator/Helpers.build/swift-overrides.hmap -emit-const-values -Xfrontend -const-gather-protocols-file -Xfrontend /Users/voxels/Library/Developer/Xcode/DerivedData/Diver-fkxymducaaydoifhoeeiimpntqeq/Build/Intermediates.noindex/Supabase.build/Debug-iphonesimulator/Helpers.build/Objects-normal/arm64/Helpers_const_extract_protocols.json -Xcc -I/Users/voxels/Library/Developer/Xcode/DerivedData/Diver-fkxymducaaydoifhoeeiimpntqeq/Build/Products/Debug-iphonesimulator/include -Xcc -I/Users/voxels/Library/Developer/Xcode/DerivedData/Diver-fkxymducaaydoifhoeeiimpntqeq/Build/Intermediates.noindex/Supabase.build/Debug-iphonesimulator/Helpers.build/DerivedSources-normal/arm64 -Xcc -I/Users/voxels/Library/Developer/Xcode/DerivedData/Diver-fkxymducaaydoifhoeeiimpntqeq/Build/Intermediates.noindex/Supabase.build/Debug-iphonesimulator/Helpers.build/DerivedSources/arm64 -Xcc -I/Users/voxels/Library/Developer/Xcode/DerivedData/Diver-fkxymducaaydoifhoeeiimpntqeq/Build/Intermediates.noindex/Supabase.build/Debug-iphonesimulator/Helpers.build/DerivedSources -Xcc -DSWIFT_PACKAGE -Xcc -DDEBUG\=1 -emit-objc-header -emit-objc-header-path /Users/voxels/Library/Developer/Xcode/DerivedData/Diver-fkxymducaaydoifhoeeiimpntqeq/Build/Intermediates.noindex/Supabase.build/Debug-iphonesimulator/Helpers.build/Objects-normal/arm64/Helpers-Swift.h -working-directory /Users/voxels/Documents/dev/Superbright/Diver/Diver/Diver.xcodeproj -experimental-emit-module-separately -disable-cmo

SwiftDriver Clocks normal arm64 com.apple.xcode.tools.swift.compiler (in target 'Clocks' from project 'swift-clocks')
    cd /Users/voxels/Documents/dev/Superbright/Diver/Diver/Diver.xcodeproj
    builtin-SwiftDriver -- /Applications/Xcode.app/Contents/Developer/Toolchains/XcodeDefault.xctoolchain/usr/bin/swiftc -module-name Clocks -Onone -enforce-exclusivity\=checked @/Users/voxels/Library/Developer/Xcode/DerivedData/Diver-fkxymducaaydoifhoeeiimpntqeq/Build/Intermediates.noindex/swift-clocks.build/Debug-iphonesimulator/Clocks.build/Objects-normal/arm64/Clocks.SwiftFileList -DSWIFT_PACKAGE -DDEBUG -DSWIFT_MODULE_RESOURCE_BUNDLE_UNAVAILABLE -DXcode -plugin-path /Applications/Xcode.app/Contents/Developer/Toolchains/XcodeDefault.xctoolchain/usr/lib/swift/host/plugins/testing -enable-experimental-feature DebugDescriptionMacro -sdk /Applications/Xcode.app/Contents/Developer/Platforms/iPhoneSimulator.platform/Developer/SDKs/iPhoneSimulator26.2.sdk -target arm64-apple-ios13.0-simulator -g -module-cache-path /Users/voxels/Library/Developer/Xcode/DerivedData/ModuleCache.noindex -Xfrontend -serialize-debugging-options -enable-testing -suppress-warnings -index-store-path /Users/voxels/Library/Developer/Xcode/DerivedData/Diver-fkxymducaaydoifhoeeiimpntqeq/Index.noindex/DataStore -Xcc -D_LIBCPP_HARDENING_MODE\=_LIBCPP_HARDENING_MODE_DEBUG -swift-version 6 -I /Users/voxels/Library/Developer/Xcode/DerivedData/Diver-fkxymducaaydoifhoeeiimpntqeq/Build/Products/Debug-iphonesimulator -Isystem /Applications/Xcode.app/Contents/Developer/Platforms/iPhoneSimulator.platform/Developer/usr/lib -F /Users/voxels/Library/Developer/Xcode/DerivedData/Diver-fkxymducaaydoifhoeeiimpntqeq/Build/Products/Debug-iphonesimulator/PackageFrameworks -F /Users/voxels/Library/Developer/Xcode/DerivedData/Diver-fkxymducaaydoifhoeeiimpntqeq/Build/Products/Debug-iphonesimulator/PackageFrameworks -F /Users/voxels/Library/Developer/Xcode/DerivedData/Diver-fkxymducaaydoifhoeeiimpntqeq/Build/Products/Debug-iphonesimulator/PackageFrameworks -F /Users/voxels/Library/Developer/Xcode/DerivedData/Diver-fkxymducaaydoifhoeeiimpntqeq/Build/Products/Debug-iphonesimulator -F /Applications/Xcode.app/Contents/Developer/Platforms/iPhoneSimulator.platform/Developer/Library/Frameworks -F /Applications/Xcode.app/Contents/Developer/Platforms/iPhoneSimulator.platform/Developer/SDKs/iPhoneSimulator26.2.sdk/Developer/Library/Frameworks -c -j12 -enable-batch-mode -incremental -Xcc -ivfsstatcache -Xcc /Users/voxels/Library/Developer/Xcode/DerivedData/SDKStatCaches.noindex/iphonesimulator26.2-23C53-3885c01c3e6b6a337905948deab2002e7d00a8b37fbd7999ea79df8ebc024bf0.sdkstatcache -output-file-map /Users/voxels/Library/Developer/Xcode/DerivedData/Diver-fkxymducaaydoifhoeeiimpntqeq/Build/Intermediates.noindex/swift-clocks.build/Debug-iphonesimulator/Clocks.build/Objects-normal/arm64/Clocks-OutputFileMap.json -use-frontend-parseable-output -save-temps -no-color-diagnostics -explicit-module-build -module-cache-path /Users/voxels/Library/Developer/Xcode/DerivedData/Diver-fkxymducaaydoifhoeeiimpntqeq/Build/Intermediates.noindex/SwiftExplicitPrecompiledModules -clang-scanner-module-cache-path /Users/voxels/Library/Developer/Xcode/DerivedData/ModuleCache.noindex -sdk-module-cache-path /Users/voxels/Library/Developer/Xcode/DerivedData/ModuleCache.noindex -serialize-diagnostics -emit-dependencies -emit-module -emit-module-path /Users/voxels/Library/Developer/Xcode/DerivedData/Diver-fkxymducaaydoifhoeeiimpntqeq/Build/Intermediates.noindex/swift-clocks.build/Debug-iphonesimulator/Clocks.build/Objects-normal/arm64/Clocks.swiftmodule -user-module-version 1.0.6 -validate-clang-modules-once -clang-build-session-file /Users/voxels/Library/Developer/Xcode/DerivedData/ModuleCache.noindex/Session.modulevalidation -package-name swift_clocks -Xcc -I/Users/voxels/Library/Developer/Xcode/DerivedData/Diver-fkxymducaaydoifhoeeiimpntqeq/Build/Intermediates.noindex/swift-clocks.build/Debug-iphonesimulator/Clocks.build/swift-overrides.hmap -emit-const-values -Xfrontend -const-gather-protocols-file -Xfrontend /Users/voxels/Library/Developer/Xcode/DerivedData/Diver-fkxymducaaydoifhoeeiimpntqeq/Build/Intermediates.noindex/swift-clocks.build/Debug-iphonesimulator/Clocks.build/Objects-normal/arm64/Clocks_const_extract_protocols.json -Xcc -I/Users/voxels/Library/Developer/Xcode/DerivedData/Diver-fkxymducaaydoifhoeeiimpntqeq/Build/Products/Debug-iphonesimulator/include -Xcc -I/Users/voxels/Library/Developer/Xcode/DerivedData/Diver-fkxymducaaydoifhoeeiimpntqeq/Build/Intermediates.noindex/swift-clocks.build/Debug-iphonesimulator/Clocks.build/DerivedSources-normal/arm64 -Xcc -I/Users/voxels/Library/Developer/Xcode/DerivedData/Diver-fkxymducaaydoifhoeeiimpntqeq/Build/Intermediates.noindex/swift-clocks.build/Debug-iphonesimulator/Clocks.build/DerivedSources/arm64 -Xcc -I/Users/voxels/Library/Developer/Xcode/DerivedData/Diver-fkxymducaaydoifhoeeiimpntqeq/Build/Intermediates.noindex/swift-clocks.build/Debug-iphonesimulator/Clocks.build/DerivedSources -Xcc -DSWIFT_PACKAGE -Xcc -DDEBUG\=1 -emit-objc-header -emit-objc-header-path /Users/voxels/Library/Developer/Xcode/DerivedData/Diver-fkxymducaaydoifhoeeiimpntqeq/Build/Intermediates.noindex/swift-clocks.build/Debug-iphonesimulator/Clocks.build/Objects-normal/arm64/Clocks-Swift.h -working-directory /Users/voxels/Documents/dev/Superbright/Diver/Diver/Diver.xcodeproj -experimental-emit-module-separately -disable-cmo

SwiftDriver DiverKit normal arm64 com.apple.xcode.tools.swift.compiler (in target 'DiverKit' from project 'DiverKit')
    cd /Users/voxels/Documents/dev/Superbright/Diver/Diver/Diver.xcodeproj
    builtin-SwiftDriver -- /Applications/Xcode.app/Contents/Developer/Toolchains/XcodeDefault.xctoolchain/usr/bin/swiftc -module-name DiverKit -Onone -enforce-exclusivity\=checked @/Users/voxels/Library/Developer/Xcode/DerivedData/Diver-fkxymducaaydoifhoeeiimpntqeq/Build/Intermediates.noindex/DiverKit.build/Debug-iphonesimulator/DiverKit.build/Objects-normal/arm64/DiverKit.SwiftFileList -DSWIFT_PACKAGE -DDEBUG -DSWIFT_MODULE_RESOURCE_BUNDLE_AVAILABLE -Xcc -fmodule-map-file\=/Users/voxels/Library/Developer/Xcode/DerivedData/Diver-fkxymducaaydoifhoeeiimpntqeq/Build/Intermediates.noindex/GeneratedModuleMaps-iphonesimulator/COpenCombineHelpers.modulemap -DXcode -plugin-path /Applications/Xcode.app/Contents/Developer/Toolchains/XcodeDefault.xctoolchain/usr/lib/swift/host/plugins/testing -enable-experimental-feature DebugDescriptionMacro -sdk /Applications/Xcode.app/Contents/Developer/Platforms/iPhoneSimulator.platform/Developer/SDKs/iPhoneSimulator26.2.sdk -target arm64-apple-ios18.0-simulator -g -module-cache-path /Users/voxels/Library/Developer/Xcode/DerivedData/ModuleCache.noindex -Xfrontend -serialize-debugging-options -enable-testing -index-store-path /Users/voxels/Library/Developer/Xcode/DerivedData/Diver-fkxymducaaydoifhoeeiimpntqeq/Index.noindex/DataStore -Xcc -D_LIBCPP_HARDENING_MODE\=_LIBCPP_HARDENING_MODE_DEBUG -swift-version 6 -I /Users/voxels/Library/Developer/Xcode/DerivedData/Diver-fkxymducaaydoifhoeeiimpntqeq/Build/Products/Debug-iphonesimulator -Isystem /Applications/Xcode.app/Contents/Developer/Platforms/iPhoneSimulator.platform/Developer/usr/lib -F /Users/voxels/Library/Developer/Xcode/DerivedData/Diver-fkxymducaaydoifhoeeiimpntqeq/Build/Products/Debug-iphonesimulator/PackageFrameworks -F /Users/voxels/Library/Developer/Xcode/DerivedData/Diver-fkxymducaaydoifhoeeiimpntqeq/Build/Products/Debug-iphonesimulator/PackageFrameworks -F /Users/voxels/Library/Developer/Xcode/DerivedData/Diver-fkxymducaaydoifhoeeiimpntqeq/Build/Products/Debug-iphonesimulator/PackageFrameworks -F /Users/voxels/Library/Developer/Xcode/DerivedData/Diver-fkxymducaaydoifhoeeiimpntqeq/Build/Products/Debug-iphonesimulator/PackageFrameworks -F /Users/voxels/Library/Developer/Xcode/DerivedData/Diver-fkxymducaaydoifhoeeiimpntqeq/Build/Products/Debug-iphonesimulator/PackageFrameworks -F /Users/voxels/Library/Developer/Xcode/DerivedData/Diver-fkxymducaaydoifhoeeiimpntqeq/Build/Products/Debug-iphonesimulator/PackageFrameworks -F /Users/voxels/Library/Developer/Xcode/DerivedData/Diver-fkxymducaaydoifhoeeiimpntqeq/Build/Products/Debug-iphonesimulator/PackageFrameworks -F /Users/voxels/Library/Developer/Xcode/DerivedData/Diver-fkxymducaaydoifhoeeiimpntqeq/Build/Products/Debug-iphonesimulator/PackageFrameworks -F /Users/voxels/Library/Developer/Xcode/DerivedData/Diver-fkxymducaaydoifhoeeiimpntqeq/Build/Products/Debug-iphonesimulator/PackageFrameworks -F /Users/voxels/Library/Developer/Xcode/DerivedData/Diver-fkxymducaaydoifhoeeiimpntqeq/Build/Products/Debug-iphonesimulator/PackageFrameworks -F /Users/voxels/Library/Developer/Xcode/DerivedData/Diver-fkxymducaaydoifhoeeiimpntqeq/Build/Products/Debug-iphonesimulator/PackageFrameworks -F /Users/voxels/Library/Developer/Xcode/DerivedData/Diver-fkxymducaaydoifhoeeiimpntqeq/Build/Products/Debug-iphonesimulator/PackageFrameworks -F /Users/voxels/Library/Developer/Xcode/DerivedData/Diver-fkxymducaaydoifhoeeiimpntqeq/Build/Products/Debug-iphonesimulator -F /Applications/Xcode.app/Contents/Developer/Platforms/iPhoneSimulator.platform/Developer/Library/Frameworks -F /Applications/Xcode.app/Contents/Developer/Platforms/iPhoneSimulator.platform/Developer/SDKs/iPhoneSimulator26.2.sdk/Developer/Library/Frameworks -c -j12 -enable-batch-mode -incremental -Xcc -ivfsstatcache -Xcc /Users/voxels/Library/Developer/Xcode/DerivedData/SDKStatCaches.noindex/iphonesimulator26.2-23C53-3885c01c3e6b6a337905948deab2002e7d00a8b37fbd7999ea79df8ebc024bf0.sdkstatcache -output-file-map /Users/voxels/Library/Developer/Xcode/DerivedData/Diver-fkxymducaaydoifhoeeiimpntqeq/Build/Intermediates.noindex/DiverKit.build/Debug-iphonesimulator/DiverKit.build/Objects-normal/arm64/DiverKit-OutputFileMap.json -use-frontend-parseable-output -save-temps -no-color-diagnostics -explicit-module-build -module-cache-path /Users/voxels/Library/Developer/Xcode/DerivedData/Diver-fkxymducaaydoifhoeeiimpntqeq/Build/Intermediates.noindex/SwiftExplicitPrecompiledModules -clang-scanner-module-cache-path /Users/voxels/Library/Developer/Xcode/DerivedData/ModuleCache.noindex -sdk-module-cache-path /Users/voxels/Library/Developer/Xcode/DerivedData/ModuleCache.noindex -serialize-diagnostics -emit-dependencies -emit-module -emit-module-path /Users/voxels/Library/Developer/Xcode/DerivedData/Diver-fkxymducaaydoifhoeeiimpntqeq/Build/Intermediates.noindex/DiverKit.build/Debug-iphonesimulator/DiverKit.build/Objects-normal/arm64/DiverKit.swiftmodule -validate-clang-modules-once -clang-build-session-file /Users/voxels/Library/Developer/Xcode/DerivedData/ModuleCache.noindex/Session.modulevalidation -package-name diverkit -Xcc -I/Users/voxels/Library/Developer/Xcode/DerivedData/Diver-fkxymducaaydoifhoeeiimpntqeq/Build/Intermediates.noindex/DiverKit.build/Debug-iphonesimulator/DiverKit.build/swift-overrides.hmap -emit-const-values -Xfrontend -const-gather-protocols-file -Xfrontend /Users/voxels/Library/Developer/Xcode/DerivedData/Diver-fkxymducaaydoifhoeeiimpntqeq/Build/Intermediates.noindex/DiverKit.build/Debug-iphonesimulator/DiverKit.build/Objects-normal/arm64/DiverKit_const_extract_protocols.json -Xcc -I/Users/voxels/Library/Developer/Xcode/DerivedData/Diver-fkxymducaaydoifhoeeiimpntqeq/SourcePackages/checkouts/swift-crypto/Sources/CCryptoBoringSSLShims/include -Xcc -I/Users/voxels/Library/Developer/Xcode/DerivedData/Diver-fkxymducaaydoifhoeeiimpntqeq/SourcePackages/checkouts/swift-crypto/Sources/CCryptoBoringSSL/include -Xcc -I/Users/voxels/Library/Developer/Xcode/DerivedData/Diver-fkxymducaaydoifhoeeiimpntqeq/SourcePackages/checkouts/OpenCombine/Sources/COpenCombineHelpers/include -Xcc -I/Users/voxels/Library/Developer/Xcode/DerivedData/Diver-fkxymducaaydoifhoeeiimpntqeq/Build/Products/Debug-iphonesimulator/include -Xcc -I/Users/voxels/Library/Developer/Xcode/DerivedData/Diver-fkxymducaaydoifhoeeiimpntqeq/Build/Intermediates.noindex/DiverKit.build/Debug-iphonesimulator/DiverKit.build/DerivedSources-normal/arm64 -Xcc -I/Users/voxels/Library/Developer/Xcode/DerivedData/Diver-fkxymducaaydoifhoeeiimpntqeq/Build/Intermediates.noindex/DiverKit.build/Debug-iphonesimulator/DiverKit.build/DerivedSources/arm64 -Xcc -I/Users/voxels/Library/Developer/Xcode/DerivedData/Diver-fkxymducaaydoifhoeeiimpntqeq/Build/Intermediates.noindex/DiverKit.build/Debug-iphonesimulator/DiverKit.build/DerivedSources -Xcc -DSWIFT_PACKAGE -Xcc -DDEBUG\=1 -emit-objc-header -emit-objc-header-path /Users/voxels/Library/Developer/Xcode/DerivedData/Diver-fkxymducaaydoifhoeeiimpntqeq/Build/Intermediates.noindex/DiverKit.build/Debug-iphonesimulator/DiverKit.build/Objects-normal/arm64/DiverKit-Swift.h -working-directory /Users/voxels/Documents/dev/Superbright/Diver/Diver/Diver.xcodeproj -experimental-emit-module-separately -disable-cmo
/Users/voxels/Documents/dev/Superbright/Diver/DiverKit/Sources/DiverKit/Services/LocalPipelineService.swift:902:5: error: attribute 'private' can only be used in a non-local scope
    private func searchLiveEvents(place: String, service: DuckDuckGoEnrichmentService) async -> String? {
    ^
/Users/voxels/Documents/dev/Superbright/Diver/DiverKit/Sources/DiverKit/Services/LocalPipelineService.swift:920:5: error: attribute 'private' can only be used in a non-local scope
    private func generateAndSaveSessionSummary(sessionID: String) async {
    ^
/Users/voxels/Documents/dev/Superbright/Diver/DiverKit/Sources/DiverKit/Services/LocalPipelineService.swift:989:1: error: expected '}' in class

^
/Users/voxels/Documents/dev/Superbright/Diver/DiverKit/Sources/DiverKit/Services/LocalPipelineService.swift:7:41: note: to match this opening '{'
public final class LocalPipelineService {
                                        ^
/Users/voxels/Documents/dev/Superbright/Diver/DiverKit/Sources/DiverKit/Services/LocalPipelineService.swift:902:5: error: Attribute 'private' can only be used in a non-local scope
    private func searchLiveEvents(place: String, service: DuckDuckGoEnrichmentService) async -> String? {
    ^ (in target 'DiverKit' from project 'DiverKit')
/Users/voxels/Documents/dev/Superbright/Diver/DiverKit/Sources/DiverKit/Services/LocalPipelineService.swift:920:5: error: Attribute 'private' can only be used in a non-local scope
    private func generateAndSaveSessionSummary(sessionID: String) async {
    ^ (in target 'DiverKit' from project 'DiverKit')
/Users/voxels/Documents/dev/Superbright/Diver/DiverKit/Sources/DiverKit/Services/LocalPipelineService.swift:989:1: error: Expected '}' in class

^ (in target 'DiverKit' from project 'DiverKit')
/Users/voxels/Documents/dev/Superbright/Diver/DiverKit/Sources/DiverKit/Services/LocalPipelineService.swift:7:41: note: To match this opening '{'
public final class LocalPipelineService {
                                        ^ (in target 'DiverKit' from project 'DiverKit')

RegisterExecutionPolicyException /Users/voxels/Library/Developer/Xcode/DerivedData/Diver-fkxymducaaydoifhoeeiimpntqeq/Build/Products/Debug-iphonesimulator/XCTestDynamicOverlay.o (in target 'XCTestDynamicOverlay' from project 'xctest-dynamic-overlay')
    cd /Users/voxels/Library/Developer/Xcode/DerivedData/Diver-fkxymducaaydoifhoeeiimpntqeq/SourcePackages/checkouts/xctest-dynamic-overlay
    builtin-RegisterExecutionPolicyException /Users/voxels/Library/Developer/Xcode/DerivedData/Diver-fkxymducaaydoifhoeeiimpntqeq/Build/Products/Debug-iphonesimulator/XCTestDynamicOverlay.o

SwiftCompile normal arm64 Compiling\ UnimplementedClock.swift /Users/voxels/Library/Developer/Xcode/DerivedData/Diver-fkxymducaaydoifhoeeiimpntqeq/SourcePackages/checkouts/swift-clocks/Sources/Clocks/UnimplementedClock.swift (in target 'Clocks' from project 'swift-clocks')

SwiftCompile normal arm64 /Users/voxels/Library/Developer/Xcode/DerivedData/Diver-fkxymducaaydoifhoeeiimpntqeq/SourcePackages/checkouts/swift-clocks/Sources/Clocks/UnimplementedClock.swift (in target 'Clocks' from project 'swift-clocks')
    cd /Users/voxels/Documents/dev/Superbright/Diver/Diver/Diver.xcodeproj
    

SwiftEmitModule normal arm64 Emitting\ module\ for\ Clocks (in target 'Clocks' from project 'swift-clocks')

EmitSwiftModule normal arm64 (in target 'Clocks' from project 'swift-clocks')
    cd /Users/voxels/Documents/dev/Superbright/Diver/Diver/Diver.xcodeproj
    

SwiftCompile normal arm64 Compiling\ TestClock.swift /Users/voxels/Library/Developer/Xcode/DerivedData/Diver-fkxymducaaydoifhoeeiimpntqeq/SourcePackages/checkouts/swift-clocks/Sources/Clocks/TestClock.swift (in target 'Clocks' from project 'swift-clocks')
SwiftCompile normal arm64 /Users/voxels/Library/Developer/Xcode/DerivedData/Diver-fkxymducaaydoifhoeeiimpntqeq/SourcePackages/checkouts/swift-clocks/Sources/Clocks/TestClock.swift (in target 'Clocks' from project 'swift-clocks')
    cd /Users/voxels/Documents/dev/Superbright/Diver/Diver/Diver.xcodeproj
    

SwiftCompile normal arm64 Compiling\ AsyncValueSubject.swift,\ Codable.swift /Users/voxels/Library/Developer/Xcode/DerivedData/Diver-fkxymducaaydoifhoeeiimpntqeq/SourcePackages/checkouts/supabase-swift/Sources/Helpers/AsyncValueSubject.swift /Users/voxels/Library/Developer/Xcode/DerivedData/Diver-fkxymducaaydoifhoeeiimpntqeq/SourcePackages/checkouts/supabase-swift/Sources/Helpers/Codable.swift (in target 'Helpers' from project 'Supabase')

SwiftCompile normal arm64 /Users/voxels/Library/Developer/Xcode/DerivedData/Diver-fkxymducaaydoifhoeeiimpntqeq/SourcePackages/checkouts/supabase-swift/Sources/Helpers/AsyncValueSubject.swift (in target 'Helpers' from project 'Supabase')
    cd /Users/voxels/Documents/dev/Superbright/Diver/Diver/Diver.xcodeproj
    

SwiftCompile normal arm64 /Users/voxels/Library/Developer/Xcode/DerivedData/Diver-fkxymducaaydoifhoeeiimpntqeq/SourcePackages/checkouts/supabase-swift/Sources/Helpers/Codable.swift (in target 'Helpers' from project 'Supabase')
    cd /Users/voxels/Documents/dev/Superbright/Diver/Diver/Diver.xcodeproj
    

SwiftCompile normal arm64 Compiling\ HTTPFields.swift,\ HTTPRequest.swift /Users/voxels/Library/Developer/Xcode/DerivedData/Diver-fkxymducaaydoifhoeeiimpntqeq/SourcePackages/checkouts/supabase-swift/Sources/Helpers/HTTP/HTTPFields.swift /Users/voxels/Library/Developer/Xcode/DerivedData/Diver-fkxymducaaydoifhoeeiimpntqeq/SourcePackages/checkouts/supabase-swift/Sources/Helpers/HTTP/HTTPRequest.swift (in target 'Helpers' from project 'Supabase')

SwiftCompile normal arm64 /Users/voxels/Library/Developer/Xcode/DerivedData/Diver-fkxymducaaydoifhoeeiimpntqeq/SourcePackages/checkouts/supabase-swift/Sources/Helpers/HTTP/HTTPFields.swift (in target 'Helpers' from project 'Supabase')
    cd /Users/voxels/Documents/dev/Superbright/Diver/Diver/Diver.xcodeproj
    

SwiftCompile normal arm64 /Users/voxels/Library/Developer/Xcode/DerivedData/Diver-fkxymducaaydoifhoeeiimpntqeq/SourcePackages/checkouts/supabase-swift/Sources/Helpers/HTTP/HTTPRequest.swift (in target 'Helpers' from project 'Supabase')
    cd /Users/voxels/Documents/dev/Superbright/Diver/Diver/Diver.xcodeproj
    

SwiftCompile normal arm64 Compiling\ FoundationExtensions.swift,\ HTTPClient.swift /Users/voxels/Library/Developer/Xcode/DerivedData/Diver-fkxymducaaydoifhoeeiimpntqeq/SourcePackages/checkouts/supabase-swift/Sources/Helpers/FoundationExtensions.swift /Users/voxels/Library/Developer/Xcode/DerivedData/Diver-fkxymducaaydoifhoeeiimpntqeq/SourcePackages/checkouts/supabase-swift/Sources/Helpers/HTTP/HTTPClient.swift (in target 'Helpers' from project 'Supabase')

SwiftCompile normal arm64 /Users/voxels/Library/Developer/Xcode/DerivedData/Diver-fkxymducaaydoifhoeeiimpntqeq/SourcePackages/checkouts/supabase-swift/Sources/Helpers/FoundationExtensions.swift (in target 'Helpers' from project 'Supabase')
    cd /Users/voxels/Documents/dev/Superbright/Diver/Diver/Diver.xcodeproj
    

SwiftCompile normal arm64 /Users/voxels/Library/Developer/Xcode/DerivedData/Diver-fkxymducaaydoifhoeeiimpntqeq/SourcePackages/checkouts/supabase-swift/Sources/Helpers/HTTP/HTTPClient.swift (in target 'Helpers' from project 'Supabase')
    cd /Users/voxels/Documents/dev/Superbright/Diver/Diver/Diver.xcodeproj
    

SwiftEmitModule normal arm64 Emitting\ module\ for\ Helpers (in target 'Helpers' from project 'Supabase')

EmitSwiftModule normal arm64 (in target 'Helpers' from project 'Supabase')
    cd /Users/voxels/Documents/dev/Superbright/Diver/Diver/Diver.xcodeproj
    

SwiftCompile normal arm64 Compiling\ DateFormatter.swift,\ EventEmitter.swift /Users/voxels/Library/Developer/Xcode/DerivedData/Diver-fkxymducaaydoifhoeeiimpntqeq/SourcePackages/checkouts/supabase-swift/Sources/Helpers/DateFormatter.swift /Users/voxels/Library/Developer/Xcode/DerivedData/Diver-fkxymducaaydoifhoeeiimpntqeq/SourcePackages/checkouts/supabase-swift/Sources/Helpers/EventEmitter.swift (in target 'Helpers' from project 'Supabase')

SwiftCompile normal arm64 /Users/voxels/Library/Developer/Xcode/DerivedData/Diver-fkxymducaaydoifhoeeiimpntqeq/SourcePackages/checkouts/supabase-swift/Sources/Helpers/DateFormatter.swift (in target 'Helpers' from project 'Supabase')
    cd /Users/voxels/Documents/dev/Superbright/Diver/Diver/Diver.xcodeproj
    

SwiftCompile normal arm64 /Users/voxels/Library/Developer/Xcode/DerivedData/Diver-fkxymducaaydoifhoeeiimpntqeq/SourcePackages/checkouts/supabase-swift/Sources/Helpers/EventEmitter.swift (in target 'Helpers' from project 'Supabase')
    cd /Users/voxels/Documents/dev/Superbright/Diver/Diver/Diver.xcodeproj
    

SwiftCompile normal arm64 Compiling\ OSLogSupabaseLogger.swift,\ SupabaseLogger.swift /Users/voxels/Library/Developer/Xcode/DerivedData/Diver-fkxymducaaydoifhoeeiimpntqeq/SourcePackages/checkouts/supabase-swift/Sources/Helpers/Logger/OSLogSupabaseLogger.swift /Users/voxels/Library/Developer/Xcode/DerivedData/Diver-fkxymducaaydoifhoeeiimpntqeq/SourcePackages/checkouts/supabase-swift/Sources/Helpers/Logger/SupabaseLogger.swift (in target 'Helpers' from project 'Supabase')
SwiftCompile normal arm64 /Users/voxels/Library/Developer/Xcode/DerivedData/Diver-fkxymducaaydoifhoeeiimpntqeq/SourcePackages/checkouts/supabase-swift/Sources/Helpers/Logger/OSLogSupabaseLogger.swift (in target 'Helpers' from project 'Supabase')
    cd /Users/voxels/Documents/dev/Superbright/Diver/Diver/Diver.xcodeproj
    

SwiftCompile normal arm64 /Users/voxels/Library/Developer/Xcode/DerivedData/Diver-fkxymducaaydoifhoeeiimpntqeq/SourcePackages/checkouts/supabase-swift/Sources/Helpers/Logger/SupabaseLogger.swift (in target 'Helpers' from project 'Supabase')
    cd /Users/voxels/Documents/dev/Superbright/Diver/Diver/Diver.xcodeproj
    

SwiftCompile normal arm64 Compiling\ HTTPResponse.swift,\ LoggerInterceptor.swift /Users/voxels/Library/Developer/Xcode/DerivedData/Diver-fkxymducaaydoifhoeeiimpntqeq/SourcePackages/checkouts/supabase-swift/Sources/Helpers/HTTP/HTTPResponse.swift /Users/voxels/Library/Developer/Xcode/DerivedData/Diver-fkxymducaaydoifhoeeiimpntqeq/SourcePackages/checkouts/supabase-swift/Sources/Helpers/HTTP/LoggerInterceptor.swift (in target 'Helpers' from project 'Supabase')

SwiftCompile normal arm64 /Users/voxels/Library/Developer/Xcode/DerivedData/Diver-fkxymducaaydoifhoeeiimpntqeq/SourcePackages/checkouts/supabase-swift/Sources/Helpers/HTTP/HTTPResponse.swift (in target 'Helpers' from project 'Supabase')
    cd /Users/voxels/Documents/dev/Superbright/Diver/Diver/Diver.xcodeproj
    

SwiftCompile normal arm64 /Users/voxels/Library/Developer/Xcode/DerivedData/Diver-fkxymducaaydoifhoeeiimpntqeq/SourcePackages/checkouts/supabase-swift/Sources/Helpers/HTTP/LoggerInterceptor.swift (in target 'Helpers' from project 'Supabase')
    cd /Users/voxels/Documents/dev/Superbright/Diver/Diver/Diver.xcodeproj
    

SwiftCompile normal arm64 Compiling\ URLSession+AsyncAwait.swift,\ Version.swift /Users/voxels/Library/Developer/Xcode/DerivedData/Diver-fkxymducaaydoifhoeeiimpntqeq/SourcePackages/checkouts/supabase-swift/Sources/Helpers/URLSession+AsyncAwait.swift /Users/voxels/Library/Developer/Xcode/DerivedData/Diver-fkxymducaaydoifhoeeiimpntqeq/SourcePackages/checkouts/supabase-swift/Sources/Helpers/Version.swift (in target 'Helpers' from project 'Supabase')

SwiftCompile normal arm64 /Users/voxels/Library/Developer/Xcode/DerivedData/Diver-fkxymducaaydoifhoeeiimpntqeq/SourcePackages/checkouts/supabase-swift/Sources/Helpers/URLSession+AsyncAwait.swift (in target 'Helpers' from project 'Supabase')
    cd /Users/voxels/Documents/dev/Superbright/Diver/Diver/Diver.xcodeproj
    

SwiftCompile normal arm64 /Users/voxels/Library/Developer/Xcode/DerivedData/Diver-fkxymducaaydoifhoeeiimpntqeq/SourcePackages/checkouts/supabase-swift/Sources/Helpers/Version.swift (in target 'Helpers' from project 'Supabase')
    cd /Users/voxels/Documents/dev/Superbright/Diver/Diver/Diver.xcodeproj
    

SwiftEmitModule normal arm64 Emitting\ module\ for\ SpotifyWebAPI (in target 'SpotifyWebAPI' from project 'SpotifyAPI')

EmitSwiftModule normal arm64 (in target 'SpotifyWebAPI' from project 'SpotifyAPI')
    cd /Users/voxels/Documents/dev/Superbright/Diver/Diver/Diver.xcodeproj
    

SwiftCompile normal arm64 Compiling\ PlaybackRequest+Context.swift /Users/voxels/Library/Developer/Xcode/DerivedData/Diver-fkxymducaaydoifhoeeiimpntqeq/SourcePackages/checkouts/SpotifyAPI/Sources/SpotifyWebAPI/Object\ Model/Post\ Request\ Objects/Player\ Objects/PlaybackRequest+Context.swift (in target 'SpotifyWebAPI' from project 'SpotifyAPI')

SwiftCompile normal arm64 /Users/voxels/Library/Developer/Xcode/DerivedData/Diver-fkxymducaaydoifhoeeiimpntqeq/SourcePackages/checkouts/SpotifyAPI/Sources/SpotifyWebAPI/Object\ Model/Post\ Request\ Objects/Player\ Objects/PlaybackRequest+Context.swift (in target 'SpotifyWebAPI' from project 'SpotifyAPI')
    cd /Users/voxels/Documents/dev/Superbright/Diver/Diver/Diver.xcodeproj
    

SwiftDriverJobDiscovery normal arm64 Compiling AsyncValueSubject.swift, Codable.swift (in target 'Helpers' from project 'Supabase')

SwiftCompile normal arm64 Compiling\ TimeRange.swift /Users/voxels/Library/Developer/Xcode/DerivedData/Diver-fkxymducaaydoifhoeeiimpntqeq/SourcePackages/checkouts/SpotifyAPI/Sources/SpotifyWebAPI/Object\ Model/Post\ Request\ Objects/Other\ Objects/TimeRange.swift (in target 'SpotifyWebAPI' from project 'SpotifyAPI')

SwiftCompile normal arm64 /Users/voxels/Library/Developer/Xcode/DerivedData/Diver-fkxymducaaydoifhoeeiimpntqeq/SourcePackages/checkouts/SpotifyAPI/Sources/SpotifyWebAPI/Object\ Model/Post\ Request\ Objects/Other\ Objects/TimeRange.swift (in target 'SpotifyWebAPI' from project 'SpotifyAPI')
    cd /Users/voxels/Documents/dev/Superbright/Diver/Diver/Diver.xcodeproj
    

SwiftDriverJobDiscovery normal arm64 Compiling UnimplementedClock.swift (in target 'Clocks' from project 'swift-clocks')

SwiftCompile normal arm64 Compiling\ Show.swift /Users/voxels/Library/Developer/Xcode/DerivedData/Diver-fkxymducaaydoifhoeeiimpntqeq/SourcePackages/checkouts/SpotifyAPI/Sources/SpotifyWebAPI/Object\ Model/Podcast\ Objects/Show.swift (in target 'SpotifyWebAPI' from project 'SpotifyAPI')

SwiftCompile normal arm64 /Users/voxels/Library/Developer/Xcode/DerivedData/Diver-fkxymducaaydoifhoeeiimpntqeq/SourcePackages/checkouts/SpotifyAPI/Sources/SpotifyWebAPI/Object\ Model/Podcast\ Objects/Show.swift (in target 'SpotifyWebAPI' from project 'SpotifyAPI')
    cd /Users/voxels/Documents/dev/Superbright/Diver/Diver/Diver.xcodeproj
    

SwiftDriverJobDiscovery normal arm64 Compiling FoundationExtensions.swift, HTTPClient.swift (in target 'Helpers' from project 'Supabase')

SwiftCompile normal arm64 Compiling\ TrackAttributes.swift /Users/voxels/Library/Developer/Xcode/DerivedData/Diver-fkxymducaaydoifhoeeiimpntqeq/SourcePackages/checkouts/SpotifyAPI/Sources/SpotifyWebAPI/Object\ Model/Post\ Request\ Objects/Other\ Objects/TrackAttributes.swift (in target 'SpotifyWebAPI' from project 'SpotifyAPI')

SwiftCompile normal arm64 /Users/voxels/Library/Developer/Xcode/DerivedData/Diver-fkxymducaaydoifhoeeiimpntqeq/SourcePackages/checkouts/SpotifyAPI/Sources/SpotifyWebAPI/Object\ Model/Post\ Request\ Objects/Other\ Objects/TrackAttributes.swift (in target 'SpotifyWebAPI' from project 'SpotifyAPI')
    cd /Users/voxels/Documents/dev/Superbright/Diver/Diver/Diver.xcodeproj
    

SwiftDriverJobDiscovery normal arm64 Compiling HTTPFields.swift, HTTPRequest.swift (in target 'Helpers' from project 'Supabase')

SwiftCompile normal arm64 Compiling\ TimeReference.swift /Users/voxels/Library/Developer/Xcode/DerivedData/Diver-fkxymducaaydoifhoeeiimpntqeq/SourcePackages/checkouts/SpotifyAPI/Sources/SpotifyWebAPI/Object\ Model/Post\ Request\ Objects/Player\ Objects/TimeReference.swift (in target 'SpotifyWebAPI' from project 'SpotifyAPI')

SwiftCompile normal arm64 /Users/voxels/Library/Developer/Xcode/DerivedData/Diver-fkxymducaaydoifhoeeiimpntqeq/SourcePackages/checkouts/SpotifyAPI/Sources/SpotifyWebAPI/Object\ Model/Post\ Request\ Objects/Player\ Objects/TimeReference.swift (in target 'SpotifyWebAPI' from project 'SpotifyAPI')
    cd /Users/voxels/Documents/dev/Superbright/Diver/Diver/Diver.xcodeproj
    

SwiftDriverJobDiscovery normal arm64 Compiling DateFormatter.swift, EventEmitter.swift (in target 'Helpers' from project 'Supabase')

SwiftCompile normal arm64 Compiling\ AttributeRange.swift /Users/voxels/Library/Developer/Xcode/DerivedData/Diver-fkxymducaaydoifhoeeiimpntqeq/SourcePackages/checkouts/SpotifyAPI/Sources/SpotifyWebAPI/Object\ Model/Post\ Request\ Objects/Other\ Objects/AttributeRange.swift (in target 'SpotifyWebAPI' from project 'SpotifyAPI')

SwiftCompile normal arm64 /Users/voxels/Library/Developer/Xcode/DerivedData/Diver-fkxymducaaydoifhoeeiimpntqeq/SourcePackages/checkouts/SpotifyAPI/Sources/SpotifyWebAPI/Object\ Model/Post\ Request\ Objects/Other\ Objects/AttributeRange.swift (in target 'SpotifyWebAPI' from project 'SpotifyAPI')
    cd /Users/voxels/Documents/dev/Superbright/Diver/Diver/Diver.xcodeproj
    

SwiftDriverJobDiscovery normal arm64 Compiling URLSession+AsyncAwait.swift, Version.swift (in target 'Helpers' from project 'Supabase')

SwiftCompile normal arm64 Compiling\ PlaylistItemsReference.swift /Users/voxels/Library/Developer/Xcode/DerivedData/Diver-fkxymducaaydoifhoeeiimpntqeq/SourcePackages/checkouts/SpotifyAPI/Sources/SpotifyWebAPI/Object\ Model/Playlist\ Objects/PlaylistItemsReference.swift (in target 'SpotifyWebAPI' from project 'SpotifyAPI')

SwiftDriverJobDiscovery normal arm64 Compiling HTTPResponse.swift, LoggerInterceptor.swift (in target 'Helpers' from project 'Supabase')

SwiftCompile normal arm64 Compiling\ PlaybackRequest+Offset.swift /Users/voxels/Library/Developer/Xcode/DerivedData/Diver-fkxymducaaydoifhoeeiimpntqeq/SourcePackages/checkouts/SpotifyAPI/Sources/SpotifyWebAPI/Object\ Model/Post\ Request\ Objects/Player\ Objects/PlaybackRequest+Offset.swift (in target 'SpotifyWebAPI' from project 'SpotifyAPI')

SwiftDriverJobDiscovery normal arm64 Emitting module for Helpers (in target 'Helpers' from project 'Supabase')

SwiftDriver\ Compilation\ Requirements Helpers normal arm64 com.apple.xcode.tools.swift.compiler (in target 'Helpers' from project 'Supabase')
    cd /Users/voxels/Documents/dev/Superbright/Diver/Diver/Diver.xcodeproj
    builtin-Swift-Compilation-Requirements -- /Applications/Xcode.app/Contents/Developer/Toolchains/XcodeDefault.xctoolchain/usr/bin/swiftc -module-name Helpers -Onone -enforce-exclusivity\=checked @/Users/voxels/Library/Developer/Xcode/DerivedData/Diver-fkxymducaaydoifhoeeiimpntqeq/Build/Intermediates.noindex/Supabase.build/Debug-iphonesimulator/Helpers.build/Objects-normal/arm64/Helpers.SwiftFileList -DSWIFT_PACKAGE -DDEBUG -DSWIFT_MODULE_RESOURCE_BUNDLE_UNAVAILABLE -DXcode -enable-upcoming-feature ExistentialAny -enable-experimental-feature StrictConcurrency -plugin-path /Applications/Xcode.app/Contents/Developer/Toolchains/XcodeDefault.xctoolchain/usr/lib/swift/host/plugins/testing -enable-experimental-feature DebugDescriptionMacro -sdk /Applications/Xcode.app/Contents/Developer/Platforms/iPhoneSimulator.platform/Developer/SDKs/iPhoneSimulator26.2.sdk -target arm64-apple-ios13.0-simulator -g -module-cache-path /Users/voxels/Library/Developer/Xcode/DerivedData/ModuleCache.noindex -Xfrontend -serialize-debugging-options -enable-testing -suppress-warnings -index-store-path /Users/voxels/Library/Developer/Xcode/DerivedData/Diver-fkxymducaaydoifhoeeiimpntqeq/Index.noindex/DataStore -Xcc -D_LIBCPP_HARDENING_MODE\=_LIBCPP_HARDENING_MODE_DEBUG -swift-version 5 -I /Users/voxels/Library/Developer/Xcode/DerivedData/Diver-fkxymducaaydoifhoeeiimpntqeq/Build/Products/Debug-iphonesimulator -Isystem /Applications/Xcode.app/Contents/Developer/Platforms/iPhoneSimulator.platform/Developer/usr/lib -F /Users/voxels/Library/Developer/Xcode/DerivedData/Diver-fkxymducaaydoifhoeeiimpntqeq/Build/Products/Debug-iphonesimulator/PackageFrameworks -F /Users/voxels/Library/Developer/Xcode/DerivedData/Diver-fkxymducaaydoifhoeeiimpntqeq/Build/Products/Debug-iphonesimulator/PackageFrameworks -F /Users/voxels/Library/Developer/Xcode/DerivedData/Diver-fkxymducaaydoifhoeeiimpntqeq/Build/Products/Debug-iphonesimulator/PackageFrameworks -F /Users/voxels/Library/Developer/Xcode/DerivedData/Diver-fkxymducaaydoifhoeeiimpntqeq/Build/Products/Debug-iphonesimulator/PackageFrameworks -F /Users/voxels/Library/Developer/Xcode/DerivedData/Diver-fkxymducaaydoifhoeeiimpntqeq/Build/Products/Debug-iphonesimulator/PackageFrameworks -F /Users/voxels/Library/Developer/Xcode/DerivedData/Diver-fkxymducaaydoifhoeeiimpntqeq/Build/Products/Debug-iphonesimulator/PackageFrameworks -F /Users/voxels/Library/Developer/Xcode/DerivedData/Diver-fkxymducaaydoifhoeeiimpntqeq/Build/Products/Debug-iphonesimulator -F /Applications/Xcode.app/Contents/Developer/Platforms/iPhoneSimulator.platform/Developer/Library/Frameworks -F /Applications/Xcode.app/Contents/Developer/Platforms/iPhoneSimulator.platform/Developer/SDKs/iPhoneSimulator26.2.sdk/Developer/Library/Frameworks -c -j12 -enable-batch-mode -incremental -Xcc -ivfsstatcache -Xcc /Users/voxels/Library/Developer/Xcode/DerivedData/SDKStatCaches.noindex/iphonesimulator26.2-23C53-3885c01c3e6b6a337905948deab2002e7d00a8b37fbd7999ea79df8ebc024bf0.sdkstatcache -output-file-map /Users/voxels/Library/Developer/Xcode/DerivedData/Diver-fkxymducaaydoifhoeeiimpntqeq/Build/Intermediates.noindex/Supabase.build/Debug-iphonesimulator/Helpers.build/Objects-normal/arm64/Helpers-OutputFileMap.json -use-frontend-parseable-output -save-temps -no-color-diagnostics -explicit-module-build -module-cache-path /Users/voxels/Library/Developer/Xcode/DerivedData/Diver-fkxymducaaydoifhoeeiimpntqeq/Build/Intermediates.noindex/SwiftExplicitPrecompiledModules -clang-scanner-module-cache-path /Users/voxels/Library/Developer/Xcode/DerivedData/ModuleCache.noindex -sdk-module-cache-path /Users/voxels/Library/Developer/Xcode/DerivedData/ModuleCache.noindex -serialize-diagnostics -emit-dependencies -emit-module -emit-module-path /Users/voxels/Library/Developer/Xcode/DerivedData/Diver-fkxymducaaydoifhoeeiimpntqeq/Build/Intermediates.noindex/Supabase.build/Debug-iphonesimulator/Helpers.build/Objects-normal/arm64/Helpers.swiftmodule -validate-clang-modules-once -clang-build-session-file /Users/voxels/Library/Developer/Xcode/DerivedData/ModuleCache.noindex/Session.modulevalidation -package-name supabase_swift -Xcc -I/Users/voxels/Library/Developer/Xcode/DerivedData/Diver-fkxymducaaydoifhoeeiimpntqeq/Build/Intermediates.noindex/Supabase.build/Debug-iphonesimulator/Helpers.build/swift-overrides.hmap -emit-const-values -Xfrontend -const-gather-protocols-file -Xfrontend /Users/voxels/Library/Developer/Xcode/DerivedData/Diver-fkxymducaaydoifhoeeiimpntqeq/Build/Intermediates.noindex/Supabase.build/Debug-iphonesimulator/Helpers.build/Objects-normal/arm64/Helpers_const_extract_protocols.json -Xcc -I/Users/voxels/Library/Developer/Xcode/DerivedData/Diver-fkxymducaaydoifhoeeiimpntqeq/Build/Products/Debug-iphonesimulator/include -Xcc -I/Users/voxels/Library/Developer/Xcode/DerivedData/Diver-fkxymducaaydoifhoeeiimpntqeq/Build/Intermediates.noindex/Supabase.build/Debug-iphonesimulator/Helpers.build/DerivedSources-normal/arm64 -Xcc -I/Users/voxels/Library/Developer/Xcode/DerivedData/Diver-fkxymducaaydoifhoeeiimpntqeq/Build/Intermediates.noindex/Supabase.build/Debug-iphonesimulator/Helpers.build/DerivedSources/arm64 -Xcc -I/Users/voxels/Library/Developer/Xcode/DerivedData/Diver-fkxymducaaydoifhoeeiimpntqeq/Build/Intermediates.noindex/Supabase.build/Debug-iphonesimulator/Helpers.build/DerivedSources -Xcc -DSWIFT_PACKAGE -Xcc -DDEBUG\=1 -emit-objc-header -emit-objc-header-path /Users/voxels/Library/Developer/Xcode/DerivedData/Diver-fkxymducaaydoifhoeeiimpntqeq/Build/Intermediates.noindex/Supabase.build/Debug-iphonesimulator/Helpers.build/Objects-normal/arm64/Helpers-Swift.h -working-directory /Users/voxels/Documents/dev/Superbright/Diver/Diver/Diver.xcodeproj -experimental-emit-module-separately -disable-cmo

** BUILD FAILED **


The following build commands failed:
	SwiftDriver DiverKit normal arm64 com.apple.xcode.tools.swift.compiler (in target 'DiverKit' from project 'DiverKit')
	Building project Diver with scheme Diver_iOS
(2 failures)
