Command line invocation:
    /Applications/Xcode.app/Contents/Developer/usr/bin/xcodebuild test -scheme DiverKit -destination platform=macOS

Resolve Package Graph
2025-12-24 02:28:49.228 xcodebuild[7545:4276948] [MT] IDERunDestination: Supported platforms for the buildables in the current scheme is empty.


Resolved source packages:
  DiverKit: /Users/voxels/Documents/dev/Superbright/Diver/DiverKit
  RegularExpressions: https://github.com/Peter-Schorn/RegularExpressions.git @ 2.2.0
  SpotifyAPI: https://github.com/Peter-Schorn/SpotifyAPI @ 4.0.2
  OpenCombine: https://github.com/OpenCombine/OpenCombine.git @ 0.14.0
  DiverShared: /Users/voxels/Documents/dev/Superbright/Diver/DiverShared @ local
  swift-log: https://github.com/apple/swift-log.git @ 1.8.0
  swift-crypto: https://github.com/apple/swift-crypto.git @ 1.1.7
  LDSwiftEventSource: https://github.com/launchdarkly/swift-eventsource @ 3.3.0

--- xcodebuild: WARNING: Using the first of multiple matching destinations:
{ platform:macOS, arch:arm64, id:00006021-0004109E3E30C01E, name:My Mac }
{ platform:macOS, arch:x86_64, id:00006021-0004109E3E30C01E, name:My Mac }
{ platform:macOS, arch:arm64, variant:Mac Catalyst, id:00006021-0004109E3E30C01E, name:My Mac }
{ platform:macOS, arch:x86_64, variant:Mac Catalyst, id:00006021-0004109E3E30C01E, name:My Mac }
{ platform:macOS, arch:arm64, variant:DriverKit, id:00006021-0004109E3E30C01E, name:My Mac }
{ platform:macOS, arch:arm64, variant:Designed for [iPad,iPhone], id:00006021-0004109E3E30C01E, name:My Mac }
{ platform:macOS, arch:arm64_32, variant:Designed for [iPad,iPhone], id:00006021-0004109E3E30C01E, name:My Mac }
ComputePackagePrebuildTargetDependencyGraph

Prepare packages

CreateBuildRequest

SendProjectDescription

CreateBuildOperation

ComputeTargetDependencyGraph
note: Building targets in dependency order
note: Target dependency graph (26 targets)
    Target 'DiverKit' in project 'DiverKit'
        ➜ Explicit dependency on target 'DiverKit' in project 'DiverKit'
        ➜ Explicit dependency on target 'DiverKit_DiverKit' in project 'DiverKit'
        ➜ Explicit dependency on target 'LDSwiftEventSource' in project 'LDSwiftEventSource'
        ➜ Explicit dependency on target 'SpotifyAPI' in project 'SpotifyAPI'
        ➜ Explicit dependency on target 'DiverShared' in project 'DiverShared'
    Target 'DiverKitTests' in project 'DiverKit'
        ➜ Explicit dependency on target 'DiverKit_DiverKitTests' in project 'DiverKit'
        ➜ Explicit dependency on target 'DiverKit' in project 'DiverKit'
        ➜ Explicit dependency on target 'LDSwiftEventSource' in project 'LDSwiftEventSource'
        ➜ Explicit dependency on target 'SpotifyAPI' in project 'SpotifyAPI'
        ➜ Explicit dependency on target 'DiverShared' in project 'DiverShared'
    Target 'DiverKit' in project 'DiverKit'
        ➜ Explicit dependency on target 'DiverKit_DiverKit' in project 'DiverKit'
        ➜ Explicit dependency on target 'LDSwiftEventSource' in project 'LDSwiftEventSource'
        ➜ Explicit dependency on target 'SpotifyAPI' in project 'SpotifyAPI'
        ➜ Explicit dependency on target 'DiverShared' in project 'DiverShared'
    Target 'DiverShared' in project 'DiverShared'
        ➜ Explicit dependency on target 'DiverShared' in project 'DiverShared'
    Target 'DiverShared' in project 'DiverShared' (no dependencies)
    Target 'SpotifyAPI' in project 'SpotifyAPI'
        ➜ Explicit dependency on target 'SpotifyWebAPI' in project 'SpotifyAPI'
        ➜ Explicit dependency on target 'RegularExpressions' in project 'RegularExpressions'
        ➜ Explicit dependency on target 'Logging' in project 'swift-log'
        ➜ Explicit dependency on target 'Crypto' in project 'swift-crypto'
        ➜ Explicit dependency on target 'OpenCombine' in project 'OpenCombine'
        ➜ Explicit dependency on target 'OpenCombineDispatch' in project 'OpenCombine'
        ➜ Explicit dependency on target 'OpenCombineFoundation' in project 'OpenCombine'
    Target 'SpotifyWebAPI' in project 'SpotifyAPI'
        ➜ Explicit dependency on target 'RegularExpressions' in project 'RegularExpressions'
        ➜ Explicit dependency on target 'Logging' in project 'swift-log'
        ➜ Explicit dependency on target 'Crypto' in project 'swift-crypto'
        ➜ Explicit dependency on target 'OpenCombine' in project 'OpenCombine'
        ➜ Explicit dependency on target 'OpenCombineDispatch' in project 'OpenCombine'
        ➜ Explicit dependency on target 'OpenCombineFoundation' in project 'OpenCombine'
    Target 'OpenCombineFoundation' in project 'OpenCombine'
        ➜ Explicit dependency on target 'OpenCombineFoundation' in project 'OpenCombine'
        ➜ Explicit dependency on target 'COpenCombineHelpers' in project 'OpenCombine'
        ➜ Explicit dependency on target 'OpenCombine' in project 'OpenCombine'
    Target 'OpenCombineFoundation' in project 'OpenCombine'
        ➜ Explicit dependency on target 'COpenCombineHelpers' in project 'OpenCombine'
        ➜ Explicit dependency on target 'OpenCombine' in project 'OpenCombine'
    Target 'OpenCombineDispatch' in project 'OpenCombine'
        ➜ Explicit dependency on target 'OpenCombineDispatch' in project 'OpenCombine'
        ➜ Explicit dependency on target 'COpenCombineHelpers' in project 'OpenCombine'
        ➜ Explicit dependency on target 'OpenCombine' in project 'OpenCombine'
    Target 'OpenCombineDispatch' in project 'OpenCombine'
        ➜ Explicit dependency on target 'COpenCombineHelpers' in project 'OpenCombine'
        ➜ Explicit dependency on target 'OpenCombine' in project 'OpenCombine'
    Target 'OpenCombine' in project 'OpenCombine'
        ➜ Explicit dependency on target 'OpenCombine' in project 'OpenCombine'
        ➜ Explicit dependency on target 'COpenCombineHelpers' in project 'OpenCombine'
    Target 'OpenCombine' in project 'OpenCombine'
        ➜ Explicit dependency on target 'COpenCombineHelpers' in project 'OpenCombine'
    Target 'COpenCombineHelpers' in project 'OpenCombine' (no dependencies)
    Target 'Crypto' in project 'swift-crypto'
        ➜ Explicit dependency on target 'Crypto' in project 'swift-crypto'
        ➜ Explicit dependency on target 'CCryptoBoringSSL' in project 'swift-crypto'
        ➜ Explicit dependency on target 'CCryptoBoringSSLShims' in project 'swift-crypto'
    Target 'Crypto' in project 'swift-crypto'
        ➜ Explicit dependency on target 'CCryptoBoringSSL' in project 'swift-crypto'
        ➜ Explicit dependency on target 'CCryptoBoringSSLShims' in project 'swift-crypto'
    Target 'CCryptoBoringSSLShims' in project 'swift-crypto'
        ➜ Explicit dependency on target 'CCryptoBoringSSL' in project 'swift-crypto'
    Target 'CCryptoBoringSSL' in project 'swift-crypto' (no dependencies)
    Target 'Logging' in project 'swift-log'
        ➜ Explicit dependency on target 'Logging' in project 'swift-log'
    Target 'Logging' in project 'swift-log' (no dependencies)
    Target 'RegularExpressions' in project 'RegularExpressions'
        ➜ Explicit dependency on target 'RegularExpressions' in project 'RegularExpressions'
    Target 'RegularExpressions' in project 'RegularExpressions' (no dependencies)
    Target 'LDSwiftEventSource' in project 'LDSwiftEventSource'
        ➜ Explicit dependency on target 'LDSwiftEventSource' in project 'LDSwiftEventSource'
    Target 'LDSwiftEventSource' in project 'LDSwiftEventSource' (no dependencies)
    Target 'DiverKit_DiverKit' in project 'DiverKit' (no dependencies)
    Target 'DiverKit_DiverKitTests' in project 'DiverKit' (no dependencies)

GatherProvisioningInputs

CreateBuildDescription

ExecuteExternalTool /Applications/Xcode.app/Contents/Developer/Toolchains/XcodeDefault.xctoolchain/usr/bin/swiftc --version

ExecuteExternalTool /Applications/Xcode.app/Contents/Developer/Toolchains/XcodeDefault.xctoolchain/usr/bin/clang -v -E -dM -arch arm64 -isysroot /Applications/Xcode.app/Contents/Developer/Platforms/MacOSX.platform/Developer/SDKs/MacOSX26.2.sdk -x c -c /dev/null

ExecuteExternalTool /Applications/Xcode.app/Contents/Developer/Toolchains/XcodeDefault.xctoolchain/usr/bin/clang -v -E -dM -arch arm64 -isysroot /Applications/Xcode.app/Contents/Developer/Platforms/MacOSX.platform/Developer/SDKs/MacOSX26.2.sdk -x c++ -c /dev/null

ExecuteExternalTool /Applications/Xcode.app/Contents/Developer/Toolchains/XcodeDefault.xctoolchain/usr/bin/clang -v -E -dM -isysroot /Applications/Xcode.app/Contents/Developer/Platforms/MacOSX.platform/Developer/SDKs/MacOSX26.2.sdk -x c -c /dev/null

ExecuteExternalTool /Applications/Xcode.app/Contents/Developer/Toolchains/XcodeDefault.xctoolchain/usr/bin/ld -version_details

ExecuteExternalTool /Applications/Xcode.app/Contents/Developer/Toolchains/XcodeDefault.xctoolchain/usr/bin/clang -v -E -dM -arch arm64 -isysroot /Applications/Xcode.app/Contents/Developer/Platforms/MacOSX.platform/Developer/SDKs/MacOSX26.2.sdk -x assembler-with-cpp -c /dev/null

ReadFileContents /Applications/Xcode.app/Contents/Developer/Toolchains/XcodeDefault.xctoolchain/usr/share/docc/features.json

Build description signature: 198dc0f16d86fb40ea1e892d061bca01
Build description path: /Users/voxels/Library/Developer/Xcode/DerivedData/DiverKit-dnazseideimcslaxenujpxylnxqc/Build/Intermediates.noindex/XCBuildData/198dc0f16d86fb40ea1e892d061bca01.xcbuilddata
ClangStatCache /Applications/Xcode.app/Contents/Developer/Toolchains/XcodeDefault.xctoolchain/usr/bin/clang-stat-cache /Applications/Xcode.app/Contents/Developer/Platforms/MacOSX.platform/Developer/SDKs/MacOSX26.2.sdk /Users/voxels/Library/Developer/Xcode/DerivedData/SDKStatCaches.noindex/macosx26.2-25C57-00fa09913b459cbbc988d1f6730289ae.sdkstatcache
    cd /Users/voxels/Documents/dev/Superbright/Diver/DiverKit/.swiftpm/xcode
    /Applications/Xcode.app/Contents/Developer/Toolchains/XcodeDefault.xctoolchain/usr/bin/clang-stat-cache /Applications/Xcode.app/Contents/Developer/Platforms/MacOSX.platform/Developer/SDKs/MacOSX26.2.sdk -o /Users/voxels/Library/Developer/Xcode/DerivedData/SDKStatCaches.noindex/macosx26.2-25C57-00fa09913b459cbbc988d1f6730289ae.sdkstatcache

SwiftDriver SpotifyWebAPI normal arm64 com.apple.xcode.tools.swift.compiler (in target 'SpotifyWebAPI' from project 'SpotifyAPI')
    cd /Users/voxels/Documents/dev/Superbright/Diver/DiverKit/.swiftpm/xcode
    builtin-SwiftDriver -- /Applications/Xcode.app/Contents/Developer/Toolchains/XcodeDefault.xctoolchain/usr/bin/swiftc -module-name SpotifyWebAPI -Onone -enforce-exclusivity\=checked @/Users/voxels/Library/Developer/Xcode/DerivedData/DiverKit-dnazseideimcslaxenujpxylnxqc/Build/Intermediates.noindex/SpotifyAPI.build/Debug/SpotifyWebAPI.build/Objects-normal/arm64/SpotifyWebAPI.SwiftFileList -DSWIFT_PACKAGE -DDEBUG -DSWIFT_MODULE_RESOURCE_BUNDLE_UNAVAILABLE -Xcc -fmodule-map-file\=/Users/voxels/Library/Developer/Xcode/DerivedData/DiverKit-dnazseideimcslaxenujpxylnxqc/Build/Intermediates.noindex/GeneratedModuleMaps/COpenCombineHelpers.modulemap -DXcode -plugin-path /Applications/Xcode.app/Contents/Developer/Toolchains/XcodeDefault.xctoolchain/usr/lib/swift/host/plugins/testing -enable-experimental-feature DebugDescriptionMacro -sdk /Applications/Xcode.app/Contents/Developer/Platforms/MacOSX.platform/Developer/SDKs/MacOSX26.2.sdk -target arm64-apple-macos10.15 -g -module-cache-path /Users/voxels/Library/Developer/Xcode/DerivedData/ModuleCache.noindex -Xfrontend -serialize-debugging-options -profile-coverage-mapping -profile-generate -enable-testing -suppress-warnings -index-store-path /Users/voxels/Library/Developer/Xcode/DerivedData/DiverKit-dnazseideimcslaxenujpxylnxqc/Index.noindex/DataStore -Xcc -D_LIBCPP_HARDENING_MODE\=_LIBCPP_HARDENING_MODE_DEBUG -swift-version 5 -I /Users/voxels/Library/Developer/Xcode/DerivedData/DiverKit-dnazseideimcslaxenujpxylnxqc/Build/Products/Debug -Isystem /Applications/Xcode.app/Contents/Developer/Platforms/MacOSX.platform/Developer/usr/lib -F /Users/voxels/Library/Developer/Xcode/DerivedData/DiverKit-dnazseideimcslaxenujpxylnxqc/Build/Products/Debug/PackageFrameworks -F /Users/voxels/Library/Developer/Xcode/DerivedData/DiverKit-dnazseideimcslaxenujpxylnxqc/Build/Products/Debug/PackageFrameworks -F /Users/voxels/Library/Developer/Xcode/DerivedData/DiverKit-dnazseideimcslaxenujpxylnxqc/Build/Products/Debug/PackageFrameworks -F /Users/voxels/Library/Developer/Xcode/DerivedData/DiverKit-dnazseideimcslaxenujpxylnxqc/Build/Products/Debug/PackageFrameworks -F /Users/voxels/Library/Developer/Xcode/DerivedData/DiverKit-dnazseideimcslaxenujpxylnxqc/Build/Products/Debug/PackageFrameworks -F /Users/voxels/Library/Developer/Xcode/DerivedData/DiverKit-dnazseideimcslaxenujpxylnxqc/Build/Products/Debug/PackageFrameworks -F /Users/voxels/Library/Developer/Xcode/DerivedData/DiverKit-dnazseideimcslaxenujpxylnxqc/Build/Products/Debug/PackageFrameworks -F /Users/voxels/Library/Developer/Xcode/DerivedData/DiverKit-dnazseideimcslaxenujpxylnxqc/Build/Products/Debug/PackageFrameworks -F /Users/voxels/Library/Developer/Xcode/DerivedData/DiverKit-dnazseideimcslaxenujpxylnxqc/Build/Products/Debug/PackageFrameworks -F /Users/voxels/Library/Developer/Xcode/DerivedData/DiverKit-dnazseideimcslaxenujpxylnxqc/Build/Products/Debug -F /Applications/Xcode.app/Contents/Developer/Platforms/MacOSX.platform/Developer/Library/Frameworks -c -j12 -enable-batch-mode -incremental -Xcc -ivfsstatcache -Xcc /Users/voxels/Library/Developer/Xcode/DerivedData/SDKStatCaches.noindex/macosx26.2-25C57-00fa09913b459cbbc988d1f6730289ae.sdkstatcache -output-file-map /Users/voxels/Library/Developer/Xcode/DerivedData/DiverKit-dnazseideimcslaxenujpxylnxqc/Build/Intermediates.noindex/SpotifyAPI.build/Debug/SpotifyWebAPI.build/Objects-normal/arm64/SpotifyWebAPI-OutputFileMap.json -use-frontend-parseable-output -save-temps -no-color-diagnostics -explicit-module-build -module-cache-path /Users/voxels/Library/Developer/Xcode/DerivedData/DiverKit-dnazseideimcslaxenujpxylnxqc/Build/Intermediates.noindex/SwiftExplicitPrecompiledModules -clang-scanner-module-cache-path /Users/voxels/Library/Developer/Xcode/DerivedData/ModuleCache.noindex -sdk-module-cache-path /Users/voxels/Library/Developer/Xcode/DerivedData/ModuleCache.noindex -serialize-diagnostics -emit-dependencies -emit-module -emit-module-path /Users/voxels/Library/Developer/Xcode/DerivedData/DiverKit-dnazseideimcslaxenujpxylnxqc/Build/Intermediates.noindex/SpotifyAPI.build/Debug/SpotifyWebAPI.build/Objects-normal/arm64/SpotifyWebAPI.swiftmodule -validate-clang-modules-once -clang-build-session-file /Users/voxels/Library/Developer/Xcode/DerivedData/ModuleCache.noindex/Session.modulevalidation -Xcc -I/Users/voxels/Library/Developer/Xcode/DerivedData/DiverKit-dnazseideimcslaxenujpxylnxqc/Build/Intermediates.noindex/SpotifyAPI.build/Debug/SpotifyWebAPI.build/swift-overrides.hmap -emit-const-values -Xfrontend -const-gather-protocols-file -Xfrontend /Users/voxels/Library/Developer/Xcode/DerivedData/DiverKit-dnazseideimcslaxenujpxylnxqc/Build/Intermediates.noindex/SpotifyAPI.build/Debug/SpotifyWebAPI.build/Objects-normal/arm64/SpotifyWebAPI_const_extract_protocols.json -Xcc -I/Users/voxels/Library/Developer/Xcode/DerivedData/DiverKit-dnazseideimcslaxenujpxylnxqc/SourcePackages/checkouts/swift-crypto/Sources/CCryptoBoringSSLShims/include -Xcc -I/Users/voxels/Library/Developer/Xcode/DerivedData/DiverKit-dnazseideimcslaxenujpxylnxqc/SourcePackages/checkouts/swift-crypto/Sources/CCryptoBoringSSL/include -Xcc -I/Users/voxels/Library/Developer/Xcode/DerivedData/DiverKit-dnazseideimcslaxenujpxylnxqc/SourcePackages/checkouts/OpenCombine/Sources/COpenCombineHelpers/include -Xcc -I/Users/voxels/Library/Developer/Xcode/DerivedData/DiverKit-dnazseideimcslaxenujpxylnxqc/Build/Products/Debug/include -Xcc -I/Users/voxels/Library/Developer/Xcode/DerivedData/DiverKit-dnazseideimcslaxenujpxylnxqc/Build/Intermediates.noindex/SpotifyAPI.build/Debug/SpotifyWebAPI.build/DerivedSources-normal/arm64 -Xcc -I/Users/voxels/Library/Developer/Xcode/DerivedData/DiverKit-dnazseideimcslaxenujpxylnxqc/Build/Intermediates.noindex/SpotifyAPI.build/Debug/SpotifyWebAPI.build/DerivedSources/arm64 -Xcc -I/Users/voxels/Library/Developer/Xcode/DerivedData/DiverKit-dnazseideimcslaxenujpxylnxqc/Build/Intermediates.noindex/SpotifyAPI.build/Debug/SpotifyWebAPI.build/DerivedSources -Xcc -DSWIFT_PACKAGE -Xcc -DDEBUG\=1 -emit-objc-header -emit-objc-header-path /Users/voxels/Library/Developer/Xcode/DerivedData/DiverKit-dnazseideimcslaxenujpxylnxqc/Build/Intermediates.noindex/SpotifyAPI.build/Debug/SpotifyWebAPI.build/Objects-normal/arm64/SpotifyWebAPI-Swift.h -working-directory /Users/voxels/Documents/dev/Superbright/Diver/DiverKit/.swiftpm/xcode -experimental-emit-module-separately -disable-cmo

SwiftDriver\ Compilation\ Requirements SpotifyWebAPI normal arm64 com.apple.xcode.tools.swift.compiler (in target 'SpotifyWebAPI' from project 'SpotifyAPI')
    cd /Users/voxels/Documents/dev/Superbright/Diver/DiverKit/.swiftpm/xcode
    builtin-Swift-Compilation-Requirements -- /Applications/Xcode.app/Contents/Developer/Toolchains/XcodeDefault.xctoolchain/usr/bin/swiftc -module-name SpotifyWebAPI -Onone -enforce-exclusivity\=checked @/Users/voxels/Library/Developer/Xcode/DerivedData/DiverKit-dnazseideimcslaxenujpxylnxqc/Build/Intermediates.noindex/SpotifyAPI.build/Debug/SpotifyWebAPI.build/Objects-normal/arm64/SpotifyWebAPI.SwiftFileList -DSWIFT_PACKAGE -DDEBUG -DSWIFT_MODULE_RESOURCE_BUNDLE_UNAVAILABLE -Xcc -fmodule-map-file\=/Users/voxels/Library/Developer/Xcode/DerivedData/DiverKit-dnazseideimcslaxenujpxylnxqc/Build/Intermediates.noindex/GeneratedModuleMaps/COpenCombineHelpers.modulemap -DXcode -plugin-path /Applications/Xcode.app/Contents/Developer/Toolchains/XcodeDefault.xctoolchain/usr/lib/swift/host/plugins/testing -enable-experimental-feature DebugDescriptionMacro -sdk /Applications/Xcode.app/Contents/Developer/Platforms/MacOSX.platform/Developer/SDKs/MacOSX26.2.sdk -target arm64-apple-macos10.15 -g -module-cache-path /Users/voxels/Library/Developer/Xcode/DerivedData/ModuleCache.noindex -Xfrontend -serialize-debugging-options -profile-coverage-mapping -profile-generate -enable-testing -suppress-warnings -index-store-path /Users/voxels/Library/Developer/Xcode/DerivedData/DiverKit-dnazseideimcslaxenujpxylnxqc/Index.noindex/DataStore -Xcc -D_LIBCPP_HARDENING_MODE\=_LIBCPP_HARDENING_MODE_DEBUG -swift-version 5 -I /Users/voxels/Library/Developer/Xcode/DerivedData/DiverKit-dnazseideimcslaxenujpxylnxqc/Build/Products/Debug -Isystem /Applications/Xcode.app/Contents/Developer/Platforms/MacOSX.platform/Developer/usr/lib -F /Users/voxels/Library/Developer/Xcode/DerivedData/DiverKit-dnazseideimcslaxenujpxylnxqc/Build/Products/Debug/PackageFrameworks -F /Users/voxels/Library/Developer/Xcode/DerivedData/DiverKit-dnazseideimcslaxenujpxylnxqc/Build/Products/Debug/PackageFrameworks -F /Users/voxels/Library/Developer/Xcode/DerivedData/DiverKit-dnazseideimcslaxenujpxylnxqc/Build/Products/Debug/PackageFrameworks -F /Users/voxels/Library/Developer/Xcode/DerivedData/DiverKit-dnazseideimcslaxenujpxylnxqc/Build/Products/Debug/PackageFrameworks -F /Users/voxels/Library/Developer/Xcode/DerivedData/DiverKit-dnazseideimcslaxenujpxylnxqc/Build/Products/Debug/PackageFrameworks -F /Users/voxels/Library/Developer/Xcode/DerivedData/DiverKit-dnazseideimcslaxenujpxylnxqc/Build/Products/Debug/PackageFrameworks -F /Users/voxels/Library/Developer/Xcode/DerivedData/DiverKit-dnazseideimcslaxenujpxylnxqc/Build/Products/Debug/PackageFrameworks -F /Users/voxels/Library/Developer/Xcode/DerivedData/DiverKit-dnazseideimcslaxenujpxylnxqc/Build/Products/Debug/PackageFrameworks -F /Users/voxels/Library/Developer/Xcode/DerivedData/DiverKit-dnazseideimcslaxenujpxylnxqc/Build/Products/Debug/PackageFrameworks -F /Users/voxels/Library/Developer/Xcode/DerivedData/DiverKit-dnazseideimcslaxenujpxylnxqc/Build/Products/Debug -F /Applications/Xcode.app/Contents/Developer/Platforms/MacOSX.platform/Developer/Library/Frameworks -c -j12 -enable-batch-mode -incremental -Xcc -ivfsstatcache -Xcc /Users/voxels/Library/Developer/Xcode/DerivedData/SDKStatCaches.noindex/macosx26.2-25C57-00fa09913b459cbbc988d1f6730289ae.sdkstatcache -output-file-map /Users/voxels/Library/Developer/Xcode/DerivedData/DiverKit-dnazseideimcslaxenujpxylnxqc/Build/Intermediates.noindex/SpotifyAPI.build/Debug/SpotifyWebAPI.build/Objects-normal/arm64/SpotifyWebAPI-OutputFileMap.json -use-frontend-parseable-output -save-temps -no-color-diagnostics -explicit-module-build -module-cache-path /Users/voxels/Library/Developer/Xcode/DerivedData/DiverKit-dnazseideimcslaxenujpxylnxqc/Build/Intermediates.noindex/SwiftExplicitPrecompiledModules -clang-scanner-module-cache-path /Users/voxels/Library/Developer/Xcode/DerivedData/ModuleCache.noindex -sdk-module-cache-path /Users/voxels/Library/Developer/Xcode/DerivedData/ModuleCache.noindex -serialize-diagnostics -emit-dependencies -emit-module -emit-module-path /Users/voxels/Library/Developer/Xcode/DerivedData/DiverKit-dnazseideimcslaxenujpxylnxqc/Build/Intermediates.noindex/SpotifyAPI.build/Debug/SpotifyWebAPI.build/Objects-normal/arm64/SpotifyWebAPI.swiftmodule -validate-clang-modules-once -clang-build-session-file /Users/voxels/Library/Developer/Xcode/DerivedData/ModuleCache.noindex/Session.modulevalidation -Xcc -I/Users/voxels/Library/Developer/Xcode/DerivedData/DiverKit-dnazseideimcslaxenujpxylnxqc/Build/Intermediates.noindex/SpotifyAPI.build/Debug/SpotifyWebAPI.build/swift-overrides.hmap -emit-const-values -Xfrontend -const-gather-protocols-file -Xfrontend /Users/voxels/Library/Developer/Xcode/DerivedData/DiverKit-dnazseideimcslaxenujpxylnxqc/Build/Intermediates.noindex/SpotifyAPI.build/Debug/SpotifyWebAPI.build/Objects-normal/arm64/SpotifyWebAPI_const_extract_protocols.json -Xcc -I/Users/voxels/Library/Developer/Xcode/DerivedData/DiverKit-dnazseideimcslaxenujpxylnxqc/SourcePackages/checkouts/swift-crypto/Sources/CCryptoBoringSSLShims/include -Xcc -I/Users/voxels/Library/Developer/Xcode/DerivedData/DiverKit-dnazseideimcslaxenujpxylnxqc/SourcePackages/checkouts/swift-crypto/Sources/CCryptoBoringSSL/include -Xcc -I/Users/voxels/Library/Developer/Xcode/DerivedData/DiverKit-dnazseideimcslaxenujpxylnxqc/SourcePackages/checkouts/OpenCombine/Sources/COpenCombineHelpers/include -Xcc -I/Users/voxels/Library/Developer/Xcode/DerivedData/DiverKit-dnazseideimcslaxenujpxylnxqc/Build/Products/Debug/include -Xcc -I/Users/voxels/Library/Developer/Xcode/DerivedData/DiverKit-dnazseideimcslaxenujpxylnxqc/Build/Intermediates.noindex/SpotifyAPI.build/Debug/SpotifyWebAPI.build/DerivedSources-normal/arm64 -Xcc -I/Users/voxels/Library/Developer/Xcode/DerivedData/DiverKit-dnazseideimcslaxenujpxylnxqc/Build/Intermediates.noindex/SpotifyAPI.build/Debug/SpotifyWebAPI.build/DerivedSources/arm64 -Xcc -I/Users/voxels/Library/Developer/Xcode/DerivedData/DiverKit-dnazseideimcslaxenujpxylnxqc/Build/Intermediates.noindex/SpotifyAPI.build/Debug/SpotifyWebAPI.build/DerivedSources -Xcc -DSWIFT_PACKAGE -Xcc -DDEBUG\=1 -emit-objc-header -emit-objc-header-path /Users/voxels/Library/Developer/Xcode/DerivedData/DiverKit-dnazseideimcslaxenujpxylnxqc/Build/Intermediates.noindex/SpotifyAPI.build/Debug/SpotifyWebAPI.build/Objects-normal/arm64/SpotifyWebAPI-Swift.h -working-directory /Users/voxels/Documents/dev/Superbright/Diver/DiverKit/.swiftpm/xcode -experimental-emit-module-separately -disable-cmo

Copy /Users/voxels/Library/Developer/Xcode/DerivedData/DiverKit-dnazseideimcslaxenujpxylnxqc/Build/Products/Debug/SpotifyWebAPI.swiftmodule/arm64-apple-macos.abi.json /Users/voxels/Library/Developer/Xcode/DerivedData/DiverKit-dnazseideimcslaxenujpxylnxqc/Build/Intermediates.noindex/SpotifyAPI.build/Debug/SpotifyWebAPI.build/Objects-normal/arm64/SpotifyWebAPI.abi.json (in target 'SpotifyWebAPI' from project 'SpotifyAPI')
    cd /Users/voxels/Library/Developer/Xcode/DerivedData/DiverKit-dnazseideimcslaxenujpxylnxqc/SourcePackages/checkouts/SpotifyAPI
    builtin-copy -exclude .DS_Store -exclude CVS -exclude .svn -exclude .git -exclude .hg -resolve-src-symlinks -rename /Users/voxels/Library/Developer/Xcode/DerivedData/DiverKit-dnazseideimcslaxenujpxylnxqc/Build/Intermediates.noindex/SpotifyAPI.build/Debug/SpotifyWebAPI.build/Objects-normal/arm64/SpotifyWebAPI.abi.json /Users/voxels/Library/Developer/Xcode/DerivedData/DiverKit-dnazseideimcslaxenujpxylnxqc/Build/Products/Debug/SpotifyWebAPI.swiftmodule/arm64-apple-macos.abi.json

ProcessInfoPlistFile /Users/voxels/Library/Developer/Xcode/DerivedData/DiverKit-dnazseideimcslaxenujpxylnxqc/Build/Products/Debug/DiverKit_DiverKit.bundle/Contents/Info.plist /Users/voxels/Library/Developer/Xcode/DerivedData/DiverKit-dnazseideimcslaxenujpxylnxqc/Build/Intermediates.noindex/DiverKit.build/Debug/DiverKit_DiverKit.build/empty-DiverKit_DiverKit.plist (in target 'DiverKit_DiverKit' from project 'DiverKit')
    cd /Users/voxels/Documents/dev/Superbright/Diver/DiverKit
    builtin-infoPlistUtility /Users/voxels/Library/Developer/Xcode/DerivedData/DiverKit-dnazseideimcslaxenujpxylnxqc/Build/Intermediates.noindex/DiverKit.build/Debug/DiverKit_DiverKit.build/empty-DiverKit_DiverKit.plist -producttype com.apple.product-type.bundle -expandbuildsettings -platform macosx -o /Users/voxels/Library/Developer/Xcode/DerivedData/DiverKit-dnazseideimcslaxenujpxylnxqc/Build/Products/Debug/DiverKit_DiverKit.bundle/Contents/Info.plist

ProcessInfoPlistFile /Users/voxels/Library/Developer/Xcode/DerivedData/DiverKit-dnazseideimcslaxenujpxylnxqc/Build/Products/Debug/DiverKit_DiverKitTests.bundle/Contents/Info.plist /Users/voxels/Library/Developer/Xcode/DerivedData/DiverKit-dnazseideimcslaxenujpxylnxqc/Build/Intermediates.noindex/DiverKit.build/Debug/DiverKit_DiverKitTests.build/empty-DiverKit_DiverKitTests.plist (in target 'DiverKit_DiverKitTests' from project 'DiverKit')
    cd /Users/voxels/Documents/dev/Superbright/Diver/DiverKit
    builtin-infoPlistUtility /Users/voxels/Library/Developer/Xcode/DerivedData/DiverKit-dnazseideimcslaxenujpxylnxqc/Build/Intermediates.noindex/DiverKit.build/Debug/DiverKit_DiverKitTests.build/empty-DiverKit_DiverKitTests.plist -producttype com.apple.product-type.bundle -expandbuildsettings -platform macosx -o /Users/voxels/Library/Developer/Xcode/DerivedData/DiverKit-dnazseideimcslaxenujpxylnxqc/Build/Products/Debug/DiverKit_DiverKitTests.bundle/Contents/Info.plist

CopySwiftLibs /Users/voxels/Library/Developer/Xcode/DerivedData/DiverKit-dnazseideimcslaxenujpxylnxqc/Build/Products/Debug/DiverKitTests.xctest (in target 'DiverKitTests' from project 'DiverKit')
    cd /Users/voxels/Documents/dev/Superbright/Diver/DiverKit
    builtin-swiftStdLibTool --copy --verbose --scan-executable /Users/voxels/Library/Developer/Xcode/DerivedData/DiverKit-dnazseideimcslaxenujpxylnxqc/Build/Products/Debug/DiverKitTests.xctest/Contents/MacOS/DiverKitTests --scan-folder /Users/voxels/Library/Developer/Xcode/DerivedData/DiverKit-dnazseideimcslaxenujpxylnxqc/Build/Products/Debug/DiverKitTests.xctest/Contents/Frameworks --scan-folder /Users/voxels/Library/Developer/Xcode/DerivedData/DiverKit-dnazseideimcslaxenujpxylnxqc/Build/Products/Debug/DiverKitTests.xctest/Contents/PlugIns --scan-folder /Users/voxels/Library/Developer/Xcode/DerivedData/DiverKit-dnazseideimcslaxenujpxylnxqc/Build/Products/Debug/DiverKitTests.xctest/Contents/Library/SystemExtensions --scan-folder /Users/voxels/Library/Developer/Xcode/DerivedData/DiverKit-dnazseideimcslaxenujpxylnxqc/Build/Products/Debug/DiverKitTests.xctest/Contents/Extensions --platform macosx --toolchain /Applications/Xcode.app/Contents/Developer/Toolchains/XcodeDefault.xctoolchain --destination /Users/voxels/Library/Developer/Xcode/DerivedData/DiverKit-dnazseideimcslaxenujpxylnxqc/Build/Products/Debug/DiverKitTests.xctest/Contents/Frameworks --strip-bitcode --scan-executable /Applications/Xcode.app/Contents/Developer/Platforms/MacOSX.platform/Developer/usr/lib/libXCTestSwiftSupport.dylib --strip-bitcode-tool /Applications/Xcode.app/Contents/Developer/Toolchains/XcodeDefault.xctoolchain/usr/bin/bitcode_strip --emit-dependency-info /Users/voxels/Library/Developer/Xcode/DerivedData/DiverKit-dnazseideimcslaxenujpxylnxqc/Build/Intermediates.noindex/DiverKit.build/Debug/DiverKitTests.build/SwiftStdLibToolInputDependencies.dep --filter-for-swift-os --back-deploy-swift-span
Ignoring --strip-bitcode because --sign was not passed

ProcessInfoPlistFile /Users/voxels/Library/Developer/Xcode/DerivedData/DiverKit-dnazseideimcslaxenujpxylnxqc/Build/Products/Debug/DiverKitTests.xctest/Contents/Info.plist /Users/voxels/Library/Developer/Xcode/DerivedData/DiverKit-dnazseideimcslaxenujpxylnxqc/Build/Intermediates.noindex/DiverKit.build/Debug/DiverKitTests.build/empty-DiverKitTests.plist (in target 'DiverKitTests' from project 'DiverKit')
    cd /Users/voxels/Documents/dev/Superbright/Diver/DiverKit
    builtin-infoPlistUtility /Users/voxels/Library/Developer/Xcode/DerivedData/DiverKit-dnazseideimcslaxenujpxylnxqc/Build/Intermediates.noindex/DiverKit.build/Debug/DiverKitTests.build/empty-DiverKitTests.plist -producttype com.apple.product-type.bundle.unit-test -expandbuildsettings -platform macosx -scanforprivacyfile /Users/voxels/Library/Developer/Xcode/DerivedData/DiverKit-dnazseideimcslaxenujpxylnxqc/Build/Products/Debug/DiverKitTests.xctest/Contents/Resources/DiverKit_DiverKit.bundle -o /Users/voxels/Library/Developer/Xcode/DerivedData/DiverKit-dnazseideimcslaxenujpxylnxqc/Build/Products/Debug/DiverKitTests.xctest/Contents/Info.plist

Test Suite 'All tests' started at 2025-12-24 02:28:52.872.
Test Suite 'DiverKitTests.xctest' started at 2025-12-24 02:28:52.873.
Test Suite 'DiverLinkGeneratorTests' started at 2025-12-24 02:28:52.873.
Test Case '-[DiverKitTests.DiverLinkGeneratorTests testCreateAndSaveLink]' started.
/Users/voxels/Documents/dev/Superbright/Diver/DiverKit/Tests/DiverKitTests/DiverLinkGeneratorTests.swift:37: error: -[DiverKitTests.DiverLinkGeneratorTests testCreateAndSaveLink] : XCTAssertTrue failed
Test Case '-[DiverKitTests.DiverLinkGeneratorTests testCreateAndSaveLink]' failed (1.292 seconds).
Test Suite 'DiverLinkGeneratorTests' failed at 2025-12-24 02:28:54.166.
	 Executed 1 test, with 1 failure (0 unexpected) in 1.292 (1.293) seconds
Test Suite 'IntelligenceProcessorTests' started at 2025-12-24 02:28:54.166.
Test Case '-[DiverKitTests.IntelligenceProcessorTests testURLExtraction]' started.
Test Case '-[DiverKitTests.IntelligenceProcessorTests testURLExtraction]' passed (0.004 seconds).
Test Suite 'IntelligenceProcessorTests' passed at 2025-12-24 02:28:54.170.
	 Executed 1 test, with 0 failures (0 unexpected) in 0.004 (0.005) seconds
Test Suite 'MetadataPipelineServiceTests' started at 2025-12-24 02:28:54.171.
Test Case '-[DiverKitTests.MetadataPipelineServiceTests testProcessPendingQueueCreatesLocalInput]' started.
2025-12-24 02:28:54.182008-0500 xctest[7695:4277835] [queue] Processing 1 pending queue entries
2025-12-24 02:28:54.186499-0500 xctest[7695:4277835] [queue] Queue processing complete - success: 1, failed: 0, total: 1
Test Case '-[DiverKitTests.MetadataPipelineServiceTests testProcessPendingQueueCreatesLocalInput]' passed (0.016 seconds).
Test Suite 'MetadataPipelineServiceTests' passed at 2025-12-24 02:28:54.187.
	 Executed 1 test, with 0 failures (0 unexpected) in 0.016 (0.017) seconds
Test Suite 'PipelineLogFixtureTests' started at 2025-12-24 02:28:54.188.
Test Case '-[DiverKitTests.PipelineLogFixtureTests testExtractCandidates]' started.
Test Case '-[DiverKitTests.PipelineLogFixtureTests testExtractCandidates]' passed (0.003 seconds).
Test Case '-[DiverKitTests.PipelineLogFixtureTests testExtractReferences]' started.
Test Case '-[DiverKitTests.PipelineLogFixtureTests testExtractReferences]' passed (0.001 seconds).
Test Case '-[DiverKitTests.PipelineLogFixtureTests testFixtureLogStructure]' started.
Test Case '-[DiverKitTests.PipelineLogFixtureTests testFixtureLogStructure]' passed (0.001 seconds).
Test Case '-[DiverKitTests.PipelineLogFixtureTests testLoadDefaultFixture]' started.
Test Case '-[DiverKitTests.PipelineLogFixtureTests testLoadDefaultFixture]' passed (0.001 seconds).
Test Case '-[DiverKitTests.PipelineLogFixtureTests testMultipleReferenceTypes]' started.
Found entity types: ["music_album", "book"]
Test Case '-[DiverKitTests.PipelineLogFixtureTests testMultipleReferenceTypes]' passed (0.001 seconds).
Test Case '-[DiverKitTests.PipelineLogFixtureTests testReferenceMetadataStructure]' started.
Test Case '-[DiverKitTests.PipelineLogFixtureTests testReferenceMetadataStructure]' passed (0.001 seconds).
Test Suite 'PipelineLogFixtureTests' passed at 2025-12-24 02:28:54.197.
	 Executed 6 tests, with 0 failures (0 unexpected) in 0.008 (0.010) seconds
Test Suite 'ProcessedItemMigrationTests' started at 2025-12-24 02:28:54.197.
Test Case '-[DiverKitTests.ProcessedItemMigrationTests testExistingFieldsPreservedAfterMigration]' started.
Test Case '-[DiverKitTests.ProcessedItemMigrationTests testExistingFieldsPreservedAfterMigration]' passed (0.004 seconds).
Test Case '-[DiverKitTests.ProcessedItemMigrationTests testNewFieldsHaveDefaultValues]' started.
Test Case '-[DiverKitTests.ProcessedItemMigrationTests testNewFieldsHaveDefaultValues]' passed (0.002 seconds).
Test Case '-[DiverKitTests.ProcessedItemMigrationTests testQueryByNewStatusField]' started.
Test Case '-[DiverKitTests.ProcessedItemMigrationTests testQueryByNewStatusField]' passed (0.004 seconds).
Test Case '-[DiverKitTests.ProcessedItemMigrationTests testSortByUpdatedAt]' started.
Test Case '-[DiverKitTests.ProcessedItemMigrationTests testSortByUpdatedAt]' passed (0.004 seconds).
Test Case '-[DiverKitTests.ProcessedItemMigrationTests testUpdateNewFieldsAfterMigration]' started.
Test Case '-[DiverKitTests.ProcessedItemMigrationTests testUpdateNewFieldsAfterMigration]' passed (0.004 seconds).
Test Suite 'ProcessedItemMigrationTests' passed at 2025-12-24 02:28:54.216.
	 Executed 5 tests, with 0 failures (0 unexpected) in 0.018 (0.019) seconds
Test Suite 'ProcessedItemTests' started at 2025-12-24 02:28:54.216.
Test Case '-[DiverKitTests.ProcessedItemTests testEmptyPayload]' started.
Test Case '-[DiverKitTests.ProcessedItemTests testEmptyPayload]' passed (0.001 seconds).
Test Case '-[DiverKitTests.ProcessedItemTests testProcessedItemDefaultValues]' started.
Test Case '-[DiverKitTests.ProcessedItemTests testProcessedItemDefaultValues]' passed (0.001 seconds).
Test Case '-[DiverKitTests.ProcessedItemTests testProcessedItemWithNewFields]' started.
Test Case '-[DiverKitTests.ProcessedItemTests testProcessedItemWithNewFields]' passed (0.001 seconds).
Test Case '-[DiverKitTests.ProcessedItemTests testProcessingStatusCodable]' started.
Test Case '-[DiverKitTests.ProcessedItemTests testProcessingStatusCodable]' passed (0.001 seconds).
Test Case '-[DiverKitTests.ProcessedItemTests testProcessingStatusDefaultValue]' started.
Test Case '-[DiverKitTests.ProcessedItemTests testProcessingStatusDefaultValue]' passed (0.000 seconds).
Test Case '-[DiverKitTests.ProcessedItemTests testRawPayloadEncodingDecoding]' started.
Test Case '-[DiverKitTests.ProcessedItemTests testRawPayloadEncodingDecoding]' passed (0.001 seconds).
Test Case '-[DiverKitTests.ProcessedItemTests testReferenceCountIncrement]' started.
Test Case '-[DiverKitTests.ProcessedItemTests testReferenceCountIncrement]' passed (0.001 seconds).
Test Case '-[DiverKitTests.ProcessedItemTests testStatusTransitions]' started.
Test Case '-[DiverKitTests.ProcessedItemTests testStatusTransitions]' passed (0.000 seconds).
Test Suite 'ProcessedItemTests' passed at 2025-12-24 02:28:54.222.
	 Executed 8 tests, with 0 failures (0 unexpected) in 0.004 (0.006) seconds
Test Suite 'DiverKitTests.xctest' failed at 2025-12-24 02:28:54.222.
	 Executed 22 tests, with 1 failure (0 unexpected) in 1.344 (1.350) seconds
Test Suite 'All tests' failed at 2025-12-24 02:28:54.222.
	 Executed 22 tests, with 1 failure (0 unexpected) in 1.344 (1.350) seconds
2025-12-24 02:28:59.112 xcodebuild[7545:4276948] [MT] IDETestOperationsObserverDebug: 6.747 elapsed -- Testing started completed.
2025-12-24 02:28:59.112 xcodebuild[7545:4276948] [MT] IDETestOperationsObserverDebug: 0.000 sec, +0.000 sec -- start
2025-12-24 02:28:59.112 xcodebuild[7545:4276948] [MT] IDETestOperationsObserverDebug: 6.747 sec, +6.747 sec -- end

Test session results, code coverage, and logs:
	/Users/voxels/Library/Developer/Xcode/DerivedData/DiverKit-dnazseideimcslaxenujpxylnxqc/Logs/Test/Test-DiverKit-2025.12.24_02-28-49--0500.xcresult

** TEST FAILED **

Testing started
