Command line invocation:
    /Applications/Xcode.app/Contents/Developer/usr/bin/xcodebuild test -scheme DiverKit -destination platform=macOS -only-testing DiverKitTests/IntelligenceProcessorTests

Resolve Package Graph
2025-12-24 02:45:08.410 xcodebuild[10952:4392500] [MT] IDERunDestination: Supported platforms for the buildables in the current scheme is empty.


Resolved source packages:
  swift-log: https://github.com/apple/swift-log.git @ 1.8.0
  RegularExpressions: https://github.com/Peter-Schorn/RegularExpressions.git @ 2.2.0
  OpenCombine: https://github.com/OpenCombine/OpenCombine.git @ 0.14.0
  swift-crypto: https://github.com/apple/swift-crypto.git @ 1.1.7
  LDSwiftEventSource: https://github.com/launchdarkly/swift-eventsource @ 3.3.0
  DiverShared: /Users/voxels/Documents/dev/Superbright/Diver/DiverShared @ local
  DiverKit: /Users/voxels/Documents/dev/Superbright/Diver/DiverKit
  SpotifyAPI: https://github.com/Peter-Schorn/SpotifyAPI @ 4.0.2

--- xcodebuild: WARNING: Using the first of multiple matching destinations:
{ platform:macOS, arch:arm64, id:00006021-0004109E3E30C01E, name:My Mac }
{ platform:macOS, arch:x86_64, id:00006021-0004109E3E30C01E, name:My Mac }
{ platform:macOS, arch:arm64, variant:Mac Catalyst, id:00006021-0004109E3E30C01E, name:My Mac }
{ platform:macOS, arch:x86_64, variant:Mac Catalyst, id:00006021-0004109E3E30C01E, name:My Mac }
{ platform:macOS, arch:arm64, variant:DriverKit, id:00006021-0004109E3E30C01E, name:My Mac }
{ platform:macOS, arch:arm64, variant:Designed for [iPad,iPhone], id:00006021-0004109E3E30C01E, name:My Mac }
{ platform:macOS, arch:arm64_32, variant:Designed for [iPad,iPhone], id:00006021-0004109E3E30C01E, name:My Mac }
ComputePackagePrebuildTargetDependencyGraph

Prepare packages

CreateBuildRequest

SendProjectDescription

CreateBuildOperation

ComputeTargetDependencyGraph
note: Building targets in dependency order
note: Target dependency graph (26 targets)
    Target 'DiverKit' in project 'DiverKit'
        ➜ Explicit dependency on target 'DiverKit' in project 'DiverKit'
        ➜ Explicit dependency on target 'DiverKit_DiverKit' in project 'DiverKit'
        ➜ Explicit dependency on target 'LDSwiftEventSource' in project 'LDSwiftEventSource'
        ➜ Explicit dependency on target 'SpotifyAPI' in project 'SpotifyAPI'
        ➜ Explicit dependency on target 'DiverShared' in project 'DiverShared'
    Target 'DiverKitTests' in project 'DiverKit'
        ➜ Explicit dependency on target 'DiverKit_DiverKitTests' in project 'DiverKit'
        ➜ Explicit dependency on target 'DiverKit' in project 'DiverKit'
        ➜ Explicit dependency on target 'LDSwiftEventSource' in project 'LDSwiftEventSource'
        ➜ Explicit dependency on target 'SpotifyAPI' in project 'SpotifyAPI'
        ➜ Explicit dependency on target 'DiverShared' in project 'DiverShared'
    Target 'DiverKit' in project 'DiverKit'
        ➜ Explicit dependency on target 'DiverKit_DiverKit' in project 'DiverKit'
        ➜ Explicit dependency on target 'LDSwiftEventSource' in project 'LDSwiftEventSource'
        ➜ Explicit dependency on target 'SpotifyAPI' in project 'SpotifyAPI'
        ➜ Explicit dependency on target 'DiverShared' in project 'DiverShared'
    Target 'DiverShared' in project 'DiverShared'
        ➜ Explicit dependency on target 'DiverShared' in project 'DiverShared'
    Target 'DiverShared' in project 'DiverShared' (no dependencies)
    Target 'SpotifyAPI' in project 'SpotifyAPI'
        ➜ Explicit dependency on target 'SpotifyWebAPI' in project 'SpotifyAPI'
        ➜ Explicit dependency on target 'RegularExpressions' in project 'RegularExpressions'
        ➜ Explicit dependency on target 'Logging' in project 'swift-log'
        ➜ Explicit dependency on target 'Crypto' in project 'swift-crypto'
        ➜ Explicit dependency on target 'OpenCombine' in project 'OpenCombine'
        ➜ Explicit dependency on target 'OpenCombineDispatch' in project 'OpenCombine'
        ➜ Explicit dependency on target 'OpenCombineFoundation' in project 'OpenCombine'
    Target 'SpotifyWebAPI' in project 'SpotifyAPI'
        ➜ Explicit dependency on target 'RegularExpressions' in project 'RegularExpressions'
        ➜ Explicit dependency on target 'Logging' in project 'swift-log'
        ➜ Explicit dependency on target 'Crypto' in project 'swift-crypto'
        ➜ Explicit dependency on target 'OpenCombine' in project 'OpenCombine'
        ➜ Explicit dependency on target 'OpenCombineDispatch' in project 'OpenCombine'
        ➜ Explicit dependency on target 'OpenCombineFoundation' in project 'OpenCombine'
    Target 'OpenCombineFoundation' in project 'OpenCombine'
        ➜ Explicit dependency on target 'OpenCombineFoundation' in project 'OpenCombine'
        ➜ Explicit dependency on target 'COpenCombineHelpers' in project 'OpenCombine'
        ➜ Explicit dependency on target 'OpenCombine' in project 'OpenCombine'
    Target 'OpenCombineFoundation' in project 'OpenCombine'
        ➜ Explicit dependency on target 'COpenCombineHelpers' in project 'OpenCombine'
        ➜ Explicit dependency on target 'OpenCombine' in project 'OpenCombine'
    Target 'OpenCombineDispatch' in project 'OpenCombine'
        ➜ Explicit dependency on target 'OpenCombineDispatch' in project 'OpenCombine'
        ➜ Explicit dependency on target 'COpenCombineHelpers' in project 'OpenCombine'
        ➜ Explicit dependency on target 'OpenCombine' in project 'OpenCombine'
    Target 'OpenCombineDispatch' in project 'OpenCombine'
        ➜ Explicit dependency on target 'COpenCombineHelpers' in project 'OpenCombine'
        ➜ Explicit dependency on target 'OpenCombine' in project 'OpenCombine'
    Target 'OpenCombine' in project 'OpenCombine'
        ➜ Explicit dependency on target 'OpenCombine' in project 'OpenCombine'
        ➜ Explicit dependency on target 'COpenCombineHelpers' in project 'OpenCombine'
    Target 'OpenCombine' in project 'OpenCombine'
        ➜ Explicit dependency on target 'COpenCombineHelpers' in project 'OpenCombine'
    Target 'COpenCombineHelpers' in project 'OpenCombine' (no dependencies)
    Target 'Crypto' in project 'swift-crypto'
        ➜ Explicit dependency on target 'Crypto' in project 'swift-crypto'
        ➜ Explicit dependency on target 'CCryptoBoringSSL' in project 'swift-crypto'
        ➜ Explicit dependency on target 'CCryptoBoringSSLShims' in project 'swift-crypto'
    Target 'Crypto' in project 'swift-crypto'
        ➜ Explicit dependency on target 'CCryptoBoringSSL' in project 'swift-crypto'
        ➜ Explicit dependency on target 'CCryptoBoringSSLShims' in project 'swift-crypto'
    Target 'CCryptoBoringSSLShims' in project 'swift-crypto'
        ➜ Explicit dependency on target 'CCryptoBoringSSL' in project 'swift-crypto'
    Target 'CCryptoBoringSSL' in project 'swift-crypto' (no dependencies)
    Target 'Logging' in project 'swift-log'
        ➜ Explicit dependency on target 'Logging' in project 'swift-log'
    Target 'Logging' in project 'swift-log' (no dependencies)
    Target 'RegularExpressions' in project 'RegularExpressions'
        ➜ Explicit dependency on target 'RegularExpressions' in project 'RegularExpressions'
    Target 'RegularExpressions' in project 'RegularExpressions' (no dependencies)
    Target 'LDSwiftEventSource' in project 'LDSwiftEventSource'
        ➜ Explicit dependency on target 'LDSwiftEventSource' in project 'LDSwiftEventSource'
    Target 'LDSwiftEventSource' in project 'LDSwiftEventSource' (no dependencies)
    Target 'DiverKit_DiverKit' in project 'DiverKit' (no dependencies)
    Target 'DiverKit_DiverKitTests' in project 'DiverKit' (no dependencies)

GatherProvisioningInputs

CreateBuildDescription

ClangStatCache /Applications/Xcode.app/Contents/Developer/Toolchains/XcodeDefault.xctoolchain/usr/bin/clang-stat-cache /Applications/Xcode.app/Contents/Developer/Platforms/MacOSX.platform/Developer/SDKs/MacOSX26.2.sdk /Users/voxels/Library/Developer/Xcode/DerivedData/SDKStatCaches.noindex/macosx26.2-25C57-00fa09913b459cbbc988d1f6730289ae.sdkstatcache
    cd /Users/voxels/Documents/dev/Superbright/Diver/DiverKit/.swiftpm/xcode
    /Applications/Xcode.app/Contents/Developer/Toolchains/XcodeDefault.xctoolchain/usr/bin/clang-stat-cache /Applications/Xcode.app/Contents/Developer/Platforms/MacOSX.platform/Developer/SDKs/MacOSX26.2.sdk -o /Users/voxels/Library/Developer/Xcode/DerivedData/SDKStatCaches.noindex/macosx26.2-25C57-00fa09913b459cbbc988d1f6730289ae.sdkstatcache

ProcessInfoPlistFile /Users/voxels/Library/Developer/Xcode/DerivedData/DiverKit-dnazseideimcslaxenujpxylnxqc/Build/Products/Debug/DiverKit_DiverKit.bundle/Contents/Info.plist /Users/voxels/Library/Developer/Xcode/DerivedData/DiverKit-dnazseideimcslaxenujpxylnxqc/Build/Intermediates.noindex/DiverKit.build/Debug/DiverKit_DiverKit.build/empty-DiverKit_DiverKit.plist (in target 'DiverKit_DiverKit' from project 'DiverKit')
    cd /Users/voxels/Documents/dev/Superbright/Diver/DiverKit
    builtin-infoPlistUtility /Users/voxels/Library/Developer/Xcode/DerivedData/DiverKit-dnazseideimcslaxenujpxylnxqc/Build/Intermediates.noindex/DiverKit.build/Debug/DiverKit_DiverKit.build/empty-DiverKit_DiverKit.plist -producttype com.apple.product-type.bundle -expandbuildsettings -platform macosx -o /Users/voxels/Library/Developer/Xcode/DerivedData/DiverKit-dnazseideimcslaxenujpxylnxqc/Build/Products/Debug/DiverKit_DiverKit.bundle/Contents/Info.plist

ProcessInfoPlistFile /Users/voxels/Library/Developer/Xcode/DerivedData/DiverKit-dnazseideimcslaxenujpxylnxqc/Build/Products/Debug/DiverKit_DiverKitTests.bundle/Contents/Info.plist /Users/voxels/Library/Developer/Xcode/DerivedData/DiverKit-dnazseideimcslaxenujpxylnxqc/Build/Intermediates.noindex/DiverKit.build/Debug/DiverKit_DiverKitTests.build/empty-DiverKit_DiverKitTests.plist (in target 'DiverKit_DiverKitTests' from project 'DiverKit')
    cd /Users/voxels/Documents/dev/Superbright/Diver/DiverKit
    builtin-infoPlistUtility /Users/voxels/Library/Developer/Xcode/DerivedData/DiverKit-dnazseideimcslaxenujpxylnxqc/Build/Intermediates.noindex/DiverKit.build/Debug/DiverKit_DiverKitTests.build/empty-DiverKit_DiverKitTests.plist -producttype com.apple.product-type.bundle -expandbuildsettings -platform macosx -o /Users/voxels/Library/Developer/Xcode/DerivedData/DiverKit-dnazseideimcslaxenujpxylnxqc/Build/Products/Debug/DiverKit_DiverKitTests.bundle/Contents/Info.plist

CopySwiftLibs /Users/voxels/Library/Developer/Xcode/DerivedData/DiverKit-dnazseideimcslaxenujpxylnxqc/Build/Products/Debug/DiverKitTests.xctest (in target 'DiverKitTests' from project 'DiverKit')
    cd /Users/voxels/Documents/dev/Superbright/Diver/DiverKit
    builtin-swiftStdLibTool --copy --verbose --scan-executable /Users/voxels/Library/Developer/Xcode/DerivedData/DiverKit-dnazseideimcslaxenujpxylnxqc/Build/Products/Debug/DiverKitTests.xctest/Contents/MacOS/DiverKitTests --scan-folder /Users/voxels/Library/Developer/Xcode/DerivedData/DiverKit-dnazseideimcslaxenujpxylnxqc/Build/Products/Debug/DiverKitTests.xctest/Contents/Frameworks --scan-folder /Users/voxels/Library/Developer/Xcode/DerivedData/DiverKit-dnazseideimcslaxenujpxylnxqc/Build/Products/Debug/DiverKitTests.xctest/Contents/PlugIns --scan-folder /Users/voxels/Library/Developer/Xcode/DerivedData/DiverKit-dnazseideimcslaxenujpxylnxqc/Build/Products/Debug/DiverKitTests.xctest/Contents/Library/SystemExtensions --scan-folder /Users/voxels/Library/Developer/Xcode/DerivedData/DiverKit-dnazseideimcslaxenujpxylnxqc/Build/Products/Debug/DiverKitTests.xctest/Contents/Extensions --platform macosx --toolchain /Applications/Xcode.app/Contents/Developer/Toolchains/XcodeDefault.xctoolchain --destination /Users/voxels/Library/Developer/Xcode/DerivedData/DiverKit-dnazseideimcslaxenujpxylnxqc/Build/Products/Debug/DiverKitTests.xctest/Contents/Frameworks --strip-bitcode --scan-executable /Applications/Xcode.app/Contents/Developer/Platforms/MacOSX.platform/Developer/usr/lib/libXCTestSwiftSupport.dylib --strip-bitcode-tool /Applications/Xcode.app/Contents/Developer/Toolchains/XcodeDefault.xctoolchain/usr/bin/bitcode_strip --emit-dependency-info /Users/voxels/Library/Developer/Xcode/DerivedData/DiverKit-dnazseideimcslaxenujpxylnxqc/Build/Intermediates.noindex/DiverKit.build/Debug/DiverKitTests.build/SwiftStdLibToolInputDependencies.dep --filter-for-swift-os --back-deploy-swift-span
Ignoring --strip-bitcode because --sign was not passed

ProcessInfoPlistFile /Users/voxels/Library/Developer/Xcode/DerivedData/DiverKit-dnazseideimcslaxenujpxylnxqc/Build/Products/Debug/DiverKitTests.xctest/Contents/Info.plist /Users/voxels/Library/Developer/Xcode/DerivedData/DiverKit-dnazseideimcslaxenujpxylnxqc/Build/Intermediates.noindex/DiverKit.build/Debug/DiverKitTests.build/empty-DiverKitTests.plist (in target 'DiverKitTests' from project 'DiverKit')
    cd /Users/voxels/Documents/dev/Superbright/Diver/DiverKit
    builtin-infoPlistUtility /Users/voxels/Library/Developer/Xcode/DerivedData/DiverKit-dnazseideimcslaxenujpxylnxqc/Build/Intermediates.noindex/DiverKit.build/Debug/DiverKitTests.build/empty-DiverKitTests.plist -producttype com.apple.product-type.bundle.unit-test -expandbuildsettings -platform macosx -scanforprivacyfile /Users/voxels/Library/Developer/Xcode/DerivedData/DiverKit-dnazseideimcslaxenujpxylnxqc/Build/Products/Debug/DiverKitTests.xctest/Contents/Resources/DiverKit_DiverKit.bundle -o /Users/voxels/Library/Developer/Xcode/DerivedData/DiverKit-dnazseideimcslaxenujpxylnxqc/Build/Products/Debug/DiverKitTests.xctest/Contents/Info.plist

Test Suite 'Selected tests' started at 2025-12-24 02:45:11.175.
Test Suite 'DiverKitTests.xctest' started at 2025-12-24 02:45:11.175.
Test Suite 'IntelligenceProcessorTests' started at 2025-12-24 02:45:11.176.
Test Case '-[DiverKitTests.IntelligenceProcessorTests testEntertainmentSecondaryActionURLs]' started.
/Users/voxels/Documents/dev/Superbright/Diver/DiverKit/Tests/DiverKitTests/IntelligenceProcessorTests.swift:76: error: -[DiverKitTests.IntelligenceProcessorTests testEntertainmentSecondaryActionURLs] : XCTAssertTrue failed - Movie action should link to YouTube
Test Case '-[DiverKitTests.IntelligenceProcessorTests testEntertainmentSecondaryActionURLs]' failed (1.259 seconds).
Test Case '-[DiverKitTests.IntelligenceProcessorTests testIntelligenceResultMetadata]' started.
Test Case '-[DiverKitTests.IntelligenceProcessorTests testIntelligenceResultMetadata]' passed (0.001 seconds).
Test Case '-[DiverKitTests.IntelligenceProcessorTests testProcessPipelineStability]' started.
Test Case '-[DiverKitTests.IntelligenceProcessorTests testProcessPipelineStability]' passed (0.322 seconds).
Test Suite 'IntelligenceProcessorTests' failed at 2025-12-24 02:45:12.758.
	 Executed 3 tests, with 1 failure (0 unexpected) in 1.581 (1.582) seconds
Test Suite 'DiverKitTests.xctest' failed at 2025-12-24 02:45:12.758.
	 Executed 3 tests, with 1 failure (0 unexpected) in 1.581 (1.582) seconds
Test Suite 'Selected tests' failed at 2025-12-24 02:45:12.758.
	 Executed 3 tests, with 1 failure (0 unexpected) in 1.581 (1.583) seconds
Resolve Package Graph

2025-12-24 02:45:17.583 xcodebuild[10952:4392500] [MT] IDETestOperationsObserverDebug: 7.202 elapsed -- Testing started completed.
2025-12-24 02:45:17.583 xcodebuild[10952:4392500] [MT] IDETestOperationsObserverDebug: 0.000 sec, +0.000 sec -- start
2025-12-24 02:45:17.583 xcodebuild[10952:4392500] [MT] IDETestOperationsObserverDebug: 7.202 sec, +7.202 sec -- end

Test session results, code coverage, and logs:
	/Users/voxels/Library/Developer/Xcode/DerivedData/DiverKit-dnazseideimcslaxenujpxylnxqc/Logs/Test/Test-DiverKit-2025.12.24_02-45-08--0500.xcresult

** TEST FAILED **

Testing started
