Command line invocation:
    /Applications/Xcode.app/Contents/Developer/usr/bin/xcodebuild test -scheme DiverTests_iOS -destination "platform=iOS Simulator,name=iPhone 17"

Resolve Package Graph


Resolved source packages:
  Segment: https://github.com/segmentio/analytics-swift @ 1.6.2
  swift-crypto: https://github.com/apple/swift-crypto.git @ 1.1.7
  swift-clocks: https://github.com/pointfreeco/swift-clocks @ 1.0.6
  SpotifyAPI: https://github.com/Peter-Schorn/SpotifyAPI @ 4.0.2
  RegularExpressions: https://github.com/Peter-Schorn/RegularExpressions.git @ 2.2.0
  DiverKit: /Users/voxels/Documents/dev/Superbright/Diver/DiverKit
  Supabase: https://github.com/supabase/supabase-swift @ 2.33.1
  knowmaps: /Users/voxels/Documents/dev/Superbright/Know-Maps @ local
  xctest-dynamic-overlay: https://github.com/pointfreeco/xctest-dynamic-overlay @ 1.8.1
  swift-http-types: https://github.com/apple/swift-http-types.git @ 1.5.1
  Sovran: https://github.com/segmentio/sovran-swift.git @ 1.1.2
  JSONSafeEncoding: https://github.com/segmentio/jsonsafeencoding-swift.git @ 2.0.0
  swift-concurrency-extras: https://github.com/pointfreeco/swift-concurrency-extras @ 1.3.2
  OpenCombine: https://github.com/OpenCombine/OpenCombine.git @ 0.14.0
  Nuke: https://github.com/kean/Nuke @ 12.8.0
  DiverShared: /Users/voxels/Documents/dev/Superbright/Diver/DiverShared
  swift-log: https://github.com/apple/swift-log.git @ 1.8.0
  LDSwiftEventSource: https://github.com/launchdarkly/swift-eventsource @ 3.3.0

ComputePackagePrebuildTargetDependencyGraph

Prepare packages

CreateBuildRequest

SendProjectDescription

CreateBuildOperation

ComputeTargetDependencyGraph
note: Building targets in dependency order
note: Target dependency graph (60 targets)
    Target 'DiverTests_iOS' in project 'Diver'
        ➜ Explicit dependency on target 'Diver_iOS' in project 'Diver'
    Target 'Diver_iOS' in project 'Diver'
        ➜ Explicit dependency on target 'ActionExtension' in project 'Diver'
        ➜ Explicit dependency on target 'DiverWidgetExtension' in project 'Diver'
        ➜ Explicit dependency on target 'DiverKit' in project 'DiverKit'
        ➜ Explicit dependency on target 'DiverShared' in project 'DiverShared'
        ➜ Explicit dependency on target 'knowmaps' in project 'knowmaps'
    Target 'DiverWidgetExtension' in project 'Diver'
        ➜ Explicit dependency on target 'DiverShared' in project 'DiverShared'
        ➜ Explicit dependency on target 'knowmaps' in project 'knowmaps'
        ➜ Explicit dependency on target 'DiverKit' in project 'DiverKit'
    Target 'knowmaps' in project 'knowmaps'
        ➜ Explicit dependency on target 'knowmaps' in project 'knowmaps'
        ➜ Explicit dependency on target 'knowmaps_knowmaps' in project 'knowmaps'
        ➜ Explicit dependency on target 'NukeUI' in project 'Nuke'
        ➜ Explicit dependency on target 'Segment' in project 'Segment'
        ➜ Explicit dependency on target 'Supabase' in project 'Supabase'
    Target 'knowmaps' in project 'knowmaps'
        ➜ Explicit dependency on target 'knowmaps_knowmaps' in project 'knowmaps'
        ➜ Explicit dependency on target 'NukeUI' in project 'Nuke'
        ➜ Explicit dependency on target 'Segment' in project 'Segment'
        ➜ Explicit dependency on target 'Supabase' in project 'Supabase'
    Target 'Supabase' in project 'Supabase'
        ➜ Explicit dependency on target 'Supabase' in project 'Supabase'
        ➜ Explicit dependency on target 'Functions' in project 'Supabase'
        ➜ Explicit dependency on target 'PostgREST' in project 'Supabase'
        ➜ Explicit dependency on target 'Auth' in project 'Supabase'
        ➜ Explicit dependency on target 'Realtime' in project 'Supabase'
        ➜ Explicit dependency on target 'Storage' in project 'Supabase'
        ➜ Explicit dependency on target 'Helpers' in project 'Supabase'
        ➜ Explicit dependency on target 'ConcurrencyExtras' in project 'swift-concurrency-extras'
        ➜ Explicit dependency on target 'HTTPTypes' in project 'swift-http-types'
        ➜ Explicit dependency on target 'Clocks' in project 'swift-clocks'
        ➜ Explicit dependency on target 'XCTestDynamicOverlay' in project 'xctest-dynamic-overlay'
        ➜ Explicit dependency on target 'Crypto' in project 'swift-crypto'
        ➜ Explicit dependency on target 'IssueReporting' in project 'xctest-dynamic-overlay'
    Target 'Supabase' in project 'Supabase'
        ➜ Explicit dependency on target 'Helpers' in project 'Supabase'
        ➜ Explicit dependency on target 'Auth' in project 'Supabase'
        ➜ Explicit dependency on target 'Functions' in project 'Supabase'
        ➜ Explicit dependency on target 'PostgREST' in project 'Supabase'
        ➜ Explicit dependency on target 'Realtime' in project 'Supabase'
        ➜ Explicit dependency on target 'Storage' in project 'Supabase'
        ➜ Explicit dependency on target 'ConcurrencyExtras' in project 'swift-concurrency-extras'
        ➜ Explicit dependency on target 'HTTPTypes' in project 'swift-http-types'
        ➜ Explicit dependency on target 'Clocks' in project 'swift-clocks'
        ➜ Explicit dependency on target 'XCTestDynamicOverlay' in project 'xctest-dynamic-overlay'
        ➜ Explicit dependency on target 'Crypto' in project 'swift-crypto'
        ➜ Explicit dependency on target 'IssueReporting' in project 'xctest-dynamic-overlay'
    Target 'Storage' in project 'Supabase'
        ➜ Explicit dependency on target 'Helpers' in project 'Supabase'
        ➜ Explicit dependency on target 'ConcurrencyExtras' in project 'swift-concurrency-extras'
        ➜ Explicit dependency on target 'HTTPTypes' in project 'swift-http-types'
        ➜ Explicit dependency on target 'Clocks' in project 'swift-clocks'
        ➜ Explicit dependency on target 'XCTestDynamicOverlay' in project 'xctest-dynamic-overlay'
    Target 'Realtime' in project 'Supabase'
        ➜ Explicit dependency on target 'Helpers' in project 'Supabase'
        ➜ Explicit dependency on target 'ConcurrencyExtras' in project 'swift-concurrency-extras'
        ➜ Explicit dependency on target 'HTTPTypes' in project 'swift-http-types'
        ➜ Explicit dependency on target 'Clocks' in project 'swift-clocks'
        ➜ Explicit dependency on target 'XCTestDynamicOverlay' in project 'xctest-dynamic-overlay'
        ➜ Explicit dependency on target 'IssueReporting' in project 'xctest-dynamic-overlay'
    Target 'PostgREST' in project 'Supabase'
        ➜ Explicit dependency on target 'Helpers' in project 'Supabase'
        ➜ Explicit dependency on target 'ConcurrencyExtras' in project 'swift-concurrency-extras'
        ➜ Explicit dependency on target 'HTTPTypes' in project 'swift-http-types'
        ➜ Explicit dependency on target 'Clocks' in project 'swift-clocks'
        ➜ Explicit dependency on target 'XCTestDynamicOverlay' in project 'xctest-dynamic-overlay'
    Target 'Functions' in project 'Supabase'
        ➜ Explicit dependency on target 'Helpers' in project 'Supabase'
        ➜ Explicit dependency on target 'ConcurrencyExtras' in project 'swift-concurrency-extras'
        ➜ Explicit dependency on target 'HTTPTypes' in project 'swift-http-types'
        ➜ Explicit dependency on target 'Clocks' in project 'swift-clocks'
        ➜ Explicit dependency on target 'XCTestDynamicOverlay' in project 'xctest-dynamic-overlay'
    Target 'Auth' in project 'Supabase'
        ➜ Explicit dependency on target 'Helpers' in project 'Supabase'
        ➜ Explicit dependency on target 'ConcurrencyExtras' in project 'swift-concurrency-extras'
        ➜ Explicit dependency on target 'HTTPTypes' in project 'swift-http-types'
        ➜ Explicit dependency on target 'Clocks' in project 'swift-clocks'
        ➜ Explicit dependency on target 'XCTestDynamicOverlay' in project 'xctest-dynamic-overlay'
        ➜ Explicit dependency on target 'Crypto' in project 'swift-crypto'
    Target 'Helpers' in project 'Supabase'
        ➜ Explicit dependency on target 'ConcurrencyExtras' in project 'swift-concurrency-extras'
        ➜ Explicit dependency on target 'HTTPTypes' in project 'swift-http-types'
        ➜ Explicit dependency on target 'Clocks' in project 'swift-clocks'
        ➜ Explicit dependency on target 'XCTestDynamicOverlay' in project 'xctest-dynamic-overlay'
    Target 'XCTestDynamicOverlay' in project 'xctest-dynamic-overlay'
        ➜ Explicit dependency on target 'XCTestDynamicOverlay' in project 'xctest-dynamic-overlay'
        ➜ Explicit dependency on target 'IssueReportingPackageSupport' in project 'xctest-dynamic-overlay'
        ➜ Explicit dependency on target 'IssueReporting' in project 'xctest-dynamic-overlay'
    Target 'XCTestDynamicOverlay' in project 'xctest-dynamic-overlay'
        ➜ Explicit dependency on target 'IssueReportingPackageSupport' in project 'xctest-dynamic-overlay'
        ➜ Explicit dependency on target 'IssueReporting' in project 'xctest-dynamic-overlay'
    Target 'Clocks' in project 'swift-clocks'
        ➜ Explicit dependency on target 'Clocks' in project 'swift-clocks'
        ➜ Explicit dependency on target 'ConcurrencyExtras' in project 'swift-concurrency-extras'
        ➜ Explicit dependency on target 'IssueReporting' in project 'xctest-dynamic-overlay'
    Target 'Clocks' in project 'swift-clocks'
        ➜ Explicit dependency on target 'ConcurrencyExtras' in project 'swift-concurrency-extras'
        ➜ Explicit dependency on target 'IssueReporting' in project 'xctest-dynamic-overlay'
    Target 'IssueReporting' in project 'xctest-dynamic-overlay'
        ➜ Explicit dependency on target 'IssueReporting' in project 'xctest-dynamic-overlay'
        ➜ Explicit dependency on target 'IssueReportingPackageSupport' in project 'xctest-dynamic-overlay'
    Target 'IssueReporting' in project 'xctest-dynamic-overlay'
        ➜ Explicit dependency on target 'IssueReportingPackageSupport' in project 'xctest-dynamic-overlay'
    Target 'IssueReportingPackageSupport' in project 'xctest-dynamic-overlay' (no dependencies)
    Target 'HTTPTypes' in project 'swift-http-types'
        ➜ Explicit dependency on target 'HTTPTypes' in project 'swift-http-types'
    Target 'HTTPTypes' in project 'swift-http-types' (no dependencies)
    Target 'ConcurrencyExtras' in project 'swift-concurrency-extras'
        ➜ Explicit dependency on target 'ConcurrencyExtras' in project 'swift-concurrency-extras'
    Target 'ConcurrencyExtras' in project 'swift-concurrency-extras' (no dependencies)
    Target 'Segment' in project 'Segment'
        ➜ Explicit dependency on target 'Segment' in project 'Segment'
        ➜ Explicit dependency on target 'Segment_Segment' in project 'Segment'
        ➜ Explicit dependency on target 'Sovran' in project 'Sovran'
        ➜ Explicit dependency on target 'JSONSafeEncoding' in project 'JSONSafeEncoding'
    Target 'Segment' in project 'Segment'
        ➜ Explicit dependency on target 'Segment_Segment' in project 'Segment'
        ➜ Explicit dependency on target 'Sovran' in project 'Sovran'
        ➜ Explicit dependency on target 'JSONSafeEncoding' in project 'JSONSafeEncoding'
    Target 'JSONSafeEncoding' in project 'JSONSafeEncoding'
        ➜ Explicit dependency on target 'JSONSafeEncoding' in project 'JSONSafeEncoding'
    Target 'JSONSafeEncoding' in project 'JSONSafeEncoding' (no dependencies)
    Target 'Sovran' in project 'Sovran'
        ➜ Explicit dependency on target 'Sovran' in project 'Sovran'
    Target 'Sovran' in project 'Sovran' (no dependencies)
    Target 'Segment_Segment' in project 'Segment' (no dependencies)
    Target 'NukeUI' in project 'Nuke'
        ➜ Explicit dependency on target 'NukeUI' in project 'Nuke'
        ➜ Explicit dependency on target 'Nuke' in project 'Nuke'
    Target 'NukeUI' in project 'Nuke'
        ➜ Explicit dependency on target 'Nuke' in project 'Nuke'
    Target 'Nuke' in project 'Nuke' (no dependencies)
    Target 'knowmaps_knowmaps' in project 'knowmaps' (no dependencies)
    Target 'ActionExtension' in project 'Diver'
        ➜ Explicit dependency on target 'DiverKit' in project 'DiverKit'
        ➜ Explicit dependency on target 'DiverShared' in project 'DiverShared'
    Target 'DiverKit' in project 'DiverKit'
        ➜ Explicit dependency on target 'DiverKit' in project 'DiverKit'
        ➜ Explicit dependency on target 'DiverKit_DiverKit' in project 'DiverKit'
        ➜ Explicit dependency on target 'LDSwiftEventSource' in project 'LDSwiftEventSource'
        ➜ Explicit dependency on target 'SpotifyAPI' in project 'SpotifyAPI'
        ➜ Explicit dependency on target 'DiverShared' in project 'DiverShared'
    Target 'DiverKit' in project 'DiverKit'
        ➜ Explicit dependency on target 'DiverKit_DiverKit' in project 'DiverKit'
        ➜ Explicit dependency on target 'LDSwiftEventSource' in project 'LDSwiftEventSource'
        ➜ Explicit dependency on target 'SpotifyAPI' in project 'SpotifyAPI'
        ➜ Explicit dependency on target 'DiverShared' in project 'DiverShared'
    Target 'DiverShared' in project 'DiverShared'
        ➜ Explicit dependency on target 'DiverShared' in project 'DiverShared'
    Target 'DiverShared' in project 'DiverShared' (no dependencies)
    Target 'SpotifyAPI' in project 'SpotifyAPI'
        ➜ Explicit dependency on target 'SpotifyWebAPI' in project 'SpotifyAPI'
        ➜ Explicit dependency on target 'RegularExpressions' in project 'RegularExpressions'
        ➜ Explicit dependency on target 'Logging' in project 'swift-log'
        ➜ Explicit dependency on target 'Crypto' in project 'swift-crypto'
        ➜ Explicit dependency on target 'OpenCombine' in project 'OpenCombine'
        ➜ Explicit dependency on target 'OpenCombineDispatch' in project 'OpenCombine'
        ➜ Explicit dependency on target 'OpenCombineFoundation' in project 'OpenCombine'
    Target 'SpotifyWebAPI' in project 'SpotifyAPI'
        ➜ Explicit dependency on target 'RegularExpressions' in project 'RegularExpressions'
        ➜ Explicit dependency on target 'Logging' in project 'swift-log'
        ➜ Explicit dependency on target 'Crypto' in project 'swift-crypto'
        ➜ Explicit dependency on target 'OpenCombine' in project 'OpenCombine'
        ➜ Explicit dependency on target 'OpenCombineDispatch' in project 'OpenCombine'
        ➜ Explicit dependency on target 'OpenCombineFoundation' in project 'OpenCombine'
    Target 'OpenCombineFoundation' in project 'OpenCombine'
        ➜ Explicit dependency on target 'OpenCombineFoundation' in project 'OpenCombine'
        ➜ Explicit dependency on target 'COpenCombineHelpers' in project 'OpenCombine'
        ➜ Explicit dependency on target 'OpenCombine' in project 'OpenCombine'
    Target 'OpenCombineFoundation' in project 'OpenCombine'
        ➜ Explicit dependency on target 'COpenCombineHelpers' in project 'OpenCombine'
        ➜ Explicit dependency on target 'OpenCombine' in project 'OpenCombine'
    Target 'OpenCombineDispatch' in project 'OpenCombine'
        ➜ Explicit dependency on target 'OpenCombineDispatch' in project 'OpenCombine'
        ➜ Explicit dependency on target 'COpenCombineHelpers' in project 'OpenCombine'
        ➜ Explicit dependency on target 'OpenCombine' in project 'OpenCombine'
    Target 'OpenCombineDispatch' in project 'OpenCombine'
        ➜ Explicit dependency on target 'COpenCombineHelpers' in project 'OpenCombine'
        ➜ Explicit dependency on target 'OpenCombine' in project 'OpenCombine'
    Target 'OpenCombine' in project 'OpenCombine'
        ➜ Explicit dependency on target 'OpenCombine' in project 'OpenCombine'
        ➜ Explicit dependency on target 'COpenCombineHelpers' in project 'OpenCombine'
    Target 'OpenCombine' in project 'OpenCombine'
        ➜ Explicit dependency on target 'COpenCombineHelpers' in project 'OpenCombine'
    Target 'COpenCombineHelpers' in project 'OpenCombine' (no dependencies)
    Target 'Crypto' in project 'swift-crypto'
        ➜ Explicit dependency on target 'Crypto' in project 'swift-crypto'
        ➜ Explicit dependency on target 'CCryptoBoringSSL' in project 'swift-crypto'
        ➜ Explicit dependency on target 'CCryptoBoringSSLShims' in project 'swift-crypto'
    Target 'Crypto' in project 'swift-crypto'
        ➜ Explicit dependency on target 'CCryptoBoringSSL' in project 'swift-crypto'
        ➜ Explicit dependency on target 'CCryptoBoringSSLShims' in project 'swift-crypto'
    Target 'CCryptoBoringSSLShims' in project 'swift-crypto'
        ➜ Explicit dependency on target 'CCryptoBoringSSL' in project 'swift-crypto'
    Target 'CCryptoBoringSSL' in project 'swift-crypto' (no dependencies)
    Target 'Logging' in project 'swift-log'
        ➜ Explicit dependency on target 'Logging' in project 'swift-log'
    Target 'Logging' in project 'swift-log' (no dependencies)
    Target 'RegularExpressions' in project 'RegularExpressions'
        ➜ Explicit dependency on target 'RegularExpressions' in project 'RegularExpressions'
    Target 'RegularExpressions' in project 'RegularExpressions' (no dependencies)
    Target 'LDSwiftEventSource' in project 'LDSwiftEventSource'
        ➜ Explicit dependency on target 'LDSwiftEventSource' in project 'LDSwiftEventSource'
    Target 'LDSwiftEventSource' in project 'LDSwiftEventSource' (no dependencies)
    Target 'DiverKit_DiverKit' in project 'DiverKit' (no dependencies)

GatherProvisioningInputs

CreateBuildDescription

ExecuteExternalTool /Applications/Xcode.app/Contents/Developer/Toolchains/XcodeDefault.xctoolchain/usr/bin/swiftc --version

ExecuteExternalTool /Applications/Xcode.app/Contents/Developer/Toolchains/XcodeDefault.xctoolchain/usr/bin/clang -v -E -dM -arch arm64 -isysroot /Applications/Xcode.app/Contents/Developer/Platforms/iPhoneSimulator.platform/Developer/SDKs/iPhoneSimulator26.2.sdk -x c -c /dev/null

ExecuteExternalTool /Applications/Xcode.app/Contents/Developer/Toolchains/XcodeDefault.xctoolchain/usr/bin/clang -v -E -dM -arch arm64 -isysroot /Applications/Xcode.app/Contents/Developer/Platforms/iPhoneSimulator.platform/Developer/SDKs/iPhoneSimulator26.2.sdk -x c++ -c /dev/null

ExecuteExternalTool /Applications/Xcode.app/Contents/Developer/usr/bin/actool --version --output-format xml1

ExecuteExternalTool /usr/bin/what -q /Applications/Xcode.app/Contents/Developer/Toolchains/XcodeDefault.xctoolchain/usr/bin/coremlc

ExecuteExternalTool /Applications/Xcode.app/Contents/Developer/Toolchains/XcodeDefault.xctoolchain/usr/bin/clang -v -E -dM -isysroot /Applications/Xcode.app/Contents/Developer/Platforms/iPhoneSimulator.platform/Developer/SDKs/iPhoneSimulator26.2.sdk -x c -c /dev/null

ExecuteExternalTool /Applications/Xcode.app/Contents/Developer/usr/bin/actool --print-asset-tag-combinations --output-format xml1 /Users/voxels/Documents/dev/Superbright/Diver/Diver/Diver/Assets.xcassets

ExecuteExternalTool /Applications/Xcode.app/Contents/Developer/Toolchains/XcodeDefault.xctoolchain/usr/bin/ld -version_details

ReadFileContents /Applications/Xcode.app/Contents/Developer/Toolchains/XcodeDefault.xctoolchain/usr/share/docc/features.json

ExecuteExternalTool /Applications/Xcode.app/Contents/Developer/Toolchains/XcodeDefault.xctoolchain/usr/bin/clang -v -E -dM -arch arm64 -isysroot /Applications/Xcode.app/Contents/Developer/Platforms/iPhoneSimulator.platform/Developer/SDKs/iPhoneSimulator26.2.sdk -x assembler-with-cpp -c /dev/null

ExecuteExternalTool /Applications/Xcode.app/Contents/Developer/Toolchains/XcodeDefault.xctoolchain/usr/bin/coremlc generate /Users/voxels/Documents/dev/Superbright/Know-Maps/Know-Maps/Know Maps Prod/Model/ML/FoursquareSectionClassifier.mlmodel /Users/voxels/Library/Developer/Xcode/DerivedData/Diver-fkxymducaaydoifhoeeiimpntqeq/Build/Intermediates.noindex/knowmaps.build/Debug-iphonesimulator/knowmaps.build/DerivedSources/CoreMLGenerated/FoursquareSectionClassifier --dry-run yes --deployment-target 26.0 --sdkroot /Applications/Xcode.app/Contents/Developer/Platforms/iPhoneSimulator.platform/Developer/SDKs/iPhoneSimulator26.2.sdk --platform ios --output-partial-info-plist /Users/voxels/Library/Developer/Xcode/DerivedData/Diver-fkxymducaaydoifhoeeiimpntqeq/Build/Intermediates.noindex/knowmaps.build/Debug-iphonesimulator/knowmaps.build/FoursquareSectionClassifier-CoreMLPartialInfo.plist --container swift-package --language Swift --swift-version 5 --public-access

ExecuteExternalTool /Applications/Xcode.app/Contents/Developer/Toolchains/XcodeDefault.xctoolchain/usr/bin/coremlc generate /Users/voxels/Documents/dev/Superbright/Know-Maps/Know-Maps/Know Maps Prod/Model/ML/LocalMapsQueryClassifier.mlmodel /Users/voxels/Library/Developer/Xcode/DerivedData/Diver-fkxymducaaydoifhoeeiimpntqeq/Build/Intermediates.noindex/knowmaps.build/Debug-iphonesimulator/knowmaps.build/DerivedSources/CoreMLGenerated/LocalMapsQueryClassifier --dry-run yes --deployment-target 26.0 --sdkroot /Applications/Xcode.app/Contents/Developer/Platforms/iPhoneSimulator.platform/Developer/SDKs/iPhoneSimulator26.2.sdk --platform ios --output-partial-info-plist /Users/voxels/Library/Developer/Xcode/DerivedData/Diver-fkxymducaaydoifhoeeiimpntqeq/Build/Intermediates.noindex/knowmaps.build/Debug-iphonesimulator/knowmaps.build/LocalMapsQueryClassifier-CoreMLPartialInfo.plist --container swift-package --language Swift --swift-version 5 --public-access

ExecuteExternalTool /Applications/Xcode.app/Contents/Developer/Toolchains/XcodeDefault.xctoolchain/usr/bin/coremlc generate /Users/voxels/Documents/dev/Superbright/Know-Maps/Know-Maps/Know Maps Prod/Model/ML/LocalMapsQueryClassifier.mlproj/Models/LocalMapsQueryClassifier 1.mlmodel /Users/voxels/Library/Developer/Xcode/DerivedData/Diver-fkxymducaaydoifhoeeiimpntqeq/Build/Intermediates.noindex/knowmaps.build/Debug-iphonesimulator/knowmaps.build/DerivedSources/CoreMLGenerated/LocalMapsQueryClassifier 1 --dry-run yes --deployment-target 26.0 --sdkroot /Applications/Xcode.app/Contents/Developer/Platforms/iPhoneSimulator.platform/Developer/SDKs/iPhoneSimulator26.2.sdk --platform ios --output-partial-info-plist /Users/voxels/Library/Developer/Xcode/DerivedData/Diver-fkxymducaaydoifhoeeiimpntqeq/Build/Intermediates.noindex/knowmaps.build/Debug-iphonesimulator/knowmaps.build/LocalMapsQueryClassifier 1-CoreMLPartialInfo.plist --container swift-package --language Swift --swift-version 5 --public-access

ExecuteExternalTool /Applications/Xcode.app/Contents/Developer/Toolchains/XcodeDefault.xctoolchain/usr/bin/coremlc generate /Users/voxels/Documents/dev/Superbright/Know-Maps/Know-Maps/Know Maps Prod/Model/ML/LocalMapsQueryTagger.mlpackage /Users/voxels/Library/Developer/Xcode/DerivedData/Diver-fkxymducaaydoifhoeeiimpntqeq/Build/Intermediates.noindex/knowmaps.build/Debug-iphonesimulator/knowmaps.build/DerivedSources/CoreMLGenerated/LocalMapsQueryTagger --dry-run yes --deployment-target 26.0 --sdkroot /Applications/Xcode.app/Contents/Developer/Platforms/iPhoneSimulator.platform/Developer/SDKs/iPhoneSimulator26.2.sdk --platform ios --output-partial-info-plist /Users/voxels/Library/Developer/Xcode/DerivedData/Diver-fkxymducaaydoifhoeeiimpntqeq/Build/Intermediates.noindex/knowmaps.build/Debug-iphonesimulator/knowmaps.build/LocalMapsQueryTagger-CoreMLPartialInfo.plist --container swift-package --language Swift --swift-version 5 --public-access

ExecuteExternalTool /Applications/Xcode.app/Contents/Developer/Toolchains/XcodeDefault.xctoolchain/usr/bin/coremlc generate /Users/voxels/Documents/dev/Superbright/Know-Maps/Know-Maps/Know Maps Prod/Model/ML/LocalMapsQueryTagger.mlproj/Models/LocalMapsQueryTagger 1.mlmodel /Users/voxels/Library/Developer/Xcode/DerivedData/Diver-fkxymducaaydoifhoeeiimpntqeq/Build/Intermediates.noindex/knowmaps.build/Debug-iphonesimulator/knowmaps.build/DerivedSources/CoreMLGenerated/LocalMapsQueryTagger 1 --dry-run yes --deployment-target 26.0 --sdkroot /Applications/Xcode.app/Contents/Developer/Platforms/iPhoneSimulator.platform/Developer/SDKs/iPhoneSimulator26.2.sdk --platform ios --output-partial-info-plist /Users/voxels/Library/Developer/Xcode/DerivedData/Diver-fkxymducaaydoifhoeeiimpntqeq/Build/Intermediates.noindex/knowmaps.build/Debug-iphonesimulator/knowmaps.build/LocalMapsQueryTagger 1-CoreMLPartialInfo.plist --container swift-package --language Swift --swift-version 5 --public-access

ExecuteExternalTool /Applications/Xcode.app/Contents/Developer/Toolchains/XcodeDefault.xctoolchain/usr/bin/coremlc generate /Users/voxels/Documents/dev/Superbright/Know-Maps/Know-Maps/Know Maps Prod/Model/ML/MiniLM-L12-Embedding.mlpackage /Users/voxels/Library/Developer/Xcode/DerivedData/Diver-fkxymducaaydoifhoeeiimpntqeq/Build/Intermediates.noindex/knowmaps.build/Debug-iphonesimulator/knowmaps.build/DerivedSources/CoreMLGenerated/MiniLM-L12-Embedding --dry-run yes --deployment-target 26.0 --sdkroot /Applications/Xcode.app/Contents/Developer/Platforms/iPhoneSimulator.platform/Developer/SDKs/iPhoneSimulator26.2.sdk --platform ios --output-partial-info-plist /Users/voxels/Library/Developer/Xcode/DerivedData/Diver-fkxymducaaydoifhoeeiimpntqeq/Build/Intermediates.noindex/knowmaps.build/Debug-iphonesimulator/knowmaps.build/MiniLM-L12-Embedding-CoreMLPartialInfo.plist --container swift-package --language Swift --swift-version 5 --public-access

Build description signature: 8d87c6c0b528789d5755a9d1481ed341
Build description path: /Users/voxels/Library/Developer/Xcode/DerivedData/Diver-fkxymducaaydoifhoeeiimpntqeq/Build/Intermediates.noindex/XCBuildData/8d87c6c0b528789d5755a9d1481ed341.xcbuilddata
ClangStatCache /Applications/Xcode.app/Contents/Developer/Toolchains/XcodeDefault.xctoolchain/usr/bin/clang-stat-cache /Applications/Xcode.app/Contents/Developer/Platforms/iPhoneSimulator.platform/Developer/SDKs/iPhoneSimulator26.2.sdk /Users/voxels/Library/Developer/Xcode/DerivedData/SDKStatCaches.noindex/iphonesimulator26.2-23C53-3885c01c3e6b6a337905948deab2002e7d00a8b37fbd7999ea79df8ebc024bf0.sdkstatcache
    cd /Users/voxels/Documents/dev/Superbright/Diver/Diver/Diver.xcodeproj
    /Applications/Xcode.app/Contents/Developer/Toolchains/XcodeDefault.xctoolchain/usr/bin/clang-stat-cache /Applications/Xcode.app/Contents/Developer/Platforms/iPhoneSimulator.platform/Developer/SDKs/iPhoneSimulator26.2.sdk -o /Users/voxels/Library/Developer/Xcode/DerivedData/SDKStatCaches.noindex/iphonesimulator26.2-23C53-3885c01c3e6b6a337905948deab2002e7d00a8b37fbd7999ea79df8ebc024bf0.sdkstatcache

ProcessInfoPlistFile /Users/voxels/Library/Developer/Xcode/DerivedData/Diver-fkxymducaaydoifhoeeiimpntqeq/Build/Products/Debug-iphonesimulator/Segment_Segment.bundle/Info.plist /Users/voxels/Library/Developer/Xcode/DerivedData/Diver-fkxymducaaydoifhoeeiimpntqeq/Build/Intermediates.noindex/Segment.build/Debug-iphonesimulator/Segment_Segment.build/empty-Segment_Segment.plist (in target 'Segment_Segment' from project 'Segment')
    cd /Users/voxels/Library/Developer/Xcode/DerivedData/Diver-fkxymducaaydoifhoeeiimpntqeq/SourcePackages/checkouts/analytics-swift
    builtin-infoPlistUtility /Users/voxels/Library/Developer/Xcode/DerivedData/Diver-fkxymducaaydoifhoeeiimpntqeq/Build/Intermediates.noindex/Segment.build/Debug-iphonesimulator/Segment_Segment.build/empty-Segment_Segment.plist -producttype com.apple.product-type.bundle -expandbuildsettings -format binary -platform iphonesimulator -o /Users/voxels/Library/Developer/Xcode/DerivedData/Diver-fkxymducaaydoifhoeeiimpntqeq/Build/Products/Debug-iphonesimulator/Segment_Segment.bundle/Info.plist

ProcessInfoPlistFile /Users/voxels/Library/Developer/Xcode/DerivedData/Diver-fkxymducaaydoifhoeeiimpntqeq/Build/Products/Debug-iphonesimulator/DiverKit_DiverKit.bundle/Info.plist /Users/voxels/Library/Developer/Xcode/DerivedData/Diver-fkxymducaaydoifhoeeiimpntqeq/Build/Intermediates.noindex/DiverKit.build/Debug-iphonesimulator/DiverKit_DiverKit.build/empty-DiverKit_DiverKit.plist (in target 'DiverKit_DiverKit' from project 'DiverKit')
    cd /Users/voxels/Documents/dev/Superbright/Diver/DiverKit
    builtin-infoPlistUtility /Users/voxels/Library/Developer/Xcode/DerivedData/Diver-fkxymducaaydoifhoeeiimpntqeq/Build/Intermediates.noindex/DiverKit.build/Debug-iphonesimulator/DiverKit_DiverKit.build/empty-DiverKit_DiverKit.plist -producttype com.apple.product-type.bundle -expandbuildsettings -format binary -platform iphonesimulator -o /Users/voxels/Library/Developer/Xcode/DerivedData/Diver-fkxymducaaydoifhoeeiimpntqeq/Build/Products/Debug-iphonesimulator/DiverKit_DiverKit.bundle/Info.plist

SwiftDriver DiverTests_iOS normal arm64 com.apple.xcode.tools.swift.compiler (in target 'DiverTests_iOS' from project 'Diver')
    cd /Users/voxels/Documents/dev/Superbright/Diver/Diver
    builtin-SwiftDriver -- /Applications/Xcode.app/Contents/Developer/Toolchains/XcodeDefault.xctoolchain/usr/bin/swiftc -module-name DiverTests_iOS -Onone -enforce-exclusivity\=checked @/Users/voxels/Library/Developer/Xcode/DerivedData/Diver-fkxymducaaydoifhoeeiimpntqeq/Build/Intermediates.noindex/Diver.build/Debug-iphonesimulator/DiverTests_iOS.build/Objects-normal/arm64/DiverTests_iOS.SwiftFileList -DDEBUG -Xcc -fmodule-map-file\=/Users/voxels/Library/Developer/Xcode/DerivedData/Diver-fkxymducaaydoifhoeeiimpntqeq/Build/Intermediates.noindex/GeneratedModuleMaps-iphonesimulator/COpenCombineHelpers.modulemap -plugin-path /Applications/Xcode.app/Contents/Developer/Toolchains/XcodeDefault.xctoolchain/usr/lib/swift/host/plugins/testing -enable-bare-slash-regex -enable-experimental-feature DebugDescriptionMacro -sdk /Applications/Xcode.app/Contents/Developer/Platforms/iPhoneSimulator.platform/Developer/SDKs/iPhoneSimulator26.2.sdk -target arm64-apple-ios26.0-simulator -g -module-cache-path /Users/voxels/Library/Developer/Xcode/DerivedData/ModuleCache.noindex -Xfrontend -serialize-debugging-options -profile-coverage-mapping -profile-generate -enable-testing -index-store-path /Users/voxels/Library/Developer/Xcode/DerivedData/Diver-fkxymducaaydoifhoeeiimpntqeq/Index.noindex/DataStore -Xcc -D_LIBCPP_HARDENING_MODE\=_LIBCPP_HARDENING_MODE_DEBUG -swift-version 5 -I /Users/voxels/Library/Developer/Xcode/DerivedData/Diver-fkxymducaaydoifhoeeiimpntqeq/Build/Products/Debug-iphonesimulator -Isystem /Applications/Xcode.app/Contents/Developer/Platforms/iPhoneSimulator.platform/Developer/usr/lib -F /Users/voxels/Library/Developer/Xcode/DerivedData/Diver-fkxymducaaydoifhoeeiimpntqeq/Build/Products/Debug-iphonesimulator/PackageFrameworks -F /Users/voxels/Library/Developer/Xcode/DerivedData/Diver-fkxymducaaydoifhoeeiimpntqeq/Build/Products/Debug-iphonesimulator/PackageFrameworks -F /Users/voxels/Library/Developer/Xcode/DerivedData/Diver-fkxymducaaydoifhoeeiimpntqeq/Build/Products/Debug-iphonesimulator/PackageFrameworks -F /Users/voxels/Library/Developer/Xcode/DerivedData/Diver-fkxymducaaydoifhoeeiimpntqeq/Build/Products/Debug-iphonesimulator/PackageFrameworks -F /Users/voxels/Library/Developer/Xcode/DerivedData/Diver-fkxymducaaydoifhoeeiimpntqeq/Build/Products/Debug-iphonesimulator/PackageFrameworks -F /Users/voxels/Library/Developer/Xcode/DerivedData/Diver-fkxymducaaydoifhoeeiimpntqeq/Build/Products/Debug-iphonesimulator/PackageFrameworks -F /Users/voxels/Library/Developer/Xcode/DerivedData/Diver-fkxymducaaydoifhoeeiimpntqeq/Build/Products/Debug-iphonesimulator/PackageFrameworks -F /Users/voxels/Library/Developer/Xcode/DerivedData/Diver-fkxymducaaydoifhoeeiimpntqeq/Build/Products/Debug-iphonesimulator/PackageFrameworks -F /Users/voxels/Library/Developer/Xcode/DerivedData/Diver-fkxymducaaydoifhoeeiimpntqeq/Build/Products/Debug-iphonesimulator/PackageFrameworks -F /Users/voxels/Library/Developer/Xcode/DerivedData/Diver-fkxymducaaydoifhoeeiimpntqeq/Build/Products/Debug-iphonesimulator/PackageFrameworks -F /Users/voxels/Library/Developer/Xcode/DerivedData/Diver-fkxymducaaydoifhoeeiimpntqeq/Build/Products/Debug-iphonesimulator/PackageFrameworks -F /Users/voxels/Library/Developer/Xcode/DerivedData/Diver-fkxymducaaydoifhoeeiimpntqeq/Build/Products/Debug-iphonesimulator/PackageFrameworks -F /Users/voxels/Library/Developer/Xcode/DerivedData/Diver-fkxymducaaydoifhoeeiimpntqeq/Build/Products/Debug-iphonesimulator/PackageFrameworks -F /Users/voxels/Library/Developer/Xcode/DerivedData/Diver-fkxymducaaydoifhoeeiimpntqeq/Build/Products/Debug-iphonesimulator/PackageFrameworks -F /Users/voxels/Library/Developer/Xcode/DerivedData/Diver-fkxymducaaydoifhoeeiimpntqeq/Build/Products/Debug-iphonesimulator/PackageFrameworks -F /Users/voxels/Library/Developer/Xcode/DerivedData/Diver-fkxymducaaydoifhoeeiimpntqeq/Build/Products/Debug-iphonesimulator/PackageFrameworks -F /Users/voxels/Library/Developer/Xcode/DerivedData/Diver-fkxymducaaydoifhoeeiimpntqeq/Build/Products/Debug-iphonesimulator/PackageFrameworks -F /Users/voxels/Library/Developer/Xcode/DerivedData/Diver-fkxymducaaydoifhoeeiimpntqeq/Build/Products/Debug-iphonesimulator/PackageFrameworks -F /Users/voxels/Library/Developer/Xcode/DerivedData/Diver-fkxymducaaydoifhoeeiimpntqeq/Build/Products/Debug-iphonesimulator/PackageFrameworks -F /Users/voxels/Library/Developer/Xcode/DerivedData/Diver-fkxymducaaydoifhoeeiimpntqeq/Build/Products/Debug-iphonesimulator/PackageFrameworks -F /Users/voxels/Library/Developer/Xcode/DerivedData/Diver-fkxymducaaydoifhoeeiimpntqeq/Build/Products/Debug-iphonesimulator/PackageFrameworks -F /Users/voxels/Library/Developer/Xcode/DerivedData/Diver-fkxymducaaydoifhoeeiimpntqeq/Build/Products/Debug-iphonesimulator/PackageFrameworks -F /Users/voxels/Library/Developer/Xcode/DerivedData/Diver-fkxymducaaydoifhoeeiimpntqeq/Build/Products/Debug-iphonesimulator/PackageFrameworks -F /Users/voxels/Library/Developer/Xcode/DerivedData/Diver-fkxymducaaydoifhoeeiimpntqeq/Build/Products/Debug-iphonesimulator/PackageFrameworks -F /Users/voxels/Library/Developer/Xcode/DerivedData/Diver-fkxymducaaydoifhoeeiimpntqeq/Build/Products/Debug-iphonesimulator/PackageFrameworks -F /Users/voxels/Library/Developer/Xcode/DerivedData/Diver-fkxymducaaydoifhoeeiimpntqeq/Build/Products/Debug-iphonesimulator/PackageFrameworks -F /Users/voxels/Library/Developer/Xcode/DerivedData/Diver-fkxymducaaydoifhoeeiimpntqeq/Build/Products/Debug-iphonesimulator/PackageFrameworks -F /Users/voxels/Library/Developer/Xcode/DerivedData/Diver-fkxymducaaydoifhoeeiimpntqeq/Build/Products/Debug-iphonesimulator/PackageFrameworks -F /Users/voxels/Library/Developer/Xcode/DerivedData/Diver-fkxymducaaydoifhoeeiimpntqeq/Build/Products/Debug-iphonesimulator/PackageFrameworks -F /Users/voxels/Library/Developer/Xcode/DerivedData/Diver-fkxymducaaydoifhoeeiimpntqeq/Build/Products/Debug-iphonesimulator/PackageFrameworks -F /Users/voxels/Library/Developer/Xcode/DerivedData/Diver-fkxymducaaydoifhoeeiimpntqeq/Build/Products/Debug-iphonesimulator/PackageFrameworks -F /Users/voxels/Library/Developer/Xcode/DerivedData/Diver-fkxymducaaydoifhoeeiimpntqeq/Build/Products/Debug-iphonesimulator/PackageFrameworks -F /Users/voxels/Library/Developer/Xcode/DerivedData/Diver-fkxymducaaydoifhoeeiimpntqeq/Build/Products/Debug-iphonesimulator -F /Applications/Xcode.app/Contents/Developer/Platforms/iPhoneSimulator.platform/Developer/Library/Frameworks -F /Applications/Xcode.app/Contents/Developer/Platforms/iPhoneSimulator.platform/Developer/SDKs/iPhoneSimulator26.2.sdk/Developer/Library/Frameworks -c -j12 -enable-batch-mode -incremental -Xcc -ivfsstatcache -Xcc /Users/voxels/Library/Developer/Xcode/DerivedData/SDKStatCaches.noindex/iphonesimulator26.2-23C53-3885c01c3e6b6a337905948deab2002e7d00a8b37fbd7999ea79df8ebc024bf0.sdkstatcache -output-file-map /Users/voxels/Library/Developer/Xcode/DerivedData/Diver-fkxymducaaydoifhoeeiimpntqeq/Build/Intermediates.noindex/Diver.build/Debug-iphonesimulator/DiverTests_iOS.build/Objects-normal/arm64/DiverTests_iOS-OutputFileMap.json -use-frontend-parseable-output -save-temps -no-color-diagnostics -explicit-module-build -module-cache-path /Users/voxels/Library/Developer/Xcode/DerivedData/Diver-fkxymducaaydoifhoeeiimpntqeq/Build/Intermediates.noindex/SwiftExplicitPrecompiledModules -clang-scanner-module-cache-path /Users/voxels/Library/Developer/Xcode/DerivedData/ModuleCache.noindex -sdk-module-cache-path /Users/voxels/Library/Developer/Xcode/DerivedData/ModuleCache.noindex -serialize-diagnostics -emit-dependencies -emit-module -emit-module-path /Users/voxels/Library/Developer/Xcode/DerivedData/Diver-fkxymducaaydoifhoeeiimpntqeq/Build/Intermediates.noindex/Diver.build/Debug-iphonesimulator/DiverTests_iOS.build/Objects-normal/arm64/DiverTests_iOS.swiftmodule -validate-clang-modules-once -clang-build-session-file /Users/voxels/Library/Developer/Xcode/DerivedData/ModuleCache.noindex/Session.modulevalidation -Xcc -I/Users/voxels/Library/Developer/Xcode/DerivedData/Diver-fkxymducaaydoifhoeeiimpntqeq/Build/Intermediates.noindex/Diver.build/Debug-iphonesimulator/DiverTests_iOS.build/swift-overrides.hmap -emit-const-values -Xfrontend -const-gather-protocols-file -Xfrontend /Users/voxels/Library/Developer/Xcode/DerivedData/Diver-fkxymducaaydoifhoeeiimpntqeq/Build/Intermediates.noindex/Diver.build/Debug-iphonesimulator/DiverTests_iOS.build/Objects-normal/arm64/DiverTests_iOS_const_extract_protocols.json -Xcc -iquote -Xcc /Users/voxels/Library/Developer/Xcode/DerivedData/Diver-fkxymducaaydoifhoeeiimpntqeq/Build/Intermediates.noindex/Diver.build/Debug-iphonesimulator/DiverTests_iOS.build/DiverTests_iOS-generated-files.hmap -Xcc -I/Users/voxels/Library/Developer/Xcode/DerivedData/Diver-fkxymducaaydoifhoeeiimpntqeq/Build/Intermediates.noindex/Diver.build/Debug-iphonesimulator/DiverTests_iOS.build/DiverTests_iOS-own-target-headers.hmap -Xcc -I/Users/voxels/Library/Developer/Xcode/DerivedData/Diver-fkxymducaaydoifhoeeiimpntqeq/Build/Intermediates.noindex/Diver.build/Debug-iphonesimulator/DiverTests_iOS.build/DiverTests_iOS-all-non-framework-target-headers.hmap -Xcc -ivfsoverlay -Xcc /Users/voxels/Library/Developer/Xcode/DerivedData/Diver-fkxymducaaydoifhoeeiimpntqeq/Build/Intermediates.noindex/Diver.build/Debug-iphonesimulator/Diver-0e6a02d4b41c7d9ef073b45f71e65249-VFS-iphonesimulator/all-product-headers.yaml -Xcc -iquote -Xcc /Users/voxels/Library/Developer/Xcode/DerivedData/Diver-fkxymducaaydoifhoeeiimpntqeq/Build/Intermediates.noindex/Diver.build/Debug-iphonesimulator/DiverTests_iOS.build/DiverTests_iOS-project-headers.hmap -Xcc -I/Users/voxels/Library/Developer/Xcode/DerivedData/Diver-fkxymducaaydoifhoeeiimpntqeq/SourcePackages/checkouts/OpenCombine/Sources/COpenCombineHelpers/include -Xcc -I/Users/voxels/Library/Developer/Xcode/DerivedData/Diver-fkxymducaaydoifhoeeiimpntqeq/SourcePackages/checkouts/swift-crypto/Sources/CCryptoBoringSSLShims/include -Xcc -I/Users/voxels/Library/Developer/Xcode/DerivedData/Diver-fkxymducaaydoifhoeeiimpntqeq/SourcePackages/checkouts/swift-crypto/Sources/CCryptoBoringSSL/include -Xcc -I/Users/voxels/Library/Developer/Xcode/DerivedData/Diver-fkxymducaaydoifhoeeiimpntqeq/Build/Products/Debug-iphonesimulator/include -Xcc -I/Users/voxels/Library/Developer/Xcode/DerivedData/Diver-fkxymducaaydoifhoeeiimpntqeq/Build/Intermediates.noindex/Diver.build/Debug-iphonesimulator/DiverTests_iOS.build/DerivedSources-normal/arm64 -Xcc -I/Users/voxels/Library/Developer/Xcode/DerivedData/Diver-fkxymducaaydoifhoeeiimpntqeq/Build/Intermediates.noindex/Diver.build/Debug-iphonesimulator/DiverTests_iOS.build/DerivedSources/arm64 -Xcc -I/Users/voxels/Library/Developer/Xcode/DerivedData/Diver-fkxymducaaydoifhoeeiimpntqeq/Build/Intermediates.noindex/Diver.build/Debug-iphonesimulator/DiverTests_iOS.build/DerivedSources -Xcc -DDEBUG\=1 -emit-objc-header -emit-objc-header-path /Users/voxels/Library/Developer/Xcode/DerivedData/Diver-fkxymducaaydoifhoeeiimpntqeq/Build/Intermediates.noindex/Diver.build/Debug-iphonesimulator/DiverTests_iOS.build/Objects-normal/arm64/DiverTests_iOS-Swift.h -working-directory /Users/voxels/Documents/dev/Superbright/Diver/Diver -experimental-emit-module-separately -disable-cmo

ProcessInfoPlistFile /Users/voxels/Library/Developer/Xcode/DerivedData/Diver-fkxymducaaydoifhoeeiimpntqeq/Build/Products/Debug-iphonesimulator/knowmaps_knowmaps.bundle/Info.plist /Users/voxels/Library/Developer/Xcode/DerivedData/Diver-fkxymducaaydoifhoeeiimpntqeq/Build/Intermediates.noindex/knowmaps.build/Debug-iphonesimulator/knowmaps_knowmaps.build/empty-knowmaps_knowmaps.plist (in target 'knowmaps_knowmaps' from project 'knowmaps')
    cd /Users/voxels/Documents/dev/Superbright/Know-Maps
    builtin-infoPlistUtility /Users/voxels/Library/Developer/Xcode/DerivedData/Diver-fkxymducaaydoifhoeeiimpntqeq/Build/Intermediates.noindex/knowmaps.build/Debug-iphonesimulator/knowmaps_knowmaps.build/empty-knowmaps_knowmaps.plist -producttype com.apple.product-type.bundle -expandbuildsettings -format binary -platform iphonesimulator -additionalcontentfile /Users/voxels/Library/Developer/Xcode/DerivedData/Diver-fkxymducaaydoifhoeeiimpntqeq/Build/Intermediates.noindex/knowmaps.build/Debug-iphonesimulator/knowmaps_knowmaps.build/FoursquareSectionClassifier-CoreMLPartialInfo.plist -additionalcontentfile /Users/voxels/Library/Developer/Xcode/DerivedData/Diver-fkxymducaaydoifhoeeiimpntqeq/Build/Intermediates.noindex/knowmaps.build/Debug-iphonesimulator/knowmaps_knowmaps.build/LocalMapsQueryClassifier-CoreMLPartialInfo.plist -additionalcontentfile /Users/voxels/Library/Developer/Xcode/DerivedData/Diver-fkxymducaaydoifhoeeiimpntqeq/Build/Intermediates.noindex/knowmaps.build/Debug-iphonesimulator/knowmaps_knowmaps.build/LocalMapsQueryClassifier\ 1-CoreMLPartialInfo.plist -additionalcontentfile /Users/voxels/Library/Developer/Xcode/DerivedData/Diver-fkxymducaaydoifhoeeiimpntqeq/Build/Intermediates.noindex/knowmaps.build/Debug-iphonesimulator/knowmaps_knowmaps.build/LocalMapsQueryTagger-CoreMLPartialInfo.plist -additionalcontentfile /Users/voxels/Library/Developer/Xcode/DerivedData/Diver-fkxymducaaydoifhoeeiimpntqeq/Build/Intermediates.noindex/knowmaps.build/Debug-iphonesimulator/knowmaps_knowmaps.build/LocalMapsQueryTagger\ 1-CoreMLPartialInfo.plist -additionalcontentfile /Users/voxels/Library/Developer/Xcode/DerivedData/Diver-fkxymducaaydoifhoeeiimpntqeq/Build/Intermediates.noindex/knowmaps.build/Debug-iphonesimulator/knowmaps_knowmaps.build/MiniLM-L12-Embedding-CoreMLPartialInfo.plist -additionalcontentfile /Users/voxels/Library/Developer/Xcode/DerivedData/Diver-fkxymducaaydoifhoeeiimpntqeq/Build/Intermediates.noindex/knowmaps.build/Debug-iphonesimulator/knowmaps_knowmaps.build/assetcatalog_generated_info.plist -o /Users/voxels/Library/Developer/Xcode/DerivedData/Diver-fkxymducaaydoifhoeeiimpntqeq/Build/Products/Debug-iphonesimulator/knowmaps_knowmaps.bundle/Info.plist

ProcessInfoPlistFile /Users/voxels/Library/Developer/Xcode/DerivedData/Diver-fkxymducaaydoifhoeeiimpntqeq/Build/Products/Debug-iphonesimulator/ActionExtension.appex/Info.plist /Users/voxels/Documents/dev/Superbright/Diver/Diver/ActionExtension/Info.plist (in target 'ActionExtension' from project 'Diver')
    cd /Users/voxels/Documents/dev/Superbright/Diver/Diver
    builtin-infoPlistUtility /Users/voxels/Documents/dev/Superbright/Diver/Diver/ActionExtension/Info.plist -producttype com.apple.product-type.app-extension -expandbuildsettings -format binary -platform iphonesimulator -additionalcontentfile /Users/voxels/Library/Developer/Xcode/DerivedData/Diver-fkxymducaaydoifhoeeiimpntqeq/Build/Intermediates.noindex/Diver.build/Debug-iphonesimulator/ActionExtension.build/assetcatalog_generated_info.plist -scanforprivacyfile /Users/voxels/Library/Developer/Xcode/DerivedData/Diver-fkxymducaaydoifhoeeiimpntqeq/Build/Products/Debug-iphonesimulator/ActionExtension.appex/DiverKit_DiverKit.bundle -o /Users/voxels/Library/Developer/Xcode/DerivedData/Diver-fkxymducaaydoifhoeeiimpntqeq/Build/Products/Debug-iphonesimulator/ActionExtension.appex/Info.plist

ProcessInfoPlistFile /Users/voxels/Library/Developer/Xcode/DerivedData/Diver-fkxymducaaydoifhoeeiimpntqeq/Build/Products/Debug-iphonesimulator/DiverWidgetExtension.appex/Info.plist /Users/voxels/Documents/dev/Superbright/Diver/Diver/DiverWidget/Info.plist (in target 'DiverWidgetExtension' from project 'Diver')
    cd /Users/voxels/Documents/dev/Superbright/Diver/Diver
    builtin-infoPlistUtility /Users/voxels/Documents/dev/Superbright/Diver/Diver/DiverWidget/Info.plist -producttype com.apple.product-type.app-extension -expandbuildsettings -format binary -platform iphonesimulator -additionalcontentfile /Users/voxels/Library/Developer/Xcode/DerivedData/Diver-fkxymducaaydoifhoeeiimpntqeq/Build/Intermediates.noindex/Diver.build/Debug-iphonesimulator/DiverWidgetExtension.build/assetcatalog_generated_info.plist -scanforprivacyfile /Users/voxels/Library/Developer/Xcode/DerivedData/Diver-fkxymducaaydoifhoeeiimpntqeq/Build/Products/Debug-iphonesimulator/DiverWidgetExtension.appex/DiverKit_DiverKit.bundle -scanforprivacyfile /Users/voxels/Library/Developer/Xcode/DerivedData/Diver-fkxymducaaydoifhoeeiimpntqeq/Build/Products/Debug-iphonesimulator/DiverWidgetExtension.appex/Segment_Segment.bundle -scanforprivacyfile /Users/voxels/Library/Developer/Xcode/DerivedData/Diver-fkxymducaaydoifhoeeiimpntqeq/Build/Products/Debug-iphonesimulator/DiverWidgetExtension.appex/knowmaps_knowmaps.bundle -o /Users/voxels/Library/Developer/Xcode/DerivedData/Diver-fkxymducaaydoifhoeeiimpntqeq/Build/Products/Debug-iphonesimulator/DiverWidgetExtension.appex/Info.plist

ProcessInfoPlistFile /Users/voxels/Library/Developer/Xcode/DerivedData/Diver-fkxymducaaydoifhoeeiimpntqeq/Build/Products/Debug-iphonesimulator/Diver_iOS.app/Info.plist /Users/voxels/Documents/dev/Superbright/Diver/Diver/Diver/Info.plist (in target 'Diver_iOS' from project 'Diver')
    cd /Users/voxels/Documents/dev/Superbright/Diver/Diver
    builtin-infoPlistUtility /Users/voxels/Documents/dev/Superbright/Diver/Diver/Diver/Info.plist -producttype com.apple.product-type.application -genpkginfo /Users/voxels/Library/Developer/Xcode/DerivedData/Diver-fkxymducaaydoifhoeeiimpntqeq/Build/Products/Debug-iphonesimulator/Diver_iOS.app/PkgInfo -expandbuildsettings -format binary -platform iphonesimulator -additionalcontentfile /Users/voxels/Library/Developer/Xcode/DerivedData/Diver-fkxymducaaydoifhoeeiimpntqeq/Build/Intermediates.noindex/Diver.build/Debug-iphonesimulator/Diver_iOS.build/assetcatalog_generated_info.plist -scanforprivacyfile /Users/voxels/Library/Developer/Xcode/DerivedData/Diver-fkxymducaaydoifhoeeiimpntqeq/Build/Products/Debug-iphonesimulator/Diver_iOS.app/DiverKit_DiverKit.bundle -scanforprivacyfile /Users/voxels/Library/Developer/Xcode/DerivedData/Diver-fkxymducaaydoifhoeeiimpntqeq/Build/Products/Debug-iphonesimulator/Diver_iOS.app/PlugIns/ActionExtension.appex -scanforprivacyfile /Users/voxels/Library/Developer/Xcode/DerivedData/Diver-fkxymducaaydoifhoeeiimpntqeq/Build/Products/Debug-iphonesimulator/Diver_iOS.app/PlugIns/DiverWidgetExtension.appex -scanforprivacyfile /Users/voxels/Library/Developer/Xcode/DerivedData/Diver-fkxymducaaydoifhoeeiimpntqeq/Build/Products/Debug-iphonesimulator/Diver_iOS.app/Segment_Segment.bundle -scanforprivacyfile /Users/voxels/Library/Developer/Xcode/DerivedData/Diver-fkxymducaaydoifhoeeiimpntqeq/Build/Products/Debug-iphonesimulator/Diver_iOS.app/knowmaps_knowmaps.bundle -o /Users/voxels/Library/Developer/Xcode/DerivedData/Diver-fkxymducaaydoifhoeeiimpntqeq/Build/Products/Debug-iphonesimulator/Diver_iOS.app/Info.plist

CopySwiftLibs /Users/voxels/Library/Developer/Xcode/DerivedData/Diver-fkxymducaaydoifhoeeiimpntqeq/Build/Products/Debug-iphonesimulator/Diver_iOS.app (in target 'Diver_iOS' from project 'Diver')
    cd /Users/voxels/Documents/dev/Superbright/Diver/Diver
    builtin-swiftStdLibTool --copy --verbose --sign - --scan-executable /Users/voxels/Library/Developer/Xcode/DerivedData/Diver-fkxymducaaydoifhoeeiimpntqeq/Build/Products/Debug-iphonesimulator/Diver_iOS.app/Diver_iOS.debug.dylib --scan-folder /Users/voxels/Library/Developer/Xcode/DerivedData/Diver-fkxymducaaydoifhoeeiimpntqeq/Build/Products/Debug-iphonesimulator/Diver_iOS.app/Frameworks --scan-folder /Users/voxels/Library/Developer/Xcode/DerivedData/Diver-fkxymducaaydoifhoeeiimpntqeq/Build/Products/Debug-iphonesimulator/Diver_iOS.app/PlugIns --scan-folder /Users/voxels/Library/Developer/Xcode/DerivedData/Diver-fkxymducaaydoifhoeeiimpntqeq/Build/Products/Debug-iphonesimulator/Diver_iOS.app/SystemExtensions --scan-folder /Users/voxels/Library/Developer/Xcode/DerivedData/Diver-fkxymducaaydoifhoeeiimpntqeq/Build/Products/Debug-iphonesimulator/Diver_iOS.app/Extensions --platform iphonesimulator --toolchain /var/run/com.apple.security.cryptexd/mnt/com.apple.MobileAsset.MetalToolchain-v17.3.48.0.YtsJvB/Metal.xctoolchain --toolchain /Applications/Xcode.app/Contents/Developer/Toolchains/XcodeDefault.xctoolchain --destination /Users/voxels/Library/Developer/Xcode/DerivedData/Diver-fkxymducaaydoifhoeeiimpntqeq/Build/Products/Debug-iphonesimulator/Diver_iOS.app/Frameworks --strip-bitcode --strip-bitcode-tool /Applications/Xcode.app/Contents/Developer/Toolchains/XcodeDefault.xctoolchain/usr/bin/bitcode_strip --emit-dependency-info /Users/voxels/Library/Developer/Xcode/DerivedData/Diver-fkxymducaaydoifhoeeiimpntqeq/Build/Intermediates.noindex/Diver.build/Debug-iphonesimulator/Diver_iOS.build/SwiftStdLibToolInputDependencies.dep --filter-for-swift-os

ProcessInfoPlistFile /Users/voxels/Library/Developer/Xcode/DerivedData/Diver-fkxymducaaydoifhoeeiimpntqeq/Build/Products/Debug-iphonesimulator/Diver_iOS.app/PlugIns/DiverTests_iOS.xctest/Info.plist /Users/voxels/Library/Developer/Xcode/DerivedData/Diver-fkxymducaaydoifhoeeiimpntqeq/Build/Intermediates.noindex/Diver.build/Debug-iphonesimulator/DiverTests_iOS.build/empty-DiverTests_iOS.plist (in target 'DiverTests_iOS' from project 'Diver')
    cd /Users/voxels/Documents/dev/Superbright/Diver/Diver
    builtin-infoPlistUtility /Users/voxels/Library/Developer/Xcode/DerivedData/Diver-fkxymducaaydoifhoeeiimpntqeq/Build/Intermediates.noindex/Diver.build/Debug-iphonesimulator/DiverTests_iOS.build/empty-DiverTests_iOS.plist -producttype com.apple.product-type.bundle.unit-test -expandbuildsettings -format binary -platform iphonesimulator -scanforprivacyfile /Users/voxels/Library/Developer/Xcode/DerivedData/Diver-fkxymducaaydoifhoeeiimpntqeq/Build/Products/Debug-iphonesimulator/Diver_iOS.app/PlugIns/DiverTests_iOS.xctest/DiverKit_DiverKit.bundle -scanforprivacyfile /Users/voxels/Library/Developer/Xcode/DerivedData/Diver-fkxymducaaydoifhoeeiimpntqeq/Build/Products/Debug-iphonesimulator/Diver_iOS.app/PlugIns/DiverTests_iOS.xctest/Segment_Segment.bundle -scanforprivacyfile /Users/voxels/Library/Developer/Xcode/DerivedData/Diver-fkxymducaaydoifhoeeiimpntqeq/Build/Products/Debug-iphonesimulator/Diver_iOS.app/PlugIns/DiverTests_iOS.xctest/knowmaps_knowmaps.bundle -o /Users/voxels/Library/Developer/Xcode/DerivedData/Diver-fkxymducaaydoifhoeeiimpntqeq/Build/Products/Debug-iphonesimulator/Diver_iOS.app/PlugIns/DiverTests_iOS.xctest/Info.plist

SwiftEmitModule normal arm64 Emitting\ module\ for\ DiverTests_iOS (in target 'DiverTests_iOS' from project 'Diver')

EmitSwiftModule normal arm64 (in target 'DiverTests_iOS' from project 'Diver')
    cd /Users/voxels/Documents/dev/Superbright/Diver/Diver
    

SwiftCompile normal arm64 Compiling\ DiverQueueItemHierarchyTests.swift /Users/voxels/Documents/dev/Superbright/Diver/Diver/DiverTests/DiverQueueItemHierarchyTests.swift (in target 'DiverTests_iOS' from project 'Diver')
SwiftCompile normal arm64 /Users/voxels/Documents/dev/Superbright/Diver/Diver/DiverTests/DiverQueueItemHierarchyTests.swift (in target 'DiverTests_iOS' from project 'Diver')
    cd /Users/voxels/Documents/dev/Superbright/Diver/Diver
    

SwiftDriverJobDiscovery normal arm64 Emitting module for DiverTests_iOS (in target 'DiverTests_iOS' from project 'Diver')

SwiftDriver\ Compilation\ Requirements DiverTests_iOS normal arm64 com.apple.xcode.tools.swift.compiler (in target 'DiverTests_iOS' from project 'Diver')
    cd /Users/voxels/Documents/dev/Superbright/Diver/Diver
    builtin-Swift-Compilation-Requirements -- /Applications/Xcode.app/Contents/Developer/Toolchains/XcodeDefault.xctoolchain/usr/bin/swiftc -module-name DiverTests_iOS -Onone -enforce-exclusivity\=checked @/Users/voxels/Library/Developer/Xcode/DerivedData/Diver-fkxymducaaydoifhoeeiimpntqeq/Build/Intermediates.noindex/Diver.build/Debug-iphonesimulator/DiverTests_iOS.build/Objects-normal/arm64/DiverTests_iOS.SwiftFileList -DDEBUG -Xcc -fmodule-map-file\=/Users/voxels/Library/Developer/Xcode/DerivedData/Diver-fkxymducaaydoifhoeeiimpntqeq/Build/Intermediates.noindex/GeneratedModuleMaps-iphonesimulator/COpenCombineHelpers.modulemap -plugin-path /Applications/Xcode.app/Contents/Developer/Toolchains/XcodeDefault.xctoolchain/usr/lib/swift/host/plugins/testing -enable-bare-slash-regex -enable-experimental-feature DebugDescriptionMacro -sdk /Applications/Xcode.app/Contents/Developer/Platforms/iPhoneSimulator.platform/Developer/SDKs/iPhoneSimulator26.2.sdk -target arm64-apple-ios26.0-simulator -g -module-cache-path /Users/voxels/Library/Developer/Xcode/DerivedData/ModuleCache.noindex -Xfrontend -serialize-debugging-options -profile-coverage-mapping -profile-generate -enable-testing -index-store-path /Users/voxels/Library/Developer/Xcode/DerivedData/Diver-fkxymducaaydoifhoeeiimpntqeq/Index.noindex/DataStore -Xcc -D_LIBCPP_HARDENING_MODE\=_LIBCPP_HARDENING_MODE_DEBUG -swift-version 5 -I /Users/voxels/Library/Developer/Xcode/DerivedData/Diver-fkxymducaaydoifhoeeiimpntqeq/Build/Products/Debug-iphonesimulator -Isystem /Applications/Xcode.app/Contents/Developer/Platforms/iPhoneSimulator.platform/Developer/usr/lib -F /Users/voxels/Library/Developer/Xcode/DerivedData/Diver-fkxymducaaydoifhoeeiimpntqeq/Build/Products/Debug-iphonesimulator/PackageFrameworks -F /Users/voxels/Library/Developer/Xcode/DerivedData/Diver-fkxymducaaydoifhoeeiimpntqeq/Build/Products/Debug-iphonesimulator/PackageFrameworks -F /Users/voxels/Library/Developer/Xcode/DerivedData/Diver-fkxymducaaydoifhoeeiimpntqeq/Build/Products/Debug-iphonesimulator/PackageFrameworks -F /Users/voxels/Library/Developer/Xcode/DerivedData/Diver-fkxymducaaydoifhoeeiimpntqeq/Build/Products/Debug-iphonesimulator/PackageFrameworks -F /Users/voxels/Library/Developer/Xcode/DerivedData/Diver-fkxymducaaydoifhoeeiimpntqeq/Build/Products/Debug-iphonesimulator/PackageFrameworks -F /Users/voxels/Library/Developer/Xcode/DerivedData/Diver-fkxymducaaydoifhoeeiimpntqeq/Build/Products/Debug-iphonesimulator/PackageFrameworks -F /Users/voxels/Library/Developer/Xcode/DerivedData/Diver-fkxymducaaydoifhoeeiimpntqeq/Build/Products/Debug-iphonesimulator/PackageFrameworks -F /Users/voxels/Library/Developer/Xcode/DerivedData/Diver-fkxymducaaydoifhoeeiimpntqeq/Build/Products/Debug-iphonesimulator/PackageFrameworks -F /Users/voxels/Library/Developer/Xcode/DerivedData/Diver-fkxymducaaydoifhoeeiimpntqeq/Build/Products/Debug-iphonesimulator/PackageFrameworks -F /Users/voxels/Library/Developer/Xcode/DerivedData/Diver-fkxymducaaydoifhoeeiimpntqeq/Build/Products/Debug-iphonesimulator/PackageFrameworks -F /Users/voxels/Library/Developer/Xcode/DerivedData/Diver-fkxymducaaydoifhoeeiimpntqeq/Build/Products/Debug-iphonesimulator/PackageFrameworks -F /Users/voxels/Library/Developer/Xcode/DerivedData/Diver-fkxymducaaydoifhoeeiimpntqeq/Build/Products/Debug-iphonesimulator/PackageFrameworks -F /Users/voxels/Library/Developer/Xcode/DerivedData/Diver-fkxymducaaydoifhoeeiimpntqeq/Build/Products/Debug-iphonesimulator/PackageFrameworks -F /Users/voxels/Library/Developer/Xcode/DerivedData/Diver-fkxymducaaydoifhoeeiimpntqeq/Build/Products/Debug-iphonesimulator/PackageFrameworks -F /Users/voxels/Library/Developer/Xcode/DerivedData/Diver-fkxymducaaydoifhoeeiimpntqeq/Build/Products/Debug-iphonesimulator/PackageFrameworks -F /Users/voxels/Library/Developer/Xcode/DerivedData/Diver-fkxymducaaydoifhoeeiimpntqeq/Build/Products/Debug-iphonesimulator/PackageFrameworks -F /Users/voxels/Library/Developer/Xcode/DerivedData/Diver-fkxymducaaydoifhoeeiimpntqeq/Build/Products/Debug-iphonesimulator/PackageFrameworks -F /Users/voxels/Library/Developer/Xcode/DerivedData/Diver-fkxymducaaydoifhoeeiimpntqeq/Build/Products/Debug-iphonesimulator/PackageFrameworks -F /Users/voxels/Library/Developer/Xcode/DerivedData/Diver-fkxymducaaydoifhoeeiimpntqeq/Build/Products/Debug-iphonesimulator/PackageFrameworks -F /Users/voxels/Library/Developer/Xcode/DerivedData/Diver-fkxymducaaydoifhoeeiimpntqeq/Build/Products/Debug-iphonesimulator/PackageFrameworks -F /Users/voxels/Library/Developer/Xcode/DerivedData/Diver-fkxymducaaydoifhoeeiimpntqeq/Build/Products/Debug-iphonesimulator/PackageFrameworks -F /Users/voxels/Library/Developer/Xcode/DerivedData/Diver-fkxymducaaydoifhoeeiimpntqeq/Build/Products/Debug-iphonesimulator/PackageFrameworks -F /Users/voxels/Library/Developer/Xcode/DerivedData/Diver-fkxymducaaydoifhoeeiimpntqeq/Build/Products/Debug-iphonesimulator/PackageFrameworks -F /Users/voxels/Library/Developer/Xcode/DerivedData/Diver-fkxymducaaydoifhoeeiimpntqeq/Build/Products/Debug-iphonesimulator/PackageFrameworks -F /Users/voxels/Library/Developer/Xcode/DerivedData/Diver-fkxymducaaydoifhoeeiimpntqeq/Build/Products/Debug-iphonesimulator/PackageFrameworks -F /Users/voxels/Library/Developer/Xcode/DerivedData/Diver-fkxymducaaydoifhoeeiimpntqeq/Build/Products/Debug-iphonesimulator/PackageFrameworks -F /Users/voxels/Library/Developer/Xcode/DerivedData/Diver-fkxymducaaydoifhoeeiimpntqeq/Build/Products/Debug-iphonesimulator/PackageFrameworks -F /Users/voxels/Library/Developer/Xcode/DerivedData/Diver-fkxymducaaydoifhoeeiimpntqeq/Build/Products/Debug-iphonesimulator/PackageFrameworks -F /Users/voxels/Library/Developer/Xcode/DerivedData/Diver-fkxymducaaydoifhoeeiimpntqeq/Build/Products/Debug-iphonesimulator/PackageFrameworks -F /Users/voxels/Library/Developer/Xcode/DerivedData/Diver-fkxymducaaydoifhoeeiimpntqeq/Build/Products/Debug-iphonesimulator/PackageFrameworks -F /Users/voxels/Library/Developer/Xcode/DerivedData/Diver-fkxymducaaydoifhoeeiimpntqeq/Build/Products/Debug-iphonesimulator/PackageFrameworks -F /Users/voxels/Library/Developer/Xcode/DerivedData/Diver-fkxymducaaydoifhoeeiimpntqeq/Build/Products/Debug-iphonesimulator/PackageFrameworks -F /Users/voxels/Library/Developer/Xcode/DerivedData/Diver-fkxymducaaydoifhoeeiimpntqeq/Build/Products/Debug-iphonesimulator -F /Applications/Xcode.app/Contents/Developer/Platforms/iPhoneSimulator.platform/Developer/Library/Frameworks -F /Applications/Xcode.app/Contents/Developer/Platforms/iPhoneSimulator.platform/Developer/SDKs/iPhoneSimulator26.2.sdk/Developer/Library/Frameworks -c -j12 -enable-batch-mode -incremental -Xcc -ivfsstatcache -Xcc /Users/voxels/Library/Developer/Xcode/DerivedData/SDKStatCaches.noindex/iphonesimulator26.2-23C53-3885c01c3e6b6a337905948deab2002e7d00a8b37fbd7999ea79df8ebc024bf0.sdkstatcache -output-file-map /Users/voxels/Library/Developer/Xcode/DerivedData/Diver-fkxymducaaydoifhoeeiimpntqeq/Build/Intermediates.noindex/Diver.build/Debug-iphonesimulator/DiverTests_iOS.build/Objects-normal/arm64/DiverTests_iOS-OutputFileMap.json -use-frontend-parseable-output -save-temps -no-color-diagnostics -explicit-module-build -module-cache-path /Users/voxels/Library/Developer/Xcode/DerivedData/Diver-fkxymducaaydoifhoeeiimpntqeq/Build/Intermediates.noindex/SwiftExplicitPrecompiledModules -clang-scanner-module-cache-path /Users/voxels/Library/Developer/Xcode/DerivedData/ModuleCache.noindex -sdk-module-cache-path /Users/voxels/Library/Developer/Xcode/DerivedData/ModuleCache.noindex -serialize-diagnostics -emit-dependencies -emit-module -emit-module-path /Users/voxels/Library/Developer/Xcode/DerivedData/Diver-fkxymducaaydoifhoeeiimpntqeq/Build/Intermediates.noindex/Diver.build/Debug-iphonesimulator/DiverTests_iOS.build/Objects-normal/arm64/DiverTests_iOS.swiftmodule -validate-clang-modules-once -clang-build-session-file /Users/voxels/Library/Developer/Xcode/DerivedData/ModuleCache.noindex/Session.modulevalidation -Xcc -I/Users/voxels/Library/Developer/Xcode/DerivedData/Diver-fkxymducaaydoifhoeeiimpntqeq/Build/Intermediates.noindex/Diver.build/Debug-iphonesimulator/DiverTests_iOS.build/swift-overrides.hmap -emit-const-values -Xfrontend -const-gather-protocols-file -Xfrontend /Users/voxels/Library/Developer/Xcode/DerivedData/Diver-fkxymducaaydoifhoeeiimpntqeq/Build/Intermediates.noindex/Diver.build/Debug-iphonesimulator/DiverTests_iOS.build/Objects-normal/arm64/DiverTests_iOS_const_extract_protocols.json -Xcc -iquote -Xcc /Users/voxels/Library/Developer/Xcode/DerivedData/Diver-fkxymducaaydoifhoeeiimpntqeq/Build/Intermediates.noindex/Diver.build/Debug-iphonesimulator/DiverTests_iOS.build/DiverTests_iOS-generated-files.hmap -Xcc -I/Users/voxels/Library/Developer/Xcode/DerivedData/Diver-fkxymducaaydoifhoeeiimpntqeq/Build/Intermediates.noindex/Diver.build/Debug-iphonesimulator/DiverTests_iOS.build/DiverTests_iOS-own-target-headers.hmap -Xcc -I/Users/voxels/Library/Developer/Xcode/DerivedData/Diver-fkxymducaaydoifhoeeiimpntqeq/Build/Intermediates.noindex/Diver.build/Debug-iphonesimulator/DiverTests_iOS.build/DiverTests_iOS-all-non-framework-target-headers.hmap -Xcc -ivfsoverlay -Xcc /Users/voxels/Library/Developer/Xcode/DerivedData/Diver-fkxymducaaydoifhoeeiimpntqeq/Build/Intermediates.noindex/Diver.build/Debug-iphonesimulator/Diver-0e6a02d4b41c7d9ef073b45f71e65249-VFS-iphonesimulator/all-product-headers.yaml -Xcc -iquote -Xcc /Users/voxels/Library/Developer/Xcode/DerivedData/Diver-fkxymducaaydoifhoeeiimpntqeq/Build/Intermediates.noindex/Diver.build/Debug-iphonesimulator/DiverTests_iOS.build/DiverTests_iOS-project-headers.hmap -Xcc -I/Users/voxels/Library/Developer/Xcode/DerivedData/Diver-fkxymducaaydoifhoeeiimpntqeq/SourcePackages/checkouts/OpenCombine/Sources/COpenCombineHelpers/include -Xcc -I/Users/voxels/Library/Developer/Xcode/DerivedData/Diver-fkxymducaaydoifhoeeiimpntqeq/SourcePackages/checkouts/swift-crypto/Sources/CCryptoBoringSSLShims/include -Xcc -I/Users/voxels/Library/Developer/Xcode/DerivedData/Diver-fkxymducaaydoifhoeeiimpntqeq/SourcePackages/checkouts/swift-crypto/Sources/CCryptoBoringSSL/include -Xcc -I/Users/voxels/Library/Developer/Xcode/DerivedData/Diver-fkxymducaaydoifhoeeiimpntqeq/Build/Products/Debug-iphonesimulator/include -Xcc -I/Users/voxels/Library/Developer/Xcode/DerivedData/Diver-fkxymducaaydoifhoeeiimpntqeq/Build/Intermediates.noindex/Diver.build/Debug-iphonesimulator/DiverTests_iOS.build/DerivedSources-normal/arm64 -Xcc -I/Users/voxels/Library/Developer/Xcode/DerivedData/Diver-fkxymducaaydoifhoeeiimpntqeq/Build/Intermediates.noindex/Diver.build/Debug-iphonesimulator/DiverTests_iOS.build/DerivedSources/arm64 -Xcc -I/Users/voxels/Library/Developer/Xcode/DerivedData/Diver-fkxymducaaydoifhoeeiimpntqeq/Build/Intermediates.noindex/Diver.build/Debug-iphonesimulator/DiverTests_iOS.build/DerivedSources -Xcc -DDEBUG\=1 -emit-objc-header -emit-objc-header-path /Users/voxels/Library/Developer/Xcode/DerivedData/Diver-fkxymducaaydoifhoeeiimpntqeq/Build/Intermediates.noindex/Diver.build/Debug-iphonesimulator/DiverTests_iOS.build/Objects-normal/arm64/DiverTests_iOS-Swift.h -working-directory /Users/voxels/Documents/dev/Superbright/Diver/Diver -experimental-emit-module-separately -disable-cmo

Copy /Users/voxels/Library/Developer/Xcode/DerivedData/Diver-fkxymducaaydoifhoeeiimpntqeq/Build/Products/Debug-iphonesimulator/DiverTests_iOS.swiftmodule/arm64-apple-ios-simulator.swiftmodule /Users/voxels/Library/Developer/Xcode/DerivedData/Diver-fkxymducaaydoifhoeeiimpntqeq/Build/Intermediates.noindex/Diver.build/Debug-iphonesimulator/DiverTests_iOS.build/Objects-normal/arm64/DiverTests_iOS.swiftmodule (in target 'DiverTests_iOS' from project 'Diver')
    cd /Users/voxels/Documents/dev/Superbright/Diver/Diver
    builtin-copy -exclude .DS_Store -exclude CVS -exclude .svn -exclude .git -exclude .hg -resolve-src-symlinks -rename /Users/voxels/Library/Developer/Xcode/DerivedData/Diver-fkxymducaaydoifhoeeiimpntqeq/Build/Intermediates.noindex/Diver.build/Debug-iphonesimulator/DiverTests_iOS.build/Objects-normal/arm64/DiverTests_iOS.swiftmodule /Users/voxels/Library/Developer/Xcode/DerivedData/Diver-fkxymducaaydoifhoeeiimpntqeq/Build/Products/Debug-iphonesimulator/DiverTests_iOS.swiftmodule/arm64-apple-ios-simulator.swiftmodule

Copy /Users/voxels/Library/Developer/Xcode/DerivedData/Diver-fkxymducaaydoifhoeeiimpntqeq/Build/Products/Debug-iphonesimulator/DiverTests_iOS.swiftmodule/Project/arm64-apple-ios-simulator.swiftsourceinfo /Users/voxels/Library/Developer/Xcode/DerivedData/Diver-fkxymducaaydoifhoeeiimpntqeq/Build/Intermediates.noindex/Diver.build/Debug-iphonesimulator/DiverTests_iOS.build/Objects-normal/arm64/DiverTests_iOS.swiftsourceinfo (in target 'DiverTests_iOS' from project 'Diver')
    cd /Users/voxels/Documents/dev/Superbright/Diver/Diver
    builtin-copy -exclude .DS_Store -exclude CVS -exclude .svn -exclude .git -exclude .hg -resolve-src-symlinks -rename /Users/voxels/Library/Developer/Xcode/DerivedData/Diver-fkxymducaaydoifhoeeiimpntqeq/Build/Intermediates.noindex/Diver.build/Debug-iphonesimulator/DiverTests_iOS.build/Objects-normal/arm64/DiverTests_iOS.swiftsourceinfo /Users/voxels/Library/Developer/Xcode/DerivedData/Diver-fkxymducaaydoifhoeeiimpntqeq/Build/Products/Debug-iphonesimulator/DiverTests_iOS.swiftmodule/Project/arm64-apple-ios-simulator.swiftsourceinfo

Copy /Users/voxels/Library/Developer/Xcode/DerivedData/Diver-fkxymducaaydoifhoeeiimpntqeq/Build/Products/Debug-iphonesimulator/DiverTests_iOS.swiftmodule/arm64-apple-ios-simulator.abi.json /Users/voxels/Library/Developer/Xcode/DerivedData/Diver-fkxymducaaydoifhoeeiimpntqeq/Build/Intermediates.noindex/Diver.build/Debug-iphonesimulator/DiverTests_iOS.build/Objects-normal/arm64/DiverTests_iOS.abi.json (in target 'DiverTests_iOS' from project 'Diver')
    cd /Users/voxels/Documents/dev/Superbright/Diver/Diver
    builtin-copy -exclude .DS_Store -exclude CVS -exclude .svn -exclude .git -exclude .hg -resolve-src-symlinks -rename /Users/voxels/Library/Developer/Xcode/DerivedData/Diver-fkxymducaaydoifhoeeiimpntqeq/Build/Intermediates.noindex/Diver.build/Debug-iphonesimulator/DiverTests_iOS.build/Objects-normal/arm64/DiverTests_iOS.abi.json /Users/voxels/Library/Developer/Xcode/DerivedData/Diver-fkxymducaaydoifhoeeiimpntqeq/Build/Products/Debug-iphonesimulator/DiverTests_iOS.swiftmodule/arm64-apple-ios-simulator.abi.json

SwiftDriverJobDiscovery normal arm64 Compiling DiverQueueItemHierarchyTests.swift (in target 'DiverTests_iOS' from project 'Diver')

SwiftDriver\ Compilation DiverTests_iOS normal arm64 com.apple.xcode.tools.swift.compiler (in target 'DiverTests_iOS' from project 'Diver')
    cd /Users/voxels/Documents/dev/Superbright/Diver/Diver
    builtin-Swift-Compilation -- /Applications/Xcode.app/Contents/Developer/Toolchains/XcodeDefault.xctoolchain/usr/bin/swiftc -module-name DiverTests_iOS -Onone -enforce-exclusivity\=checked @/Users/voxels/Library/Developer/Xcode/DerivedData/Diver-fkxymducaaydoifhoeeiimpntqeq/Build/Intermediates.noindex/Diver.build/Debug-iphonesimulator/DiverTests_iOS.build/Objects-normal/arm64/DiverTests_iOS.SwiftFileList -DDEBUG -Xcc -fmodule-map-file\=/Users/voxels/Library/Developer/Xcode/DerivedData/Diver-fkxymducaaydoifhoeeiimpntqeq/Build/Intermediates.noindex/GeneratedModuleMaps-iphonesimulator/COpenCombineHelpers.modulemap -plugin-path /Applications/Xcode.app/Contents/Developer/Toolchains/XcodeDefault.xctoolchain/usr/lib/swift/host/plugins/testing -enable-bare-slash-regex -enable-experimental-feature DebugDescriptionMacro -sdk /Applications/Xcode.app/Contents/Developer/Platforms/iPhoneSimulator.platform/Developer/SDKs/iPhoneSimulator26.2.sdk -target arm64-apple-ios26.0-simulator -g -module-cache-path /Users/voxels/Library/Developer/Xcode/DerivedData/ModuleCache.noindex -Xfrontend -serialize-debugging-options -profile-coverage-mapping -profile-generate -enable-testing -index-store-path /Users/voxels/Library/Developer/Xcode/DerivedData/Diver-fkxymducaaydoifhoeeiimpntqeq/Index.noindex/DataStore -Xcc -D_LIBCPP_HARDENING_MODE\=_LIBCPP_HARDENING_MODE_DEBUG -swift-version 5 -I /Users/voxels/Library/Developer/Xcode/DerivedData/Diver-fkxymducaaydoifhoeeiimpntqeq/Build/Products/Debug-iphonesimulator -Isystem /Applications/Xcode.app/Contents/Developer/Platforms/iPhoneSimulator.platform/Developer/usr/lib -F /Users/voxels/Library/Developer/Xcode/DerivedData/Diver-fkxymducaaydoifhoeeiimpntqeq/Build/Products/Debug-iphonesimulator/PackageFrameworks -F /Users/voxels/Library/Developer/Xcode/DerivedData/Diver-fkxymducaaydoifhoeeiimpntqeq/Build/Products/Debug-iphonesimulator/PackageFrameworks -F /Users/voxels/Library/Developer/Xcode/DerivedData/Diver-fkxymducaaydoifhoeeiimpntqeq/Build/Products/Debug-iphonesimulator/PackageFrameworks -F /Users/voxels/Library/Developer/Xcode/DerivedData/Diver-fkxymducaaydoifhoeeiimpntqeq/Build/Products/Debug-iphonesimulator/PackageFrameworks -F /Users/voxels/Library/Developer/Xcode/DerivedData/Diver-fkxymducaaydoifhoeeiimpntqeq/Build/Products/Debug-iphonesimulator/PackageFrameworks -F /Users/voxels/Library/Developer/Xcode/DerivedData/Diver-fkxymducaaydoifhoeeiimpntqeq/Build/Products/Debug-iphonesimulator/PackageFrameworks -F /Users/voxels/Library/Developer/Xcode/DerivedData/Diver-fkxymducaaydoifhoeeiimpntqeq/Build/Products/Debug-iphonesimulator/PackageFrameworks -F /Users/voxels/Library/Developer/Xcode/DerivedData/Diver-fkxymducaaydoifhoeeiimpntqeq/Build/Products/Debug-iphonesimulator/PackageFrameworks -F /Users/voxels/Library/Developer/Xcode/DerivedData/Diver-fkxymducaaydoifhoeeiimpntqeq/Build/Products/Debug-iphonesimulator/PackageFrameworks -F /Users/voxels/Library/Developer/Xcode/DerivedData/Diver-fkxymducaaydoifhoeeiimpntqeq/Build/Products/Debug-iphonesimulator/PackageFrameworks -F /Users/voxels/Library/Developer/Xcode/DerivedData/Diver-fkxymducaaydoifhoeeiimpntqeq/Build/Products/Debug-iphonesimulator/PackageFrameworks -F /Users/voxels/Library/Developer/Xcode/DerivedData/Diver-fkxymducaaydoifhoeeiimpntqeq/Build/Products/Debug-iphonesimulator/PackageFrameworks -F /Users/voxels/Library/Developer/Xcode/DerivedData/Diver-fkxymducaaydoifhoeeiimpntqeq/Build/Products/Debug-iphonesimulator/PackageFrameworks -F /Users/voxels/Library/Developer/Xcode/DerivedData/Diver-fkxymducaaydoifhoeeiimpntqeq/Build/Products/Debug-iphonesimulator/PackageFrameworks -F /Users/voxels/Library/Developer/Xcode/DerivedData/Diver-fkxymducaaydoifhoeeiimpntqeq/Build/Products/Debug-iphonesimulator/PackageFrameworks -F /Users/voxels/Library/Developer/Xcode/DerivedData/Diver-fkxymducaaydoifhoeeiimpntqeq/Build/Products/Debug-iphonesimulator/PackageFrameworks -F /Users/voxels/Library/Developer/Xcode/DerivedData/Diver-fkxymducaaydoifhoeeiimpntqeq/Build/Products/Debug-iphonesimulator/PackageFrameworks -F /Users/voxels/Library/Developer/Xcode/DerivedData/Diver-fkxymducaaydoifhoeeiimpntqeq/Build/Products/Debug-iphonesimulator/PackageFrameworks -F /Users/voxels/Library/Developer/Xcode/DerivedData/Diver-fkxymducaaydoifhoeeiimpntqeq/Build/Products/Debug-iphonesimulator/PackageFrameworks -F /Users/voxels/Library/Developer/Xcode/DerivedData/Diver-fkxymducaaydoifhoeeiimpntqeq/Build/Products/Debug-iphonesimulator/PackageFrameworks -F /Users/voxels/Library/Developer/Xcode/DerivedData/Diver-fkxymducaaydoifhoeeiimpntqeq/Build/Products/Debug-iphonesimulator/PackageFrameworks -F /Users/voxels/Library/Developer/Xcode/DerivedData/Diver-fkxymducaaydoifhoeeiimpntqeq/Build/Products/Debug-iphonesimulator/PackageFrameworks -F /Users/voxels/Library/Developer/Xcode/DerivedData/Diver-fkxymducaaydoifhoeeiimpntqeq/Build/Products/Debug-iphonesimulator/PackageFrameworks -F /Users/voxels/Library/Developer/Xcode/DerivedData/Diver-fkxymducaaydoifhoeeiimpntqeq/Build/Products/Debug-iphonesimulator/PackageFrameworks -F /Users/voxels/Library/Developer/Xcode/DerivedData/Diver-fkxymducaaydoifhoeeiimpntqeq/Build/Products/Debug-iphonesimulator/PackageFrameworks -F /Users/voxels/Library/Developer/Xcode/DerivedData/Diver-fkxymducaaydoifhoeeiimpntqeq/Build/Products/Debug-iphonesimulator/PackageFrameworks -F /Users/voxels/Library/Developer/Xcode/DerivedData/Diver-fkxymducaaydoifhoeeiimpntqeq/Build/Products/Debug-iphonesimulator/PackageFrameworks -F /Users/voxels/Library/Developer/Xcode/DerivedData/Diver-fkxymducaaydoifhoeeiimpntqeq/Build/Products/Debug-iphonesimulator/PackageFrameworks -F /Users/voxels/Library/Developer/Xcode/DerivedData/Diver-fkxymducaaydoifhoeeiimpntqeq/Build/Products/Debug-iphonesimulator/PackageFrameworks -F /Users/voxels/Library/Developer/Xcode/DerivedData/Diver-fkxymducaaydoifhoeeiimpntqeq/Build/Products/Debug-iphonesimulator/PackageFrameworks -F /Users/voxels/Library/Developer/Xcode/DerivedData/Diver-fkxymducaaydoifhoeeiimpntqeq/Build/Products/Debug-iphonesimulator/PackageFrameworks -F /Users/voxels/Library/Developer/Xcode/DerivedData/Diver-fkxymducaaydoifhoeeiimpntqeq/Build/Products/Debug-iphonesimulator/PackageFrameworks -F /Users/voxels/Library/Developer/Xcode/DerivedData/Diver-fkxymducaaydoifhoeeiimpntqeq/Build/Products/Debug-iphonesimulator -F /Applications/Xcode.app/Contents/Developer/Platforms/iPhoneSimulator.platform/Developer/Library/Frameworks -F /Applications/Xcode.app/Contents/Developer/Platforms/iPhoneSimulator.platform/Developer/SDKs/iPhoneSimulator26.2.sdk/Developer/Library/Frameworks -c -j12 -enable-batch-mode -incremental -Xcc -ivfsstatcache -Xcc /Users/voxels/Library/Developer/Xcode/DerivedData/SDKStatCaches.noindex/iphonesimulator26.2-23C53-3885c01c3e6b6a337905948deab2002e7d00a8b37fbd7999ea79df8ebc024bf0.sdkstatcache -output-file-map /Users/voxels/Library/Developer/Xcode/DerivedData/Diver-fkxymducaaydoifhoeeiimpntqeq/Build/Intermediates.noindex/Diver.build/Debug-iphonesimulator/DiverTests_iOS.build/Objects-normal/arm64/DiverTests_iOS-OutputFileMap.json -use-frontend-parseable-output -save-temps -no-color-diagnostics -explicit-module-build -module-cache-path /Users/voxels/Library/Developer/Xcode/DerivedData/Diver-fkxymducaaydoifhoeeiimpntqeq/Build/Intermediates.noindex/SwiftExplicitPrecompiledModules -clang-scanner-module-cache-path /Users/voxels/Library/Developer/Xcode/DerivedData/ModuleCache.noindex -sdk-module-cache-path /Users/voxels/Library/Developer/Xcode/DerivedData/ModuleCache.noindex -serialize-diagnostics -emit-dependencies -emit-module -emit-module-path /Users/voxels/Library/Developer/Xcode/DerivedData/Diver-fkxymducaaydoifhoeeiimpntqeq/Build/Intermediates.noindex/Diver.build/Debug-iphonesimulator/DiverTests_iOS.build/Objects-normal/arm64/DiverTests_iOS.swiftmodule -validate-clang-modules-once -clang-build-session-file /Users/voxels/Library/Developer/Xcode/DerivedData/ModuleCache.noindex/Session.modulevalidation -Xcc -I/Users/voxels/Library/Developer/Xcode/DerivedData/Diver-fkxymducaaydoifhoeeiimpntqeq/Build/Intermediates.noindex/Diver.build/Debug-iphonesimulator/DiverTests_iOS.build/swift-overrides.hmap -emit-const-values -Xfrontend -const-gather-protocols-file -Xfrontend /Users/voxels/Library/Developer/Xcode/DerivedData/Diver-fkxymducaaydoifhoeeiimpntqeq/Build/Intermediates.noindex/Diver.build/Debug-iphonesimulator/DiverTests_iOS.build/Objects-normal/arm64/DiverTests_iOS_const_extract_protocols.json -Xcc -iquote -Xcc /Users/voxels/Library/Developer/Xcode/DerivedData/Diver-fkxymducaaydoifhoeeiimpntqeq/Build/Intermediates.noindex/Diver.build/Debug-iphonesimulator/DiverTests_iOS.build/DiverTests_iOS-generated-files.hmap -Xcc -I/Users/voxels/Library/Developer/Xcode/DerivedData/Diver-fkxymducaaydoifhoeeiimpntqeq/Build/Intermediates.noindex/Diver.build/Debug-iphonesimulator/DiverTests_iOS.build/DiverTests_iOS-own-target-headers.hmap -Xcc -I/Users/voxels/Library/Developer/Xcode/DerivedData/Diver-fkxymducaaydoifhoeeiimpntqeq/Build/Intermediates.noindex/Diver.build/Debug-iphonesimulator/DiverTests_iOS.build/DiverTests_iOS-all-non-framework-target-headers.hmap -Xcc -ivfsoverlay -Xcc /Users/voxels/Library/Developer/Xcode/DerivedData/Diver-fkxymducaaydoifhoeeiimpntqeq/Build/Intermediates.noindex/Diver.build/Debug-iphonesimulator/Diver-0e6a02d4b41c7d9ef073b45f71e65249-VFS-iphonesimulator/all-product-headers.yaml -Xcc -iquote -Xcc /Users/voxels/Library/Developer/Xcode/DerivedData/Diver-fkxymducaaydoifhoeeiimpntqeq/Build/Intermediates.noindex/Diver.build/Debug-iphonesimulator/DiverTests_iOS.build/DiverTests_iOS-project-headers.hmap -Xcc -I/Users/voxels/Library/Developer/Xcode/DerivedData/Diver-fkxymducaaydoifhoeeiimpntqeq/SourcePackages/checkouts/OpenCombine/Sources/COpenCombineHelpers/include -Xcc -I/Users/voxels/Library/Developer/Xcode/DerivedData/Diver-fkxymducaaydoifhoeeiimpntqeq/SourcePackages/checkouts/swift-crypto/Sources/CCryptoBoringSSLShims/include -Xcc -I/Users/voxels/Library/Developer/Xcode/DerivedData/Diver-fkxymducaaydoifhoeeiimpntqeq/SourcePackages/checkouts/swift-crypto/Sources/CCryptoBoringSSL/include -Xcc -I/Users/voxels/Library/Developer/Xcode/DerivedData/Diver-fkxymducaaydoifhoeeiimpntqeq/Build/Products/Debug-iphonesimulator/include -Xcc -I/Users/voxels/Library/Developer/Xcode/DerivedData/Diver-fkxymducaaydoifhoeeiimpntqeq/Build/Intermediates.noindex/Diver.build/Debug-iphonesimulator/DiverTests_iOS.build/DerivedSources-normal/arm64 -Xcc -I/Users/voxels/Library/Developer/Xcode/DerivedData/Diver-fkxymducaaydoifhoeeiimpntqeq/Build/Intermediates.noindex/Diver.build/Debug-iphonesimulator/DiverTests_iOS.build/DerivedSources/arm64 -Xcc -I/Users/voxels/Library/Developer/Xcode/DerivedData/Diver-fkxymducaaydoifhoeeiimpntqeq/Build/Intermediates.noindex/Diver.build/Debug-iphonesimulator/DiverTests_iOS.build/DerivedSources -Xcc -DDEBUG\=1 -emit-objc-header -emit-objc-header-path /Users/voxels/Library/Developer/Xcode/DerivedData/Diver-fkxymducaaydoifhoeeiimpntqeq/Build/Intermediates.noindex/Diver.build/Debug-iphonesimulator/DiverTests_iOS.build/Objects-normal/arm64/DiverTests_iOS-Swift.h -working-directory /Users/voxels/Documents/dev/Superbright/Diver/Diver -experimental-emit-module-separately -disable-cmo

Ld /Users/voxels/Library/Developer/Xcode/DerivedData/Diver-fkxymducaaydoifhoeeiimpntqeq/Build/Products/Debug-iphonesimulator/Diver_iOS.app/PlugIns/DiverTests_iOS.xctest/DiverTests_iOS normal (in target 'DiverTests_iOS' from project 'Diver')
    cd /Users/voxels/Documents/dev/Superbright/Diver/Diver
    /Applications/Xcode.app/Contents/Developer/Toolchains/XcodeDefault.xctoolchain/usr/bin/clang -Xlinker -reproducible -target arm64-apple-ios26.0-simulator -bundle -isysroot /Applications/Xcode.app/Contents/Developer/Platforms/iPhoneSimulator.platform/Developer/SDKs/iPhoneSimulator26.2.sdk -O0 -L/Users/voxels/Library/Developer/Xcode/DerivedData/Diver-fkxymducaaydoifhoeeiimpntqeq/Build/Intermediates.noindex/EagerLinkingTBDs/Debug-iphonesimulator -L/Users/voxels/Library/Developer/Xcode/DerivedData/Diver-fkxymducaaydoifhoeeiimpntqeq/Build/Products/Debug-iphonesimulator -L/Applications/Xcode.app/Contents/Developer/Platforms/iPhoneSimulator.platform/Developer/usr/lib -F/Users/voxels/Library/Developer/Xcode/DerivedData/Diver-fkxymducaaydoifhoeeiimpntqeq/Build/Intermediates.noindex/EagerLinkingTBDs/Debug-iphonesimulator -F/Users/voxels/Library/Developer/Xcode/DerivedData/Diver-fkxymducaaydoifhoeeiimpntqeq/Build/Products/Debug-iphonesimulator/PackageFrameworks -F/Users/voxels/Library/Developer/Xcode/DerivedData/Diver-fkxymducaaydoifhoeeiimpntqeq/Build/Products/Debug-iphonesimulator/PackageFrameworks -F/Users/voxels/Library/Developer/Xcode/DerivedData/Diver-fkxymducaaydoifhoeeiimpntqeq/Build/Products/Debug-iphonesimulator/PackageFrameworks -F/Users/voxels/Library/Developer/Xcode/DerivedData/Diver-fkxymducaaydoifhoeeiimpntqeq/Build/Products/Debug-iphonesimulator/PackageFrameworks -F/Users/voxels/Library/Developer/Xcode/DerivedData/Diver-fkxymducaaydoifhoeeiimpntqeq/Build/Products/Debug-iphonesimulator/PackageFrameworks -F/Users/voxels/Library/Developer/Xcode/DerivedData/Diver-fkxymducaaydoifhoeeiimpntqeq/Build/Products/Debug-iphonesimulator/PackageFrameworks -F/Users/voxels/Library/Developer/Xcode/DerivedData/Diver-fkxymducaaydoifhoeeiimpntqeq/Build/Products/Debug-iphonesimulator/PackageFrameworks -F/Users/voxels/Library/Developer/Xcode/DerivedData/Diver-fkxymducaaydoifhoeeiimpntqeq/Build/Products/Debug-iphonesimulator/PackageFrameworks -F/Users/voxels/Library/Developer/Xcode/DerivedData/Diver-fkxymducaaydoifhoeeiimpntqeq/Build/Products/Debug-iphonesimulator/PackageFrameworks -F/Users/voxels/Library/Developer/Xcode/DerivedData/Diver-fkxymducaaydoifhoeeiimpntqeq/Build/Products/Debug-iphonesimulator/PackageFrameworks -F/Users/voxels/Library/Developer/Xcode/DerivedData/Diver-fkxymducaaydoifhoeeiimpntqeq/Build/Products/Debug-iphonesimulator/PackageFrameworks -F/Users/voxels/Library/Developer/Xcode/DerivedData/Diver-fkxymducaaydoifhoeeiimpntqeq/Build/Products/Debug-iphonesimulator/PackageFrameworks -F/Users/voxels/Library/Developer/Xcode/DerivedData/Diver-fkxymducaaydoifhoeeiimpntqeq/Build/Products/Debug-iphonesimulator/PackageFrameworks -F/Users/voxels/Library/Developer/Xcode/DerivedData/Diver-fkxymducaaydoifhoeeiimpntqeq/Build/Products/Debug-iphonesimulator/PackageFrameworks -F/Users/voxels/Library/Developer/Xcode/DerivedData/Diver-fkxymducaaydoifhoeeiimpntqeq/Build/Products/Debug-iphonesimulator/PackageFrameworks -F/Users/voxels/Library/Developer/Xcode/DerivedData/Diver-fkxymducaaydoifhoeeiimpntqeq/Build/Products/Debug-iphonesimulator/PackageFrameworks -F/Users/voxels/Library/Developer/Xcode/DerivedData/Diver-fkxymducaaydoifhoeeiimpntqeq/Build/Products/Debug-iphonesimulator/PackageFrameworks -F/Users/voxels/Library/Developer/Xcode/DerivedData/Diver-fkxymducaaydoifhoeeiimpntqeq/Build/Products/Debug-iphonesimulator/PackageFrameworks -F/Users/voxels/Library/Developer/Xcode/DerivedData/Diver-fkxymducaaydoifhoeeiimpntqeq/Build/Products/Debug-iphonesimulator/PackageFrameworks -F/Users/voxels/Library/Developer/Xcode/DerivedData/Diver-fkxymducaaydoifhoeeiimpntqeq/Build/Products/Debug-iphonesimulator/PackageFrameworks -F/Users/voxels/Library/Developer/Xcode/DerivedData/Diver-fkxymducaaydoifhoeeiimpntqeq/Build/Products/Debug-iphonesimulator/PackageFrameworks -F/Users/voxels/Library/Developer/Xcode/DerivedData/Diver-fkxymducaaydoifhoeeiimpntqeq/Build/Products/Debug-iphonesimulator/PackageFrameworks -F/Users/voxels/Library/Developer/Xcode/DerivedData/Diver-fkxymducaaydoifhoeeiimpntqeq/Build/Products/Debug-iphonesimulator/PackageFrameworks -F/Users/voxels/Library/Developer/Xcode/DerivedData/Diver-fkxymducaaydoifhoeeiimpntqeq/Build/Products/Debug-iphonesimulator/PackageFrameworks -F/Users/voxels/Library/Developer/Xcode/DerivedData/Diver-fkxymducaaydoifhoeeiimpntqeq/Build/Products/Debug-iphonesimulator/PackageFrameworks -F/Users/voxels/Library/Developer/Xcode/DerivedData/Diver-fkxymducaaydoifhoeeiimpntqeq/Build/Products/Debug-iphonesimulator/PackageFrameworks -F/Users/voxels/Library/Developer/Xcode/DerivedData/Diver-fkxymducaaydoifhoeeiimpntqeq/Build/Products/Debug-iphonesimulator/PackageFrameworks -F/Users/voxels/Library/Developer/Xcode/DerivedData/Diver-fkxymducaaydoifhoeeiimpntqeq/Build/Products/Debug-iphonesimulator/PackageFrameworks -F/Users/voxels/Library/Developer/Xcode/DerivedData/Diver-fkxymducaaydoifhoeeiimpntqeq/Build/Products/Debug-iphonesimulator/PackageFrameworks -F/Users/voxels/Library/Developer/Xcode/DerivedData/Diver-fkxymducaaydoifhoeeiimpntqeq/Build/Products/Debug-iphonesimulator/PackageFrameworks -F/Users/voxels/Library/Developer/Xcode/DerivedData/Diver-fkxymducaaydoifhoeeiimpntqeq/Build/Products/Debug-iphonesimulator/PackageFrameworks -F/Users/voxels/Library/Developer/Xcode/DerivedData/Diver-fkxymducaaydoifhoeeiimpntqeq/Build/Products/Debug-iphonesimulator/PackageFrameworks -F/Users/voxels/Library/Developer/Xcode/DerivedData/Diver-fkxymducaaydoifhoeeiimpntqeq/Build/Products/Debug-iphonesimulator -iframework /Applications/Xcode.app/Contents/Developer/Platforms/iPhoneSimulator.platform/Developer/Library/Frameworks -iframework /Applications/Xcode.app/Contents/Developer/Platforms/iPhoneSimulator.platform/Developer/SDKs/iPhoneSimulator26.2.sdk/Developer/Library/Frameworks -filelist /Users/voxels/Library/Developer/Xcode/DerivedData/Diver-fkxymducaaydoifhoeeiimpntqeq/Build/Intermediates.noindex/Diver.build/Debug-iphonesimulator/DiverTests_iOS.build/Objects-normal/arm64/DiverTests_iOS.LinkFileList -Xlinker -rpath -Xlinker /Users/voxels/Library/Developer/Xcode/DerivedData/Diver-fkxymducaaydoifhoeeiimpntqeq/Build/Products/Debug-iphonesimulator/PackageFrameworks -Xlinker -rpath -Xlinker @loader_path/Frameworks -Xlinker -rpath -Xlinker @executable_path/Frameworks -dead_strip -bundle_loader /Users/voxels/Library/Developer/Xcode/DerivedData/Diver-fkxymducaaydoifhoeeiimpntqeq/Build/Products/Debug-iphonesimulator/Diver_iOS.app/Diver_iOS -Xlinker -object_path_lto -Xlinker /Users/voxels/Library/Developer/Xcode/DerivedData/Diver-fkxymducaaydoifhoeeiimpntqeq/Build/Intermediates.noindex/Diver.build/Debug-iphonesimulator/DiverTests_iOS.build/Objects-normal/arm64/DiverTests_iOS_lto.o -rdynamic -Xlinker -no_deduplicate -Xlinker -objc_abi_version -Xlinker 2 -Xlinker -debug_variant -Xlinker -dependency_info -Xlinker /Users/voxels/Library/Developer/Xcode/DerivedData/Diver-fkxymducaaydoifhoeeiimpntqeq/Build/Intermediates.noindex/Diver.build/Debug-iphonesimulator/DiverTests_iOS.build/Objects-normal/arm64/DiverTests_iOS_dependency_info.dat -fobjc-link-runtime -fprofile-instr-generate -L/Applications/Xcode.app/Contents/Developer/Toolchains/XcodeDefault.xctoolchain/usr/lib/swift/iphonesimulator -L/usr/lib/swift -Xlinker -add_ast_path -Xlinker /Users/voxels/Library/Developer/Xcode/DerivedData/Diver-fkxymducaaydoifhoeeiimpntqeq/Build/Intermediates.noindex/Diver.build/Debug-iphonesimulator/DiverTests_iOS.build/Objects-normal/arm64/DiverTests_iOS.swiftmodule @/Users/voxels/Library/Developer/Xcode/DerivedData/Diver-fkxymducaaydoifhoeeiimpntqeq/Build/Intermediates.noindex/Diver.build/Debug-iphonesimulator/DiverTests_iOS.build/Objects-normal/arm64/DiverTests_iOS-linker-args.resp -Wl,-no_warn_duplicate_libraries -Wl,-no_warn_duplicate_libraries -Wl,-no_warn_duplicate_libraries -Wl,-no_warn_duplicate_libraries -Wl,-no_warn_duplicate_libraries -lc++ -Wl,-no_warn_duplicate_libraries -Wl,-no_warn_duplicate_libraries -Wl,-no_warn_duplicate_libraries -Wl,-no_warn_duplicate_libraries -Wl,-no_warn_duplicate_libraries -Wl,-no_warn_duplicate_libraries -Wl,-no_warn_duplicate_libraries -Wl,-no_warn_duplicate_libraries -Wl,-no_warn_duplicate_libraries -Wl,-no_warn_duplicate_libraries -Wl,-no_warn_duplicate_libraries -Wl,-no_warn_duplicate_libraries -Wl,-no_warn_duplicate_libraries -Wl,-no_warn_duplicate_libraries -Wl,-no_warn_duplicate_libraries -Wl,-no_warn_duplicate_libraries -Wl,-no_warn_duplicate_libraries -Wl,-no_warn_duplicate_libraries -Wl,-no_warn_duplicate_libraries -Wl,-no_warn_duplicate_libraries -Wl,-no_warn_duplicate_libraries -Wl,-no_warn_duplicate_libraries -Wl,-no_warn_duplicate_libraries -Wl,-no_warn_duplicate_libraries -Wl,-no_warn_duplicate_libraries -Wl,-no_warn_duplicate_libraries -Wl,-no_warn_duplicate_libraries -Xlinker -needed_framework -Xlinker XCTest -framework XCTest -Xlinker -needed-lXCTestSwiftSupport -lXCTestSwiftSupport /Users/voxels/Library/Developer/Xcode/DerivedData/Diver-fkxymducaaydoifhoeeiimpntqeq/Build/Products/Debug-iphonesimulator/Diver_iOS.app/Diver_iOS.debug.dylib -Xlinker -no_adhoc_codesign -o /Users/voxels/Library/Developer/Xcode/DerivedData/Diver-fkxymducaaydoifhoeeiimpntqeq/Build/Products/Debug-iphonesimulator/Diver_iOS.app/PlugIns/DiverTests_iOS.xctest/DiverTests_iOS

CopySwiftLibs /Users/voxels/Library/Developer/Xcode/DerivedData/Diver-fkxymducaaydoifhoeeiimpntqeq/Build/Products/Debug-iphonesimulator/Diver_iOS.app/PlugIns/DiverTests_iOS.xctest (in target 'DiverTests_iOS' from project 'Diver')
    cd /Users/voxels/Documents/dev/Superbright/Diver/Diver
    builtin-swiftStdLibTool --copy --verbose --sign - --scan-executable /Users/voxels/Library/Developer/Xcode/DerivedData/Diver-fkxymducaaydoifhoeeiimpntqeq/Build/Products/Debug-iphonesimulator/Diver_iOS.app/PlugIns/DiverTests_iOS.xctest/DiverTests_iOS --scan-folder /Users/voxels/Library/Developer/Xcode/DerivedData/Diver-fkxymducaaydoifhoeeiimpntqeq/Build/Products/Debug-iphonesimulator/Diver_iOS.app/PlugIns/DiverTests_iOS.xctest/Frameworks --scan-folder /Users/voxels/Library/Developer/Xcode/DerivedData/Diver-fkxymducaaydoifhoeeiimpntqeq/Build/Products/Debug-iphonesimulator/Diver_iOS.app/PlugIns/DiverTests_iOS.xctest/PlugIns --scan-folder /Users/voxels/Library/Developer/Xcode/DerivedData/Diver-fkxymducaaydoifhoeeiimpntqeq/Build/Products/Debug-iphonesimulator/Diver_iOS.app/PlugIns/DiverTests_iOS.xctest/SystemExtensions --scan-folder /Users/voxels/Library/Developer/Xcode/DerivedData/Diver-fkxymducaaydoifhoeeiimpntqeq/Build/Products/Debug-iphonesimulator/Diver_iOS.app/PlugIns/DiverTests_iOS.xctest/Extensions --platform iphonesimulator --toolchain /var/run/com.apple.security.cryptexd/mnt/com.apple.MobileAsset.MetalToolchain-v17.3.48.0.YtsJvB/Metal.xctoolchain --toolchain /Applications/Xcode.app/Contents/Developer/Toolchains/XcodeDefault.xctoolchain --destination /Users/voxels/Library/Developer/Xcode/DerivedData/Diver-fkxymducaaydoifhoeeiimpntqeq/Build/Products/Debug-iphonesimulator/Diver_iOS.app/PlugIns/DiverTests_iOS.xctest/Frameworks --strip-bitcode --scan-executable /Applications/Xcode.app/Contents/Developer/Platforms/iPhoneSimulator.platform/Developer/usr/lib/libXCTestSwiftSupport.dylib --strip-bitcode-tool /Applications/Xcode.app/Contents/Developer/Toolchains/XcodeDefault.xctoolchain/usr/bin/bitcode_strip --emit-dependency-info /Users/voxels/Library/Developer/Xcode/DerivedData/Diver-fkxymducaaydoifhoeeiimpntqeq/Build/Intermediates.noindex/Diver.build/Debug-iphonesimulator/DiverTests_iOS.build/SwiftStdLibToolInputDependencies.dep --filter-for-swift-os

ExtractAppIntentsMetadata (in target 'DiverTests_iOS' from project 'Diver')
    cd /Users/voxels/Documents/dev/Superbright/Diver/Diver
    /Applications/Xcode.app/Contents/Developer/Toolchains/XcodeDefault.xctoolchain/usr/bin/appintentsmetadataprocessor --toolchain-dir /var/run/com.apple.security.cryptexd/mnt/com.apple.MobileAsset.MetalToolchain-v17.3.48.0.YtsJvB/Metal.xctoolchain --module-name DiverTests_iOS --sdk-root /Applications/Xcode.app/Contents/Developer/Platforms/iPhoneSimulator.platform/Developer/SDKs/iPhoneSimulator26.2.sdk --xcode-version 17C52 --platform-family iOS --deployment-target 26.0 --bundle-identifier com.secretatomics.DiverTests-iOS --output /Users/voxels/Library/Developer/Xcode/DerivedData/Diver-fkxymducaaydoifhoeeiimpntqeq/Build/Products/Debug-iphonesimulator/Diver_iOS.app/PlugIns/DiverTests_iOS.xctest --target-triple arm64-apple-ios26.0-simulator --binary-file /Users/voxels/Library/Developer/Xcode/DerivedData/Diver-fkxymducaaydoifhoeeiimpntqeq/Build/Products/Debug-iphonesimulator/Diver_iOS.app/PlugIns/DiverTests_iOS.xctest/DiverTests_iOS --dependency-file /Users/voxels/Library/Developer/Xcode/DerivedData/Diver-fkxymducaaydoifhoeeiimpntqeq/Build/Intermediates.noindex/Diver.build/Debug-iphonesimulator/DiverTests_iOS.build/Objects-normal/arm64/DiverTests_iOS_dependency_info.dat --stringsdata-file /Users/voxels/Library/Developer/Xcode/DerivedData/Diver-fkxymducaaydoifhoeeiimpntqeq/Build/Intermediates.noindex/Diver.build/Debug-iphonesimulator/DiverTests_iOS.build/Objects-normal/arm64/ExtractedAppShortcutsMetadata.stringsdata --source-file-list /Users/voxels/Library/Developer/Xcode/DerivedData/Diver-fkxymducaaydoifhoeeiimpntqeq/Build/Intermediates.noindex/Diver.build/Debug-iphonesimulator/DiverTests_iOS.build/Objects-normal/arm64/DiverTests_iOS.SwiftFileList --metadata-file-list /Users/voxels/Library/Developer/Xcode/DerivedData/Diver-fkxymducaaydoifhoeeiimpntqeq/Build/Intermediates.noindex/Diver.build/Debug-iphonesimulator/DiverTests_iOS.build/DiverTests_iOS.DependencyMetadataFileList --static-metadata-file-list /Users/voxels/Library/Developer/Xcode/DerivedData/Diver-fkxymducaaydoifhoeeiimpntqeq/Build/Intermediates.noindex/Diver.build/Debug-iphonesimulator/DiverTests_iOS.build/DiverTests_iOS.DependencyStaticMetadataFileList --swift-const-vals-list /Users/voxels/Library/Developer/Xcode/DerivedData/Diver-fkxymducaaydoifhoeeiimpntqeq/Build/Intermediates.noindex/Diver.build/Debug-iphonesimulator/DiverTests_iOS.build/Objects-normal/arm64/DiverTests_iOS.SwiftConstValuesFileList --compile-time-extraction --deployment-aware-processing --validate-assistant-intents --no-app-shortcuts-localization
2026-01-09 03:38:34.614 appintentsmetadataprocessor[82562:4175636] Starting appintentsmetadataprocessor export
2026-01-09 03:38:34.713 appintentsmetadataprocessor[82562:4175636] Writing Metadata.appintents
2026-01-09 03:38:34.713 appintentsmetadataprocessor[82562:4175636] Metadata root: /Users/voxels/Library/Developer/Xcode/DerivedData/Diver-fkxymducaaydoifhoeeiimpntqeq/Build/Products/Debug-iphonesimulator/Diver_iOS.app/PlugIns/DiverTests_iOS.xctest/Metadata.appintents

CodeSign /Users/voxels/Library/Developer/Xcode/DerivedData/Diver-fkxymducaaydoifhoeeiimpntqeq/Build/Products/Debug-iphonesimulator/Diver_iOS.app/PlugIns/DiverTests_iOS.xctest (in target 'DiverTests_iOS' from project 'Diver')
    cd /Users/voxels/Documents/dev/Superbright/Diver/Diver
    
    Signing Identity:     "Sign to Run Locally"
    
    /usr/bin/codesign --force --sign - --timestamp\=none --generate-entitlement-der /Users/voxels/Library/Developer/Xcode/DerivedData/Diver-fkxymducaaydoifhoeeiimpntqeq/Build/Products/Debug-iphonesimulator/Diver_iOS.app/PlugIns/DiverTests_iOS.xctest

CodeSign /Users/voxels/Library/Developer/Xcode/DerivedData/Diver-fkxymducaaydoifhoeeiimpntqeq/Build/Products/Debug-iphonesimulator/Diver_iOS.app/Diver_iOS.debug.dylib (in target 'Diver_iOS' from project 'Diver')
    cd /Users/voxels/Documents/dev/Superbright/Diver/Diver
    
    Signing Identity:     "Sign to Run Locally"
    
    /usr/bin/codesign --force --sign - --timestamp\=none --generate-entitlement-der /Users/voxels/Library/Developer/Xcode/DerivedData/Diver-fkxymducaaydoifhoeeiimpntqeq/Build/Products/Debug-iphonesimulator/Diver_iOS.app/Diver_iOS.debug.dylib
/Users/voxels/Library/Developer/Xcode/DerivedData/Diver-fkxymducaaydoifhoeeiimpntqeq/Build/Products/Debug-iphonesimulator/Diver_iOS.app/Diver_iOS.debug.dylib: replacing existing signature

CodeSign /Users/voxels/Library/Developer/Xcode/DerivedData/Diver-fkxymducaaydoifhoeeiimpntqeq/Build/Products/Debug-iphonesimulator/Diver_iOS.app/__preview.dylib (in target 'Diver_iOS' from project 'Diver')
    cd /Users/voxels/Documents/dev/Superbright/Diver/Diver
    
    Signing Identity:     "Sign to Run Locally"
    
    /usr/bin/codesign --force --sign - --timestamp\=none --generate-entitlement-der /Users/voxels/Library/Developer/Xcode/DerivedData/Diver-fkxymducaaydoifhoeeiimpntqeq/Build/Products/Debug-iphonesimulator/Diver_iOS.app/__preview.dylib
/Users/voxels/Library/Developer/Xcode/DerivedData/Diver-fkxymducaaydoifhoeeiimpntqeq/Build/Products/Debug-iphonesimulator/Diver_iOS.app/__preview.dylib: replacing existing signature

CodeSign /Users/voxels/Library/Developer/Xcode/DerivedData/Diver-fkxymducaaydoifhoeeiimpntqeq/Build/Products/Debug-iphonesimulator/Diver_iOS.app (in target 'Diver_iOS' from project 'Diver')
    cd /Users/voxels/Documents/dev/Superbright/Diver/Diver
    
    Signing Identity:     "Sign to Run Locally"
    
    /usr/bin/codesign --force --sign - --entitlements /Users/voxels/Library/Developer/Xcode/DerivedData/Diver-fkxymducaaydoifhoeeiimpntqeq/Build/Intermediates.noindex/Diver.build/Debug-iphonesimulator/Diver_iOS.build/Diver_iOS.app.xcent --timestamp\=none --generate-entitlement-der /Users/voxels/Library/Developer/Xcode/DerivedData/Diver-fkxymducaaydoifhoeeiimpntqeq/Build/Products/Debug-iphonesimulator/Diver_iOS.app
/Users/voxels/Library/Developer/Xcode/DerivedData/Diver-fkxymducaaydoifhoeeiimpntqeq/Build/Products/Debug-iphonesimulator/Diver_iOS.app: replacing existing signature

Validate /Users/voxels/Library/Developer/Xcode/DerivedData/Diver-fkxymducaaydoifhoeeiimpntqeq/Build/Products/Debug-iphonesimulator/Diver_iOS.app (in target 'Diver_iOS' from project 'Diver')
    cd /Users/voxels/Documents/dev/Superbright/Diver/Diver
    builtin-validationUtility /Users/voxels/Library/Developer/Xcode/DerivedData/Diver-fkxymducaaydoifhoeeiimpntqeq/Build/Products/Debug-iphonesimulator/Diver_iOS.app -shallow-bundle -infoplist-subpath Info.plist

ValidateEmbeddedBinary /Users/voxels/Library/Developer/Xcode/DerivedData/Diver-fkxymducaaydoifhoeeiimpntqeq/Build/Products/Debug-iphonesimulator/Diver_iOS.app/PlugIns/DiverWidgetExtension.appex (in target 'Diver_iOS' from project 'Diver')
    cd /Users/voxels/Documents/dev/Superbright/Diver/Diver
    /Applications/Xcode.app/Contents/Developer/usr/bin/embeddedBinaryValidationUtility /Users/voxels/Library/Developer/Xcode/DerivedData/Diver-fkxymducaaydoifhoeeiimpntqeq/Build/Products/Debug-iphonesimulator/Diver_iOS.app/PlugIns/DiverWidgetExtension.appex -signing-cert - -info-plist-path /Users/voxels/Library/Developer/Xcode/DerivedData/Diver-fkxymducaaydoifhoeeiimpntqeq/Build/Products/Debug-iphonesimulator/Diver_iOS.app/Info.plist
warning: Application extensions cannot contain both the NSExtension and EXAppExtensionAttributes top-level Info.plist keys.

✅ DiverLink secret already exists in keychain
2026-01-09 03:39:31.283820-0500 Diver_iOS[82836:4180270] [CK] Could not validate account info cache. (This is a potential performance issue.)
2026-01-09 03:39:31.300769-0500 Diver_iOS[82836:4180269] [CloudKit] CoreData+CloudKit: -[NSCloudKitMirroringDelegate _performSetupRequest:]_block_invoke(1230): <NSCloudKitMirroringDelegate: 0x600003b12140>: Failed to set up CloudKit integration for store: <NSSQLCore: 0x106d04900> (URL: file:///Users/voxels/Library/Developer/CoreSimulator/Devices/466159CD-524C-4D15-8230-C13634B19833/data/Containers/Shared/AppGroup/3DF0F591-64E2-429F-86FC-89651B57E4C6/Diver.sqlite)
Error Domain=NSCocoaErrorDomain Code=134400 "Unable to initialize without an iCloud account (CKAccountStatusNoAccount)." UserInfo={NSLocalizedFailureReason=Unable to initialize without an iCloud account (CKAccountStatusNoAccount).}
2026-01-09 03:39:31.301055-0500 Diver_iOS[82836:4180269] [CloudKit] CoreData+CloudKit: -[NSCloudKitMirroringDelegate recoverFromError:](2304): <NSCloudKitMirroringDelegate: 0x600003b12140> - Attempting recovery from error: Error Domain=NSCocoaErrorDomain Code=134400 "Unable to initialize without an iCloud account (CKAccountStatusNoAccount)." UserInfo={NSLocalizedFailureReason=Unable to initialize without an iCloud account (CKAccountStatusNoAccount).}
2026-01-09 03:39:31.301215-0500 Diver_iOS[82836:4180269] [CloudKit] CoreData+CloudKit: -[NSCloudKitMirroringDelegate _recoverFromError:withZoneIDs:forStore:inMonitor:](2617): <NSCloudKitMirroringDelegate: 0x600003b12140> - Failed to recover from error: NSCocoaErrorDomain:134400
Recovery encountered the following error: (null):0
2026-01-09 03:39:31.425530-0500 Diver_iOS[82836:4180301] [General] Failed to get any results from PersonalizationPortrait. (null)
2026-01-09 03:39:31.577134-0500 Diver_iOS[82836:4180097] [shared-with-you] Shared with You manager initialized and observing highlights
SidebarView appeared - Total: 8, Ready: 8, Active: 0, Inputs: 16
2026-01-09 03:39:32.230611-0500 Diver_iOS[82836:4180097] [queue] Queue processing complete - success: 0, failed: 0, total: 0
2026-01-09 03:39:32.233374-0500 Diver_iOS[82836:4180097] [queue] Queue processing complete - success: 0, failed: 0, total: 0
Database not empty. Seeding skipped.
Test Suite 'All tests' started at 2026-01-09 03:39:32.284.
Test Suite 'DiverTests_iOS.xctest' started at 2026-01-09 03:39:32.285.
Test Suite 'ActionViewControllerTests' started at 2026-01-09 03:39:32.285.
Test Case '-[DiverTests_iOS.ActionViewControllerTests testDisabled]' started.
Test Case '-[DiverTests_iOS.ActionViewControllerTests testDisabled]' passed (0.001 seconds).
Test Suite 'ActionViewControllerTests' passed at 2026-01-09 03:39:32.286.
	 Executed 1 test, with 0 failures (0 unexpected) in 0.001 (0.001) seconds
Test Suite 'DiverQueueItemHierarchyTests' started at 2026-01-09 03:39:32.286.
Test Case '-[DiverTests_iOS.DiverQueueItemHierarchyTests testVisualIntelligenceHierarchyCreation]' started.
Test Case '-[DiverTests_iOS.DiverQueueItemHierarchyTests testVisualIntelligenceHierarchyCreation]' passed (0.009 seconds).
Test Suite 'DiverQueueItemHierarchyTests' passed at 2026-01-09 03:39:32.295.
	 Executed 1 test, with 0 failures (0 unexpected) in 0.009 (0.009) seconds
Test Suite 'LinkEntityQueryTests' started at 2026-01-09 03:39:32.316.
Test Case '-[DiverTests_iOS.LinkEntityQueryTests testEntitiesForIdentifiers]' started.
2026-01-09 03:39:32.360419-0500 Diver_iOS[82836:4180292] [CloudKit] CoreData+CloudKit: -[NSCloudKitMirroringDelegate _performSetupRequest:]_block_invoke(1230): <NSCloudKitMirroringDelegate: 0x600003b71ce0>: Failed to set up CloudKit integration for store: <NSSQLCore: 0x106d35e00> (URL: file:///dev/null)
Error Domain=NSCocoaErrorDomain Code=134400 "Unable to initialize without an iCloud account (CKAccountStatusNoAccount)." UserInfo={NSLocalizedFailureReason=Unable to initialize without an iCloud account (CKAccountStatusNoAccount).}
2026-01-09 03:39:32.360494-0500 Diver_iOS[82836:4180292] [CloudKit] CoreData+CloudKit: -[NSCloudKitMirroringDelegate recoverFromError:](2304): <NSCloudKitMirroringDelegate: 0x600003b71ce0> - Attempting recovery from error: Error Domain=NSCocoaErrorDomain Code=134400 "Unable to initialize without an iCloud account (CKAccountStatusNoAccount)." UserInfo={NSLocalizedFailureReason=Unable to initialize without an iCloud account (CKAccountStatusNoAccount).}
2026-01-09 03:39:32.360568-0500 Diver_iOS[82836:4180292] [CloudKit] CoreData+CloudKit: -[NSCloudKitMirroringDelegate _recoverFromError:withZoneIDs:forStore:inMonitor:](2617): <NSCloudKitMirroringDelegate: 0x600003b71ce0> - Failed to recover from error: NSCocoaErrorDomain:134400
Recovery encountered the following error: (null):0
2026-01-09 03:39:32.654999-0500 Diver_iOS[82836:4180301] [General] Failed to get any results from PersonalizationPortrait. (null)
/Users/voxels/Documents/dev/Superbright/Diver/Diver/DiverTests/AppIntents/LinkEntityQueryTests.swift:49: error: -[DiverTests_iOS.LinkEntityQueryTests testEntitiesForIdentifiers] : XCTAssertEqual failed: ("1") is not equal to ("2")
/Users/voxels/Documents/dev/Superbright/Diver/Diver/DiverTests/AppIntents/LinkEntityQueryTests.swift:51: error: -[DiverTests_iOS.LinkEntityQueryTests testEntitiesForIdentifiers] : XCTAssertTrue failed
Test Case '-[DiverTests_iOS.LinkEntityQueryTests testEntitiesForIdentifiers]' failed (0.380 seconds).
Test Case '-[DiverTests_iOS.LinkEntityQueryTests testEntitiesMatchingString_MatchesSummary]' started.
/Users/voxels/Documents/dev/Superbright/Diver/Diver/DiverTests/AppIntents/LinkEntityQueryTests.swift:81: error: -[DiverTests_iOS.LinkEntityQueryTests testEntitiesMatchingString_MatchesSummary] : XCTAssertEqual failed: ("0") is not equal to ("1")
2026-01-09 03:39:32.739552-0500 Diver_iOS[82836:4180296] [CloudKit] CoreData+CloudKit: -[NSCloudKitMirroringDelegate _performSetupRequest:]_block_invoke(1230): <NSCloudKitMirroringDelegate: 0x600003b77100>: Failed to set up CloudKit integration for store: <NSSQLCore: 0x103e3f6d0> (URL: file:///dev/null)
Error Domain=NSCocoaErrorDomain Code=134400 "Unable to initialize without an iCloud account (CKAccountStatusNoAccount)." UserInfo={NSLocalizedFailureReason=Unable to initialize without an iCloud account (CKAccountStatusNoAccount).}
2026-01-09 03:39:32.740197-0500 Diver_iOS[82836:4180296] [CloudKit] CoreData+CloudKit: -[NSCloudKitMirroringDelegate recoverFromError:](2304): <NSCloudKitMirroringDelegate: 0x600003b77100> - Attempting recovery from error: Error Domain=NSCocoaErrorDomain Code=134400 "Unable to initialize without an iCloud account (CKAccountStatusNoAccount)." UserInfo={NSLocalizedFailureReason=Unable to initialize without an iCloud account (CKAccountStatusNoAccount).}
/Users/voxels/Documents/dev/Superbright/Diver/Diver/DiverTests/AppIntents/LinkEntityQueryTests.swift:82: error: -[DiverTests_iOS.LinkEntityQueryTests testEntitiesMatchingString_MatchesSummary] : XCTAssertEqual failed: ("nil") is not equal to ("Optional("Swift")")
2026-01-09 03:39:32.740665-0500 Diver_iOS[82836:4180296] [CloudKit] CoreData+CloudKit: -[NSCloudKitMirroringDelegate _recoverFromError:withZoneIDs:forStore:inMonitor:](2617): <NSCloudKitMirroringDelegate: 0x600003b77100> - Failed to recover from error: NSCocoaErrorDomain:134400
Recovery encountered the following error: (null):0
Test Case '-[DiverTests_iOS.LinkEntityQueryTests testEntitiesMatchingString_MatchesSummary]' failed (0.045 seconds).
Test Case '-[DiverTests_iOS.LinkEntityQueryTests testEntitiesMatchingString_MatchesTags]' started.
/Users/voxels/Documents/dev/Superbright/Diver/Diver/DiverTests/AppIntents/LinkEntityQueryTests.swift:99: error: -[DiverTests_iOS.LinkEntityQueryTests testEntitiesMatchingString_MatchesTags] : XCTAssertEqual failed: ("0") is not equal to ("1")
/Users/voxels/Documents/dev/Superbright/Diver/Diver/DiverTests/AppIntents/LinkEntityQueryTests.swift:100: error: -[DiverTests_iOS.LinkEntityQueryTests testEntitiesMatchingString_MatchesTags] : XCTAssertEqual failed: ("nil") is not equal to ("Optional("Tagged Page")")
Test Case '-[DiverTests_iOS.LinkEntityQueryTests testEntitiesMatchingString_MatchesTags]' failed (0.025 seconds).
Test Case '-[DiverTests_iOS.LinkEntityQueryTests testEntitiesMatchingString_MatchesTitle]' started.
2026-01-09 03:39:32.769388-0500 Diver_iOS[82836:4180301] [CloudKit] CoreData+CloudKit: -[NSCloudKitMirroringDelegate _performSetupRequest:]_block_invoke(1230): <NSCloudKitMirroringDelegate: 0x600003b61f80>: Failed to set up CloudKit integration for store: <NSSQLCore: 0x104710c40> (URL: file:///dev/null)
Error Domain=NSCocoaErrorDomain Code=134400 "Unable to initialize without an iCloud account (CKAccountStatusNoAccount)." UserInfo={NSLocalizedFailureReason=Unable to initialize without an iCloud account (CKAccountStatusNoAccount).}
2026-01-09 03:39:32.769462-0500 Diver_iOS[82836:4180301] [CloudKit] CoreData+CloudKit: -[NSCloudKitMirroringDelegate recoverFromError:](2304): <NSCloudKitMirroringDelegate: 0x600003b61f80> - Attempting recovery from error: Error Domain=NSCocoaErrorDomain Code=134400 "Unable to initialize without an iCloud account (CKAccountStatusNoAccount)." UserInfo={NSLocalizedFailureReason=Unable to initialize without an iCloud account (CKAccountStatusNoAccount).}
2026-01-09 03:39:32.769505-0500 Diver_iOS[82836:4180301] [CloudKit] CoreData+CloudKit: -[NSCloudKitMirroringDelegate _recoverFromError:withZoneIDs:forStore:inMonitor:](2617): <NSCloudKitMirroringDelegate: 0x600003b61f80> - Failed to recover from error: NSCocoaErrorDomain:134400
Recovery encountered the following error: (null):0
/Users/voxels/Documents/dev/Superbright/Diver/Diver/DiverTests/AppIntents/LinkEntityQueryTests.swift:69: error: -[DiverTests_iOS.LinkEntityQueryTests testEntitiesMatchingString_MatchesTitle] : XCTAssertEqual failed: ("0") is not equal to ("1")
/Users/voxels/Documents/dev/Superbright/Diver/Diver/DiverTests/AppIntents/LinkEntityQueryTests.swift:70: error: -[DiverTests_iOS.LinkEntityQueryTests testEntitiesMatchingString_MatchesTitle] : XCTAssertEqual failed: ("nil") is not equal to ("Optional("Apple")")
Test Case '-[DiverTests_iOS.LinkEntityQueryTests testEntitiesMatchingString_MatchesTitle]' failed (0.024 seconds).
Test Case '-[DiverTests_iOS.LinkEntityQueryTests testEntitiesMatchingString_MatchesURL]' started.
2026-01-09 03:39:32.794823-0500 Diver_iOS[82836:4180282] [CloudKit] CoreData+CloudKit: -[NSCloudKitMirroringDelegate _performSetupRequest:]_block_invoke(1230): <NSCloudKitMirroringDelegate: 0x600003b87020>: Failed to set up CloudKit integration for store: <NSSQLCore: 0x104654470> (URL: file:///dev/null)
Error Domain=NSCocoaErrorDomain Code=134400 "Unable to initialize without an iCloud account (CKAccountStatusNoAccount)." UserInfo={NSLocalizedFailureReason=Unable to initialize without an iCloud account (CKAccountStatusNoAccount).}
2026-01-09 03:39:32.794913-0500 Diver_iOS[82836:4180282] [CloudKit] CoreData+CloudKit: -[NSCloudKitMirroringDelegate recoverFromError:](2304): <NSCloudKitMirroringDelegate: 0x600003b87020> - Attempting recovery from error: Error Domain=NSCocoaErrorDomain Code=134400 "Unable to initialize without an iCloud account (CKAccountStatusNoAccount)." UserInfo={NSLocalizedFailureReason=Unable to initialize without an iCloud account (CKAccountStatusNoAccount).}
2026-01-09 03:39:32.794970-0500 Diver_iOS[82836:4180282] [CloudKit] CoreData+CloudKit: -[NSCloudKitMirroringDelegate _recoverFromError:withZoneIDs:forStore:inMonitor:](2617): <NSCloudKitMirroringDelegate: 0x600003b87020> - Failed to recover from error: NSCocoaErrorDomain:134400
Recovery encountered the following error: (null):0
/Users/voxels/Documents/dev/Superbright/Diver/Diver/DiverTests/AppIntents/LinkEntityQueryTests.swift:75: error: -[DiverTests_iOS.LinkEntityQueryTests testEntitiesMatchingString_MatchesURL] : XCTAssertEqual failed: ("0") is not equal to ("1")
/Users/voxels/Documents/dev/Superbright/Diver/Diver/DiverTests/AppIntents/LinkEntityQueryTests.swift:76: error: -[DiverTests_iOS.LinkEntityQueryTests testEntitiesMatchingString_MatchesURL] : XCTAssertEqual failed: ("nil") is not equal to ("Optional("Swift")")
Test Case '-[DiverTests_iOS.LinkEntityQueryTests testEntitiesMatchingString_MatchesURL]' failed (0.023 seconds).
Test Case '-[DiverTests_iOS.LinkEntityQueryTests testEntitiesMatchingString_OnlyReadyItems]' started.
2026-01-09 03:39:32.816696-0500 Diver_iOS[82836:4180282] [CloudKit] CoreData+CloudKit: -[NSCloudKitMirroringDelegate _performSetupRequest:]_block_invoke(1230): <NSCloudKitMirroringDelegate: 0x600003b3c460>: Failed to set up CloudKit integration for store: <NSSQLCore: 0x106d15250> (URL: file:///dev/null)
Error Domain=NSCocoaErrorDomain Code=134400 "Unable to initialize without an iCloud account (CKAccountStatusNoAccount)." UserInfo={NSLocalizedFailureReason=Unable to initialize without an iCloud account (CKAccountStatusNoAccount).}
2026-01-09 03:39:32.816768-0500 Diver_iOS[82836:4180282] [CloudKit] CoreData+CloudKit: -[NSCloudKitMirroringDelegate recoverFromError:](2304): <NSCloudKitMirroringDelegate: 0x600003b3c460> - Attempting recovery from error: Error Domain=NSCocoaErrorDomain Code=134400 "Unable to initialize without an iCloud account (CKAccountStatusNoAccount)." UserInfo={NSLocalizedFailureReason=Unable to initialize without an iCloud account (CKAccountStatusNoAccount).}
2026-01-09 03:39:32.816846-0500 Diver_iOS[82836:4180282] [CloudKit] CoreData+CloudKit: -[NSCloudKitMirroringDelegate _recoverFromError:withZoneIDs:forStore:inMonitor:](2617): <NSCloudKitMirroringDelegate: 0x600003b3c460> - Failed to recover from error: NSCocoaErrorDomain:134400
Recovery encountered the following error: (null):0
Test Case '-[DiverTests_iOS.LinkEntityQueryTests testEntitiesMatchingString_OnlyReadyItems]' passed (0.023 seconds).
Test Case '-[DiverTests_iOS.LinkEntityQueryTests testSuggestedEntities_OnlyReturnsReadyItems]' started.
2026-01-09 03:39:32.841921-0500 Diver_iOS[82836:4180282] [CloudKit] CoreData+CloudKit: -[NSCloudKitMirroringDelegate _performSetupRequest:]_block_invoke(1230): <NSCloudKitMirroringDelegate: 0x600003b6f1e0>: Failed to set up CloudKit integration for store: <NSSQLCore: 0x106b18930> (URL: file:///dev/null)
Error Domain=NSCocoaErrorDomain Code=134400 "Unable to initialize without an iCloud account (CKAccountStatusNoAccount)." UserInfo={NSLocalizedFailureReason=Unable to initialize without an iCloud account (CKAccountStatusNoAccount).}
2026-01-09 03:39:32.842001-0500 Diver_iOS[82836:4180282] [CloudKit] CoreData+CloudKit: -[NSCloudKitMirroringDelegate recoverFromError:](2304): <NSCloudKitMirroringDelegate: 0x600003b6f1e0> - Attempting recovery from error: Error Domain=NSCocoaErrorDomain Code=134400 "Unable to initialize without an iCloud account (CKAccountStatusNoAccount)." UserInfo={NSLocalizedFailureReason=Unable to initialize without an iCloud account (CKAccountStatusNoAccount).}
2026-01-09 03:39:32.842071-0500 Diver_iOS[82836:4180282] [CloudKit] CoreData+CloudKit: -[NSCloudKitMirroringDelegate _recoverFromError:withZoneIDs:forStore:inMonitor:](2617): <NSCloudKitMirroringDelegate: 0x600003b6f1e0> - Failed to recover from error: NSCocoaErrorDomain:134400
Recovery encountered the following error: (null):0
Test Case '-[DiverTests_iOS.LinkEntityQueryTests testSuggestedEntities_OnlyReturnsReadyItems]' passed (0.027 seconds).
Test Case '-[DiverTests_iOS.LinkEntityQueryTests testSuggestedEntities_SortedByUpdateDate]' started.
2026-01-09 03:39:32.877881-0500 Diver_iOS[82836:4180282] [CloudKit] CoreData+CloudKit: -[NSCloudKitMirroringDelegate _performSetupRequest:]_block_invoke(1230): <NSCloudKitMirroringDelegate: 0x600003b779c0>: Failed to set up CloudKit integration for store: <NSSQLCore: 0x10443a8b0> (URL: file:///dev/null)
Error Domain=NSCocoaErrorDomain Code=134400 "Unable to initialize without an iCloud account (CKAccountStatusNoAccount)." UserInfo={NSLocalizedFailureReason=Unable to initialize without an iCloud account (CKAccountStatusNoAccount).}
2026-01-09 03:39:32.877950-0500 Diver_iOS[82836:4180282] [CloudKit] CoreData+CloudKit: -[NSCloudKitMirroringDelegate recoverFromError:](2304): <NSCloudKitMirroringDelegate: 0x600003b779c0> - Attempting recovery from error: Error Domain=NSCocoaErrorDomain Code=134400 "Unable to initialize without an iCloud account (CKAccountStatusNoAccount)." UserInfo={NSLocalizedFailureReason=Unable to initialize without an iCloud account (CKAccountStatusNoAccount).}
2026-01-09 03:39:32.878000-0500 Diver_iOS[82836:4180282] [CloudKit] CoreData+CloudKit: -[NSCloudKitMirroringDelegate _recoverFromError:withZoneIDs:forStore:inMonitor:](2617): <NSCloudKitMirroringDelegate: 0x600003b779c0> - Failed to recover from error: NSCocoaErrorDomain:134400
Recovery encountered the following error: (null):0
Test Case '-[DiverTests_iOS.LinkEntityQueryTests testSuggestedEntities_SortedByUpdateDate]' passed (0.014 seconds).
Test Suite 'LinkEntityQueryTests' failed at 2026-01-09 03:39:32.880.
	 Executed 8 tests, with 10 failures (0 unexpected) in 0.562 (0.564) seconds
Test Suite 'SaveLinkIntentTests' started at 2026-01-09 03:39:32.881.
Test Case '-[DiverTests_iOS.SaveLinkIntentTests testSaveLinkIntent_DuplicateTags_StoresDuplicates]' started.
Test Case '-[DiverTests_iOS.SaveLinkIntentTests testSaveLinkIntent_DuplicateTags_StoresDuplicates]' passed (0.014 seconds).
Test Case '-[DiverTests_iOS.SaveLinkIntentTests testSaveLinkIntent_GeneratesCorrectID]' started.
Test Case '-[DiverTests_iOS.SaveLinkIntentTests testSaveLinkIntent_GeneratesCorrectID]' passed (0.003 seconds).
Test Case '-[DiverTests_iOS.SaveLinkIntentTests testSaveLinkIntent_InvalidURL_ReturnsError]' started.
Test Case '-[DiverTests_iOS.SaveLinkIntentTests testSaveLinkIntent_InvalidURL_ReturnsError]' passed (0.001 seconds).
Test Case '-[DiverTests_iOS.SaveLinkIntentTests testSaveLinkIntent_ManyTags_HandlesCorrectly]' started.
Test Case '-[DiverTests_iOS.SaveLinkIntentTests testSaveLinkIntent_ManyTags_HandlesCorrectly]' passed (0.002 seconds).
Test Case '-[DiverTests_iOS.SaveLinkIntentTests testSaveLinkIntent_SetsSourceToHost]' started.
2026-01-09 03:39:32.902487-0500 Diver_iOS[82836:4180282] [CloudKit] CoreData+CloudKit: -[NSCloudKitMirroringDelegate _performSetupRequest:]_block_invoke(1230): <NSCloudKitMirroringDelegate: 0x600003b77b80>: Failed to set up CloudKit integration for store: <NSSQLCore: 0x106cde670> (URL: file:///dev/null)
Error Domain=NSCocoaErrorDomain Code=134400 "Unable to initialize without an iCloud account (CKAccountStatusNoAccount)." UserInfo={NSLocalizedFailureReason=Unable to initialize without an iCloud account (CKAccountStatusNoAccount).}
2026-01-09 03:39:32.902582-0500 Diver_iOS[82836:4180282] [CloudKit] CoreData+CloudKit: -[NSCloudKitMirroringDelegate recoverFromError:](2304): <NSCloudKitMirroringDelegate: 0x600003b77b80> - Attempting recovery from error: Error Domain=NSCocoaErrorDomain Code=134400 "Unable to initialize without an iCloud account (CKAccountStatusNoAccount)." UserInfo={NSLocalizedFailureReason=Unable to initialize without an iCloud account (CKAccountStatusNoAccount).}
Test Case '-[DiverTests_iOS.SaveLinkIntentTests testSaveLinkIntent_SetsSourceToHost]' passed (0.003 seconds).
2026-01-09 03:39:32.906936-0500 Diver_iOS[82836:4180282] [CloudKit] CoreData+CloudKit: -[NSCloudKitMirroringDelegate _recoverFromError:withZoneIDs:forStore:inMonitor:](2617): <NSCloudKitMirroringDelegate: 0x600003b77b80> - Failed to recover from error: NSCocoaErrorDomain:134400
Recovery encountered the following error: (null):0
Test Case '-[DiverTests_iOS.SaveLinkIntentTests testSaveLinkIntent_TagsWithWhitespace_PreservesWhitespace]' started.
Test Case '-[DiverTests_iOS.SaveLinkIntentTests testSaveLinkIntent_TagsWithWhitespace_PreservesWhitespace]' passed (0.003 seconds).
Test Case '-[DiverTests_iOS.SaveLinkIntentTests testSaveLinkIntent_UnicodeTags_HandlesCorrectly]' started.
Test Case '-[DiverTests_iOS.SaveLinkIntentTests testSaveLinkIntent_UnicodeTags_HandlesCorrectly]' passed (0.003 seconds).
Test Case '-[DiverTests_iOS.SaveLinkIntentTests testSaveLinkIntent_URLWithFragment_PreservesFragment]' started.
Test Case '-[DiverTests_iOS.SaveLinkIntentTests testSaveLinkIntent_URLWithFragment_PreservesFragment]' passed (0.002 seconds).
Test Case '-[DiverTests_iOS.SaveLinkIntentTests testSaveLinkIntent_URLWithoutHost_UsesAppIntentAsSource]' started.
/Users/voxels/Documents/dev/Superbright/Diver/Diver/DiverTests/AppIntents/SaveLinkIntentTests.swift:179: error: -[DiverTests_iOS.SaveLinkIntentTests testSaveLinkIntent_URLWithoutHost_UsesAppIntentAsSource] : XCTAssertEqual failed: ("nil") is not equal to ("Optional("AppIntent")")
Test Case '-[DiverTests_iOS.SaveLinkIntentTests testSaveLinkIntent_URLWithoutHost_UsesAppIntentAsSource]' failed (0.003 seconds).
Test Case '-[DiverTests_iOS.SaveLinkIntentTests testSaveLinkIntent_ValidURL_QueuesItem]' started.
Test Case '-[DiverTests_iOS.SaveLinkIntentTests testSaveLinkIntent_ValidURL_QueuesItem]' passed (0.003 seconds).
Test Case '-[DiverTests_iOS.SaveLinkIntentTests testSaveLinkIntent_VeryLongURL_HandlesCorrectly]' started.
Test Case '-[DiverTests_iOS.SaveLinkIntentTests testSaveLinkIntent_VeryLongURL_HandlesCorrectly]' passed (0.002 seconds).
Test Case '-[DiverTests_iOS.SaveLinkIntentTests testSaveLinkIntent_WithoutTags_ExcludesTagsFromDialog]' started.
Test Case '-[DiverTests_iOS.SaveLinkIntentTests testSaveLinkIntent_WithoutTags_ExcludesTagsFromDialog]' passed (0.003 seconds).
Test Case '-[DiverTests_iOS.SaveLinkIntentTests testSaveLinkIntent_WithoutTags_StoresNilTags]' started.
/Users/voxels/Documents/dev/Superbright/Diver/Diver/DiverTests/AppIntents/SaveLinkIntentTests.swift:93: error: -[DiverTests_iOS.SaveLinkIntentTests testSaveLinkIntent_WithoutTags_StoresNilTags] : XCTAssertNil failed: "[]" - Empty tags array should become nil
Test Case '-[DiverTests_iOS.SaveLinkIntentTests testSaveLinkIntent_WithoutTags_StoresNilTags]' failed (0.004 seconds).
Test Case '-[DiverTests_iOS.SaveLinkIntentTests testSaveLinkIntent_WithoutTitle_UsesURLAsTitle]' started.
Test Case '-[DiverTests_iOS.SaveLinkIntentTests testSaveLinkIntent_WithoutTitle_UsesURLAsTitle]' passed (0.002 seconds).
Test Case '-[DiverTests_iOS.SaveLinkIntentTests testSaveLinkIntent_WithTags_IncludesTagsInDialog]' started.
Test Case '-[DiverTests_iOS.SaveLinkIntentTests testSaveLinkIntent_WithTags_IncludesTagsInDialog]' passed (0.002 seconds).
Test Case '-[DiverTests_iOS.SaveLinkIntentTests testSaveLinkIntent_WithTags_StoresTags]' started.
Test Case '-[DiverTests_iOS.SaveLinkIntentTests testSaveLinkIntent_WithTags_StoresTags]' passed (0.002 seconds).
Test Suite 'SaveLinkIntentTests' failed at 2026-01-09 03:39:32.939.
	 Executed 16 tests, with 2 failures (0 unexpected) in 0.053 (0.058) seconds
Test Suite 'SearchLinksIntentTests' started at 2026-01-09 03:39:32.939.
Test Case '-[DiverTests_iOS.SearchLinksIntentTests testSearchLinksIntent_CaseInsensitive_ReturnsLink]' started.
2026-01-09 03:39:32.966770-0500 Diver_iOS[82836:4180295] [CloudKit] CoreData+CloudKit: -[NSCloudKitMirroringDelegate _performSetupRequest:]_block_invoke(1230): <NSCloudKitMirroringDelegate: 0x600003b02220>: Failed to set up CloudKit integration for store: <NSSQLCore: 0x104763c20> (URL: file:///dev/null)
Error Domain=NSCocoaErrorDomain Code=134400 "Unable to initialize without an iCloud account (CKAccountStatusNoAccount)." UserInfo={NSLocalizedFailureReason=Unable to initialize without an iCloud account (CKAccountStatusNoAccount).}
2026-01-09 03:39:32.966855-0500 Diver_iOS[82836:4180295] [CloudKit] CoreData+CloudKit: -[NSCloudKitMirroringDelegate recoverFromError:](2304): <NSCloudKitMirroringDelegate: 0x600003b02220> - Attempting recovery from error: Error Domain=NSCocoaErrorDomain Code=134400 "Unable to initialize without an iCloud account (CKAccountStatusNoAccount)." UserInfo={NSLocalizedFailureReason=Unable to initialize without an iCloud account (CKAccountStatusNoAccount).}
2026-01-09 03:39:32.966909-0500 Diver_iOS[82836:4180295] [CloudKit] CoreData+CloudKit: -[NSCloudKitMirroringDelegate _recoverFromError:withZoneIDs:forStore:inMonitor:](2617): <NSCloudKitMirroringDelegate: 0x600003b02220> - Failed to recover from error: NSCocoaErrorDomain:134400
Recovery encountered the following error: (null):0
/Users/voxels/Documents/dev/Superbright/Diver/Diver/DiverTests/AppIntents/SearchLinksIntentTests.swift:189: error: -[DiverTests_iOS.SearchLinksIntentTests testSearchLinksIntent_CaseInsensitive_ReturnsLink] : failed: caught error: "Error Domain=com.secretatomics.Diver Code=404 "No links found for "APPLE"." UserInfo={NSLocalizedDescription=No links found for "APPLE".}"
Test Case '-[DiverTests_iOS.SearchLinksIntentTests testSearchLinksIntent_CaseInsensitive_ReturnsLink]' failed (0.036 seconds).
Test Case '-[DiverTests_iOS.SearchLinksIntentTests testSearchLinksIntent_EmptyLibrary_ThrowsError]' started.
/Users/voxels/Documents/dev/Superbright/Diver/Diver/DiverTests/AppIntents/SearchLinksIntentTests.swift:312: error: -[DiverTests_iOS.SearchLinksIntentTests testSearchLinksIntent_EmptyLibrary_ThrowsError] : XCTAssertTrue failed
Test Case '-[DiverTests_iOS.SearchLinksIntentTests testSearchLinksIntent_EmptyLibrary_ThrowsError]' failed (0.024 seconds).
Test Case '-[DiverTests_iOS.SearchLinksIntentTests testSearchLinksIntent_EmptyQuery_FiltersNonReadyStatus]' started.
2026-01-09 03:39:33.003671-0500 Diver_iOS[82836:4180288] [CloudKit] CoreData+CloudKit: -[NSCloudKitMirroringDelegate _performSetupRequest:]_block_invoke(1230): <NSCloudKitMirroringDelegate: 0x600003b87480>: Failed to set up CloudKit integration for store: <NSSQLCore: 0x106b5fcf0> (URL: file:///dev/null)
Error Domain=NSCocoaErrorDomain Code=134400 "Unable to initialize without an iCloud account (CKAccountStatusNoAccount)." UserInfo={NSLocalizedFailureReason=Unable to initialize without an iCloud account (CKAccountStatusNoAccount).}
2026-01-09 03:39:33.003905-0500 Diver_iOS[82836:4180288] [CloudKit] CoreData+CloudKit: -[NSCloudKitMirroringDelegate recoverFromError:](2304): <NSCloudKitMirroringDelegate: 0x600003b87480> - Attempting recovery from error: Error Domain=NSCocoaErrorDomain Code=134400 "Unable to initialize without an iCloud account (CKAccountStatusNoAccount)." UserInfo={NSLocalizedFailureReason=Unable to initialize without an iCloud account (CKAccountStatusNoAccount).}
2026-01-09 03:39:33.003959-0500 Diver_iOS[82836:4180288] [CloudKit] CoreData+CloudKit: -[NSCloudKitMirroringDelegate _recoverFromError:withZoneIDs:forStore:inMonitor:](2617): <NSCloudKitMirroringDelegate: 0x600003b87480> - Failed to recover from error: NSCocoaErrorDomain:134400
Recovery encountered the following error: (null):0
2026-01-09 03:39:33.027940-0500 Diver_iOS[82836:4180288] [CloudKit] CoreData+CloudKit: -[NSCloudKitMirroringDelegate _performSetupRequest:]_block_invoke(1230): <NSCloudKitMirroringDelegate: 0x600003b3d7a0>: Failed to set up CloudKit integration for store: <NSSQLCore: 0x106ce2f80> (URL: file:///dev/null)
Error Domain=NSCocoaErrorDomain Code=134400 "Unable to initialize without an iCloud account (CKAccountStatusNoAccount)." UserInfo={NSLocalizedFailureReason=Unable to initialize without an iCloud account (CKAccountStatusNoAccount).}
2026-01-09 03:39:33.028064-0500 Diver_iOS[82836:4180288] [CloudKit] CoreData+CloudKit: -[NSCloudKitMirroringDelegate recoverFromError:](2304): <NSCloudKitMirroringDelegate: 0x600003b3d7a0> - Attempting recovery from error: Error Domain=NSCocoaErrorDomain Code=134400 "Unable to initialize without an iCloud account (CKAccountStatusNoAccount)." UserInfo={NSLocalizedFailureReason=Unable to initialize without an iCloud account (CKAccountStatusNoAccount).}
2026-01-09 03:39:33.028119-0500 Diver_iOS[82836:4180288] [CloudKit] CoreData+CloudKit: -[NSCloudKitMirroringDelegate _recoverFromError:withZoneIDs:forStore:inMonitor:](2617): <NSCloudKitMirroringDelegate: 0x600003b3d7a0> - Failed to recover from error: NSCocoaErrorDomain:134400
Recovery encountered the following error: (null):0
/Users/voxels/Documents/dev/Superbright/Diver/Diver/DiverTests/AppIntents/SearchLinksIntentTests.swift:89: error: -[DiverTests_iOS.SearchLinksIntentTests testSearchLinksIntent_EmptyQuery_FiltersNonReadyStatus] : failed: caught error: "noContext"
Test Case '-[DiverTests_iOS.SearchLinksIntentTests testSearchLinksIntent_EmptyQuery_FiltersNonReadyStatus]' failed (0.029 seconds).
Test Case '-[DiverTests_iOS.SearchLinksIntentTests testSearchLinksIntent_EmptyQuery_MentionsRecent]' started.
/Users/voxels/Documents/dev/Superbright/Diver/Diver/DiverTests/AppIntents/SearchLinksIntentTests.swift:361: error: -[DiverTests_iOS.SearchLinksIntentTests testSearchLinksIntent_EmptyQuery_MentionsRecent] : failed: caught error: "noContext"
Test Case '-[DiverTests_iOS.SearchLinksIntentTests testSearchLinksIntent_EmptyQuery_MentionsRecent]' failed (0.023 seconds).
Test Case '-[DiverTests_iOS.SearchLinksIntentTests testSearchLinksIntent_EmptyQuery_ReturnsRecentLink]' started.
2026-01-09 03:39:33.055244-0500 Diver_iOS[82836:4180288] [CloudKit] CoreData+CloudKit: -[NSCloudKitMirroringDelegate _performSetupRequest:]_block_invoke(1230): <NSCloudKitMirroringDelegate: 0x600003b6fb80>: Failed to set up CloudKit integration for store: <NSSQLCore: 0x106b5e2c0> (URL: file:///dev/null)
Error Domain=NSCocoaErrorDomain Code=134400 "Unable to initialize without an iCloud account (CKAccountStatusNoAccount)." UserInfo={NSLocalizedFailureReason=Unable to initialize without an iCloud account (CKAccountStatusNoAccount).}
2026-01-09 03:39:33.055309-0500 Diver_iOS[82836:4180288] [CloudKit] CoreData+CloudKit: -[NSCloudKitMirroringDelegate recoverFromError:](2304): <NSCloudKitMirroringDelegate: 0x600003b6fb80> - Attempting recovery from error: Error Domain=NSCocoaErrorDomain Code=134400 "Unable to initialize without an iCloud account (CKAccountStatusNoAccount)." UserInfo={NSLocalizedFailureReason=Unable to initialize without an iCloud account (CKAccountStatusNoAccount).}
2026-01-09 03:39:33.055380-0500 Diver_iOS[82836:4180288] [CloudKit] CoreData+CloudKit: -[NSCloudKitMirroringDelegate _recoverFromError:withZoneIDs:forStore:inMonitor:](2617): <NSCloudKitMirroringDelegate: 0x600003b6fb80> - Failed to recover from error: NSCocoaErrorDomain:134400
Recovery encountered the following error: (null):0
/Users/voxels/Documents/dev/Superbright/Diver/Diver/DiverTests/AppIntents/SearchLinksIntentTests.swift:74: error: -[DiverTests_iOS.SearchLinksIntentTests testSearchLinksIntent_EmptyQuery_ReturnsRecentLink] : failed: caught error: "noContext"
Test Case '-[DiverTests_iOS.SearchLinksIntentTests testSearchLinksIntent_EmptyQuery_ReturnsRecentLink]' failed (0.024 seconds).
Test Case '-[DiverTests_iOS.SearchLinksIntentTests testSearchLinksIntent_EmptyQuery_SortsByCreatedAtDescending]' started.
2026-01-09 03:39:33.078838-0500 Diver_iOS[82836:4180288] [CloudKit] CoreData+CloudKit: -[NSCloudKitMirroringDelegate _performSetupRequest:]_block_invoke(1230): <NSCloudKitMirroringDelegate: 0x600003b63480>: Failed to set up CloudKit integration for store: <NSSQLCore: 0x106b0d980> (URL: file:///dev/null)
Error Domain=NSCocoaErrorDomain Code=134400 "Unable to initialize without an iCloud account (CKAccountStatusNoAccount)." UserInfo={NSLocalizedFailureReason=Unable to initialize without an iCloud account (CKAccountStatusNoAccount).}
2026-01-09 03:39:33.078898-0500 Diver_iOS[82836:4180288] [CloudKit] CoreData+CloudKit: -[NSCloudKitMirroringDelegate recoverFromError:](2304): <NSCloudKitMirroringDelegate: 0x600003b63480> - Attempting recovery from error: Error Domain=NSCocoaErrorDomain Code=134400 "Unable to initialize without an iCloud account (CKAccountStatusNoAccount)." UserInfo={NSLocalizedFailureReason=Unable to initialize without an iCloud account (CKAccountStatusNoAccount).}
2026-01-09 03:39:33.078946-0500 Diver_iOS[82836:4180288] [CloudKit] CoreData+CloudKit: -[NSCloudKitMirroringDelegate _recoverFromError:withZoneIDs:forStore:inMonitor:](2617): <NSCloudKitMirroringDelegate: 0x600003b63480> - Failed to recover from error: NSCocoaErrorDomain:134400
Recovery encountered the following error: (null):0
/Users/voxels/Documents/dev/Superbright/Diver/Diver/DiverTests/AppIntents/SearchLinksIntentTests.swift:104: error: -[DiverTests_iOS.SearchLinksIntentTests testSearchLinksIntent_EmptyQuery_SortsByCreatedAtDescending] : failed: caught error: "noContext"
Test Case '-[DiverTests_iOS.SearchLinksIntentTests testSearchLinksIntent_EmptyQuery_SortsByCreatedAtDescending]' failed (0.023 seconds).
Test Case '-[DiverTests_iOS.SearchLinksIntentTests testSearchLinksIntent_EmptyQuery_WithTags_FiltersCorrectly]' started.
2026-01-09 03:39:33.101796-0500 Diver_iOS[82836:4180288] [CloudKit] CoreData+CloudKit: -[NSCloudKitMirroringDelegate _performSetupRequest:]_block_invoke(1230): <NSCloudKitMirroringDelegate: 0x600003b87800>: Failed to set up CloudKit integration for store: <NSSQLCore: 0x103e94030> (URL: file:///dev/null)
Error Domain=NSCocoaErrorDomain Code=134400 "Unable to initialize without an iCloud account (CKAccountStatusNoAccount)." UserInfo={NSLocalizedFailureReason=Unable to initialize without an iCloud account (CKAccountStatusNoAccount).}
2026-01-09 03:39:33.101877-0500 Diver_iOS[82836:4180288] [CloudKit] CoreData+CloudKit: -[NSCloudKitMirroringDelegate recoverFromError:](2304): <NSCloudKitMirroringDelegate: 0x600003b87800> - Attempting recovery from error: Error Domain=NSCocoaErrorDomain Code=134400 "Unable to initialize without an iCloud account (CKAccountStatusNoAccount)." UserInfo={NSLocalizedFailureReason=Unable to initialize without an iCloud account (CKAccountStatusNoAccount).}
2026-01-09 03:39:33.101930-0500 Diver_iOS[82836:4180288] [CloudKit] CoreData+CloudKit: -[NSCloudKitMirroringDelegate _recoverFromError:withZoneIDs:forStore:inMonitor:](2617): <NSCloudKitMirroringDelegate: 0x600003b87800> - Failed to recover from error: NSCocoaErrorDomain:134400
Recovery encountered the following error: (null):0
/Users/voxels/Documents/dev/Superbright/Diver/Diver/DiverTests/AppIntents/SearchLinksIntentTests.swift:204: error: -[DiverTests_iOS.SearchLinksIntentTests testSearchLinksIntent_EmptyQuery_WithTags_FiltersCorrectly] : failed: caught error: "noContext"
Test Case '-[DiverTests_iOS.SearchLinksIntentTests testSearchLinksIntent_EmptyQuery_WithTags_FiltersCorrectly]' failed (0.022 seconds).
Test Case '-[DiverTests_iOS.SearchLinksIntentTests testSearchLinksIntent_MultipleMatches_ReturnsFirstMatch]' started.
2026-01-09 03:39:33.124574-0500 Diver_iOS[82836:4180288] [CloudKit] CoreData+CloudKit: -[NSCloudKitMirroringDelegate _performSetupRequest:]_block_invoke(1230): <NSCloudKitMirroringDelegate: 0x600003b6faa0>: Failed to set up CloudKit integration for store: <NSSQLCore: 0x106b43d70> (URL: file:///dev/null)
Error Domain=NSCocoaErrorDomain Code=134400 "Unable to initialize without an iCloud account (CKAccountStatusNoAccount)." UserInfo={NSLocalizedFailureReason=Unable to initialize without an iCloud account (CKAccountStatusNoAccount).}
2026-01-09 03:39:33.124638-0500 Diver_iOS[82836:4180288] [CloudKit] CoreData+CloudKit: -[NSCloudKitMirroringDelegate recoverFromError:](2304): <NSCloudKitMirroringDelegate: 0x600003b6faa0> - Attempting recovery from error: Error Domain=NSCocoaErrorDomain Code=134400 "Unable to initialize without an iCloud account (CKAccountStatusNoAccount)." UserInfo={NSLocalizedFailureReason=Unable to initialize without an iCloud account (CKAccountStatusNoAccount).}
2026-01-09 03:39:33.124683-0500 Diver_iOS[82836:4180288] [CloudKit] CoreData+CloudKit: -[NSCloudKitMirroringDelegate _recoverFromError:withZoneIDs:forStore:inMonitor:](2617): <NSCloudKitMirroringDelegate: 0x600003b6faa0> - Failed to recover from error: NSCocoaErrorDomain:134400
Recovery encountered the following error: (null):0
/Users/voxels/Documents/dev/Superbright/Diver/Diver/DiverTests/AppIntents/SearchLinksIntentTests.swift:325: error: -[DiverTests_iOS.SearchLinksIntentTests testSearchLinksIntent_MultipleMatches_ReturnsFirstMatch] : failed: caught error: "noContext"
Test Case '-[DiverTests_iOS.SearchLinksIntentTests testSearchLinksIntent_MultipleMatches_ReturnsFirstMatch]' failed (0.024 seconds).
Test Case '-[DiverTests_iOS.SearchLinksIntentTests testSearchLinksIntent_MultipleTags_RequiresAllTags]' started.
2026-01-09 03:39:33.147508-0500 Diver_iOS[82836:4180288] [CloudKit] CoreData+CloudKit: -[NSCloudKitMirroringDelegate _performSetupRequest:]_block_invoke(1230): <NSCloudKitMirroringDelegate: 0x600003b949a0>: Failed to set up CloudKit integration for store: <NSSQLCore: 0x10453e110> (URL: file:///dev/null)
Error Domain=NSCocoaErrorDomain Code=134400 "Unable to initialize without an iCloud account (CKAccountStatusNoAccount)." UserInfo={NSLocalizedFailureReason=Unable to initialize without an iCloud account (CKAccountStatusNoAccount).}
2026-01-09 03:39:33.147589-0500 Diver_iOS[82836:4180288] [CloudKit] CoreData+CloudKit: -[NSCloudKitMirroringDelegate recoverFromError:](2304): <NSCloudKitMirroringDelegate: 0x600003b949a0> - Attempting recovery from error: Error Domain=NSCocoaErrorDomain Code=134400 "Unable to initialize without an iCloud account (CKAccountStatusNoAccount)." UserInfo={NSLocalizedFailureReason=Unable to initialize without an iCloud account (CKAccountStatusNoAccount).}
2026-01-09 03:39:33.147643-0500 Diver_iOS[82836:4180288] [CloudKit] CoreData+CloudKit: -[NSCloudKitMirroringDelegate _recoverFromError:withZoneIDs:forStore:inMonitor:](2617): <NSCloudKitMirroringDelegate: 0x600003b949a0> - Failed to recover from error: NSCocoaErrorDomain:134400
Recovery encountered the following error: (null):0
/Users/voxels/Documents/dev/Superbright/Diver/Diver/DiverTests/AppIntents/SearchLinksIntentTests.swift:235: error: -[DiverTests_iOS.SearchLinksIntentTests testSearchLinksIntent_MultipleTags_RequiresAllTags] : failed: caught error: "noContext"
Test Case '-[DiverTests_iOS.SearchLinksIntentTests testSearchLinksIntent_MultipleTags_RequiresAllTags]' failed (0.024 seconds).
Test Case '-[DiverTests_iOS.SearchLinksIntentTests testSearchLinksIntent_NoResults_ThrowsError]' started.
2026-01-09 03:39:33.172913-0500 Diver_iOS[82836:4180295] [CloudKit] CoreData+CloudKit: -[NSCloudKitMirroringDelegate _performSetupRequest:]_block_invoke(1230): <NSCloudKitMirroringDelegate: 0x600003b88ee0>: Failed to set up CloudKit integration for store: <NSSQLCore: 0x103e95ad0> (URL: file:///dev/null)
Error Domain=NSCocoaErrorDomain Code=134400 "Unable to initialize without an iCloud account (CKAccountStatusNoAccount)." UserInfo={NSLocalizedFailureReason=Unable to initialize without an iCloud account (CKAccountStatusNoAccount).}
2026-01-09 03:39:33.173005-0500 Diver_iOS[82836:4180295] [CloudKit] CoreData+CloudKit: -[NSCloudKitMirroringDelegate recoverFromError:](2304): <NSCloudKitMirroringDelegate: 0x600003b88ee0> - Attempting recovery from error: Error Domain=NSCocoaErrorDomain Code=134400 "Unable to initialize without an iCloud account (CKAccountStatusNoAccount)." UserInfo={NSLocalizedFailureReason=Unable to initialize without an iCloud account (CKAccountStatusNoAccount).}
2026-01-09 03:39:33.173068-0500 Diver_iOS[82836:4180295] [CloudKit] CoreData+CloudKit: -[NSCloudKitMirroringDelegate _recoverFromError:withZoneIDs:forStore:inMonitor:](2617): <NSCloudKitMirroringDelegate: 0x600003b88ee0> - Failed to recover from error: NSCocoaErrorDomain:134400
Recovery encountered the following error: (null):0
Test Case '-[DiverTests_iOS.SearchLinksIntentTests testSearchLinksIntent_NoResults_ThrowsError]' passed (0.023 seconds).
Test Case '-[DiverTests_iOS.SearchLinksIntentTests testSearchLinksIntent_PartialMatch_ReturnsLink]' started.
2026-01-09 03:39:33.196636-0500 Diver_iOS[82836:4180295] [CloudKit] CoreData+CloudKit: -[NSCloudKitMirroringDelegate _performSetupRequest:]_block_invoke(1230): <NSCloudKitMirroringDelegate: 0x600003b90620>: Failed to set up CloudKit integration for store: <NSSQLCore: 0x104449640> (URL: file:///dev/null)
Error Domain=NSCocoaErrorDomain Code=134400 "Unable to initialize without an iCloud account (CKAccountStatusNoAccount)." UserInfo={NSLocalizedFailureReason=Unable to initialize without an iCloud account (CKAccountStatusNoAccount).}
2026-01-09 03:39:33.196724-0500 Diver_iOS[82836:4180295] [CloudKit] CoreData+CloudKit: -[NSCloudKitMirroringDelegate recoverFromError:](2304): <NSCloudKitMirroringDelegate: 0x600003b90620> - Attempting recovery from error: Error Domain=NSCocoaErrorDomain Code=134400 "Unable to initialize without an iCloud account (CKAccountStatusNoAccount)." UserInfo={NSLocalizedFailureReason=Unable to initialize without an iCloud account (CKAccountStatusNoAccount).}
2026-01-09 03:39:33.196788-0500 Diver_iOS[82836:4180295] [CloudKit] CoreData+CloudKit: -[NSCloudKitMirroringDelegate _recoverFromError:withZoneIDs:forStore:inMonitor:](2617): <NSCloudKitMirroringDelegate: 0x600003b90620> - Failed to recover from error: NSCocoaErrorDomain:134400
Recovery encountered the following error: (null):0
/Users/voxels/Documents/dev/Superbright/Diver/Diver/DiverTests/AppIntents/SearchLinksIntentTests.swift:172: error: -[DiverTests_iOS.SearchLinksIntentTests testSearchLinksIntent_PartialMatch_ReturnsLink] : failed: caught error: "noContext"
Test Case '-[DiverTests_iOS.SearchLinksIntentTests testSearchLinksIntent_PartialMatch_ReturnsLink]' failed (0.025 seconds).
Test Case '-[DiverTests_iOS.SearchLinksIntentTests testSearchLinksIntent_QueryMatchesSummary_ReturnsLink]' started.
2026-01-09 03:39:33.220157-0500 Diver_iOS[82836:4180295] [CloudKit] CoreData+CloudKit: -[NSCloudKitMirroringDelegate _performSetupRequest:]_block_invoke(1230): <NSCloudKitMirroringDelegate: 0x600003b8c9a0>: Failed to set up CloudKit integration for store: <NSSQLCore: 0x103ea3a10> (URL: file:///dev/null)
Error Domain=NSCocoaErrorDomain Code=134400 "Unable to initialize without an iCloud account (CKAccountStatusNoAccount)." UserInfo={NSLocalizedFailureReason=Unable to initialize without an iCloud account (CKAccountStatusNoAccount).}
2026-01-09 03:39:33.220251-0500 Diver_iOS[82836:4180295] [CloudKit] CoreData+CloudKit: -[NSCloudKitMirroringDelegate recoverFromError:](2304): <NSCloudKitMirroringDelegate: 0x600003b8c9a0> - Attempting recovery from error: Error Domain=NSCocoaErrorDomain Code=134400 "Unable to initialize without an iCloud account (CKAccountStatusNoAccount)." UserInfo={NSLocalizedFailureReason=Unable to initialize without an iCloud account (CKAccountStatusNoAccount).}
2026-01-09 03:39:33.220313-0500 Diver_iOS[82836:4180295] [CloudKit] CoreData+CloudKit: -[NSCloudKitMirroringDelegate _recoverFromError:withZoneIDs:forStore:inMonitor:](2617): <NSCloudKitMirroringDelegate: 0x600003b8c9a0> - Failed to recover from error: NSCocoaErrorDomain:134400
Recovery encountered the following error: (null):0
/Users/voxels/Documents/dev/Superbright/Diver/Diver/DiverTests/AppIntents/SearchLinksIntentTests.swift:159: error: -[DiverTests_iOS.SearchLinksIntentTests testSearchLinksIntent_QueryMatchesSummary_ReturnsLink] : failed: caught error: "Error Domain=com.secretatomics.Diver Code=404 "No links found for "unique summary"." UserInfo={NSLocalizedDescription=No links found for "unique summary".}"
Test Case '-[DiverTests_iOS.SearchLinksIntentTests testSearchLinksIntent_QueryMatchesSummary_ReturnsLink]' failed (0.026 seconds).
Test Case '-[DiverTests_iOS.SearchLinksIntentTests testSearchLinksIntent_QueryMatchesURL_ReturnsLink]' started.
2026-01-09 03:39:33.245777-0500 Diver_iOS[82836:4180295] [CloudKit] CoreData+CloudKit: -[NSCloudKitMirroringDelegate _performSetupRequest:]_block_invoke(1230): <NSCloudKitMirroringDelegate: 0x600003b63720>: Failed to set up CloudKit integration for store: <NSSQLCore: 0x10476f540> (URL: file:///dev/null)
Error Domain=NSCocoaErrorDomain Code=134400 "Unable to initialize without an iCloud account (CKAccountStatusNoAccount)." UserInfo={NSLocalizedFailureReason=Unable to initialize without an iCloud account (CKAccountStatusNoAccount).}
2026-01-09 03:39:33.245870-0500 Diver_iOS[82836:4180295] [CloudKit] CoreData+CloudKit: -[NSCloudKitMirroringDelegate recoverFromError:](2304): <NSCloudKitMirroringDelegate: 0x600003b63720> - Attempting recovery from error: Error Domain=NSCocoaErrorDomain Code=134400 "Unable to initialize without an iCloud account (CKAccountStatusNoAccount)." UserInfo={NSLocalizedFailureReason=Unable to initialize without an iCloud account (CKAccountStatusNoAccount).}
2026-01-09 03:39:33.245922-0500 Diver_iOS[82836:4180295] [CloudKit] CoreData+CloudKit: -[NSCloudKitMirroringDelegate _recoverFromError:withZoneIDs:forStore:inMonitor:](2617): <NSCloudKitMirroringDelegate: 0x600003b63720> - Failed to recover from error: NSCocoaErrorDomain:134400
Recovery encountered the following error: (null):0
/Users/voxels/Documents/dev/Superbright/Diver/Diver/DiverTests/AppIntents/SearchLinksIntentTests.swift:134: error: -[DiverTests_iOS.SearchLinksIntentTests testSearchLinksIntent_QueryMatchesURL_ReturnsLink] : failed: caught error: "Error Domain=com.secretatomics.Diver Code=404 "No links found for "stackoverflow"." UserInfo={NSLocalizedDescription=No links found for "stackoverflow".}"
Test Case '-[DiverTests_iOS.SearchLinksIntentTests testSearchLinksIntent_QueryMatchesURL_ReturnsLink]' failed (0.024 seconds).
Test Case '-[DiverTests_iOS.SearchLinksIntentTests testSearchLinksIntent_SpecialCharacters_HandlesCorrectly]' started.
2026-01-09 03:39:33.271743-0500 Diver_iOS[82836:4180295] [CloudKit] CoreData+CloudKit: -[NSCloudKitMirroringDelegate _performSetupRequest:]_block_invoke(1230): <NSCloudKitMirroringDelegate: 0x600003b87aa0>: Failed to set up CloudKit integration for store: <NSSQLCore: 0x10465ec80> (URL: file:///dev/null)
Error Domain=NSCocoaErrorDomain Code=134400 "Unable to initialize without an iCloud account (CKAccountStatusNoAccount)." UserInfo={NSLocalizedFailureReason=Unable to initialize without an iCloud account (CKAccountStatusNoAccount).}
2026-01-09 03:39:33.271825-0500 Diver_iOS[82836:4180295] [CloudKit] CoreData+CloudKit: -[NSCloudKitMirroringDelegate recoverFromError:](2304): <NSCloudKitMirroringDelegate: 0x600003b87aa0> - Attempting recovery from error: Error Domain=NSCocoaErrorDomain Code=134400 "Unable to initialize without an iCloud account (CKAccountStatusNoAccount)." UserInfo={NSLocalizedFailureReason=Unable to initialize without an iCloud account (CKAccountStatusNoAccount).}
2026-01-09 03:39:33.271879-0500 Diver_iOS[82836:4180295] [CloudKit] CoreData+CloudKit: -[NSCloudKitMirroringDelegate _recoverFromError:withZoneIDs:forStore:inMonitor:](2617): <NSCloudKitMirroringDelegate: 0x600003b87aa0> - Failed to recover from error: NSCocoaErrorDomain:134400
Recovery encountered the following error: (null):0
/Users/voxels/Documents/dev/Superbright/Diver/Diver/DiverTests/AppIntents/SearchLinksIntentTests.swift:392: error: -[DiverTests_iOS.SearchLinksIntentTests testSearchLinksIntent_SpecialCharacters_HandlesCorrectly] : failed: caught error: "Error Domain=com.secretatomics.Diver Code=404 "No links found for "r/swift"." UserInfo={NSLocalizedDescription=No links found for "r/swift".}"
Test Case '-[DiverTests_iOS.SearchLinksIntentTests testSearchLinksIntent_SpecialCharacters_HandlesCorrectly]' failed (0.025 seconds).
Test Case '-[DiverTests_iOS.SearchLinksIntentTests testSearchLinksIntent_SuccessfulSearch_IncludesCountAndTitle]' started.
2026-01-09 03:39:33.296334-0500 Diver_iOS[82836:4180295] [CloudKit] CoreData+CloudKit: -[NSCloudKitMirroringDelegate _performSetupRequest:]_block_invoke(1230): <NSCloudKitMirroringDelegate: 0x600003b72920>: Failed to set up CloudKit integration for store: <NSSQLCore: 0x1045419e0> (URL: file:///dev/null)
Error Domain=NSCocoaErrorDomain Code=134400 "Unable to initialize without an iCloud account (CKAccountStatusNoAccount)." UserInfo={NSLocalizedFailureReason=Unable to initialize without an iCloud account (CKAccountStatusNoAccount).}
2026-01-09 03:39:33.296410-0500 Diver_iOS[82836:4180295] [CloudKit] CoreData+CloudKit: -[NSCloudKitMirroringDelegate recoverFromError:](2304): <NSCloudKitMirroringDelegate: 0x600003b72920> - Attempting recovery from error: Error Domain=NSCocoaErrorDomain Code=134400 "Unable to initialize without an iCloud account (CKAccountStatusNoAccount)." UserInfo={NSLocalizedFailureReason=Unable to initialize without an iCloud account (CKAccountStatusNoAccount).}
2026-01-09 03:39:33.296482-0500 Diver_iOS[82836:4180295] [CloudKit] CoreData+CloudKit: -[NSCloudKitMirroringDelegate _recoverFromError:withZoneIDs:forStore:inMonitor:](2617): <NSCloudKitMirroringDelegate: 0x600003b72920> - Failed to recover from error: NSCocoaErrorDomain:134400
Recovery encountered the following error: (null):0
/Users/voxels/Documents/dev/Superbright/Diver/Diver/DiverTests/AppIntents/SearchLinksIntentTests.swift:345: error: -[DiverTests_iOS.SearchLinksIntentTests testSearchLinksIntent_SuccessfulSearch_IncludesCountAndTitle] : failed: caught error: "Error Domain=com.secretatomics.Diver Code=404 "No links found for "GitHub"." UserInfo={NSLocalizedDescription=No links found for "GitHub".}"
Test Case '-[DiverTests_iOS.SearchLinksIntentTests testSearchLinksIntent_SuccessfulSearch_IncludesCountAndTitle]' failed (0.027 seconds).
Test Case '-[DiverTests_iOS.SearchLinksIntentTests testSearchLinksIntent_TagsWithNoMatch_ThrowsError]' started.
2026-01-09 03:39:33.323794-0500 Diver_iOS[82836:4180282] [CloudKit] CoreData+CloudKit: -[NSCloudKitMirroringDelegate _performSetupRequest:]_block_invoke(1230): <NSCloudKitMirroringDelegate: 0x600003b633a0>: Failed to set up CloudKit integration for store: <NSSQLCore: 0x104448d30> (URL: file:///dev/null)
Error Domain=NSCocoaErrorDomain Code=134400 "Unable to initialize without an iCloud account (CKAccountStatusNoAccount)." UserInfo={NSLocalizedFailureReason=Unable to initialize without an iCloud account (CKAccountStatusNoAccount).}
2026-01-09 03:39:33.323945-0500 Diver_iOS[82836:4180282] [CloudKit] CoreData+CloudKit: -[NSCloudKitMirroringDelegate recoverFromError:](2304): <NSCloudKitMirroringDelegate: 0x600003b633a0> - Attempting recovery from error: Error Domain=NSCocoaErrorDomain Code=134400 "Unable to initialize without an iCloud account (CKAccountStatusNoAccount)." UserInfo={NSLocalizedFailureReason=Unable to initialize without an iCloud account (CKAccountStatusNoAccount).}
2026-01-09 03:39:33.324008-0500 Diver_iOS[82836:4180282] [CloudKit] CoreData+CloudKit: -[NSCloudKitMirroringDelegate _recoverFromError:withZoneIDs:forStore:inMonitor:](2617): <NSCloudKitMirroringDelegate: 0x600003b633a0> - Failed to recover from error: NSCocoaErrorDomain:134400
Recovery encountered the following error: (null):0
/Users/voxels/Documents/dev/Superbright/Diver/Diver/DiverTests/AppIntents/SearchLinksIntentTests.swift:255: error: -[DiverTests_iOS.SearchLinksIntentTests testSearchLinksIntent_TagsWithNoMatch_ThrowsError] : XCTAssertTrue failed
Test Case '-[DiverTests_iOS.SearchLinksIntentTests testSearchLinksIntent_TagsWithNoMatch_ThrowsError]' failed (0.023 seconds).
Test Case '-[DiverTests_iOS.SearchLinksIntentTests testSearchLinksIntent_UnicodeQuery_HandlesCorrectly]' started.
2026-01-09 03:39:33.348586-0500 Diver_iOS[82836:4180282] [CloudKit] CoreData+CloudKit: -[NSCloudKitMirroringDelegate _performSetupRequest:]_block_invoke(1230): <NSCloudKitMirroringDelegate: 0x600003b9c2a0>: Failed to set up CloudKit integration for store: <NSSQLCore: 0x103ea5830> (URL: file:///dev/null)
Error Domain=NSCocoaErrorDomain Code=134400 "Unable to initialize without an iCloud account (CKAccountStatusNoAccount)." UserInfo={NSLocalizedFailureReason=Unable to initialize without an iCloud account (CKAccountStatusNoAccount).}
2026-01-09 03:39:33.348691-0500 Diver_iOS[82836:4180282] [CloudKit] CoreData+CloudKit: -[NSCloudKitMirroringDelegate recoverFromError:](2304): <NSCloudKitMirroringDelegate: 0x600003b9c2a0> - Attempting recovery from error: Error Domain=NSCocoaErrorDomain Code=134400 "Unable to initialize without an iCloud account (CKAccountStatusNoAccount)." UserInfo={NSLocalizedFailureReason=Unable to initialize without an iCloud account (CKAccountStatusNoAccount).}
2026-01-09 03:39:33.348764-0500 Diver_iOS[82836:4180282] [CloudKit] CoreData+CloudKit: -[NSCloudKitMirroringDelegate _recoverFromError:withZoneIDs:forStore:inMonitor:](2617): <NSCloudKitMirroringDelegate: 0x600003b9c2a0> - Failed to recover from error: NSCocoaErrorDomain:134400
Recovery encountered the following error: (null):0
/Users/voxels/Documents/dev/Superbright/Diver/Diver/DiverTests/AppIntents/SearchLinksIntentTests.swift:416: error: -[DiverTests_iOS.SearchLinksIntentTests testSearchLinksIntent_UnicodeQuery_HandlesCorrectly] : failed: caught error: "Error Domain=com.secretatomics.Diver Code=404 "No links found for "测试"." UserInfo={NSLocalizedDescription=No links found for "测试".}"
Test Case '-[DiverTests_iOS.SearchLinksIntentTests testSearchLinksIntent_UnicodeQuery_HandlesCorrectly]' failed (0.027 seconds).
Test Case '-[DiverTests_iOS.SearchLinksIntentTests testSearchLinksIntent_VeryLongQuery_HandlesCorrectly]' started.
2026-01-09 03:39:33.373118-0500 Diver_iOS[82836:4180282] [CloudKit] CoreData+CloudKit: -[NSCloudKitMirroringDelegate _performSetupRequest:]_block_invoke(1230): <NSCloudKitMirroringDelegate: 0x600003b98380>: Failed to set up CloudKit integration for store: <NSSQLCore: 0x106ced870> (URL: file:///dev/null)
Error Domain=NSCocoaErrorDomain Code=134400 "Unable to initialize without an iCloud account (CKAccountStatusNoAccount)." UserInfo={NSLocalizedFailureReason=Unable to initialize without an iCloud account (CKAccountStatusNoAccount).}
2026-01-09 03:39:33.373208-0500 Diver_iOS[82836:4180282] [CloudKit] CoreData+CloudKit: -[NSCloudKitMirroringDelegate recoverFromError:](2304): <NSCloudKitMirroringDelegate: 0x600003b98380> - Attempting recovery from error: Error Domain=NSCocoaErrorDomain Code=134400 "Unable to initialize without an iCloud account (CKAccountStatusNoAccount)." UserInfo={NSLocalizedFailureReason=Unable to initialize without an iCloud account (CKAccountStatusNoAccount).}
2026-01-09 03:39:33.373269-0500 Diver_iOS[82836:4180282] [CloudKit] CoreData+CloudKit: -[NSCloudKitMirroringDelegate _recoverFromError:withZoneIDs:forStore:inMonitor:](2617): <NSCloudKitMirroringDelegate: 0x600003b98380> - Failed to recover from error: NSCocoaErrorDomain:134400
Recovery encountered the following error: (null):0
Test Case '-[DiverTests_iOS.SearchLinksIntentTests testSearchLinksIntent_VeryLongQuery_HandlesCorrectly]' passed (0.023 seconds).
Test Case '-[DiverTests_iOS.SearchLinksIntentTests testSearchLinksIntent_WithLimit_RespectsLimit]' started.
2026-01-09 03:39:33.399027-0500 Diver_iOS[82836:4180282] [CloudKit] CoreData+CloudKit: -[NSCloudKitMirroringDelegate _performSetupRequest:]_block_invoke(1230): <NSCloudKitMirroringDelegate: 0x600003b9c700>: Failed to set up CloudKit integration for store: <NSSQLCore: 0x106d4aa10> (URL: file:///dev/null)
Error Domain=NSCocoaErrorDomain Code=134400 "Unable to initialize without an iCloud account (CKAccountStatusNoAccount)." UserInfo={NSLocalizedFailureReason=Unable to initialize without an iCloud account (CKAccountStatusNoAccount).}
2026-01-09 03:39:33.399118-0500 Diver_iOS[82836:4180282] [CloudKit] CoreData+CloudKit: -[NSCloudKitMirroringDelegate recoverFromError:](2304): <NSCloudKitMirroringDelegate: 0x600003b9c700> - Attempting recovery from error: Error Domain=NSCocoaErrorDomain Code=134400 "Unable to initialize without an iCloud account (CKAccountStatusNoAccount)." UserInfo={NSLocalizedFailureReason=Unable to initialize without an iCloud account (CKAccountStatusNoAccount).}
2026-01-09 03:39:33.399176-0500 Diver_iOS[82836:4180282] [CloudKit] CoreData+CloudKit: -[NSCloudKitMirroringDelegate _recoverFromError:withZoneIDs:forStore:inMonitor:](2617): <NSCloudKitMirroringDelegate: 0x600003b9c700> - Failed to recover from error: NSCocoaErrorDomain:134400
Recovery encountered the following error: (null):0
/Users/voxels/Documents/dev/Superbright/Diver/Diver/DiverTests/AppIntents/SearchLinksIntentTests.swift:269: error: -[DiverTests_iOS.SearchLinksIntentTests testSearchLinksIntent_WithLimit_RespectsLimit] : failed: caught error: "noContext"
Test Case '-[DiverTests_iOS.SearchLinksIntentTests testSearchLinksIntent_WithLimit_RespectsLimit]' failed (0.024 seconds).
Test Case '-[DiverTests_iOS.SearchLinksIntentTests testSearchLinksIntent_WithQuery_ReturnsMatchingLink]' started.
2026-01-09 03:39:33.422884-0500 Diver_iOS[82836:4180282] [CloudKit] CoreData+CloudKit: -[NSCloudKitMirroringDelegate _performSetupRequest:]_block_invoke(1230): <NSCloudKitMirroringDelegate: 0x600003b982a0>: Failed to set up CloudKit integration for store: <NSSQLCore: 0x106b84930> (URL: file:///dev/null)
Error Domain=NSCocoaErrorDomain Code=134400 "Unable to initialize without an iCloud account (CKAccountStatusNoAccount)." UserInfo={NSLocalizedFailureReason=Unable to initialize without an iCloud account (CKAccountStatusNoAccount).}
2026-01-09 03:39:33.422971-0500 Diver_iOS[82836:4180282] [CloudKit] CoreData+CloudKit: -[NSCloudKitMirroringDelegate recoverFromError:](2304): <NSCloudKitMirroringDelegate: 0x600003b982a0> - Attempting recovery from error: Error Domain=NSCocoaErrorDomain Code=134400 "Unable to initialize without an iCloud account (CKAccountStatusNoAccount)." UserInfo={NSLocalizedFailureReason=Unable to initialize without an iCloud account (CKAccountStatusNoAccount).}
2026-01-09 03:39:33.423016-0500 Diver_iOS[82836:4180282] [CloudKit] CoreData+CloudKit: -[NSCloudKitMirroringDelegate _recoverFromError:withZoneIDs:forStore:inMonitor:](2617): <NSCloudKitMirroringDelegate: 0x600003b982a0> - Failed to recover from error: NSCocoaErrorDomain:134400
Recovery encountered the following error: (null):0
/Users/voxels/Documents/dev/Superbright/Diver/Diver/DiverTests/AppIntents/SearchLinksIntentTests.swift:120: error: -[DiverTests_iOS.SearchLinksIntentTests testSearchLinksIntent_WithQuery_ReturnsMatchingLink] : failed: caught error: "Error Domain=com.secretatomics.Diver Code=404 "No links found for "GitHub"." UserInfo={NSLocalizedDescription=No links found for "GitHub".}"
Test Case '-[DiverTests_iOS.SearchLinksIntentTests testSearchLinksIntent_WithQuery_ReturnsMatchingLink]' failed (0.024 seconds).
Test Case '-[DiverTests_iOS.SearchLinksIntentTests testSearchLinksIntent_WithQuery_WithTags_FiltersCorrectly]' started.
2026-01-09 03:39:33.446704-0500 Diver_iOS[82836:4180282] [CloudKit] CoreData+CloudKit: -[NSCloudKitMirroringDelegate _performSetupRequest:]_block_invoke(1230): <NSCloudKitMirroringDelegate: 0x600003b98000>: Failed to set up CloudKit integration for store: <NSSQLCore: 0x103eb65f0> (URL: file:///dev/null)
Error Domain=NSCocoaErrorDomain Code=134400 "Unable to initialize without an iCloud account (CKAccountStatusNoAccount)." UserInfo={NSLocalizedFailureReason=Unable to initialize without an iCloud account (CKAccountStatusNoAccount).}
2026-01-09 03:39:33.446784-0500 Diver_iOS[82836:4180282] [CloudKit] CoreData+CloudKit: -[NSCloudKitMirroringDelegate recoverFromError:](2304): <NSCloudKitMirroringDelegate: 0x600003b98000> - Attempting recovery from error: Error Domain=NSCocoaErrorDomain Code=134400 "Unable to initialize without an iCloud account (CKAccountStatusNoAccount)." UserInfo={NSLocalizedFailureReason=Unable to initialize without an iCloud account (CKAccountStatusNoAccount).}
2026-01-09 03:39:33.446835-0500 Diver_iOS[82836:4180282] [CloudKit] CoreData+CloudKit: -[NSCloudKitMirroringDelegate _recoverFromError:withZoneIDs:forStore:inMonitor:](2617): <NSCloudKitMirroringDelegate: 0x600003b98000> - Failed to recover from error: NSCocoaErrorDomain:134400
Recovery encountered the following error: (null):0
/Users/voxels/Documents/dev/Superbright/Diver/Diver/DiverTests/AppIntents/SearchLinksIntentTests.swift:221: error: -[DiverTests_iOS.SearchLinksIntentTests testSearchLinksIntent_WithQuery_WithTags_FiltersCorrectly] : failed: caught error: "Error Domain=com.secretatomics.Diver Code=404 "No links found for "swift"." UserInfo={NSLocalizedDescription=No links found for "swift".}"
Test Case '-[DiverTests_iOS.SearchLinksIntentTests testSearchLinksIntent_WithQuery_WithTags_FiltersCorrectly]' failed (0.024 seconds).
Test Suite 'SearchLinksIntentTests' failed at 2026-01-09 03:39:33.469.
	 Executed 21 tests, with 19 failures (17 unexpected) in 0.525 (0.530) seconds
Test Suite 'ShareLinkIntentTests' started at 2026-01-09 03:39:33.469.
Test Case '-[DiverTests_iOS.ShareLinkIntentTests testShareLinkIntent_InvalidURL_ReturnsError]' started.
2026-01-09 03:39:33.471060-0500 Diver_iOS[82836:4180292] [CloudKit] CoreData+CloudKit: -[NSCloudKitMirroringDelegate _performSetupRequest:]_block_invoke(1230): <NSCloudKitMirroringDelegate: 0x600003b9cee0>: Failed to set up CloudKit integration for store: <NSSQLCore: 0x103eb4990> (URL: file:///dev/null)
Error Domain=NSCocoaErrorDomain Code=134400 "Unable to initialize without an iCloud account (CKAccountStatusNoAccount)." UserInfo={NSLocalizedFailureReason=Unable to initialize without an iCloud account (CKAccountStatusNoAccount).}
Test Case '-[DiverTests_iOS.ShareLinkIntentTests testShareLinkIntent_InvalidURL_ReturnsError]' passed (0.002 seconds).
2026-01-09 03:39:33.471154-0500 Diver_iOS[82836:4180292] [CloudKit] CoreData+CloudKit: -[NSCloudKitMirroringDelegate recoverFromError:](2304): <NSCloudKitMirroringDelegate: 0x600003b9cee0> - Attempting recovery from error: Error Domain=NSCocoaErrorDomain Code=134400 "Unable to initialize without an iCloud account (CKAccountStatusNoAccount)." UserInfo={NSLocalizedFailureReason=Unable to initialize without an iCloud account (CKAccountStatusNoAccount).}
2026-01-09 03:39:33.471407-0500 Diver_iOS[82836:4180292] [CloudKit] CoreData+CloudKit: -[NSCloudKitMirroringDelegate _recoverFromError:withZoneIDs:forStore:inMonitor:](2617): <NSCloudKitMirroringDelegate: 0x600003b9cee0> - Failed to recover from error: NSCocoaErrorDomain:134400
Recovery encountered the following error: (null):0
Test Case '-[DiverTests_iOS.ShareLinkIntentTests testShareLinkIntent_MissingKeychainSecret_ReturnsError]' started.
Test Case '-[DiverTests_iOS.ShareLinkIntentTests testShareLinkIntent_MissingKeychainSecret_ReturnsError]' passed (0.004 seconds).
Test Case '-[DiverTests_iOS.ShareLinkIntentTests testShareLinkIntent_QueueFailure_ReturnsWrappedLinkAnyway]' started.
Test Case '-[DiverTests_iOS.ShareLinkIntentTests testShareLinkIntent_QueueFailure_ReturnsWrappedLinkAnyway]' passed (0.005 seconds).
Test Case '-[DiverTests_iOS.ShareLinkIntentTests testShareLinkIntent_UnicodeTitle_HandlesCorrectly]' started.
Test Case '-[DiverTests_iOS.ShareLinkIntentTests testShareLinkIntent_UnicodeTitle_HandlesCorrectly]' passed (0.003 seconds).
Test Case '-[DiverTests_iOS.ShareLinkIntentTests testShareLinkIntent_URLWithoutTitle_UsesURLAsTitle]' started.
Test Case '-[DiverTests_iOS.ShareLinkIntentTests testShareLinkIntent_URLWithoutTitle_UsesURLAsTitle]' passed (0.003 seconds).
Test Case '-[DiverTests_iOS.ShareLinkIntentTests testShareLinkIntent_URLWithSpecialCharacters_EncodesCorrectly]' started.
Test Case '-[DiverTests_iOS.ShareLinkIntentTests testShareLinkIntent_URLWithSpecialCharacters_EncodesCorrectly]' passed (0.004 seconds).
Test Case '-[DiverTests_iOS.ShareLinkIntentTests testShareLinkIntent_ValidURL_QueuesItem]' started.
Test Case '-[DiverTests_iOS.ShareLinkIntentTests testShareLinkIntent_ValidURL_QueuesItem]' passed (0.003 seconds).
Test Case '-[DiverTests_iOS.ShareLinkIntentTests testShareLinkIntent_ValidURL_ReturnsWrappedLink]' started.
Test Case '-[DiverTests_iOS.ShareLinkIntentTests testShareLinkIntent_ValidURL_ReturnsWrappedLink]' passed (0.003 seconds).
Test Case '-[DiverTests_iOS.ShareLinkIntentTests testShareLinkIntent_VeryLongURL_HandlesCorrectly]' started.
Test Case '-[DiverTests_iOS.ShareLinkIntentTests testShareLinkIntent_VeryLongURL_HandlesCorrectly]' passed (0.003 seconds).
Test Case '-[DiverTests_iOS.ShareLinkIntentTests testShareLinkIntent_WrappedLinkFormat_IsValid]' started.
Test Case '-[DiverTests_iOS.ShareLinkIntentTests testShareLinkIntent_WrappedLinkFormat_IsValid]' passed (0.003 seconds).
Test Suite 'ShareLinkIntentTests' passed at 2026-01-09 03:39:33.504.
	 Executed 10 tests, with 0 failures (0 unexpected) in 0.033 (0.035) seconds
Test Suite 'DiverTests_iOS.xctest' failed at 2026-01-09 03:39:33.504.
	 Executed 57 tests, with 31 failures (17 unexpected) in 1.181 (1.219) seconds
Test Suite 'All tests' failed at 2026-01-09 03:39:33.504.
	 Executed 57 tests, with 31 failures (17 unexpected) in 1.181 (1.220) seconds
◇ Test run started.
↳ Testing Library Version: 1501
↳ Target Platform: arm64-apple-ios13.0-simulator
◇ Suite KnowMapsServiceContainerTests started.
◇ Suite KnowMapsAdapterTests started.
◇ Suite DiverTests started.
◇ Suite KnowMapsCacheStoreTests started.
◇ Test containerBuildsWithInMemoryStore() started.
◇ Test storeAndFetchCachedRecords() started.
◇ Test cachedRecordFallsBackToStyleTagThenDefault() started.
◇ Test metadataMappingUsesAllFields() started.
◇ Test cachedRecordPrefersProvidedListLabel() started.
◇ Test cachedRecordUsesStableIdentifiers() started.
◇ Test example() started.
◇ Test itemTitleFallsBackToHostWhenEmpty() started.
◇ Test cachedRecordUsesCategoryBeforeStyleTag() started.
◇ Test itemUsesURLHashIdentifier() started.
✔ Test example() passed after 0.001 seconds.
✔ Suite DiverTests passed after 0.001 seconds.
2026-01-09 03:39:33.532753-0500 Diver_iOS[82836:4180097] [Query] Error for queryMetaDataSync: 2
2026-01-09 03:39:33.536884-0500 Diver_iOS[82836:4180097] Unable to locate Asset for sentence embedding model for local en.
KnowMaps: Failed to load sentence embedding model. Semantic search will be disabled.
✔ Test containerBuildsWithInMemoryStore() passed after 0.028 seconds.
✔ Suite KnowMapsServiceContainerTests passed after 0.028 seconds.
2026-01-09 03:39:33.541994-0500 Diver_iOS[82836:4180282] [CloudKit] CoreData+CloudKit: -[NSCloudKitMirroringDelegate _performSetupRequest:]_block_invoke(1230): <NSCloudKitMirroringDelegate: 0x600003b67d40>: Failed to set up CloudKit integration for store: <NSSQLCore: 0x106d53190> (URL: file:///dev/null)
Error Domain=NSCocoaErrorDomain Code=134400 "Unable to initialize without an iCloud account (CKAccountStatusNoAccount)." UserInfo={NSLocalizedFailureReason=Unable to initialize without an iCloud account (CKAccountStatusNoAccount).}
2026-01-09 03:39:33.542125-0500 Diver_iOS[82836:4180282] [CloudKit] CoreData+CloudKit: -[NSCloudKitMirroringDelegate recoverFromError:](2304): <NSCloudKitMirroringDelegate: 0x600003b67d40> - Attempting recovery from error: Error Domain=NSCocoaErrorDomain Code=134400 "Unable to initialize without an iCloud account (CKAccountStatusNoAccount)." UserInfo={NSLocalizedFailureReason=Unable to initialize without an iCloud account (CKAccountStatusNoAccount).}
2026-01-09 03:39:33.542201-0500 Diver_iOS[82836:4180282] [CloudKit] CoreData+CloudKit: -[NSCloudKitMirroringDelegate recoverFromError:]_block_invoke(2323): The store was removed before the mirroring delegate could recover from an error:
Error Domain=NSCocoaErrorDomain Code=134400 "Unable to initialize without an iCloud account (CKAccountStatusNoAccount)." UserInfo={NSLocalizedFailureReason=Unable to initialize without an iCloud account (CKAccountStatusNoAccount).}
2026-01-09 03:39:33.542421-0500 Diver_iOS[82836:4180282] [CloudKit] CoreData+CloudKit: -[NSCloudKitMirroringDelegate _performSetupRequest:]_block_invoke(1296): Failed to finish setup event: Error Domain=NSCocoaErrorDomain Code=134407 "Request '0C92A68E-9CB5-474C-AE85-5CFE2541731D' was cancelled because the store was removed from the coordinator." UserInfo={NSLocalizedFailureReason=Request '0C92A68E-9CB5-474C-AE85-5CFE2541731D' was cancelled because the store was removed from the coordinator.}
2026-01-09 03:39:33.542605-0500 Diver_iOS[82836:4180282] [CloudKit] CoreData+CloudKit: -[NSCloudKitMirroringDelegate tearDown:]_block_invoke(797): <NSCloudKitMirroringDelegate: 0x600003b67d40>: Told to tear down with reason: Store Removed
2026-01-09 03:39:33.543293-0500 Diver_iOS[82836:4180282] [CloudKit] CoreData+CloudKit: -[NSCloudKitMirroringDelegate tearDown:]_block_invoke(797): <NSCloudKitMirroringDelegate: 0x600003b67d40>: Told to tear down with reason: Stores Changed
✔ Test cachedRecordPrefersProvidedListLabel() passed after 0.034 seconds.
✔ Test metadataMappingUsesAllFields() passed after 0.034 seconds.
2026-01-09 03:39:33.550876-0500 Diver_iOS[82836:4180097] Unable to locate Asset for sentence embedding model for local en.
KnowMaps: Failed to load sentence embedding model. Semantic search will be disabled.
✔ Test itemTitleFallsBackToHostWhenEmpty() passed after 0.039 seconds.
✔ Test cachedRecordUsesStableIdentifiers() passed after 0.039 seconds.
✔ Test cachedRecordFallsBackToStyleTagThenDefault() passed after 0.039 seconds.
✔ Test cachedRecordUsesCategoryBeforeStyleTag() passed after 0.039 seconds.
✔ Test itemUsesURLHashIdentifier() passed after 0.039 seconds.
✔ Suite KnowMapsAdapterTests passed after 0.041 seconds.
Location Provider Not Determined
CloudCacheService.fetchGroupedUserCachedRecords(DiverItem) -> 1
2026-01-09 03:39:33.570950-0500 Diver_iOS[82836:4180295] [CloudKit] CoreData+CloudKit: -[PFCloudKitSetupAssistant _checkAndInitializeMetadata:]_block_invoke(174): Failed to initialize CloudKit metadata: Error Domain=NSCocoaErrorDomain Code=134407 "Request '9FA10393-DBC5-4BE7-8020-8273DD9B0D1C' was cancelled because the store was removed from the coordinator." UserInfo={NSLocalizedFailureReason=Request '9FA10393-DBC5-4BE7-8020-8273DD9B0D1C' was cancelled because the store was removed from the coordinator.}
2026-01-09 03:39:33.571111-0500 Diver_iOS[82836:4180295] [CloudKit] CoreData+CloudKit: -[NSCloudKitMirroringDelegate _performSetupRequest:]_block_invoke(1230): <NSCloudKitMirroringDelegate: 0x600003b89ce0>: Failed to set up CloudKit integration for store: <NSSQLCore: 0x10448da70> (URL: file:///dev/null)
Error Domain=NSCocoaErrorDomain Code=134407 "Request '9FA10393-DBC5-4BE7-8020-8273DD9B0D1C' was cancelled because the store was removed from the coordinator." UserInfo={NSLocalizedFailureReason=Request '9FA10393-DBC5-4BE7-8020-8273DD9B0D1C' was cancelled because the store was removed from the coordinator.}
2026-01-09 03:39:33.571191-0500 Diver_iOS[82836:4180295] [CloudKit] CoreData+CloudKit: -[NSCloudKitMirroringDelegate recoverFromError:](2304): <NSCloudKitMirroringDelegate: 0x600003b89ce0> - Attempting recovery from error: Error Domain=NSCocoaErrorDomain Code=134407 "Request '9FA10393-DBC5-4BE7-8020-8273DD9B0D1C' was cancelled because the store was removed from the coordinator." UserInfo={NSLocalizedFailureReason=Request '9FA10393-DBC5-4BE7-8020-8273DD9B0D1C' was cancelled because the store was removed from the coordinator.}
✔ Test storeAndFetchCachedRecords() passed after 0.058 seconds.
✔ Suite KnowMapsCacheStoreTests passed after 0.058 seconds.
2026-01-09 03:39:33.571457-0500 Diver_iOS[82836:4180295] [CloudKit] CoreData+CloudKit: -[NSCloudKitMirroringDelegate recoverFromError:]_block_invoke(2323): The store was removed before the mirroring delegate could recover from an error:
Error Domain=NSCocoaErrorDomain Code=134407 "Request '9FA10393-DBC5-4BE7-8020-8273DD9B0D1C' was cancelled because the store was removed from the coordinator." UserInfo={NSLocalizedFailureReason=Request '9FA10393-DBC5-4BE7-8020-8273DD9B0D1C' was cancelled because the store was removed from the coordinator.}
✔ Test run with 10 tests in 4 suites passed after 0.059 seconds.
2026-01-09 03:39:33.571671-0500 Diver_iOS[82836:4180295] [CloudKit] CoreData+CloudKit: -[NSCloudKitMirroringDelegate tearDown:]_block_invoke(797): <NSCloudKitMirroringDelegate: 0x600003b89ce0>: Told to tear down with reason: Store Removed
2026-01-09 03:39:33.573150-0500 Diver_iOS[82836:4180295] [CloudKit] CoreData+CloudKit: -[NSCloudKitMirroringDelegate tearDown:]_block_invoke(797): <NSCloudKitMirroringDelegate: 0x600003b89ce0>: Told to tear down with reason: Stores Changed
2026-01-09 03:39:43.129 xcodebuild[82510:4175252] [MT] IDETestOperationsObserverDebug: 66.556 elapsed -- Testing started completed.
2026-01-09 03:39:43.129 xcodebuild[82510:4175252] [MT] IDETestOperationsObserverDebug: 0.000 sec, +0.000 sec -- start
2026-01-09 03:39:43.130 xcodebuild[82510:4175252] [MT] IDETestOperationsObserverDebug: 66.556 sec, +66.556 sec -- end

Test session results, code coverage, and logs:
	/Users/voxels/Library/Developer/Xcode/DerivedData/Diver-fkxymducaaydoifhoeeiimpntqeq/Logs/Test/Test-DiverTests_iOS-2026.01.09_03-38-29--0500.xcresult

** TEST FAILED **

Testing started
